"Apr 6, 2024 @ 10:55:05.313",7649c11b-3a00-4241-b375-20762f70ba8f,7ffeba03-3080-43c7-a167-2b63dd853127,terminusk9,terminusk9,filebeat,8.13.1,windows.sysmon_operational,default,logs,8.0.0,7ffeba03-3080-43c7-a167-2b63dd853127,FALSE,8.13.1,Process creation,verified,process,1,"Apr 6, 2024 @ 10:55:07.033",windows.sysmon_operational,"Apr 6, 2024 @ 10:55:14.000",event,windows,Microsoft-Windows-Sysmon,start,x86_64,terminusk9,2cb7582e-6ac9-4585-97cc-ae60502e4f16,"fe80::1754:ed5c:491b:5546, 10.0.2.15",08-00-27-BF-A9-3A,terminusk9,19045.2965,windows,10.0.19041.2965 (WinBuild.160101.0800),Windows 10 Home,Windows 10 Home,windows,windows,10,winlog,information,"Process Create:
RuleName: -
UtcTime: 2024-04-06 17:55:05.313
ProcessGuid: {2cb7582e-8c79-6611-1e01-000000000a00}
ProcessId: 3360
Image: C:\Windows\System32\SearchProtocolHost.exe
FileVersion: 7.0.19041.2673 (WinBuild.160101.0800)
Description: Microsoft Windows Search Protocol Host
Product: Windows® Search
Company: Microsoft Corporation
OriginalFileName: SearchProtocolHost.exe
CommandLine: ""C:\Windows\system32\SearchProtocolHost.exe"" Global\UsGthrFltPipeMssGthrPipe2_ Global\UsGthrCtrlFltPipeMssGthrPipe2 1 -2147483646 ""Software\Microsoft\Windows Search"" ""Mozilla/4.0 (compatible; MSIE 6.0; Windows NT; MS Search 4.0 Robot)"" ""C:\ProgramData\Microsoft\Search\Data\Temp\usgthrsvc"" ""DownLevelDaemon"" 
CurrentDirectory: C:\Windows\system32\
User: NT AUTHORITY\SYSTEM
LogonGuid: {2cb7582e-89ff-6611-e703-000000000000}
LogonId: 0x3E7
TerminalSessionId: 0
IntegrityLevel: System
Hashes: SHA256=3FAC16B7DF4E73B623DB993A23957A05A8857C1C1F0217C80E385037F4EDF0D0
ParentProcessGuid: {2cb7582e-8a92-6611-a800-000000000a00}
ParentProcessId: 6276
ParentImage: C:\Windows\System32\SearchIndexer.exe
ParentCommandLine: C:\Windows\system32\SearchIndexer.exe /Embedding
ParentUser: NT AUTHORITY\SYSTEM","C:\Windows\system32\SearchProtocolHost.exe, Global\UsGthrFltPipeMssGthrPipe2_, Global\UsGthrCtrlFltPipeMssGthrPipe2, 1, -2147483646, Software\Microsoft\Windows Search, Mozilla/4.0 (compatible; MSIE 6.0; Windows NT; MS Search 4.0 Robot), C:\ProgramData\Microsoft\Search\Data\Temp\usgthrsvc, DownLevelDaemon",9,"""C:\Windows\system32\SearchProtocolHost.exe"" Global\UsGthrFltPipeMssGthrPipe2_ Global\UsGthrCtrlFltPipeMssGthrPipe2 1 -2147483646 ""Software\Microsoft\Windows Search"" ""Mozilla/4.0 (compatible; MSIE 6.0; Windows NT; MS Search 4.0 Robot)"" ""C:\ProgramData\Microsoft\Search\Data\Temp\usgthrsvc"" ""DownLevelDaemon"" ","""C:\Windows\system32\SearchProtocolHost.exe"" Global\UsGthrFltPipeMssGthrPipe2_ Global\UsGthrCtrlFltPipeMssGthrPipe2 1 -2147483646 ""Software\Microsoft\Windows Search"" ""Mozilla/4.0 (compatible; MSIE 6.0; Windows NT; MS Search 4.0 Robot)"" ""C:\ProgramData\Microsoft\Search\Data\Temp\usgthrsvc"" ""DownLevelDaemon"" ",{2cb7582e-8c79-6611-1e01-000000000a00},C:\Windows\System32\SearchProtocolHost.exe,C:\Windows\System32\SearchProtocolHost.exe,3fac16b7df4e73b623db993a23957a05a8857c1c1f0217c80e385037f4edf0d0,SearchProtocolHost.exe,SearchProtocolHost.exe,"C:\Windows\system32\SearchIndexer.exe, /Embedding",2,C:\Windows\system32\SearchIndexer.exe /Embedding,C:\Windows\system32\SearchIndexer.exe /Embedding,{2cb7582e-8a92-6611-a800-000000000a00},C:\Windows\System32\SearchIndexer.exe,C:\Windows\System32\SearchIndexer.exe,SearchIndexer.exe,SearchIndexer.exe,"6,276",Microsoft Corporation,Microsoft Windows Search Protocol Host,7.0.19041.2673 (WinBuild.160101.0800),SearchProtocolHost.exe,Windows® Search,"3,360",C:\Windows\system32\,C:\Windows\system32\,3fac16b7df4e73b623db993a23957a05a8857c1c1f0217c80e385037f4edf0d0,SYSTEM,NT AUTHORITY,S-1-5-18,SYSTEM,SYSTEM,wineventlog,Microsoft-Windows-Sysmon/Operational,terminusk9,Microsoft Corporation,Microsoft Windows Search Protocol Host,7.0.19041.2673 (WinBuild.160101.0800),System,{2cb7582e-89ff-6611-e703-000000000000},0x3e7,NT AUTHORITY\SYSTEM,Windows® Search,0,1,Info,"3,228","3,820",{5770385f-c22a-43e0-bf4c-06f5698ffbd9},Microsoft-Windows-Sysmon,635,Process Create (rule: ProcessCreate),NT AUTHORITY,S-1-5-18,SYSTEM,User,5,,,,
"Apr 6, 2024 @ 10:55:02.177",7649c11b-3a00-4241-b375-20762f70ba8f,7ffeba03-3080-43c7-a167-2b63dd853127,terminusk9,terminusk9,filebeat,8.13.1,windows.sysmon_operational,default,logs,8.0.0,7ffeba03-3080-43c7-a167-2b63dd853127,FALSE,8.13.1,Process creation,verified,process,1,"Apr 6, 2024 @ 10:55:03.975",windows.sysmon_operational,"Apr 6, 2024 @ 10:55:14.000",event,windows,Microsoft-Windows-Sysmon,start,x86_64,terminusk9,2cb7582e-6ac9-4585-97cc-ae60502e4f16,"fe80::1754:ed5c:491b:5546, 10.0.2.15",08-00-27-BF-A9-3A,terminusk9,19045.2965,windows,10.0.19041.2965 (WinBuild.160101.0800),Windows 10 Home,Windows 10 Home,windows,windows,10,winlog,information,"Process Create:
RuleName: -
UtcTime: 2024-04-06 17:55:02.177
ProcessGuid: {2cb7582e-8c76-6611-1d01-000000000a00}
ProcessId: 7048
Image: C:\Windows\System32\dllhost.exe
FileVersion: 10.0.19041.546 (WinBuild.160101.0800)
Description: COM Surrogate
Product: Microsoft® Windows® Operating System
Company: Microsoft Corporation
OriginalFileName: dllhost.exe
CommandLine: C:\Windows\system32\DllHost.exe /Processid:{AB8902B4-09CA-4BB6-B78D-A8F59079A8D5}
CurrentDirectory: C:\Windows\system32\
User: TERMINUSK9\terminusk9
LogonGuid: {2cb7582e-8a87-6611-2bd8-0b0000000000}
LogonId: 0xBD82B
TerminalSessionId: 1
IntegrityLevel: Medium
Hashes: SHA256=E7FC40B41AA8B83841A0B96D169EAF0800AA784733E636935374D56536253F10
ParentProcessGuid: {2cb7582e-8a00-6611-0d00-000000000a00}
ParentProcessId: 880
ParentImage: C:\Windows\System32\svchost.exe
ParentCommandLine: C:\Windows\system32\svchost.exe -k DcomLaunch -p
ParentUser: NT AUTHORITY\SYSTEM","C:\Windows\system32\DllHost.exe, /Processid:{AB8902B4-09CA-4BB6-B78D-A8F59079A8D5}",2,C:\Windows\system32\DllHost.exe /Processid:{AB8902B4-09CA-4BB6-B78D-A8F59079A8D5},C:\Windows\system32\DllHost.exe /Processid:{AB8902B4-09CA-4BB6-B78D-A8F59079A8D5},{2cb7582e-8c76-6611-1d01-000000000a00},C:\Windows\System32\dllhost.exe,C:\Windows\System32\dllhost.exe,e7fc40b41aa8b83841a0b96d169eaf0800aa784733e636935374d56536253f10,dllhost.exe,dllhost.exe,"C:\Windows\system32\svchost.exe, -k, DcomLaunch, -p",4,C:\Windows\system32\svchost.exe -k DcomLaunch -p,C:\Windows\system32\svchost.exe -k DcomLaunch -p,{2cb7582e-8a00-6611-0d00-000000000a00},C:\Windows\System32\svchost.exe,C:\Windows\System32\svchost.exe,svchost.exe,svchost.exe,880,Microsoft Corporation,COM Surrogate,10.0.19041.546 (WinBuild.160101.0800),dllhost.exe,Microsoft® Windows® Operating System,"7,048",C:\Windows\system32\,C:\Windows\system32\,e7fc40b41aa8b83841a0b96d169eaf0800aa784733e636935374d56536253f10,terminusk9,TERMINUSK9,S-1-5-18,terminusk9,terminusk9,wineventlog,Microsoft-Windows-Sysmon/Operational,terminusk9,Microsoft Corporation,COM Surrogate,10.0.19041.546 (WinBuild.160101.0800),Medium,{2cb7582e-8a87-6611-2bd8-0b0000000000},0xbd82b,NT AUTHORITY\SYSTEM,Microsoft® Windows® Operating System,1,1,Info,"3,228","3,820",{5770385f-c22a-43e0-bf4c-06f5698ffbd9},Microsoft-Windows-Sysmon,634,Process Create (rule: ProcessCreate),NT AUTHORITY,S-1-5-18,SYSTEM,User,5,,,,
"Apr 6, 2024 @ 10:54:58.238",7649c11b-3a00-4241-b375-20762f70ba8f,7ffeba03-3080-43c7-a167-2b63dd853127,terminusk9,terminusk9,filebeat,8.13.1,windows.sysmon_operational,default,logs,8.0.0,7ffeba03-3080-43c7-a167-2b63dd853127,FALSE,8.13.1,Process terminated,verified,process,5,"Apr 6, 2024 @ 10:54:59.882",windows.sysmon_operational,"Apr 6, 2024 @ 10:55:04.000",event,windows,Microsoft-Windows-Sysmon,end,x86_64,terminusk9,2cb7582e-6ac9-4585-97cc-ae60502e4f16,"fe80::1754:ed5c:491b:5546, 10.0.2.15",08-00-27-BF-A9-3A,terminusk9,19045.2965,windows,10.0.19041.2965 (WinBuild.160101.0800),Windows 10 Home,Windows 10 Home,windows,windows,10,winlog,information,"Process terminated:
RuleName: -
UtcTime: 2024-04-06 17:54:58.238
ProcessGuid: {2cb7582e-8c52-6611-0a01-000000000a00}
ProcessId: 3572
Image: C:\Windows\System32\SecurityHealthHost.exe
User: TERMINUSK9\terminusk9",-,-,-,-,{2cb7582e-8c52-6611-0a01-000000000a00},C:\Windows\System32\SecurityHealthHost.exe,C:\Windows\System32\SecurityHealthHost.exe,-,SecurityHealthHost.exe,SecurityHealthHost.exe,-,-,-,-,-,-,-,-,-,-,-,-,-,-,-,"3,572",-,-,-,terminusk9,TERMINUSK9,S-1-5-18,terminusk9,terminusk9,wineventlog,Microsoft-Windows-Sysmon/Operational,terminusk9,-,-,-,-,-,-,-,-,-,5,Info,"3,228","3,820",{5770385f-c22a-43e0-bf4c-06f5698ffbd9},Microsoft-Windows-Sysmon,633,Process terminated (rule: ProcessTerminate),NT AUTHORITY,S-1-5-18,SYSTEM,User,3,,,,
"Apr 6, 2024 @ 10:54:58.222",7649c11b-3a00-4241-b375-20762f70ba8f,7ffeba03-3080-43c7-a167-2b63dd853127,terminusk9,terminusk9,filebeat,8.13.1,windows.sysmon_operational,default,logs,8.0.0,7ffeba03-3080-43c7-a167-2b63dd853127,FALSE,8.13.1,Process terminated,verified,process,5,"Apr 6, 2024 @ 10:54:59.882",windows.sysmon_operational,"Apr 6, 2024 @ 10:55:04.000",event,windows,Microsoft-Windows-Sysmon,end,x86_64,terminusk9,2cb7582e-6ac9-4585-97cc-ae60502e4f16,"fe80::1754:ed5c:491b:5546, 10.0.2.15",08-00-27-BF-A9-3A,terminusk9,19045.2965,windows,10.0.19041.2965 (WinBuild.160101.0800),Windows 10 Home,Windows 10 Home,windows,windows,10,winlog,information,"Process terminated:
RuleName: -
UtcTime: 2024-04-06 17:54:58.222
ProcessGuid: {2cb7582e-8c63-6611-1401-000000000a00}
ProcessId: 4284
Image: C:\Windows\System32\SecurityHealthHost.exe
User: TERMINUSK9\terminusk9",-,-,-,-,{2cb7582e-8c63-6611-1401-000000000a00},C:\Windows\System32\SecurityHealthHost.exe,C:\Windows\System32\SecurityHealthHost.exe,-,SecurityHealthHost.exe,SecurityHealthHost.exe,-,-,-,-,-,-,-,-,-,-,-,-,-,-,-,"4,284",-,-,-,terminusk9,TERMINUSK9,S-1-5-18,terminusk9,terminusk9,wineventlog,Microsoft-Windows-Sysmon/Operational,terminusk9,-,-,-,-,-,-,-,-,-,5,Info,"3,228","3,820",{5770385f-c22a-43e0-bf4c-06f5698ffbd9},Microsoft-Windows-Sysmon,632,Process terminated (rule: ProcessTerminate),NT AUTHORITY,S-1-5-18,SYSTEM,User,3,,,,
"Apr 6, 2024 @ 10:54:58.080",7649c11b-3a00-4241-b375-20762f70ba8f,7ffeba03-3080-43c7-a167-2b63dd853127,terminusk9,terminusk9,filebeat,8.13.1,windows.sysmon_operational,default,logs,8.0.0,7ffeba03-3080-43c7-a167-2b63dd853127,FALSE,8.13.1,Process terminated,verified,process,5,"Apr 6, 2024 @ 10:54:59.882",windows.sysmon_operational,"Apr 6, 2024 @ 10:55:04.000",event,windows,Microsoft-Windows-Sysmon,end,x86_64,terminusk9,2cb7582e-6ac9-4585-97cc-ae60502e4f16,"fe80::1754:ed5c:491b:5546, 10.0.2.15",08-00-27-BF-A9-3A,terminusk9,19045.2965,windows,10.0.19041.2965 (WinBuild.160101.0800),Windows 10 Home,Windows 10 Home,windows,windows,10,winlog,information,"Process terminated:
RuleName: -
UtcTime: 2024-04-06 17:54:58.080
ProcessGuid: {2cb7582e-8c51-6611-0701-000000000a00}
ProcessId: 7360
Image: C:\Windows\SystemApps\Microsoft.Windows.SecHealthUI_cw5n1h2txyewy\SecHealthUI.exe
User: TERMINUSK9\terminusk9",-,-,-,-,{2cb7582e-8c51-6611-0701-000000000a00},C:\Windows\SystemApps\Microsoft.Windows.SecHealthUI_cw5n1h2txyewy\SecHealthUI.exe,C:\Windows\SystemApps\Microsoft.Windows.SecHealthUI_cw5n1h2txyewy\SecHealthUI.exe,-,SecHealthUI.exe,SecHealthUI.exe,-,-,-,-,-,-,-,-,-,-,-,-,-,-,-,"7,360",-,-,-,terminusk9,TERMINUSK9,S-1-5-18,terminusk9,terminusk9,wineventlog,Microsoft-Windows-Sysmon/Operational,terminusk9,-,-,-,-,-,-,-,-,-,5,Info,"3,228","3,820",{5770385f-c22a-43e0-bf4c-06f5698ffbd9},Microsoft-Windows-Sysmon,631,Process terminated (rule: ProcessTerminate),NT AUTHORITY,S-1-5-18,SYSTEM,User,3,,,,
"Apr 6, 2024 @ 10:54:57.680",7649c11b-3a00-4241-b375-20762f70ba8f,7ffeba03-3080-43c7-a167-2b63dd853127,terminusk9,terminusk9,filebeat,8.13.1,windows.sysmon_operational,default,logs,8.0.0,7ffeba03-3080-43c7-a167-2b63dd853127,FALSE,8.13.1,Process terminated,verified,process,5,"Apr 6, 2024 @ 10:54:58.843",windows.sysmon_operational,"Apr 6, 2024 @ 10:55:04.000",event,windows,Microsoft-Windows-Sysmon,end,x86_64,terminusk9,2cb7582e-6ac9-4585-97cc-ae60502e4f16,"fe80::1754:ed5c:491b:5546, 10.0.2.15",08-00-27-BF-A9-3A,terminusk9,19045.2965,windows,10.0.19041.2965 (WinBuild.160101.0800),Windows 10 Home,Windows 10 Home,windows,windows,10,winlog,information,"Process terminated:
RuleName: -
UtcTime: 2024-04-06 17:54:57.680
ProcessGuid: {2cb7582e-8c6d-6611-1901-000000000a00}
ProcessId: 4684
Image: C:\Windows\System32\conhost.exe
User: NT AUTHORITY\SYSTEM",-,-,-,-,{2cb7582e-8c6d-6611-1901-000000000a00},C:\Windows\System32\conhost.exe,C:\Windows\System32\conhost.exe,-,conhost.exe,conhost.exe,-,-,-,-,-,-,-,-,-,-,-,-,-,-,-,"4,684",-,-,-,SYSTEM,NT AUTHORITY,S-1-5-18,SYSTEM,SYSTEM,wineventlog,Microsoft-Windows-Sysmon/Operational,terminusk9,-,-,-,-,-,-,-,-,-,5,Info,"3,228","3,820",{5770385f-c22a-43e0-bf4c-06f5698ffbd9},Microsoft-Windows-Sysmon,630,Process terminated (rule: ProcessTerminate),NT AUTHORITY,S-1-5-18,SYSTEM,User,3,,,,
"Apr 6, 2024 @ 10:54:57.676",7649c11b-3a00-4241-b375-20762f70ba8f,7ffeba03-3080-43c7-a167-2b63dd853127,terminusk9,terminusk9,filebeat,8.13.1,windows.sysmon_operational,default,logs,8.0.0,7ffeba03-3080-43c7-a167-2b63dd853127,FALSE,8.13.1,Process terminated,verified,process,5,"Apr 6, 2024 @ 10:54:58.843",windows.sysmon_operational,"Apr 6, 2024 @ 10:55:04.000",event,windows,Microsoft-Windows-Sysmon,end,x86_64,terminusk9,2cb7582e-6ac9-4585-97cc-ae60502e4f16,"fe80::1754:ed5c:491b:5546, 10.0.2.15",08-00-27-BF-A9-3A,terminusk9,19045.2965,windows,10.0.19041.2965 (WinBuild.160101.0800),Windows 10 Home,Windows 10 Home,windows,windows,10,winlog,information,"Process terminated:
RuleName: -
UtcTime: 2024-04-06 17:54:57.676
ProcessGuid: {2cb7582e-8c6d-6611-1801-000000000a00}
ProcessId: 4764
Image: C:\ProgramData\Microsoft\Windows Defender\Platform\4.18.24030.9-0\MpCmdRun.exe
User: NT AUTHORITY\SYSTEM",-,-,-,-,{2cb7582e-8c6d-6611-1801-000000000a00},C:\ProgramData\Microsoft\Windows Defender\Platform\4.18.24030.9-0\MpCmdRun.exe,C:\ProgramData\Microsoft\Windows Defender\Platform\4.18.24030.9-0\MpCmdRun.exe,-,MpCmdRun.exe,MpCmdRun.exe,-,-,-,-,-,-,-,-,-,-,-,-,-,-,-,"4,764",-,-,-,SYSTEM,NT AUTHORITY,S-1-5-18,SYSTEM,SYSTEM,wineventlog,Microsoft-Windows-Sysmon/Operational,terminusk9,-,-,-,-,-,-,-,-,-,5,Info,"3,228","3,820",{5770385f-c22a-43e0-bf4c-06f5698ffbd9},Microsoft-Windows-Sysmon,629,Process terminated (rule: ProcessTerminate),NT AUTHORITY,S-1-5-18,SYSTEM,User,3,,,,
"Apr 6, 2024 @ 10:54:57.656",7649c11b-3a00-4241-b375-20762f70ba8f,7ffeba03-3080-43c7-a167-2b63dd853127,terminusk9,terminusk9,filebeat,8.13.1,windows.sysmon_operational,default,logs,8.0.0,7ffeba03-3080-43c7-a167-2b63dd853127,FALSE,8.13.1,Process terminated,verified,process,5,"Apr 6, 2024 @ 10:54:58.843",windows.sysmon_operational,"Apr 6, 2024 @ 10:55:04.000",event,windows,Microsoft-Windows-Sysmon,end,x86_64,terminusk9,2cb7582e-6ac9-4585-97cc-ae60502e4f16,"fe80::1754:ed5c:491b:5546, 10.0.2.15",08-00-27-BF-A9-3A,terminusk9,19045.2965,windows,10.0.19041.2965 (WinBuild.160101.0800),Windows 10 Home,Windows 10 Home,windows,windows,10,winlog,information,"Process terminated:
RuleName: -
UtcTime: 2024-04-06 17:54:57.656
ProcessGuid: {2cb7582e-8c6d-6611-1b01-000000000a00}
ProcessId: 6936
Image: C:\Windows\System32\conhost.exe
User: NT AUTHORITY\SYSTEM",-,-,-,-,{2cb7582e-8c6d-6611-1b01-000000000a00},C:\Windows\System32\conhost.exe,C:\Windows\System32\conhost.exe,-,conhost.exe,conhost.exe,-,-,-,-,-,-,-,-,-,-,-,-,-,-,-,"6,936",-,-,-,SYSTEM,NT AUTHORITY,S-1-5-18,SYSTEM,SYSTEM,wineventlog,Microsoft-Windows-Sysmon/Operational,terminusk9,-,-,-,-,-,-,-,-,-,5,Info,"3,228","3,820",{5770385f-c22a-43e0-bf4c-06f5698ffbd9},Microsoft-Windows-Sysmon,628,Process terminated (rule: ProcessTerminate),NT AUTHORITY,S-1-5-18,SYSTEM,User,3,,,,
"Apr 6, 2024 @ 10:54:57.640",7649c11b-3a00-4241-b375-20762f70ba8f,7ffeba03-3080-43c7-a167-2b63dd853127,terminusk9,terminusk9,filebeat,8.13.1,windows.sysmon_operational,default,logs,8.0.0,7ffeba03-3080-43c7-a167-2b63dd853127,FALSE,8.13.1,Process terminated,verified,process,5,"Apr 6, 2024 @ 10:54:58.843",windows.sysmon_operational,"Apr 6, 2024 @ 10:55:04.000",event,windows,Microsoft-Windows-Sysmon,end,x86_64,terminusk9,2cb7582e-6ac9-4585-97cc-ae60502e4f16,"fe80::1754:ed5c:491b:5546, 10.0.2.15",08-00-27-BF-A9-3A,terminusk9,19045.2965,windows,10.0.19041.2965 (WinBuild.160101.0800),Windows 10 Home,Windows 10 Home,windows,windows,10,winlog,information,"Process terminated:
RuleName: -
UtcTime: 2024-04-06 17:54:57.640
ProcessGuid: {2cb7582e-8c6d-6611-1a01-000000000a00}
ProcessId: 4628
Image: C:\ProgramData\Microsoft\Windows Defender\Platform\4.18.24030.9-0\MpCmdRun.exe
User: NT AUTHORITY\SYSTEM",-,-,-,-,{2cb7582e-8c6d-6611-1a01-000000000a00},C:\ProgramData\Microsoft\Windows Defender\Platform\4.18.24030.9-0\MpCmdRun.exe,C:\ProgramData\Microsoft\Windows Defender\Platform\4.18.24030.9-0\MpCmdRun.exe,-,MpCmdRun.exe,MpCmdRun.exe,-,-,-,-,-,-,-,-,-,-,-,-,-,-,-,"4,628",-,-,-,SYSTEM,NT AUTHORITY,S-1-5-18,SYSTEM,SYSTEM,wineventlog,Microsoft-Windows-Sysmon/Operational,terminusk9,-,-,-,-,-,-,-,-,-,5,Info,"3,228","3,820",{5770385f-c22a-43e0-bf4c-06f5698ffbd9},Microsoft-Windows-Sysmon,627,Process terminated (rule: ProcessTerminate),NT AUTHORITY,S-1-5-18,SYSTEM,User,3,,,,
"Apr 6, 2024 @ 10:54:56.963",7649c11b-3a00-4241-b375-20762f70ba8f,7ffeba03-3080-43c7-a167-2b63dd853127,terminusk9,terminusk9,filebeat,8.13.1,windows.sysmon_operational,default,logs,8.0.0,7ffeba03-3080-43c7-a167-2b63dd853127,FALSE,8.13.1,Process terminated,verified,process,5,"Apr 6, 2024 @ 10:54:58.843",windows.sysmon_operational,"Apr 6, 2024 @ 10:55:04.000",event,windows,Microsoft-Windows-Sysmon,end,x86_64,terminusk9,2cb7582e-6ac9-4585-97cc-ae60502e4f16,"fe80::1754:ed5c:491b:5546, 10.0.2.15",08-00-27-BF-A9-3A,terminusk9,19045.2965,windows,10.0.19041.2965 (WinBuild.160101.0800),Windows 10 Home,Windows 10 Home,windows,windows,10,winlog,information,"Process terminated:
RuleName: -
UtcTime: 2024-04-06 17:54:56.963
ProcessGuid: {2cb7582e-8c6b-6611-1701-000000000a00}
ProcessId: 6032
Image: C:\Windows\System32\dllhost.exe
User: TERMINUSK9\terminusk9",-,-,-,-,{2cb7582e-8c6b-6611-1701-000000000a00},C:\Windows\System32\dllhost.exe,C:\Windows\System32\dllhost.exe,-,dllhost.exe,dllhost.exe,-,-,-,-,-,-,-,-,-,-,-,-,-,-,-,"6,032",-,-,-,terminusk9,TERMINUSK9,S-1-5-18,terminusk9,terminusk9,wineventlog,Microsoft-Windows-Sysmon/Operational,terminusk9,-,-,-,-,-,-,-,-,-,5,Info,"3,228","3,820",{5770385f-c22a-43e0-bf4c-06f5698ffbd9},Microsoft-Windows-Sysmon,626,Process terminated (rule: ProcessTerminate),NT AUTHORITY,S-1-5-18,SYSTEM,User,3,,,,
"Apr 6, 2024 @ 10:54:55.292",7649c11b-3a00-4241-b375-20762f70ba8f,7ffeba03-3080-43c7-a167-2b63dd853127,terminusk9,terminusk9,filebeat,8.13.1,windows.sysmon_operational,default,logs,8.0.0,7ffeba03-3080-43c7-a167-2b63dd853127,FALSE,8.13.1,Process terminated,verified,process,5,"Apr 6, 2024 @ 10:54:56.781",windows.sysmon_operational,"Apr 6, 2024 @ 10:55:04.000",event,windows,Microsoft-Windows-Sysmon,end,x86_64,terminusk9,2cb7582e-6ac9-4585-97cc-ae60502e4f16,"fe80::1754:ed5c:491b:5546, 10.0.2.15",08-00-27-BF-A9-3A,terminusk9,19045.2965,windows,10.0.19041.2965 (WinBuild.160101.0800),Windows 10 Home,Windows 10 Home,windows,windows,10,winlog,information,"Process terminated:
RuleName: -
UtcTime: 2024-04-06 17:54:55.292
ProcessGuid: {2cb7582e-8c66-6611-1601-000000000a00}
ProcessId: 2488
Image: C:\Windows\System32\PickerHost.exe
User: TERMINUSK9\terminusk9",-,-,-,-,{2cb7582e-8c66-6611-1601-000000000a00},C:\Windows\System32\PickerHost.exe,C:\Windows\System32\PickerHost.exe,-,PickerHost.exe,PickerHost.exe,-,-,-,-,-,-,-,-,-,-,-,-,-,-,-,"2,488",-,-,-,terminusk9,TERMINUSK9,S-1-5-18,terminusk9,terminusk9,wineventlog,Microsoft-Windows-Sysmon/Operational,terminusk9,-,-,-,-,-,-,-,-,-,5,Info,"3,228","3,820",{5770385f-c22a-43e0-bf4c-06f5698ffbd9},Microsoft-Windows-Sysmon,625,Process terminated (rule: ProcessTerminate),NT AUTHORITY,S-1-5-18,SYSTEM,User,3,,,,
"Apr 6, 2024 @ 10:54:54.186",7649c11b-3a00-4241-b375-20762f70ba8f,7ffeba03-3080-43c7-a167-2b63dd853127,terminusk9,terminusk9,filebeat,8.13.1,windows.sysmon_operational,default,logs,8.0.0,7ffeba03-3080-43c7-a167-2b63dd853127,FALSE,8.13.1,Process creation,verified,process,1,"Apr 6, 2024 @ 10:54:54.746",windows.sysmon_operational,"Apr 6, 2024 @ 10:55:04.000",event,windows,Microsoft-Windows-Sysmon,start,x86_64,terminusk9,2cb7582e-6ac9-4585-97cc-ae60502e4f16,"fe80::1754:ed5c:491b:5546, 10.0.2.15",08-00-27-BF-A9-3A,terminusk9,19045.2965,windows,10.0.19041.2965 (WinBuild.160101.0800),Windows 10 Home,Windows 10 Home,windows,windows,10,winlog,information,"Process Create:
RuleName: -
UtcTime: 2024-04-06 17:54:54.186
ProcessGuid: {2cb7582e-8c6e-6611-1c01-000000000a00}
ProcessId: 9020
Image: C:\Windows\System32\sppsvc.exe
FileVersion: 10.0.19041.2965 (WinBuild.160101.0800)
Description: Microsoft Software Protection Platform Service
Product: Microsoft® Windows® Operating System
Company: Microsoft Corporation
OriginalFileName: sppsvc.exe
CommandLine: C:\Windows\system32\sppsvc.exe
CurrentDirectory: C:\Windows
User: NT AUTHORITY\NETWORK SERVICE
LogonGuid: {2cb7582e-8a00-6611-e403-000000000000}
LogonId: 0x3E4
TerminalSessionId: 0
IntegrityLevel: System
Hashes: SHA256=1A2EBF45F7055C014B7A982C1D3483522C0C7F7EB5E6308381EEF44A842DB416
ParentProcessGuid: {2cb7582e-89ff-6611-0b00-000000000a00}
ParentProcessId: 736
ParentImage: C:\Windows\System32\services.exe
ParentCommandLine: C:\Windows\system32\services.exe
ParentUser: NT AUTHORITY\SYSTEM",C:\Windows\system32\sppsvc.exe,1,C:\Windows\system32\sppsvc.exe,C:\Windows\system32\sppsvc.exe,{2cb7582e-8c6e-6611-1c01-000000000a00},C:\Windows\System32\sppsvc.exe,C:\Windows\System32\sppsvc.exe,1a2ebf45f7055c014b7a982c1d3483522c0c7f7eb5e6308381eef44a842db416,sppsvc.exe,sppsvc.exe,C:\Windows\system32\services.exe,1,C:\Windows\system32\services.exe,C:\Windows\system32\services.exe,{2cb7582e-89ff-6611-0b00-000000000a00},C:\Windows\System32\services.exe,C:\Windows\System32\services.exe,services.exe,services.exe,736,Microsoft Corporation,Microsoft Software Protection Platform Service,10.0.19041.2965 (WinBuild.160101.0800),sppsvc.exe,Microsoft® Windows® Operating System,"9,020",C:\Windows,C:\Windows,1a2ebf45f7055c014b7a982c1d3483522c0c7f7eb5e6308381eef44a842db416,NETWORK SERVICE,NT AUTHORITY,S-1-5-18,NETWORK SERVICE,NETWORK SERVICE,wineventlog,Microsoft-Windows-Sysmon/Operational,terminusk9,Microsoft Corporation,Microsoft Software Protection Platform Service,10.0.19041.2965 (WinBuild.160101.0800),System,{2cb7582e-8a00-6611-e403-000000000000},0x3e4,NT AUTHORITY\SYSTEM,Microsoft® Windows® Operating System,0,1,Info,"3,228","3,820",{5770385f-c22a-43e0-bf4c-06f5698ffbd9},Microsoft-Windows-Sysmon,624,Process Create (rule: ProcessCreate),NT AUTHORITY,S-1-5-18,SYSTEM,User,5,,,,
"Apr 6, 2024 @ 10:54:53.658",7649c11b-3a00-4241-b375-20762f70ba8f,7ffeba03-3080-43c7-a167-2b63dd853127,terminusk9,terminusk9,filebeat,8.13.1,windows.sysmon_operational,default,logs,8.0.0,7ffeba03-3080-43c7-a167-2b63dd853127,FALSE,8.13.1,Process creation,verified,process,1,"Apr 6, 2024 @ 10:54:54.746",windows.sysmon_operational,"Apr 6, 2024 @ 10:55:04.000",event,windows,Microsoft-Windows-Sysmon,start,x86_64,terminusk9,2cb7582e-6ac9-4585-97cc-ae60502e4f16,"fe80::1754:ed5c:491b:5546, 10.0.2.15",08-00-27-BF-A9-3A,terminusk9,19045.2965,windows,10.0.19041.2965 (WinBuild.160101.0800),Windows 10 Home,Windows 10 Home,windows,windows,10,winlog,information,"Process Create:
RuleName: -
UtcTime: 2024-04-06 17:54:53.658
ProcessGuid: {2cb7582e-8c6d-6611-1b01-000000000a00}
ProcessId: 6936
Image: C:\Windows\System32\conhost.exe
FileVersion: 10.0.19041.2546 (WinBuild.160101.0800)
Description: Console Window Host
Product: Microsoft® Windows® Operating System
Company: Microsoft Corporation
OriginalFileName: CONHOST.EXE
CommandLine: \??\C:\Windows\system32\conhost.exe 0xffffffff -ForceV1
CurrentDirectory: C:\Windows
User: NT AUTHORITY\SYSTEM
LogonGuid: {2cb7582e-89ff-6611-e703-000000000000}
LogonId: 0x3E7
TerminalSessionId: 0
IntegrityLevel: System
Hashes: SHA256=A26A1FFB81A61281FFA55CB7778CC3FB0FF981704DE49F75F51F18B283FBA7A2
ParentProcessGuid: {2cb7582e-8c6d-6611-1a01-000000000a00}
ParentProcessId: 4628
ParentImage: C:\ProgramData\Microsoft\Windows Defender\Platform\4.18.24030.9-0\MpCmdRun.exe
ParentCommandLine: ""C:\ProgramData\Microsoft\Windows Defender\platform\4.18.24030.9-0\MpCmdRun.exe"" SignaturesUpdateService -ScheduleJob -UnmanagedUpdate
ParentUser: NT AUTHORITY\SYSTEM","\??\C:\Windows\system32\conhost.exe, 0xffffffff, -ForceV1",3,\??\C:\Windows\system32\conhost.exe 0xffffffff -ForceV1,\??\C:\Windows\system32\conhost.exe 0xffffffff -ForceV1,{2cb7582e-8c6d-6611-1b01-000000000a00},C:\Windows\System32\conhost.exe,C:\Windows\System32\conhost.exe,a26a1ffb81a61281ffa55cb7778cc3fb0ff981704de49f75f51f18b283fba7a2,conhost.exe,conhost.exe,"C:\ProgramData\Microsoft\Windows Defender\platform\4.18.24030.9-0\MpCmdRun.exe, SignaturesUpdateService, -ScheduleJob, -UnmanagedUpdate",4,"""C:\ProgramData\Microsoft\Windows Defender\platform\4.18.24030.9-0\MpCmdRun.exe"" SignaturesUpdateService -ScheduleJob -UnmanagedUpdate","""C:\ProgramData\Microsoft\Windows Defender\platform\4.18.24030.9-0\MpCmdRun.exe"" SignaturesUpdateService -ScheduleJob -UnmanagedUpdate",{2cb7582e-8c6d-6611-1a01-000000000a00},C:\ProgramData\Microsoft\Windows Defender\Platform\4.18.24030.9-0\MpCmdRun.exe,C:\ProgramData\Microsoft\Windows Defender\Platform\4.18.24030.9-0\MpCmdRun.exe,MpCmdRun.exe,MpCmdRun.exe,"4,628",Microsoft Corporation,Console Window Host,10.0.19041.2546 (WinBuild.160101.0800),CONHOST.EXE,Microsoft® Windows® Operating System,"6,936",C:\Windows,C:\Windows,a26a1ffb81a61281ffa55cb7778cc3fb0ff981704de49f75f51f18b283fba7a2,SYSTEM,NT AUTHORITY,S-1-5-18,SYSTEM,SYSTEM,wineventlog,Microsoft-Windows-Sysmon/Operational,terminusk9,Microsoft Corporation,Console Window Host,10.0.19041.2546 (WinBuild.160101.0800),System,{2cb7582e-89ff-6611-e703-000000000000},0x3e7,NT AUTHORITY\SYSTEM,Microsoft® Windows® Operating System,0,1,Info,"3,228","3,820",{5770385f-c22a-43e0-bf4c-06f5698ffbd9},Microsoft-Windows-Sysmon,623,Process Create (rule: ProcessCreate),NT AUTHORITY,S-1-5-18,SYSTEM,User,5,,,,
"Apr 6, 2024 @ 10:54:53.654",7649c11b-3a00-4241-b375-20762f70ba8f,7ffeba03-3080-43c7-a167-2b63dd853127,terminusk9,terminusk9,filebeat,8.13.1,windows.sysmon_operational,default,logs,8.0.0,7ffeba03-3080-43c7-a167-2b63dd853127,FALSE,8.13.1,Process creation,verified,process,1,"Apr 6, 2024 @ 10:54:54.746",windows.sysmon_operational,"Apr 6, 2024 @ 10:55:04.000",event,windows,Microsoft-Windows-Sysmon,start,x86_64,terminusk9,2cb7582e-6ac9-4585-97cc-ae60502e4f16,"fe80::1754:ed5c:491b:5546, 10.0.2.15",08-00-27-BF-A9-3A,terminusk9,19045.2965,windows,10.0.19041.2965 (WinBuild.160101.0800),Windows 10 Home,Windows 10 Home,windows,windows,10,winlog,information,"Process Create:
RuleName: -
UtcTime: 2024-04-06 17:54:53.654
ProcessGuid: {2cb7582e-8c6d-6611-1a01-000000000a00}
ProcessId: 4628
Image: C:\ProgramData\Microsoft\Windows Defender\Platform\4.18.24030.9-0\MpCmdRun.exe
FileVersion: 4.18.24030.9 (cd8105518e5571788ee3b6a178bae8fbcdf461a8)
Description: Microsoft Malware Protection Command Line Utility
Product: Microsoft® Windows® Operating System
Company: Microsoft Corporation
OriginalFileName: MpCmdRun.exe
CommandLine: ""C:\ProgramData\Microsoft\Windows Defender\platform\4.18.24030.9-0\MpCmdRun.exe"" SignaturesUpdateService -ScheduleJob -UnmanagedUpdate
CurrentDirectory: C:\Windows\system32\
User: NT AUTHORITY\SYSTEM
LogonGuid: {2cb7582e-89ff-6611-e703-000000000000}
LogonId: 0x3E7
TerminalSessionId: 0
IntegrityLevel: System
Hashes: SHA256=678DA415B8A27152F022DFA77749547EDFF325F3AEE436FA5803FBB59B6B8AF2
ParentProcessGuid: {2cb7582e-8a03-6611-4800-000000000a00}
ParentProcessId: 3200
ParentImage: C:\ProgramData\Microsoft\Windows Defender\Platform\4.18.24030.9-0\MsMpEng.exe
ParentCommandLine: ""C:\ProgramData\Microsoft\Windows Defender\platform\4.18.24030.9-0\MsMpEng.exe""
ParentUser: NT AUTHORITY\SYSTEM","C:\ProgramData\Microsoft\Windows Defender\platform\4.18.24030.9-0\MpCmdRun.exe, SignaturesUpdateService, -ScheduleJob, -UnmanagedUpdate",4,"""C:\ProgramData\Microsoft\Windows Defender\platform\4.18.24030.9-0\MpCmdRun.exe"" SignaturesUpdateService -ScheduleJob -UnmanagedUpdate","""C:\ProgramData\Microsoft\Windows Defender\platform\4.18.24030.9-0\MpCmdRun.exe"" SignaturesUpdateService -ScheduleJob -UnmanagedUpdate",{2cb7582e-8c6d-6611-1a01-000000000a00},C:\ProgramData\Microsoft\Windows Defender\Platform\4.18.24030.9-0\MpCmdRun.exe,C:\ProgramData\Microsoft\Windows Defender\Platform\4.18.24030.9-0\MpCmdRun.exe,678da415b8a27152f022dfa77749547edff325f3aee436fa5803fbb59b6b8af2,MpCmdRun.exe,MpCmdRun.exe,C:\ProgramData\Microsoft\Windows Defender\platform\4.18.24030.9-0\MsMpEng.exe,1,"""C:\ProgramData\Microsoft\Windows Defender\platform\4.18.24030.9-0\MsMpEng.exe""","""C:\ProgramData\Microsoft\Windows Defender\platform\4.18.24030.9-0\MsMpEng.exe""",{2cb7582e-8a03-6611-4800-000000000a00},C:\ProgramData\Microsoft\Windows Defender\Platform\4.18.24030.9-0\MsMpEng.exe,C:\ProgramData\Microsoft\Windows Defender\Platform\4.18.24030.9-0\MsMpEng.exe,MsMpEng.exe,MsMpEng.exe,"3,200",Microsoft Corporation,Microsoft Malware Protection Command Line Utility,4.18.24030.9 (cd8105518e5571788ee3b6a178bae8fbcdf461a8),MpCmdRun.exe,Microsoft® Windows® Operating System,"4,628",C:\Windows\system32\,C:\Windows\system32\,678da415b8a27152f022dfa77749547edff325f3aee436fa5803fbb59b6b8af2,SYSTEM,NT AUTHORITY,S-1-5-18,SYSTEM,SYSTEM,wineventlog,Microsoft-Windows-Sysmon/Operational,terminusk9,Microsoft Corporation,Microsoft Malware Protection Command Line Utility,4.18.24030.9 (cd8105518e5571788ee3b6a178bae8fbcdf461a8),System,{2cb7582e-89ff-6611-e703-000000000000},0x3e7,NT AUTHORITY\SYSTEM,Microsoft® Windows® Operating System,0,1,Info,"3,228","3,820",{5770385f-c22a-43e0-bf4c-06f5698ffbd9},Microsoft-Windows-Sysmon,622,Process Create (rule: ProcessCreate),NT AUTHORITY,S-1-5-18,SYSTEM,User,5,,,,
"Apr 6, 2024 @ 10:54:53.487",7649c11b-3a00-4241-b375-20762f70ba8f,7ffeba03-3080-43c7-a167-2b63dd853127,terminusk9,terminusk9,filebeat,8.13.1,windows.sysmon_operational,default,logs,8.0.0,7ffeba03-3080-43c7-a167-2b63dd853127,FALSE,8.13.1,Process creation,verified,process,1,"Apr 6, 2024 @ 10:54:54.745",windows.sysmon_operational,"Apr 6, 2024 @ 10:55:04.000",event,windows,Microsoft-Windows-Sysmon,start,x86_64,terminusk9,2cb7582e-6ac9-4585-97cc-ae60502e4f16,"fe80::1754:ed5c:491b:5546, 10.0.2.15",08-00-27-BF-A9-3A,terminusk9,19045.2965,windows,10.0.19041.2965 (WinBuild.160101.0800),Windows 10 Home,Windows 10 Home,windows,windows,10,winlog,information,"Process Create:
RuleName: -
UtcTime: 2024-04-06 17:54:53.487
ProcessGuid: {2cb7582e-8c6d-6611-1901-000000000a00}
ProcessId: 4684
Image: C:\Windows\System32\conhost.exe
FileVersion: 10.0.19041.2546 (WinBuild.160101.0800)
Description: Console Window Host
Product: Microsoft® Windows® Operating System
Company: Microsoft Corporation
OriginalFileName: CONHOST.EXE
CommandLine: \??\C:\Windows\system32\conhost.exe 0xffffffff -ForceV1
CurrentDirectory: C:\Windows
User: NT AUTHORITY\SYSTEM
LogonGuid: {2cb7582e-89ff-6611-e703-000000000000}
LogonId: 0x3E7
TerminalSessionId: 0
IntegrityLevel: System
Hashes: SHA256=A26A1FFB81A61281FFA55CB7778CC3FB0FF981704DE49F75F51F18B283FBA7A2
ParentProcessGuid: {2cb7582e-8c6d-6611-1801-000000000a00}
ParentProcessId: 4764
ParentImage: C:\ProgramData\Microsoft\Windows Defender\Platform\4.18.24030.9-0\MpCmdRun.exe
ParentCommandLine: ""C:\ProgramData\Microsoft\Windows Defender\platform\4.18.24030.9-0\MpCmdRun.exe"" SignatureUpdate -ScheduleJob -RestrictPrivileges
ParentUser: NT AUTHORITY\SYSTEM","\??\C:\Windows\system32\conhost.exe, 0xffffffff, -ForceV1",3,\??\C:\Windows\system32\conhost.exe 0xffffffff -ForceV1,\??\C:\Windows\system32\conhost.exe 0xffffffff -ForceV1,{2cb7582e-8c6d-6611-1901-000000000a00},C:\Windows\System32\conhost.exe,C:\Windows\System32\conhost.exe,a26a1ffb81a61281ffa55cb7778cc3fb0ff981704de49f75f51f18b283fba7a2,conhost.exe,conhost.exe,"C:\ProgramData\Microsoft\Windows Defender\platform\4.18.24030.9-0\MpCmdRun.exe, SignatureUpdate, -ScheduleJob, -RestrictPrivileges",4,"""C:\ProgramData\Microsoft\Windows Defender\platform\4.18.24030.9-0\MpCmdRun.exe"" SignatureUpdate -ScheduleJob -RestrictPrivileges","""C:\ProgramData\Microsoft\Windows Defender\platform\4.18.24030.9-0\MpCmdRun.exe"" SignatureUpdate -ScheduleJob -RestrictPrivileges",{2cb7582e-8c6d-6611-1801-000000000a00},C:\ProgramData\Microsoft\Windows Defender\Platform\4.18.24030.9-0\MpCmdRun.exe,C:\ProgramData\Microsoft\Windows Defender\Platform\4.18.24030.9-0\MpCmdRun.exe,MpCmdRun.exe,MpCmdRun.exe,"4,764",Microsoft Corporation,Console Window Host,10.0.19041.2546 (WinBuild.160101.0800),CONHOST.EXE,Microsoft® Windows® Operating System,"4,684",C:\Windows,C:\Windows,a26a1ffb81a61281ffa55cb7778cc3fb0ff981704de49f75f51f18b283fba7a2,SYSTEM,NT AUTHORITY,S-1-5-18,SYSTEM,SYSTEM,wineventlog,Microsoft-Windows-Sysmon/Operational,terminusk9,Microsoft Corporation,Console Window Host,10.0.19041.2546 (WinBuild.160101.0800),System,{2cb7582e-89ff-6611-e703-000000000000},0x3e7,NT AUTHORITY\SYSTEM,Microsoft® Windows® Operating System,0,1,Info,"3,228","3,820",{5770385f-c22a-43e0-bf4c-06f5698ffbd9},Microsoft-Windows-Sysmon,621,Process Create (rule: ProcessCreate),NT AUTHORITY,S-1-5-18,SYSTEM,User,5,,,,
"Apr 6, 2024 @ 10:54:53.480",7649c11b-3a00-4241-b375-20762f70ba8f,7ffeba03-3080-43c7-a167-2b63dd853127,terminusk9,terminusk9,filebeat,8.13.1,windows.sysmon_operational,default,logs,8.0.0,7ffeba03-3080-43c7-a167-2b63dd853127,FALSE,8.13.1,Process creation,verified,process,1,"Apr 6, 2024 @ 10:54:54.745",windows.sysmon_operational,"Apr 6, 2024 @ 10:55:04.000",event,windows,Microsoft-Windows-Sysmon,start,x86_64,terminusk9,2cb7582e-6ac9-4585-97cc-ae60502e4f16,"fe80::1754:ed5c:491b:5546, 10.0.2.15",08-00-27-BF-A9-3A,terminusk9,19045.2965,windows,10.0.19041.2965 (WinBuild.160101.0800),Windows 10 Home,Windows 10 Home,windows,windows,10,winlog,information,"Process Create:
RuleName: -
UtcTime: 2024-04-06 17:54:53.480
ProcessGuid: {2cb7582e-8c6d-6611-1801-000000000a00}
ProcessId: 4764
Image: C:\ProgramData\Microsoft\Windows Defender\Platform\4.18.24030.9-0\MpCmdRun.exe
FileVersion: 4.18.24030.9 (cd8105518e5571788ee3b6a178bae8fbcdf461a8)
Description: Microsoft Malware Protection Command Line Utility
Product: Microsoft® Windows® Operating System
Company: Microsoft Corporation
OriginalFileName: MpCmdRun.exe
CommandLine: ""C:\ProgramData\Microsoft\Windows Defender\platform\4.18.24030.9-0\MpCmdRun.exe"" SignatureUpdate -ScheduleJob -RestrictPrivileges
CurrentDirectory: C:\Windows\system32\
User: NT AUTHORITY\SYSTEM
LogonGuid: {2cb7582e-89ff-6611-e703-000000000000}
LogonId: 0x3E7
TerminalSessionId: 0
IntegrityLevel: System
Hashes: SHA256=678DA415B8A27152F022DFA77749547EDFF325F3AEE436FA5803FBB59B6B8AF2
ParentProcessGuid: {2cb7582e-8a03-6611-4800-000000000a00}
ParentProcessId: 3200
ParentImage: C:\ProgramData\Microsoft\Windows Defender\Platform\4.18.24030.9-0\MsMpEng.exe
ParentCommandLine: ""C:\ProgramData\Microsoft\Windows Defender\platform\4.18.24030.9-0\MsMpEng.exe""
ParentUser: NT AUTHORITY\SYSTEM","C:\ProgramData\Microsoft\Windows Defender\platform\4.18.24030.9-0\MpCmdRun.exe, SignatureUpdate, -ScheduleJob, -RestrictPrivileges",4,"""C:\ProgramData\Microsoft\Windows Defender\platform\4.18.24030.9-0\MpCmdRun.exe"" SignatureUpdate -ScheduleJob -RestrictPrivileges","""C:\ProgramData\Microsoft\Windows Defender\platform\4.18.24030.9-0\MpCmdRun.exe"" SignatureUpdate -ScheduleJob -RestrictPrivileges",{2cb7582e-8c6d-6611-1801-000000000a00},C:\ProgramData\Microsoft\Windows Defender\Platform\4.18.24030.9-0\MpCmdRun.exe,C:\ProgramData\Microsoft\Windows Defender\Platform\4.18.24030.9-0\MpCmdRun.exe,678da415b8a27152f022dfa77749547edff325f3aee436fa5803fbb59b6b8af2,MpCmdRun.exe,MpCmdRun.exe,C:\ProgramData\Microsoft\Windows Defender\platform\4.18.24030.9-0\MsMpEng.exe,1,"""C:\ProgramData\Microsoft\Windows Defender\platform\4.18.24030.9-0\MsMpEng.exe""","""C:\ProgramData\Microsoft\Windows Defender\platform\4.18.24030.9-0\MsMpEng.exe""",{2cb7582e-8a03-6611-4800-000000000a00},C:\ProgramData\Microsoft\Windows Defender\Platform\4.18.24030.9-0\MsMpEng.exe,C:\ProgramData\Microsoft\Windows Defender\Platform\4.18.24030.9-0\MsMpEng.exe,MsMpEng.exe,MsMpEng.exe,"3,200",Microsoft Corporation,Microsoft Malware Protection Command Line Utility,4.18.24030.9 (cd8105518e5571788ee3b6a178bae8fbcdf461a8),MpCmdRun.exe,Microsoft® Windows® Operating System,"4,764",C:\Windows\system32\,C:\Windows\system32\,678da415b8a27152f022dfa77749547edff325f3aee436fa5803fbb59b6b8af2,SYSTEM,NT AUTHORITY,S-1-5-18,SYSTEM,SYSTEM,wineventlog,Microsoft-Windows-Sysmon/Operational,terminusk9,Microsoft Corporation,Microsoft Malware Protection Command Line Utility,4.18.24030.9 (cd8105518e5571788ee3b6a178bae8fbcdf461a8),System,{2cb7582e-89ff-6611-e703-000000000000},0x3e7,NT AUTHORITY\SYSTEM,Microsoft® Windows® Operating System,0,1,Info,"3,228","3,820",{5770385f-c22a-43e0-bf4c-06f5698ffbd9},Microsoft-Windows-Sysmon,620,Process Create (rule: ProcessCreate),NT AUTHORITY,S-1-5-18,SYSTEM,User,5,,,,
"Apr 6, 2024 @ 10:54:51.870",7649c11b-3a00-4241-b375-20762f70ba8f,7ffeba03-3080-43c7-a167-2b63dd853127,terminusk9,terminusk9,filebeat,8.13.1,windows.sysmon_operational,default,logs,8.0.0,7ffeba03-3080-43c7-a167-2b63dd853127,FALSE,8.13.1,Process creation,verified,process,1,"Apr 6, 2024 @ 10:54:53.707",windows.sysmon_operational,"Apr 6, 2024 @ 10:55:04.000",event,windows,Microsoft-Windows-Sysmon,start,x86_64,terminusk9,2cb7582e-6ac9-4585-97cc-ae60502e4f16,"fe80::1754:ed5c:491b:5546, 10.0.2.15",08-00-27-BF-A9-3A,terminusk9,19045.2965,windows,10.0.19041.2965 (WinBuild.160101.0800),Windows 10 Home,Windows 10 Home,windows,windows,10,winlog,information,"Process Create:
RuleName: -
UtcTime: 2024-04-06 17:54:51.870
ProcessGuid: {2cb7582e-8c6b-6611-1701-000000000a00}
ProcessId: 6032
Image: C:\Windows\System32\dllhost.exe
FileVersion: 10.0.19041.546 (WinBuild.160101.0800)
Description: COM Surrogate
Product: Microsoft® Windows® Operating System
Company: Microsoft Corporation
OriginalFileName: dllhost.exe
CommandLine: C:\Windows\system32\DllHost.exe /Processid:{AB8902B4-09CA-4BB6-B78D-A8F59079A8D5}
CurrentDirectory: C:\Windows\system32\
User: TERMINUSK9\terminusk9
LogonGuid: {2cb7582e-8a87-6611-2bd8-0b0000000000}
LogonId: 0xBD82B
TerminalSessionId: 1
IntegrityLevel: Medium
Hashes: SHA256=E7FC40B41AA8B83841A0B96D169EAF0800AA784733E636935374D56536253F10
ParentProcessGuid: {2cb7582e-8a00-6611-0d00-000000000a00}
ParentProcessId: 880
ParentImage: C:\Windows\System32\svchost.exe
ParentCommandLine: C:\Windows\system32\svchost.exe -k DcomLaunch -p
ParentUser: NT AUTHORITY\SYSTEM","C:\Windows\system32\DllHost.exe, /Processid:{AB8902B4-09CA-4BB6-B78D-A8F59079A8D5}",2,C:\Windows\system32\DllHost.exe /Processid:{AB8902B4-09CA-4BB6-B78D-A8F59079A8D5},C:\Windows\system32\DllHost.exe /Processid:{AB8902B4-09CA-4BB6-B78D-A8F59079A8D5},{2cb7582e-8c6b-6611-1701-000000000a00},C:\Windows\System32\dllhost.exe,C:\Windows\System32\dllhost.exe,e7fc40b41aa8b83841a0b96d169eaf0800aa784733e636935374d56536253f10,dllhost.exe,dllhost.exe,"C:\Windows\system32\svchost.exe, -k, DcomLaunch, -p",4,C:\Windows\system32\svchost.exe -k DcomLaunch -p,C:\Windows\system32\svchost.exe -k DcomLaunch -p,{2cb7582e-8a00-6611-0d00-000000000a00},C:\Windows\System32\svchost.exe,C:\Windows\System32\svchost.exe,svchost.exe,svchost.exe,880,Microsoft Corporation,COM Surrogate,10.0.19041.546 (WinBuild.160101.0800),dllhost.exe,Microsoft® Windows® Operating System,"6,032",C:\Windows\system32\,C:\Windows\system32\,e7fc40b41aa8b83841a0b96d169eaf0800aa784733e636935374d56536253f10,terminusk9,TERMINUSK9,S-1-5-18,terminusk9,terminusk9,wineventlog,Microsoft-Windows-Sysmon/Operational,terminusk9,Microsoft Corporation,COM Surrogate,10.0.19041.546 (WinBuild.160101.0800),Medium,{2cb7582e-8a87-6611-2bd8-0b0000000000},0xbd82b,NT AUTHORITY\SYSTEM,Microsoft® Windows® Operating System,1,1,Info,"3,228","3,820",{5770385f-c22a-43e0-bf4c-06f5698ffbd9},Microsoft-Windows-Sysmon,619,Process Create (rule: ProcessCreate),NT AUTHORITY,S-1-5-18,SYSTEM,User,5,,,,
"Apr 6, 2024 @ 10:54:46.952",7649c11b-3a00-4241-b375-20762f70ba8f,7ffeba03-3080-43c7-a167-2b63dd853127,terminusk9,terminusk9,filebeat,8.13.1,windows.sysmon_operational,default,logs,8.0.0,7ffeba03-3080-43c7-a167-2b63dd853127,FALSE,8.13.1,Process creation,verified,process,1,"Apr 6, 2024 @ 10:54:48.638",windows.sysmon_operational,"Apr 6, 2024 @ 10:54:53.000",event,windows,Microsoft-Windows-Sysmon,start,x86_64,terminusk9,2cb7582e-6ac9-4585-97cc-ae60502e4f16,"fe80::1754:ed5c:491b:5546, 10.0.2.15",08-00-27-BF-A9-3A,terminusk9,19045.2965,windows,10.0.19041.2965 (WinBuild.160101.0800),Windows 10 Home,Windows 10 Home,windows,windows,10,winlog,information,"Process Create:
RuleName: -
UtcTime: 2024-04-06 17:54:46.952
ProcessGuid: {2cb7582e-8c66-6611-1601-000000000a00}
ProcessId: 2488
Image: C:\Windows\System32\PickerHost.exe
FileVersion: 10.0.19041.1566 (WinBuild.160101.0800)
Description: File Picker UI Host
Product: Microsoft® Windows® Operating System
Company: Microsoft Corporation
OriginalFileName: PickerHost.exe
CommandLine: C:\Windows\System32\PickerHost.exe -Embedding
CurrentDirectory: C:\Windows\system32\
User: TERMINUSK9\terminusk9
LogonGuid: {2cb7582e-8a87-6611-2bd8-0b0000000000}
LogonId: 0xBD82B
TerminalSessionId: 1
IntegrityLevel: Medium
Hashes: SHA256=588DC21AF079B3914D4CFCBEA4DE1CEFFB66AD078E151CAA5E23700BA4571D3F
ParentProcessGuid: {2cb7582e-8a00-6611-0d00-000000000a00}
ParentProcessId: 880
ParentImage: C:\Windows\System32\svchost.exe
ParentCommandLine: C:\Windows\system32\svchost.exe -k DcomLaunch -p
ParentUser: NT AUTHORITY\SYSTEM","C:\Windows\System32\PickerHost.exe, -Embedding",2,C:\Windows\System32\PickerHost.exe -Embedding,C:\Windows\System32\PickerHost.exe -Embedding,{2cb7582e-8c66-6611-1601-000000000a00},C:\Windows\System32\PickerHost.exe,C:\Windows\System32\PickerHost.exe,588dc21af079b3914d4cfcbea4de1ceffb66ad078e151caa5e23700ba4571d3f,PickerHost.exe,PickerHost.exe,"C:\Windows\system32\svchost.exe, -k, DcomLaunch, -p",4,C:\Windows\system32\svchost.exe -k DcomLaunch -p,C:\Windows\system32\svchost.exe -k DcomLaunch -p,{2cb7582e-8a00-6611-0d00-000000000a00},C:\Windows\System32\svchost.exe,C:\Windows\System32\svchost.exe,svchost.exe,svchost.exe,880,Microsoft Corporation,File Picker UI Host,10.0.19041.1566 (WinBuild.160101.0800),PickerHost.exe,Microsoft® Windows® Operating System,"2,488",C:\Windows\system32\,C:\Windows\system32\,588dc21af079b3914d4cfcbea4de1ceffb66ad078e151caa5e23700ba4571d3f,terminusk9,TERMINUSK9,S-1-5-18,terminusk9,terminusk9,wineventlog,Microsoft-Windows-Sysmon/Operational,terminusk9,Microsoft Corporation,File Picker UI Host,10.0.19041.1566 (WinBuild.160101.0800),Medium,{2cb7582e-8a87-6611-2bd8-0b0000000000},0xbd82b,NT AUTHORITY\SYSTEM,Microsoft® Windows® Operating System,1,1,Info,"3,228","3,820",{5770385f-c22a-43e0-bf4c-06f5698ffbd9},Microsoft-Windows-Sysmon,618,Process Create (rule: ProcessCreate),NT AUTHORITY,S-1-5-18,SYSTEM,User,5,,,,
"Apr 6, 2024 @ 10:54:46.835",7649c11b-3a00-4241-b375-20762f70ba8f,7ffeba03-3080-43c7-a167-2b63dd853127,terminusk9,terminusk9,filebeat,8.13.1,windows.sysmon_operational,default,logs,8.0.0,7ffeba03-3080-43c7-a167-2b63dd853127,FALSE,8.13.1,Process creation,verified,process,1,"Apr 6, 2024 @ 10:54:48.638",windows.sysmon_operational,"Apr 6, 2024 @ 10:54:53.000",event,windows,Microsoft-Windows-Sysmon,start,x86_64,terminusk9,2cb7582e-6ac9-4585-97cc-ae60502e4f16,"fe80::1754:ed5c:491b:5546, 10.0.2.15",08-00-27-BF-A9-3A,terminusk9,19045.2965,windows,10.0.19041.2965 (WinBuild.160101.0800),Windows 10 Home,Windows 10 Home,windows,windows,10,winlog,information,"Process Create:
RuleName: -
UtcTime: 2024-04-06 17:54:46.835
ProcessGuid: {2cb7582e-8c66-6611-1501-000000000a00}
ProcessId: 7244
Image: C:\Windows\System32\RuntimeBroker.exe
FileVersion: 10.0.19041.746 (WinBuild.160101.0800)
Description: Runtime Broker
Product: Microsoft® Windows® Operating System
Company: Microsoft Corporation
OriginalFileName: RuntimeBroker.exe
CommandLine: C:\Windows\System32\RuntimeBroker.exe -Embedding
CurrentDirectory: C:\Windows\system32\
User: TERMINUSK9\terminusk9
LogonGuid: {2cb7582e-8a87-6611-2bd8-0b0000000000}
LogonId: 0xBD82B
TerminalSessionId: 1
IntegrityLevel: Medium
Hashes: SHA256=E86870769EE6C797E09457BD99C58D9BF2303CF0193A24EF9B1222C2C3DAF628
ParentProcessGuid: {2cb7582e-8a00-6611-0d00-000000000a00}
ParentProcessId: 880
ParentImage: C:\Windows\System32\svchost.exe
ParentCommandLine: C:\Windows\system32\svchost.exe -k DcomLaunch -p
ParentUser: NT AUTHORITY\SYSTEM","C:\Windows\System32\RuntimeBroker.exe, -Embedding",2,C:\Windows\System32\RuntimeBroker.exe -Embedding,C:\Windows\System32\RuntimeBroker.exe -Embedding,{2cb7582e-8c66-6611-1501-000000000a00},C:\Windows\System32\RuntimeBroker.exe,C:\Windows\System32\RuntimeBroker.exe,e86870769ee6c797e09457bd99c58d9bf2303cf0193a24ef9b1222c2c3daf628,RuntimeBroker.exe,RuntimeBroker.exe,"C:\Windows\system32\svchost.exe, -k, DcomLaunch, -p",4,C:\Windows\system32\svchost.exe -k DcomLaunch -p,C:\Windows\system32\svchost.exe -k DcomLaunch -p,{2cb7582e-8a00-6611-0d00-000000000a00},C:\Windows\System32\svchost.exe,C:\Windows\System32\svchost.exe,svchost.exe,svchost.exe,880,Microsoft Corporation,Runtime Broker,10.0.19041.746 (WinBuild.160101.0800),RuntimeBroker.exe,Microsoft® Windows® Operating System,"7,244",C:\Windows\system32\,C:\Windows\system32\,e86870769ee6c797e09457bd99c58d9bf2303cf0193a24ef9b1222c2c3daf628,terminusk9,TERMINUSK9,S-1-5-18,terminusk9,terminusk9,wineventlog,Microsoft-Windows-Sysmon/Operational,terminusk9,Microsoft Corporation,Runtime Broker,10.0.19041.746 (WinBuild.160101.0800),Medium,{2cb7582e-8a87-6611-2bd8-0b0000000000},0xbd82b,NT AUTHORITY\SYSTEM,Microsoft® Windows® Operating System,1,1,Info,"3,228","3,820",{5770385f-c22a-43e0-bf4c-06f5698ffbd9},Microsoft-Windows-Sysmon,617,Process Create (rule: ProcessCreate),NT AUTHORITY,S-1-5-18,SYSTEM,User,5,,,,
"Apr 6, 2024 @ 10:54:43.811",7649c11b-3a00-4241-b375-20762f70ba8f,7ffeba03-3080-43c7-a167-2b63dd853127,terminusk9,terminusk9,filebeat,8.13.1,windows.sysmon_operational,default,logs,8.0.0,7ffeba03-3080-43c7-a167-2b63dd853127,FALSE,8.13.1,Process creation,verified,process,1,"Apr 6, 2024 @ 10:54:45.594",windows.sysmon_operational,"Apr 6, 2024 @ 10:54:53.000",event,windows,Microsoft-Windows-Sysmon,start,x86_64,terminusk9,2cb7582e-6ac9-4585-97cc-ae60502e4f16,"fe80::1754:ed5c:491b:5546, 10.0.2.15",08-00-27-BF-A9-3A,terminusk9,19045.2965,windows,10.0.19041.2965 (WinBuild.160101.0800),Windows 10 Home,Windows 10 Home,windows,windows,10,winlog,information,"Process Create:
RuleName: -
UtcTime: 2024-04-06 17:54:43.811
ProcessGuid: {2cb7582e-8c63-6611-1401-000000000a00}
ProcessId: 4284
Image: C:\Windows\System32\SecurityHealthHost.exe
FileVersion: 4.18.1907.16384 (WinBuild.160101.0800)
Description: Windows Security Health Host
Product: Microsoft® Windows® Operating System
Company: Microsoft Corporation
OriginalFileName: SecurityHealthHost.exe
CommandLine: C:\Windows\System32\SecurityHealthHost.exe {6CED0DAA-4CDE-49C9-BA3A-AE163DC3D7AF} -Embedding
CurrentDirectory: C:\Windows\system32\
User: TERMINUSK9\terminusk9
LogonGuid: {2cb7582e-8a87-6611-fad7-0b0000000000}
LogonId: 0xBD7FA
TerminalSessionId: 1
IntegrityLevel: High
Hashes: SHA256=862DE18D8C4F98C5B13F0BE2A32CEBF8A8926540A613974F3D494D20DA94EA39
ParentProcessGuid: {2cb7582e-8a00-6611-0d00-000000000a00}
ParentProcessId: 880
ParentImage: C:\Windows\System32\svchost.exe
ParentCommandLine: C:\Windows\system32\svchost.exe -k DcomLaunch -p
ParentUser: NT AUTHORITY\SYSTEM","C:\Windows\System32\SecurityHealthHost.exe, {6CED0DAA-4CDE-49C9-BA3A-AE163DC3D7AF}, -Embedding",3,C:\Windows\System32\SecurityHealthHost.exe {6CED0DAA-4CDE-49C9-BA3A-AE163DC3D7AF} -Embedding,C:\Windows\System32\SecurityHealthHost.exe {6CED0DAA-4CDE-49C9-BA3A-AE163DC3D7AF} -Embedding,{2cb7582e-8c63-6611-1401-000000000a00},C:\Windows\System32\SecurityHealthHost.exe,C:\Windows\System32\SecurityHealthHost.exe,862de18d8c4f98c5b13f0be2a32cebf8a8926540a613974f3d494d20da94ea39,SecurityHealthHost.exe,SecurityHealthHost.exe,"C:\Windows\system32\svchost.exe, -k, DcomLaunch, -p",4,C:\Windows\system32\svchost.exe -k DcomLaunch -p,C:\Windows\system32\svchost.exe -k DcomLaunch -p,{2cb7582e-8a00-6611-0d00-000000000a00},C:\Windows\System32\svchost.exe,C:\Windows\System32\svchost.exe,svchost.exe,svchost.exe,880,Microsoft Corporation,Windows Security Health Host,4.18.1907.16384 (WinBuild.160101.0800),SecurityHealthHost.exe,Microsoft® Windows® Operating System,"4,284",C:\Windows\system32\,C:\Windows\system32\,862de18d8c4f98c5b13f0be2a32cebf8a8926540a613974f3d494d20da94ea39,terminusk9,TERMINUSK9,S-1-5-18,terminusk9,terminusk9,wineventlog,Microsoft-Windows-Sysmon/Operational,terminusk9,Microsoft Corporation,Windows Security Health Host,4.18.1907.16384 (WinBuild.160101.0800),High,{2cb7582e-8a87-6611-fad7-0b0000000000},0xbd7fa,NT AUTHORITY\SYSTEM,Microsoft® Windows® Operating System,1,1,Info,"3,228","3,820",{5770385f-c22a-43e0-bf4c-06f5698ffbd9},Microsoft-Windows-Sysmon,616,Process Create (rule: ProcessCreate),NT AUTHORITY,S-1-5-18,SYSTEM,User,5,,,,
