"Apr 6, 2024 @ 10:47:45.608",7649c11b-3a00-4241-b375-20762f70ba8f,7ffeba03-3080-43c7-a167-2b63dd853127,terminusk9,terminusk9,filebeat,8.13.1,windows.sysmon_operational,default,logs,8.0.0,7ffeba03-3080-43c7-a167-2b63dd853127,FALSE,8.13.1,Process terminated,verified,process,5,"Apr 6, 2024 @ 10:47:46.751",windows.sysmon_operational,"Apr 6, 2024 @ 10:47:59.000",event,windows,Microsoft-Windows-Sysmon,end,x86_64,terminusk9,2cb7582e-6ac9-4585-97cc-ae60502e4f16,"fe80::1754:ed5c:491b:5546, 10.0.2.15",08-00-27-BF-A9-3A,terminusk9,19045.2965,windows,10.0.19041.2965 (WinBuild.160101.0800),Windows 10 Home,Windows 10 Home,windows,windows,10,winlog,information,"Process terminated:
RuleName: -
UtcTime: 2024-04-06 17:47:45.608
ProcessGuid: {2cb7582e-8ac1-6611-bf00-000000000a00}
ProcessId: 1880
Image: C:\Windows\System32\wermgr.exe
User: NT AUTHORITY\SYSTEM",-,-,-,-,{2cb7582e-8ac1-6611-bf00-000000000a00},C:\Windows\System32\wermgr.exe,C:\Windows\System32\wermgr.exe,-,wermgr.exe,wermgr.exe,-,-,-,-,-,-,-,-,-,-,-,-,-,-,-,"1,880",-,-,-,SYSTEM,NT AUTHORITY,S-1-5-18,SYSTEM,SYSTEM,wineventlog,Microsoft-Windows-Sysmon/Operational,terminusk9,-,-,-,-,-,-,-,-,-,5,Info,"3,228","3,820",{5770385f-c22a-43e0-bf4c-06f5698ffbd9},Microsoft-Windows-Sysmon,469,Process terminated (rule: ProcessTerminate),NT AUTHORITY,S-1-5-18,SYSTEM,User,3,,,,
"Apr 6, 2024 @ 10:47:45.554",7649c11b-3a00-4241-b375-20762f70ba8f,7ffeba03-3080-43c7-a167-2b63dd853127,terminusk9,terminusk9,filebeat,8.13.1,windows.sysmon_operational,default,logs,8.0.0,7ffeba03-3080-43c7-a167-2b63dd853127,FALSE,8.13.1,Process creation,verified,process,1,"Apr 6, 2024 @ 10:47:46.751",windows.sysmon_operational,"Apr 6, 2024 @ 10:47:59.000",event,windows,Microsoft-Windows-Sysmon,start,x86_64,terminusk9,2cb7582e-6ac9-4585-97cc-ae60502e4f16,"fe80::1754:ed5c:491b:5546, 10.0.2.15",08-00-27-BF-A9-3A,terminusk9,19045.2965,windows,10.0.19041.2965 (WinBuild.160101.0800),Windows 10 Home,Windows 10 Home,windows,windows,10,winlog,information,"Process Create:
RuleName: -
UtcTime: 2024-04-06 17:47:45.554
ProcessGuid: {2cb7582e-8ac1-6611-c200-000000000a00}
ProcessId: 7312
Image: C:\Windows\System32\MusNotification.exe
FileVersion: 10.0.19041.3635 (WinBuild.160101.0800)
Description: MusNotificationBroker
Product: Microsoft® Windows® Operating System
Company: Microsoft Corporation
OriginalFileName: MusNotification.exe
CommandLine: ""C:\Windows\system32\MusNotification.exe"" LogonUpdateResults
CurrentDirectory: C:\Windows\system32\
User: NT AUTHORITY\SYSTEM
LogonGuid: {2cb7582e-89ff-6611-e703-000000000000}
LogonId: 0x3E7
TerminalSessionId: 0
IntegrityLevel: System
Hashes: SHA256=65CA6C0D16328357177BD0AD7F2C82F4F579F9D0DE34CAF8DCC118AA1A4E1D66
ParentProcessGuid: {2cb7582e-8a01-6611-2100-000000000a00}
ParentProcessId: 1568
ParentImage: C:\Windows\System32\svchost.exe
ParentCommandLine: C:\Windows\system32\svchost.exe -k netsvcs -p -s Schedule
ParentUser: NT AUTHORITY\SYSTEM","C:\Windows\system32\MusNotification.exe, LogonUpdateResults",2,"""C:\Windows\system32\MusNotification.exe"" LogonUpdateResults","""C:\Windows\system32\MusNotification.exe"" LogonUpdateResults",{2cb7582e-8ac1-6611-c200-000000000a00},C:\Windows\System32\MusNotification.exe,C:\Windows\System32\MusNotification.exe,65ca6c0d16328357177bd0ad7f2c82f4f579f9d0de34caf8dcc118aa1a4e1d66,MusNotification.exe,MusNotification.exe,"C:\Windows\system32\svchost.exe, -k, netsvcs, -p, -s, Schedule",6,C:\Windows\system32\svchost.exe -k netsvcs -p -s Schedule,C:\Windows\system32\svchost.exe -k netsvcs -p -s Schedule,{2cb7582e-8a01-6611-2100-000000000a00},C:\Windows\System32\svchost.exe,C:\Windows\System32\svchost.exe,svchost.exe,svchost.exe,"1,568",Microsoft Corporation,MusNotificationBroker,10.0.19041.3635 (WinBuild.160101.0800),MusNotification.exe,Microsoft® Windows® Operating System,"7,312",C:\Windows\system32\,C:\Windows\system32\,65ca6c0d16328357177bd0ad7f2c82f4f579f9d0de34caf8dcc118aa1a4e1d66,SYSTEM,NT AUTHORITY,S-1-5-18,SYSTEM,SYSTEM,wineventlog,Microsoft-Windows-Sysmon/Operational,terminusk9,Microsoft Corporation,MusNotificationBroker,10.0.19041.3635 (WinBuild.160101.0800),System,{2cb7582e-89ff-6611-e703-000000000000},0x3e7,NT AUTHORITY\SYSTEM,Microsoft® Windows® Operating System,0,1,Info,"3,228","3,820",{5770385f-c22a-43e0-bf4c-06f5698ffbd9},Microsoft-Windows-Sysmon,468,Process Create (rule: ProcessCreate),NT AUTHORITY,S-1-5-18,SYSTEM,User,5,,,,
"Apr 6, 2024 @ 10:47:45.552",7649c11b-3a00-4241-b375-20762f70ba8f,7ffeba03-3080-43c7-a167-2b63dd853127,terminusk9,terminusk9,filebeat,8.13.1,windows.sysmon_operational,default,logs,8.0.0,7ffeba03-3080-43c7-a167-2b63dd853127,FALSE,8.13.1,Process creation,verified,process,1,"Apr 6, 2024 @ 10:47:46.751",windows.sysmon_operational,"Apr 6, 2024 @ 10:47:59.000",event,windows,Microsoft-Windows-Sysmon,start,x86_64,terminusk9,2cb7582e-6ac9-4585-97cc-ae60502e4f16,"fe80::1754:ed5c:491b:5546, 10.0.2.15",08-00-27-BF-A9-3A,terminusk9,19045.2965,windows,10.0.19041.2965 (WinBuild.160101.0800),Windows 10 Home,Windows 10 Home,windows,windows,10,winlog,information,"Process Create:
RuleName: -
UtcTime: 2024-04-06 17:47:45.552
ProcessGuid: {2cb7582e-8ac1-6611-c100-000000000a00}
ProcessId: 2492
Image: C:\Windows\System32\taskhostw.exe
FileVersion: 10.0.19041.1865 (WinBuild.160101.0800)
Description: Host Process for Windows Tasks
Product: Microsoft® Windows® Operating System
Company: Microsoft Corporation
OriginalFileName: taskhostw.exe
CommandLine: taskhostw.exe
CurrentDirectory: C:\Windows\system32\
User: NT AUTHORITY\SYSTEM
LogonGuid: {2cb7582e-89ff-6611-e703-000000000000}
LogonId: 0x3E7
TerminalSessionId: 0
IntegrityLevel: System
Hashes: SHA256=E63709209D09BC0247E785F075DDB28A98C348206109E2B8BA321AD958402728
ParentProcessGuid: {2cb7582e-8a01-6611-2100-000000000a00}
ParentProcessId: 1568
ParentImage: C:\Windows\System32\svchost.exe
ParentCommandLine: C:\Windows\system32\svchost.exe -k netsvcs -p -s Schedule
ParentUser: NT AUTHORITY\SYSTEM",taskhostw.exe,1,taskhostw.exe,taskhostw.exe,{2cb7582e-8ac1-6611-c100-000000000a00},C:\Windows\System32\taskhostw.exe,C:\Windows\System32\taskhostw.exe,e63709209d09bc0247e785f075ddb28a98c348206109e2b8ba321ad958402728,taskhostw.exe,taskhostw.exe,"C:\Windows\system32\svchost.exe, -k, netsvcs, -p, -s, Schedule",6,C:\Windows\system32\svchost.exe -k netsvcs -p -s Schedule,C:\Windows\system32\svchost.exe -k netsvcs -p -s Schedule,{2cb7582e-8a01-6611-2100-000000000a00},C:\Windows\System32\svchost.exe,C:\Windows\System32\svchost.exe,svchost.exe,svchost.exe,"1,568",Microsoft Corporation,Host Process for Windows Tasks,10.0.19041.1865 (WinBuild.160101.0800),taskhostw.exe,Microsoft® Windows® Operating System,"2,492",C:\Windows\system32\,C:\Windows\system32\,e63709209d09bc0247e785f075ddb28a98c348206109e2b8ba321ad958402728,SYSTEM,NT AUTHORITY,S-1-5-18,SYSTEM,SYSTEM,wineventlog,Microsoft-Windows-Sysmon/Operational,terminusk9,Microsoft Corporation,Host Process for Windows Tasks,10.0.19041.1865 (WinBuild.160101.0800),System,{2cb7582e-89ff-6611-e703-000000000000},0x3e7,NT AUTHORITY\SYSTEM,Microsoft® Windows® Operating System,0,1,Info,"3,228","3,820",{5770385f-c22a-43e0-bf4c-06f5698ffbd9},Microsoft-Windows-Sysmon,467,Process Create (rule: ProcessCreate),NT AUTHORITY,S-1-5-18,SYSTEM,User,5,,,,
"Apr 6, 2024 @ 10:47:45.429",7649c11b-3a00-4241-b375-20762f70ba8f,7ffeba03-3080-43c7-a167-2b63dd853127,terminusk9,terminusk9,filebeat,8.13.1,windows.sysmon_operational,default,logs,8.0.0,7ffeba03-3080-43c7-a167-2b63dd853127,FALSE,8.13.1,Process creation,verified,process,1,"Apr 6, 2024 @ 10:47:46.751",windows.sysmon_operational,"Apr 6, 2024 @ 10:47:59.000",event,windows,Microsoft-Windows-Sysmon,start,x86_64,terminusk9,2cb7582e-6ac9-4585-97cc-ae60502e4f16,"fe80::1754:ed5c:491b:5546, 10.0.2.15",08-00-27-BF-A9-3A,terminusk9,19045.2965,windows,10.0.19041.2965 (WinBuild.160101.0800),Windows 10 Home,Windows 10 Home,windows,windows,10,winlog,information,"Process Create:
RuleName: -
UtcTime: 2024-04-06 17:47:45.429
ProcessGuid: {2cb7582e-8ac1-6611-c000-000000000a00}
ProcessId: 832
Image: C:\Windows\System32\taskhostw.exe
FileVersion: 10.0.19041.1865 (WinBuild.160101.0800)
Description: Host Process for Windows Tasks
Product: Microsoft® Windows® Operating System
Company: Microsoft Corporation
OriginalFileName: taskhostw.exe
CommandLine: taskhostw.exe SyncFromCloud
CurrentDirectory: C:\Windows\system32\
User: TERMINUSK9\terminusk9
LogonGuid: {2cb7582e-8a87-6611-2bd8-0b0000000000}
LogonId: 0xBD82B
TerminalSessionId: 1
IntegrityLevel: Medium
Hashes: SHA256=E63709209D09BC0247E785F075DDB28A98C348206109E2B8BA321AD958402728
ParentProcessGuid: {2cb7582e-8a01-6611-2100-000000000a00}
ParentProcessId: 1568
ParentImage: C:\Windows\System32\svchost.exe
ParentCommandLine: C:\Windows\system32\svchost.exe -k netsvcs -p -s Schedule
ParentUser: NT AUTHORITY\SYSTEM","taskhostw.exe, SyncFromCloud",2,taskhostw.exe SyncFromCloud,taskhostw.exe SyncFromCloud,{2cb7582e-8ac1-6611-c000-000000000a00},C:\Windows\System32\taskhostw.exe,C:\Windows\System32\taskhostw.exe,e63709209d09bc0247e785f075ddb28a98c348206109e2b8ba321ad958402728,taskhostw.exe,taskhostw.exe,"C:\Windows\system32\svchost.exe, -k, netsvcs, -p, -s, Schedule",6,C:\Windows\system32\svchost.exe -k netsvcs -p -s Schedule,C:\Windows\system32\svchost.exe -k netsvcs -p -s Schedule,{2cb7582e-8a01-6611-2100-000000000a00},C:\Windows\System32\svchost.exe,C:\Windows\System32\svchost.exe,svchost.exe,svchost.exe,"1,568",Microsoft Corporation,Host Process for Windows Tasks,10.0.19041.1865 (WinBuild.160101.0800),taskhostw.exe,Microsoft® Windows® Operating System,832,C:\Windows\system32\,C:\Windows\system32\,e63709209d09bc0247e785f075ddb28a98c348206109e2b8ba321ad958402728,terminusk9,TERMINUSK9,S-1-5-18,terminusk9,terminusk9,wineventlog,Microsoft-Windows-Sysmon/Operational,terminusk9,Microsoft Corporation,Host Process for Windows Tasks,10.0.19041.1865 (WinBuild.160101.0800),Medium,{2cb7582e-8a87-6611-2bd8-0b0000000000},0xbd82b,NT AUTHORITY\SYSTEM,Microsoft® Windows® Operating System,1,1,Info,"3,228","3,820",{5770385f-c22a-43e0-bf4c-06f5698ffbd9},Microsoft-Windows-Sysmon,465,Process Create (rule: ProcessCreate),NT AUTHORITY,S-1-5-18,SYSTEM,User,5,,,,
"Apr 6, 2024 @ 10:47:45.428",7649c11b-3a00-4241-b375-20762f70ba8f,7ffeba03-3080-43c7-a167-2b63dd853127,terminusk9,terminusk9,filebeat,8.13.1,windows.sysmon_operational,default,logs,8.0.0,7ffeba03-3080-43c7-a167-2b63dd853127,FALSE,8.13.1,Process creation,verified,process,1,"Apr 6, 2024 @ 10:47:46.751",windows.sysmon_operational,"Apr 6, 2024 @ 10:47:59.000",event,windows,Microsoft-Windows-Sysmon,start,x86_64,terminusk9,2cb7582e-6ac9-4585-97cc-ae60502e4f16,"fe80::1754:ed5c:491b:5546, 10.0.2.15",08-00-27-BF-A9-3A,terminusk9,19045.2965,windows,10.0.19041.2965 (WinBuild.160101.0800),Windows 10 Home,Windows 10 Home,windows,windows,10,winlog,information,"Process Create:
RuleName: -
UtcTime: 2024-04-06 17:47:45.428
ProcessGuid: {2cb7582e-8ac1-6611-bf00-000000000a00}
ProcessId: 1880
Image: C:\Windows\System32\wermgr.exe
FileVersion: 10.0.19041.2913 (WinBuild.160101.0800)
Description: Windows Problem Reporting
Product: Microsoft® Windows® Operating System
Company: Microsoft Corporation
OriginalFileName: WerMgr
CommandLine: ""C:\Windows\system32\wermgr.exe"" -upload
CurrentDirectory: C:\Windows\system32\
User: NT AUTHORITY\SYSTEM
LogonGuid: {2cb7582e-89ff-6611-e703-000000000000}
LogonId: 0x3E7
TerminalSessionId: 0
IntegrityLevel: System
Hashes: SHA256=9254301B0689AF4450A40039BE981E4CFEAEAE3DEFE0F570FC1AB439BE6C9006
ParentProcessGuid: {2cb7582e-8a01-6611-2100-000000000a00}
ParentProcessId: 1568
ParentImage: C:\Windows\System32\svchost.exe
ParentCommandLine: C:\Windows\system32\svchost.exe -k netsvcs -p -s Schedule
ParentUser: NT AUTHORITY\SYSTEM","C:\Windows\system32\wermgr.exe, -upload",2,"""C:\Windows\system32\wermgr.exe"" -upload","""C:\Windows\system32\wermgr.exe"" -upload",{2cb7582e-8ac1-6611-bf00-000000000a00},C:\Windows\System32\wermgr.exe,C:\Windows\System32\wermgr.exe,9254301b0689af4450a40039be981e4cfeaeae3defe0f570fc1ab439be6c9006,wermgr.exe,wermgr.exe,"C:\Windows\system32\svchost.exe, -k, netsvcs, -p, -s, Schedule",6,C:\Windows\system32\svchost.exe -k netsvcs -p -s Schedule,C:\Windows\system32\svchost.exe -k netsvcs -p -s Schedule,{2cb7582e-8a01-6611-2100-000000000a00},C:\Windows\System32\svchost.exe,C:\Windows\System32\svchost.exe,svchost.exe,svchost.exe,"1,568",Microsoft Corporation,Windows Problem Reporting,10.0.19041.2913 (WinBuild.160101.0800),WerMgr,Microsoft® Windows® Operating System,"1,880",C:\Windows\system32\,C:\Windows\system32\,9254301b0689af4450a40039be981e4cfeaeae3defe0f570fc1ab439be6c9006,SYSTEM,NT AUTHORITY,S-1-5-18,SYSTEM,SYSTEM,wineventlog,Microsoft-Windows-Sysmon/Operational,terminusk9,Microsoft Corporation,Windows Problem Reporting,10.0.19041.2913 (WinBuild.160101.0800),System,{2cb7582e-89ff-6611-e703-000000000000},0x3e7,NT AUTHORITY\SYSTEM,Microsoft® Windows® Operating System,0,1,Info,"3,228","3,820",{5770385f-c22a-43e0-bf4c-06f5698ffbd9},Microsoft-Windows-Sysmon,466,Process Create (rule: ProcessCreate),NT AUTHORITY,S-1-5-18,SYSTEM,User,5,,,,
"Apr 6, 2024 @ 10:47:45.284",7649c11b-3a00-4241-b375-20762f70ba8f,7ffeba03-3080-43c7-a167-2b63dd853127,terminusk9,terminusk9,filebeat,8.13.1,windows.sysmon_operational,default,logs,8.0.0,7ffeba03-3080-43c7-a167-2b63dd853127,FALSE,8.13.1,Process creation,verified,process,1,"Apr 6, 2024 @ 10:47:46.751",windows.sysmon_operational,"Apr 6, 2024 @ 10:47:59.000",event,windows,Microsoft-Windows-Sysmon,start,x86_64,terminusk9,2cb7582e-6ac9-4585-97cc-ae60502e4f16,"fe80::1754:ed5c:491b:5546, 10.0.2.15",08-00-27-BF-A9-3A,terminusk9,19045.2965,windows,10.0.19041.2965 (WinBuild.160101.0800),Windows 10 Home,Windows 10 Home,windows,windows,10,winlog,information,"Process Create:
RuleName: -
UtcTime: 2024-04-06 17:47:45.284
ProcessGuid: {2cb7582e-8ac1-6611-be00-000000000a00}
ProcessId: 1840
Image: C:\Users\eraui\AppData\Local\Microsoft\OneDrive\OneDrive.exe
FileVersion: 21.220.1024.0005
Description: Microsoft OneDrive
Product: Microsoft OneDrive
Company: Microsoft Corporation
OriginalFileName: OneDrive.exe
CommandLine: ""C:\Users\eraui\AppData\Local\Microsoft\OneDrive\OneDrive.exe"" /background
CurrentDirectory: C:\Windows\system32\
User: TERMINUSK9\terminusk9
LogonGuid: {2cb7582e-8a87-6611-2bd8-0b0000000000}
LogonId: 0xBD82B
TerminalSessionId: 1
IntegrityLevel: Medium
Hashes: SHA256=5D8273BF98397E4C5053F8F154E5F838C7E8A798B125FCAD33CAB16E2515B665
ParentProcessGuid: {2cb7582e-8a8a-6611-8f00-000000000a00}
ParentProcessId: 928
ParentImage: C:\Windows\explorer.exe
ParentCommandLine: C:\Windows\Explorer.EXE
ParentUser: TERMINUSK9\terminusk9","C:\Users\eraui\AppData\Local\Microsoft\OneDrive\OneDrive.exe, /background",2,"""C:\Users\eraui\AppData\Local\Microsoft\OneDrive\OneDrive.exe"" /background","""C:\Users\eraui\AppData\Local\Microsoft\OneDrive\OneDrive.exe"" /background",{2cb7582e-8ac1-6611-be00-000000000a00},C:\Users\eraui\AppData\Local\Microsoft\OneDrive\OneDrive.exe,C:\Users\eraui\AppData\Local\Microsoft\OneDrive\OneDrive.exe,5d8273bf98397e4c5053f8f154e5f838c7e8a798b125fcad33cab16e2515b665,OneDrive.exe,OneDrive.exe,C:\Windows\Explorer.EXE,1,C:\Windows\Explorer.EXE,C:\Windows\Explorer.EXE,{2cb7582e-8a8a-6611-8f00-000000000a00},C:\Windows\explorer.exe,C:\Windows\explorer.exe,explorer.exe,explorer.exe,928,Microsoft Corporation,Microsoft OneDrive,21.220.1024.0005,OneDrive.exe,Microsoft OneDrive,"1,840",C:\Windows\system32\,C:\Windows\system32\,5d8273bf98397e4c5053f8f154e5f838c7e8a798b125fcad33cab16e2515b665,terminusk9,TERMINUSK9,S-1-5-18,terminusk9,terminusk9,wineventlog,Microsoft-Windows-Sysmon/Operational,terminusk9,Microsoft Corporation,Microsoft OneDrive,21.220.1024.0005,Medium,{2cb7582e-8a87-6611-2bd8-0b0000000000},0xbd82b,TERMINUSK9\terminusk9,Microsoft OneDrive,1,1,Info,"3,228","3,820",{5770385f-c22a-43e0-bf4c-06f5698ffbd9},Microsoft-Windows-Sysmon,464,Process Create (rule: ProcessCreate),NT AUTHORITY,S-1-5-18,SYSTEM,User,5,,,,
"Apr 6, 2024 @ 10:47:41.037",7649c11b-3a00-4241-b375-20762f70ba8f,7ffeba03-3080-43c7-a167-2b63dd853127,terminusk9,terminusk9,filebeat,8.13.1,windows.sysmon_operational,default,logs,8.0.0,7ffeba03-3080-43c7-a167-2b63dd853127,FALSE,8.13.1,Process creation,verified,process,1,"Apr 6, 2024 @ 10:47:42.255",windows.sysmon_operational,"Apr 6, 2024 @ 10:47:49.000",event,windows,Microsoft-Windows-Sysmon,start,x86_64,terminusk9,2cb7582e-6ac9-4585-97cc-ae60502e4f16,"fe80::1754:ed5c:491b:5546, 10.0.2.15",08-00-27-BF-A9-3A,terminusk9,19045.2965,windows,10.0.19041.2965 (WinBuild.160101.0800),Windows 10 Home,Windows 10 Home,windows,windows,10,winlog,information,"Process Create:
RuleName: -
UtcTime: 2024-04-06 17:47:41.037
ProcessGuid: {2cb7582e-8abd-6611-bd00-000000000a00}
ProcessId: 2216
Image: C:\Program Files (x86)\Microsoft\Edge\Application\msedge.exe
FileVersion: 123.0.2420.81
Description: Microsoft Edge
Product: Microsoft Edge
Company: Microsoft Corporation
OriginalFileName: msedge.exe
CommandLine: ""C:\Program Files (x86)\Microsoft\Edge\Application\msedge.exe"" --no-startup-window --win-session-start
CurrentDirectory: C:\Windows\system32\
User: TERMINUSK9\terminusk9
LogonGuid: {2cb7582e-8a87-6611-2bd8-0b0000000000}
LogonId: 0xBD82B
TerminalSessionId: 1
IntegrityLevel: Medium
Hashes: SHA256=BB27DF3E3EF67746C4D2082E018A4F73067A80C0F126B0DAEE10F7CB7B2E16A8
ParentProcessGuid: {2cb7582e-8a8a-6611-8f00-000000000a00}
ParentProcessId: 928
ParentImage: C:\Windows\explorer.exe
ParentCommandLine: C:\Windows\Explorer.EXE
ParentUser: TERMINUSK9\terminusk9","C:\Program Files (x86)\Microsoft\Edge\Application\msedge.exe, --no-startup-window, --win-session-start",3,"""C:\Program Files (x86)\Microsoft\Edge\Application\msedge.exe"" --no-startup-window --win-session-start","""C:\Program Files (x86)\Microsoft\Edge\Application\msedge.exe"" --no-startup-window --win-session-start",{2cb7582e-8abd-6611-bd00-000000000a00},C:\Program Files (x86)\Microsoft\Edge\Application\msedge.exe,C:\Program Files (x86)\Microsoft\Edge\Application\msedge.exe,bb27df3e3ef67746c4d2082e018a4f73067a80c0f126b0daee10f7cb7b2e16a8,msedge.exe,msedge.exe,C:\Windows\Explorer.EXE,1,C:\Windows\Explorer.EXE,C:\Windows\Explorer.EXE,{2cb7582e-8a8a-6611-8f00-000000000a00},C:\Windows\explorer.exe,C:\Windows\explorer.exe,explorer.exe,explorer.exe,928,Microsoft Corporation,Microsoft Edge,123.0.2420.81,msedge.exe,Microsoft Edge,"2,216",C:\Windows\system32\,C:\Windows\system32\,bb27df3e3ef67746c4d2082e018a4f73067a80c0f126b0daee10f7cb7b2e16a8,terminusk9,TERMINUSK9,S-1-5-18,terminusk9,terminusk9,wineventlog,Microsoft-Windows-Sysmon/Operational,terminusk9,Microsoft Corporation,Microsoft Edge,123.0.2420.81,Medium,{2cb7582e-8a87-6611-2bd8-0b0000000000},0xbd82b,TERMINUSK9\terminusk9,Microsoft Edge,1,1,Info,"3,228","3,820",{5770385f-c22a-43e0-bf4c-06f5698ffbd9},Microsoft-Windows-Sysmon,463,Process Create (rule: ProcessCreate),NT AUTHORITY,S-1-5-18,SYSTEM,User,5,,,,
"Apr 6, 2024 @ 10:47:40.839",7649c11b-3a00-4241-b375-20762f70ba8f,7ffeba03-3080-43c7-a167-2b63dd853127,terminusk9,terminusk9,filebeat,8.13.1,windows.sysmon_operational,default,logs,8.0.0,7ffeba03-3080-43c7-a167-2b63dd853127,FALSE,8.13.1,Process terminated,verified,process,5,"Apr 6, 2024 @ 10:47:42.255",windows.sysmon_operational,"Apr 6, 2024 @ 10:47:49.000",event,windows,Microsoft-Windows-Sysmon,end,x86_64,terminusk9,2cb7582e-6ac9-4585-97cc-ae60502e4f16,"fe80::1754:ed5c:491b:5546, 10.0.2.15",08-00-27-BF-A9-3A,terminusk9,19045.2965,windows,10.0.19041.2965 (WinBuild.160101.0800),Windows 10 Home,Windows 10 Home,windows,windows,10,winlog,information,"Process terminated:
RuleName: -
UtcTime: 2024-04-06 17:47:40.839
ProcessGuid: {2cb7582e-8ab6-6611-b600-000000000a00}
ProcessId: 8140
Image: C:\Windows\System32\svchost.exe
User: NT AUTHORITY\SYSTEM",-,-,-,-,{2cb7582e-8ab6-6611-b600-000000000a00},C:\Windows\System32\svchost.exe,C:\Windows\System32\svchost.exe,-,svchost.exe,svchost.exe,-,-,-,-,-,-,-,-,-,-,-,-,-,-,-,"8,140",-,-,-,SYSTEM,NT AUTHORITY,S-1-5-18,SYSTEM,SYSTEM,wineventlog,Microsoft-Windows-Sysmon/Operational,terminusk9,-,-,-,-,-,-,-,-,-,5,Info,"3,228","3,820",{5770385f-c22a-43e0-bf4c-06f5698ffbd9},Microsoft-Windows-Sysmon,462,Process terminated (rule: ProcessTerminate),NT AUTHORITY,S-1-5-18,SYSTEM,User,3,,,,
"Apr 6, 2024 @ 10:47:40.426",7649c11b-3a00-4241-b375-20762f70ba8f,7ffeba03-3080-43c7-a167-2b63dd853127,terminusk9,terminusk9,filebeat,8.13.1,windows.sysmon_operational,default,logs,8.0.0,7ffeba03-3080-43c7-a167-2b63dd853127,FALSE,8.13.1,Process creation,verified,process,1,"Apr 6, 2024 @ 10:47:42.255",windows.sysmon_operational,"Apr 6, 2024 @ 10:47:49.000",event,windows,Microsoft-Windows-Sysmon,start,x86_64,terminusk9,2cb7582e-6ac9-4585-97cc-ae60502e4f16,"fe80::1754:ed5c:491b:5546, 10.0.2.15",08-00-27-BF-A9-3A,terminusk9,19045.2965,windows,10.0.19041.2965 (WinBuild.160101.0800),Windows 10 Home,Windows 10 Home,windows,windows,10,winlog,information,"Process Create:
RuleName: -
UtcTime: 2024-04-06 17:47:40.426
ProcessGuid: {2cb7582e-8abc-6611-bc00-000000000a00}
ProcessId: 6872
Image: C:\Windows\System32\SecurityHealthService.exe
FileVersion: 4.18.1907.16384 (WinBuild.160101.0800)
Description: Windows Security Health Service
Product: Microsoft® Windows® Operating System
Company: Microsoft Corporation
OriginalFileName: SecurityHealthService.exe
CommandLine: C:\Windows\system32\SecurityHealthService.exe
CurrentDirectory: C:\Windows\system32\
User: NT AUTHORITY\SYSTEM
LogonGuid: {2cb7582e-89ff-6611-e703-000000000000}
LogonId: 0x3E7
TerminalSessionId: 0
IntegrityLevel: System
Hashes: SHA256=9B962CBDFAF32D0499614107B24888D1D5B838CE9B518042FC35AF200D8C5A1F
ParentProcessGuid: {2cb7582e-89ff-6611-0b00-000000000a00}
ParentProcessId: 736
ParentImage: C:\Windows\System32\services.exe
ParentCommandLine: C:\Windows\system32\services.exe
ParentUser: NT AUTHORITY\SYSTEM",C:\Windows\system32\SecurityHealthService.exe,1,C:\Windows\system32\SecurityHealthService.exe,C:\Windows\system32\SecurityHealthService.exe,{2cb7582e-8abc-6611-bc00-000000000a00},C:\Windows\System32\SecurityHealthService.exe,C:\Windows\System32\SecurityHealthService.exe,9b962cbdfaf32d0499614107b24888d1d5b838ce9b518042fc35af200d8c5a1f,SecurityHealthService.exe,SecurityHealthService.exe,C:\Windows\system32\services.exe,1,C:\Windows\system32\services.exe,C:\Windows\system32\services.exe,{2cb7582e-89ff-6611-0b00-000000000a00},C:\Windows\System32\services.exe,C:\Windows\System32\services.exe,services.exe,services.exe,736,Microsoft Corporation,Windows Security Health Service,4.18.1907.16384 (WinBuild.160101.0800),SecurityHealthService.exe,Microsoft® Windows® Operating System,"6,872",C:\Windows\system32\,C:\Windows\system32\,9b962cbdfaf32d0499614107b24888d1d5b838ce9b518042fc35af200d8c5a1f,SYSTEM,NT AUTHORITY,S-1-5-18,SYSTEM,SYSTEM,wineventlog,Microsoft-Windows-Sysmon/Operational,terminusk9,Microsoft Corporation,Windows Security Health Service,4.18.1907.16384 (WinBuild.160101.0800),System,{2cb7582e-89ff-6611-e703-000000000000},0x3e7,NT AUTHORITY\SYSTEM,Microsoft® Windows® Operating System,0,1,Info,"3,228","3,820",{5770385f-c22a-43e0-bf4c-06f5698ffbd9},Microsoft-Windows-Sysmon,461,Process Create (rule: ProcessCreate),NT AUTHORITY,S-1-5-18,SYSTEM,User,5,,,,
"Apr 6, 2024 @ 10:47:40.296",7649c11b-3a00-4241-b375-20762f70ba8f,7ffeba03-3080-43c7-a167-2b63dd853127,terminusk9,terminusk9,filebeat,8.13.1,windows.sysmon_operational,default,logs,8.0.0,7ffeba03-3080-43c7-a167-2b63dd853127,FALSE,8.13.1,Process creation,verified,process,1,"Apr 6, 2024 @ 10:47:42.254",windows.sysmon_operational,"Apr 6, 2024 @ 10:47:49.000",event,windows,Microsoft-Windows-Sysmon,start,x86_64,terminusk9,2cb7582e-6ac9-4585-97cc-ae60502e4f16,"fe80::1754:ed5c:491b:5546, 10.0.2.15",08-00-27-BF-A9-3A,terminusk9,19045.2965,windows,10.0.19041.2965 (WinBuild.160101.0800),Windows 10 Home,Windows 10 Home,windows,windows,10,winlog,information,"Process Create:
RuleName: -
UtcTime: 2024-04-06 17:47:40.296
ProcessGuid: {2cb7582e-8abc-6611-bb00-000000000a00}
ProcessId: 6972
Image: C:\Windows\System32\VBoxTray.exe
FileVersion: 7.0.10.158379
Description: VirtualBox Guest Additions Tray Application
Product: Oracle VM VirtualBox Guest Additions
Company: Oracle and/or its affiliates
OriginalFileName: -
CommandLine: ""C:\Windows\System32\VBoxTray.exe"" 
CurrentDirectory: C:\Windows\system32\
User: TERMINUSK9\terminusk9
LogonGuid: {2cb7582e-8a87-6611-2bd8-0b0000000000}
LogonId: 0xBD82B
TerminalSessionId: 1
IntegrityLevel: Medium
Hashes: SHA256=4F4236686EDE5F1B5662529356664B8B5DFD1B4C03F63475AAEF1335863F192B
ParentProcessGuid: {2cb7582e-8a8a-6611-8f00-000000000a00}
ParentProcessId: 928
ParentImage: C:\Windows\explorer.exe
ParentCommandLine: C:\Windows\Explorer.EXE
ParentUser: TERMINUSK9\terminusk9",C:\Windows\System32\VBoxTray.exe,1,"""C:\Windows\System32\VBoxTray.exe"" ","""C:\Windows\System32\VBoxTray.exe"" ",{2cb7582e-8abc-6611-bb00-000000000a00},C:\Windows\System32\VBoxTray.exe,C:\Windows\System32\VBoxTray.exe,4f4236686ede5f1b5662529356664b8b5dfd1b4c03f63475aaef1335863f192b,VBoxTray.exe,VBoxTray.exe,C:\Windows\Explorer.EXE,1,C:\Windows\Explorer.EXE,C:\Windows\Explorer.EXE,{2cb7582e-8a8a-6611-8f00-000000000a00},C:\Windows\explorer.exe,C:\Windows\explorer.exe,explorer.exe,explorer.exe,928,Oracle and/or its affiliates,VirtualBox Guest Additions Tray Application,7.0.10.158379,-,Oracle VM VirtualBox Guest Additions,"6,972",C:\Windows\system32\,C:\Windows\system32\,4f4236686ede5f1b5662529356664b8b5dfd1b4c03f63475aaef1335863f192b,terminusk9,TERMINUSK9,S-1-5-18,terminusk9,terminusk9,wineventlog,Microsoft-Windows-Sysmon/Operational,terminusk9,Oracle and/or its affiliates,VirtualBox Guest Additions Tray Application,7.0.10.158379,Medium,{2cb7582e-8a87-6611-2bd8-0b0000000000},0xbd82b,TERMINUSK9\terminusk9,Oracle VM VirtualBox Guest Additions,1,1,Info,"3,228","3,820",{5770385f-c22a-43e0-bf4c-06f5698ffbd9},Microsoft-Windows-Sysmon,460,Process Create (rule: ProcessCreate),NT AUTHORITY,S-1-5-18,SYSTEM,User,5,,,,
"Apr 6, 2024 @ 10:47:39.706",7649c11b-3a00-4241-b375-20762f70ba8f,7ffeba03-3080-43c7-a167-2b63dd853127,terminusk9,terminusk9,filebeat,8.13.1,windows.sysmon_operational,default,logs,8.0.0,7ffeba03-3080-43c7-a167-2b63dd853127,FALSE,8.13.1,Process creation,verified,process,1,"Apr 6, 2024 @ 10:47:40.217",windows.sysmon_operational,"Apr 6, 2024 @ 10:47:49.000",event,windows,Microsoft-Windows-Sysmon,start,x86_64,terminusk9,2cb7582e-6ac9-4585-97cc-ae60502e4f16,"fe80::1754:ed5c:491b:5546, 10.0.2.15",08-00-27-BF-A9-3A,terminusk9,19045.2965,windows,10.0.19041.2965 (WinBuild.160101.0800),Windows 10 Home,Windows 10 Home,windows,windows,10,winlog,information,"Process Create:
RuleName: -
UtcTime: 2024-04-06 17:47:39.706
ProcessGuid: {2cb7582e-8abb-6611-ba00-000000000a00}
ProcessId: 4336
Image: C:\Windows\System32\SecurityHealthSystray.exe
FileVersion: 10.0.19041.1 (WinBuild.160101.0800)
Description: Windows Security notification icon
Product: Microsoft® Windows® Operating System
Company: Microsoft Corporation
OriginalFileName: SecurityHealthSystray.exe
CommandLine: ""C:\Windows\System32\SecurityHealthSystray.exe"" 
CurrentDirectory: C:\Windows\system32\
User: TERMINUSK9\terminusk9
LogonGuid: {2cb7582e-8a87-6611-2bd8-0b0000000000}
LogonId: 0xBD82B
TerminalSessionId: 1
IntegrityLevel: Medium
Hashes: SHA256=570B37A7A3FFDAFCCECCC33CBC1968FEB857B73CA3CB4DFFEDC2E67E9ABD0878
ParentProcessGuid: {2cb7582e-8a8a-6611-8f00-000000000a00}
ParentProcessId: 928
ParentImage: C:\Windows\explorer.exe
ParentCommandLine: C:\Windows\Explorer.EXE
ParentUser: TERMINUSK9\terminusk9",C:\Windows\System32\SecurityHealthSystray.exe,1,"""C:\Windows\System32\SecurityHealthSystray.exe"" ","""C:\Windows\System32\SecurityHealthSystray.exe"" ",{2cb7582e-8abb-6611-ba00-000000000a00},C:\Windows\System32\SecurityHealthSystray.exe,C:\Windows\System32\SecurityHealthSystray.exe,570b37a7a3ffdafcceccc33cbc1968feb857b73ca3cb4dffedc2e67e9abd0878,SecurityHealthSystray.exe,SecurityHealthSystray.exe,C:\Windows\Explorer.EXE,1,C:\Windows\Explorer.EXE,C:\Windows\Explorer.EXE,{2cb7582e-8a8a-6611-8f00-000000000a00},C:\Windows\explorer.exe,C:\Windows\explorer.exe,explorer.exe,explorer.exe,928,Microsoft Corporation,Windows Security notification icon,10.0.19041.1 (WinBuild.160101.0800),SecurityHealthSystray.exe,Microsoft® Windows® Operating System,"4,336",C:\Windows\system32\,C:\Windows\system32\,570b37a7a3ffdafcceccc33cbc1968feb857b73ca3cb4dffedc2e67e9abd0878,terminusk9,TERMINUSK9,S-1-5-18,terminusk9,terminusk9,wineventlog,Microsoft-Windows-Sysmon/Operational,terminusk9,Microsoft Corporation,Windows Security notification icon,10.0.19041.1 (WinBuild.160101.0800),Medium,{2cb7582e-8a87-6611-2bd8-0b0000000000},0xbd82b,TERMINUSK9\terminusk9,Microsoft® Windows® Operating System,1,1,Info,"3,228","3,820",{5770385f-c22a-43e0-bf4c-06f5698ffbd9},Microsoft-Windows-Sysmon,459,Process Create (rule: ProcessCreate),NT AUTHORITY,S-1-5-18,SYSTEM,User,5,,,,
"Apr 6, 2024 @ 10:47:38.462",7649c11b-3a00-4241-b375-20762f70ba8f,7ffeba03-3080-43c7-a167-2b63dd853127,terminusk9,terminusk9,filebeat,8.13.1,windows.sysmon_operational,default,logs,8.0.0,7ffeba03-3080-43c7-a167-2b63dd853127,FALSE,8.13.1,Process creation,verified,process,1,"Apr 6, 2024 @ 10:47:40.216",windows.sysmon_operational,"Apr 6, 2024 @ 10:47:49.000",event,windows,Microsoft-Windows-Sysmon,start,x86_64,terminusk9,2cb7582e-6ac9-4585-97cc-ae60502e4f16,"fe80::1754:ed5c:491b:5546, 10.0.2.15",08-00-27-BF-A9-3A,terminusk9,19045.2965,windows,10.0.19041.2965 (WinBuild.160101.0800),Windows 10 Home,Windows 10 Home,windows,windows,10,winlog,information,"Process Create:
RuleName: -
UtcTime: 2024-04-06 17:47:38.462
ProcessGuid: {2cb7582e-8aba-6611-b900-000000000a00}
ProcessId: 6696
Image: C:\Windows\System32\smartscreen.exe
FileVersion: 10.0.19041.2913 (WinBuild.160101.0800)
Description: Windows Defender SmartScreen
Product: Microsoft® Windows® Operating System
Company: Microsoft Corporation
OriginalFileName: smartscreen.exe
CommandLine: C:\Windows\System32\smartscreen.exe -Embedding
CurrentDirectory: C:\Windows\system32\
User: TERMINUSK9\terminusk9
LogonGuid: {2cb7582e-8a87-6611-2bd8-0b0000000000}
LogonId: 0xBD82B
TerminalSessionId: 1
IntegrityLevel: Medium
Hashes: SHA256=5402CEFB8E7351079FC73A247056AF66678560568486DE484374213B643B4FBE
ParentProcessGuid: {2cb7582e-8a00-6611-0d00-000000000a00}
ParentProcessId: 880
ParentImage: C:\Windows\System32\svchost.exe
ParentCommandLine: C:\Windows\system32\svchost.exe -k DcomLaunch -p
ParentUser: NT AUTHORITY\SYSTEM","C:\Windows\System32\smartscreen.exe, -Embedding",2,C:\Windows\System32\smartscreen.exe -Embedding,C:\Windows\System32\smartscreen.exe -Embedding,{2cb7582e-8aba-6611-b900-000000000a00},C:\Windows\System32\smartscreen.exe,C:\Windows\System32\smartscreen.exe,5402cefb8e7351079fc73a247056af66678560568486de484374213b643b4fbe,smartscreen.exe,smartscreen.exe,"C:\Windows\system32\svchost.exe, -k, DcomLaunch, -p",4,C:\Windows\system32\svchost.exe -k DcomLaunch -p,C:\Windows\system32\svchost.exe -k DcomLaunch -p,{2cb7582e-8a00-6611-0d00-000000000a00},C:\Windows\System32\svchost.exe,C:\Windows\System32\svchost.exe,svchost.exe,svchost.exe,880,Microsoft Corporation,Windows Defender SmartScreen,10.0.19041.2913 (WinBuild.160101.0800),smartscreen.exe,Microsoft® Windows® Operating System,"6,696",C:\Windows\system32\,C:\Windows\system32\,5402cefb8e7351079fc73a247056af66678560568486de484374213b643b4fbe,terminusk9,TERMINUSK9,S-1-5-18,terminusk9,terminusk9,wineventlog,Microsoft-Windows-Sysmon/Operational,terminusk9,Microsoft Corporation,Windows Defender SmartScreen,10.0.19041.2913 (WinBuild.160101.0800),Medium,{2cb7582e-8a87-6611-2bd8-0b0000000000},0xbd82b,NT AUTHORITY\SYSTEM,Microsoft® Windows® Operating System,1,1,Info,"3,228","3,820",{5770385f-c22a-43e0-bf4c-06f5698ffbd9},Microsoft-Windows-Sysmon,458,Process Create (rule: ProcessCreate),NT AUTHORITY,S-1-5-18,SYSTEM,User,5,,,,
"Apr 6, 2024 @ 10:47:37.635",7649c11b-3a00-4241-b375-20762f70ba8f,7ffeba03-3080-43c7-a167-2b63dd853127,terminusk9,terminusk9,filebeat,8.13.1,windows.sysmon_operational,default,logs,8.0.0,7ffeba03-3080-43c7-a167-2b63dd853127,FALSE,8.13.1,Process creation,verified,process,1,"Apr 6, 2024 @ 10:47:39.156",windows.sysmon_operational,"Apr 6, 2024 @ 10:47:49.000",event,windows,Microsoft-Windows-Sysmon,start,x86_64,terminusk9,2cb7582e-6ac9-4585-97cc-ae60502e4f16,"fe80::1754:ed5c:491b:5546, 10.0.2.15",08-00-27-BF-A9-3A,terminusk9,19045.2965,windows,10.0.19041.2965 (WinBuild.160101.0800),Windows 10 Home,Windows 10 Home,windows,windows,10,winlog,information,"Process Create:
RuleName: -
UtcTime: 2024-04-06 17:47:37.635
ProcessGuid: {2cb7582e-8ab9-6611-b800-000000000a00}
ProcessId: 7216
Image: C:\Windows\System32\RuntimeBroker.exe
FileVersion: 10.0.19041.746 (WinBuild.160101.0800)
Description: Runtime Broker
Product: Microsoft® Windows® Operating System
Company: Microsoft Corporation
OriginalFileName: RuntimeBroker.exe
CommandLine: C:\Windows\System32\RuntimeBroker.exe -Embedding
CurrentDirectory: C:\Windows\system32\
User: TERMINUSK9\terminusk9
LogonGuid: {2cb7582e-8a87-6611-2bd8-0b0000000000}
LogonId: 0xBD82B
TerminalSessionId: 1
IntegrityLevel: Medium
Hashes: SHA256=E86870769EE6C797E09457BD99C58D9BF2303CF0193A24EF9B1222C2C3DAF628
ParentProcessGuid: {2cb7582e-8a00-6611-0d00-000000000a00}
ParentProcessId: 880
ParentImage: C:\Windows\System32\svchost.exe
ParentCommandLine: C:\Windows\system32\svchost.exe -k DcomLaunch -p
ParentUser: NT AUTHORITY\SYSTEM","C:\Windows\System32\RuntimeBroker.exe, -Embedding",2,C:\Windows\System32\RuntimeBroker.exe -Embedding,C:\Windows\System32\RuntimeBroker.exe -Embedding,{2cb7582e-8ab9-6611-b800-000000000a00},C:\Windows\System32\RuntimeBroker.exe,C:\Windows\System32\RuntimeBroker.exe,e86870769ee6c797e09457bd99c58d9bf2303cf0193a24ef9b1222c2c3daf628,RuntimeBroker.exe,RuntimeBroker.exe,"C:\Windows\system32\svchost.exe, -k, DcomLaunch, -p",4,C:\Windows\system32\svchost.exe -k DcomLaunch -p,C:\Windows\system32\svchost.exe -k DcomLaunch -p,{2cb7582e-8a00-6611-0d00-000000000a00},C:\Windows\System32\svchost.exe,C:\Windows\System32\svchost.exe,svchost.exe,svchost.exe,880,Microsoft Corporation,Runtime Broker,10.0.19041.746 (WinBuild.160101.0800),RuntimeBroker.exe,Microsoft® Windows® Operating System,"7,216",C:\Windows\system32\,C:\Windows\system32\,e86870769ee6c797e09457bd99c58d9bf2303cf0193a24ef9b1222c2c3daf628,terminusk9,TERMINUSK9,S-1-5-18,terminusk9,terminusk9,wineventlog,Microsoft-Windows-Sysmon/Operational,terminusk9,Microsoft Corporation,Runtime Broker,10.0.19041.746 (WinBuild.160101.0800),Medium,{2cb7582e-8a87-6611-2bd8-0b0000000000},0xbd82b,NT AUTHORITY\SYSTEM,Microsoft® Windows® Operating System,1,1,Info,"3,228","3,820",{5770385f-c22a-43e0-bf4c-06f5698ffbd9},Microsoft-Windows-Sysmon,457,Process Create (rule: ProcessCreate),NT AUTHORITY,S-1-5-18,SYSTEM,User,5,,,,
"Apr 6, 2024 @ 10:47:36.444",7649c11b-3a00-4241-b375-20762f70ba8f,7ffeba03-3080-43c7-a167-2b63dd853127,terminusk9,terminusk9,filebeat,8.13.1,windows.sysmon_operational,default,logs,8.0.0,7ffeba03-3080-43c7-a167-2b63dd853127,FALSE,8.13.1,Process terminated,verified,process,5,"Apr 6, 2024 @ 10:47:37.088",windows.sysmon_operational,"Apr 6, 2024 @ 10:47:49.000",event,windows,Microsoft-Windows-Sysmon,end,x86_64,terminusk9,2cb7582e-6ac9-4585-97cc-ae60502e4f16,"fe80::1754:ed5c:491b:5546, 10.0.2.15",08-00-27-BF-A9-3A,terminusk9,19045.2965,windows,10.0.19041.2965 (WinBuild.160101.0800),Windows 10 Home,Windows 10 Home,windows,windows,10,winlog,information,"Process terminated:
RuleName: -
UtcTime: 2024-04-06 17:47:36.444
ProcessGuid: {2cb7582e-8ab7-6611-b700-000000000a00}
ProcessId: 2580
Image: C:\Windows\System32\MusNotifyIcon.exe
User: TERMINUSK9\terminusk9",-,-,-,-,{2cb7582e-8ab7-6611-b700-000000000a00},C:\Windows\System32\MusNotifyIcon.exe,C:\Windows\System32\MusNotifyIcon.exe,-,MusNotifyIcon.exe,MusNotifyIcon.exe,-,-,-,-,-,-,-,-,-,-,-,-,-,-,-,"2,580",-,-,-,terminusk9,TERMINUSK9,S-1-5-18,terminusk9,terminusk9,wineventlog,Microsoft-Windows-Sysmon/Operational,terminusk9,-,-,-,-,-,-,-,-,-,5,Info,"3,228","3,820",{5770385f-c22a-43e0-bf4c-06f5698ffbd9},Microsoft-Windows-Sysmon,456,Process terminated (rule: ProcessTerminate),NT AUTHORITY,S-1-5-18,SYSTEM,User,3,,,,
"Apr 6, 2024 @ 10:47:36.333",7649c11b-3a00-4241-b375-20762f70ba8f,7ffeba03-3080-43c7-a167-2b63dd853127,terminusk9,terminusk9,filebeat,8.13.1,windows.sysmon_operational,default,logs,8.0.0,7ffeba03-3080-43c7-a167-2b63dd853127,FALSE,8.13.1,Process terminated,verified,process,5,"Apr 6, 2024 @ 10:47:37.088",windows.sysmon_operational,"Apr 6, 2024 @ 10:47:49.000",event,windows,Microsoft-Windows-Sysmon,end,x86_64,terminusk9,2cb7582e-6ac9-4585-97cc-ae60502e4f16,"fe80::1754:ed5c:491b:5546, 10.0.2.15",08-00-27-BF-A9-3A,terminusk9,19045.2965,windows,10.0.19041.2965 (WinBuild.160101.0800),Windows 10 Home,Windows 10 Home,windows,windows,10,winlog,information,"Process terminated:
RuleName: -
UtcTime: 2024-04-06 17:47:36.333
ProcessGuid: {2cb7582e-8aaf-6611-b000-000000000a00}
ProcessId: 7720
Image: C:\Windows\System32\MusNotification.exe
User: NT AUTHORITY\SYSTEM",-,-,-,-,{2cb7582e-8aaf-6611-b000-000000000a00},C:\Windows\System32\MusNotification.exe,C:\Windows\System32\MusNotification.exe,-,MusNotification.exe,MusNotification.exe,-,-,-,-,-,-,-,-,-,-,-,-,-,-,-,"7,720",-,-,-,SYSTEM,NT AUTHORITY,S-1-5-18,SYSTEM,SYSTEM,wineventlog,Microsoft-Windows-Sysmon/Operational,terminusk9,-,-,-,-,-,-,-,-,-,5,Info,"3,228","3,820",{5770385f-c22a-43e0-bf4c-06f5698ffbd9},Microsoft-Windows-Sysmon,455,Process terminated (rule: ProcessTerminate),NT AUTHORITY,S-1-5-18,SYSTEM,User,3,,,,
"Apr 6, 2024 @ 10:47:35.675",7649c11b-3a00-4241-b375-20762f70ba8f,7ffeba03-3080-43c7-a167-2b63dd853127,terminusk9,terminusk9,filebeat,8.13.1,windows.sysmon_operational,default,logs,8.0.0,7ffeba03-3080-43c7-a167-2b63dd853127,FALSE,8.13.1,Process terminated,verified,process,5,"Apr 6, 2024 @ 10:47:37.088",windows.sysmon_operational,"Apr 6, 2024 @ 10:47:49.000",event,windows,Microsoft-Windows-Sysmon,end,x86_64,terminusk9,2cb7582e-6ac9-4585-97cc-ae60502e4f16,"fe80::1754:ed5c:491b:5546, 10.0.2.15",08-00-27-BF-A9-3A,terminusk9,19045.2965,windows,10.0.19041.2965 (WinBuild.160101.0800),Windows 10 Home,Windows 10 Home,windows,windows,10,winlog,information,"Process terminated:
RuleName: -
UtcTime: 2024-04-06 17:47:35.675
ProcessGuid: {2cb7582e-8ab4-6611-b500-000000000a00}
ProcessId: 8080
Image: C:\Windows\System32\conhost.exe
User: NT AUTHORITY\SYSTEM",-,-,-,-,{2cb7582e-8ab4-6611-b500-000000000a00},C:\Windows\System32\conhost.exe,C:\Windows\System32\conhost.exe,-,conhost.exe,conhost.exe,-,-,-,-,-,-,-,-,-,-,-,-,-,-,-,"8,080",-,-,-,SYSTEM,NT AUTHORITY,S-1-5-18,SYSTEM,SYSTEM,wineventlog,Microsoft-Windows-Sysmon/Operational,terminusk9,-,-,-,-,-,-,-,-,-,5,Info,"3,228","3,820",{5770385f-c22a-43e0-bf4c-06f5698ffbd9},Microsoft-Windows-Sysmon,454,Process terminated (rule: ProcessTerminate),NT AUTHORITY,S-1-5-18,SYSTEM,User,3,,,,
"Apr 6, 2024 @ 10:47:35.663",7649c11b-3a00-4241-b375-20762f70ba8f,7ffeba03-3080-43c7-a167-2b63dd853127,terminusk9,terminusk9,filebeat,8.13.1,windows.sysmon_operational,default,logs,8.0.0,7ffeba03-3080-43c7-a167-2b63dd853127,FALSE,8.13.1,Process terminated,verified,process,5,"Apr 6, 2024 @ 10:47:37.087",windows.sysmon_operational,"Apr 6, 2024 @ 10:47:49.000",event,windows,Microsoft-Windows-Sysmon,end,x86_64,terminusk9,2cb7582e-6ac9-4585-97cc-ae60502e4f16,"fe80::1754:ed5c:491b:5546, 10.0.2.15",08-00-27-BF-A9-3A,terminusk9,19045.2965,windows,10.0.19041.2965 (WinBuild.160101.0800),Windows 10 Home,Windows 10 Home,windows,windows,10,winlog,information,"Process terminated:
RuleName: -
UtcTime: 2024-04-06 17:47:35.663
ProcessGuid: {2cb7582e-8ab4-6611-b400-000000000a00}
ProcessId: 8072
Image: C:\Windows\System32\sc.exe
User: NT AUTHORITY\SYSTEM",-,-,-,-,{2cb7582e-8ab4-6611-b400-000000000a00},C:\Windows\System32\sc.exe,C:\Windows\System32\sc.exe,-,sc.exe,sc.exe,-,-,-,-,-,-,-,-,-,-,-,-,-,-,-,"8,072",-,-,-,SYSTEM,NT AUTHORITY,S-1-5-18,SYSTEM,SYSTEM,wineventlog,Microsoft-Windows-Sysmon/Operational,terminusk9,-,-,-,-,-,-,-,-,-,5,Info,"3,228","3,820",{5770385f-c22a-43e0-bf4c-06f5698ffbd9},Microsoft-Windows-Sysmon,453,Process terminated (rule: ProcessTerminate),NT AUTHORITY,S-1-5-18,SYSTEM,User,3,,,,
"Apr 6, 2024 @ 10:47:35.638",7649c11b-3a00-4241-b375-20762f70ba8f,7ffeba03-3080-43c7-a167-2b63dd853127,terminusk9,terminusk9,filebeat,8.13.1,windows.sysmon_operational,default,logs,8.0.0,7ffeba03-3080-43c7-a167-2b63dd853127,FALSE,8.13.1,Process creation,verified,process,1,"Apr 6, 2024 @ 10:47:37.087",windows.sysmon_operational,"Apr 6, 2024 @ 10:47:49.000",event,windows,Microsoft-Windows-Sysmon,start,x86_64,terminusk9,2cb7582e-6ac9-4585-97cc-ae60502e4f16,"fe80::1754:ed5c:491b:5546, 10.0.2.15",08-00-27-BF-A9-3A,terminusk9,19045.2965,windows,10.0.19041.2965 (WinBuild.160101.0800),Windows 10 Home,Windows 10 Home,windows,windows,10,winlog,information,"Process Create:
RuleName: -
UtcTime: 2024-04-06 17:47:35.638
ProcessGuid: {2cb7582e-8ab7-6611-b700-000000000a00}
ProcessId: 2580
Image: C:\Windows\System32\MusNotifyIcon.exe
FileVersion: 10.0.19041.3635 (WinBuild.160101.0800)
Description: MusNotifyIcon.exe
Product: Microsoft® Windows® Operating System
Company: Microsoft Corporation
OriginalFileName: MusNotifyIcon.exe
CommandLine: %%systemroot%%\system32\MusNotifyIcon.exe NotifyTrayIcon 13
CurrentDirectory: C:\Windows\system32\
User: TERMINUSK9\terminusk9
LogonGuid: {2cb7582e-8a87-6611-2bd8-0b0000000000}
LogonId: 0xBD82B
TerminalSessionId: 1
IntegrityLevel: Medium
Hashes: SHA256=DE00ACA948A34A5C562361BE2BF4265ED5AA8CB7E5AF466722C7E49CD705080A
ParentProcessGuid: {2cb7582e-8aaf-6611-b000-000000000a00}
ParentProcessId: 7720
ParentImage: C:\Windows\System32\MusNotification.exe
ParentCommandLine: ""C:\Windows\system32\MusNotification.exe""
ParentUser: NT AUTHORITY\SYSTEM","%%systemroot%%\system32\MusNotifyIcon.exe, NotifyTrayIcon, 13",3,%%systemroot%%\system32\MusNotifyIcon.exe NotifyTrayIcon 13,%%systemroot%%\system32\MusNotifyIcon.exe NotifyTrayIcon 13,{2cb7582e-8ab7-6611-b700-000000000a00},C:\Windows\System32\MusNotifyIcon.exe,C:\Windows\System32\MusNotifyIcon.exe,de00aca948a34a5c562361be2bf4265ed5aa8cb7e5af466722c7e49cd705080a,MusNotifyIcon.exe,MusNotifyIcon.exe,C:\Windows\system32\MusNotification.exe,1,"""C:\Windows\system32\MusNotification.exe""","""C:\Windows\system32\MusNotification.exe""",{2cb7582e-8aaf-6611-b000-000000000a00},C:\Windows\System32\MusNotification.exe,C:\Windows\System32\MusNotification.exe,MusNotification.exe,MusNotification.exe,"7,720",Microsoft Corporation,MusNotifyIcon.exe,10.0.19041.3635 (WinBuild.160101.0800),MusNotifyIcon.exe,Microsoft® Windows® Operating System,"2,580",C:\Windows\system32\,C:\Windows\system32\,de00aca948a34a5c562361be2bf4265ed5aa8cb7e5af466722c7e49cd705080a,terminusk9,TERMINUSK9,S-1-5-18,terminusk9,terminusk9,wineventlog,Microsoft-Windows-Sysmon/Operational,terminusk9,Microsoft Corporation,MusNotifyIcon.exe,10.0.19041.3635 (WinBuild.160101.0800),Medium,{2cb7582e-8a87-6611-2bd8-0b0000000000},0xbd82b,NT AUTHORITY\SYSTEM,Microsoft® Windows® Operating System,1,1,Info,"3,228","3,820",{5770385f-c22a-43e0-bf4c-06f5698ffbd9},Microsoft-Windows-Sysmon,452,Process Create (rule: ProcessCreate),NT AUTHORITY,S-1-5-18,SYSTEM,User,5,,,,
"Apr 6, 2024 @ 10:47:34.950",7649c11b-3a00-4241-b375-20762f70ba8f,7ffeba03-3080-43c7-a167-2b63dd853127,terminusk9,terminusk9,filebeat,8.13.1,windows.sysmon_operational,default,logs,8.0.0,7ffeba03-3080-43c7-a167-2b63dd853127,FALSE,8.13.1,Process creation,verified,process,1,"Apr 6, 2024 @ 10:47:36.048",windows.sysmon_operational,"Apr 6, 2024 @ 10:47:49.000",event,windows,Microsoft-Windows-Sysmon,start,x86_64,terminusk9,2cb7582e-6ac9-4585-97cc-ae60502e4f16,"fe80::1754:ed5c:491b:5546, 10.0.2.15",08-00-27-BF-A9-3A,terminusk9,19045.2965,windows,10.0.19041.2965 (WinBuild.160101.0800),Windows 10 Home,Windows 10 Home,windows,windows,10,winlog,information,"Process Create:
RuleName: -
UtcTime: 2024-04-06 17:47:34.950
ProcessGuid: {2cb7582e-8ab6-6611-b600-000000000a00}
ProcessId: 8140
Image: C:\Windows\System32\svchost.exe
FileVersion: 10.0.19041.1806 (WinBuild.160101.0800)
Description: Host Process for Windows Services
Product: Microsoft® Windows® Operating System
Company: Microsoft Corporation
OriginalFileName: svchost.exe
CommandLine: C:\Windows\System32\svchost.exe -k netsvcs -p -s PushToInstall
CurrentDirectory: C:\Windows\system32\
User: NT AUTHORITY\SYSTEM
LogonGuid: {2cb7582e-89ff-6611-e703-000000000000}
LogonId: 0x3E7
TerminalSessionId: 0
IntegrityLevel: System
Hashes: SHA256=ADD683A6910ABBBF0E28B557FAD0BA998166394932AE2ACA069D9AA19EA8FE88
ParentProcessGuid: {2cb7582e-89ff-6611-0b00-000000000a00}
ParentProcessId: 736
ParentImage: C:\Windows\System32\services.exe
ParentCommandLine: C:\Windows\system32\services.exe
ParentUser: NT AUTHORITY\SYSTEM","C:\Windows\System32\svchost.exe, -k, netsvcs, -p, -s, PushToInstall",6,C:\Windows\System32\svchost.exe -k netsvcs -p -s PushToInstall,C:\Windows\System32\svchost.exe -k netsvcs -p -s PushToInstall,{2cb7582e-8ab6-6611-b600-000000000a00},C:\Windows\System32\svchost.exe,C:\Windows\System32\svchost.exe,add683a6910abbbf0e28b557fad0ba998166394932ae2aca069d9aa19ea8fe88,svchost.exe,svchost.exe,C:\Windows\system32\services.exe,1,C:\Windows\system32\services.exe,C:\Windows\system32\services.exe,{2cb7582e-89ff-6611-0b00-000000000a00},C:\Windows\System32\services.exe,C:\Windows\System32\services.exe,services.exe,services.exe,736,Microsoft Corporation,Host Process for Windows Services,10.0.19041.1806 (WinBuild.160101.0800),svchost.exe,Microsoft® Windows® Operating System,"8,140",C:\Windows\system32\,C:\Windows\system32\,add683a6910abbbf0e28b557fad0ba998166394932ae2aca069d9aa19ea8fe88,SYSTEM,NT AUTHORITY,S-1-5-18,SYSTEM,SYSTEM,wineventlog,Microsoft-Windows-Sysmon/Operational,terminusk9,Microsoft Corporation,Host Process for Windows Services,10.0.19041.1806 (WinBuild.160101.0800),System,{2cb7582e-89ff-6611-e703-000000000000},0x3e7,NT AUTHORITY\SYSTEM,Microsoft® Windows® Operating System,0,1,Info,"3,228","3,820",{5770385f-c22a-43e0-bf4c-06f5698ffbd9},Microsoft-Windows-Sysmon,451,Process Create (rule: ProcessCreate),NT AUTHORITY,S-1-5-18,SYSTEM,User,5,,,,
"Apr 6, 2024 @ 10:47:34.611",7649c11b-3a00-4241-b375-20762f70ba8f,7ffeba03-3080-43c7-a167-2b63dd853127,terminusk9,terminusk9,filebeat,8.13.1,windows.sysmon_operational,default,logs,8.0.0,7ffeba03-3080-43c7-a167-2b63dd853127,FALSE,8.13.1,Process terminated,verified,process,5,"Apr 6, 2024 @ 10:47:36.048",windows.sysmon_operational,"Apr 6, 2024 @ 10:47:49.000",event,windows,Microsoft-Windows-Sysmon,end,x86_64,terminusk9,2cb7582e-6ac9-4585-97cc-ae60502e4f16,"fe80::1754:ed5c:491b:5546, 10.0.2.15",08-00-27-BF-A9-3A,terminusk9,19045.2965,windows,10.0.19041.2965 (WinBuild.160101.0800),Windows 10 Home,Windows 10 Home,windows,windows,10,winlog,information,"Process terminated:
RuleName: -
UtcTime: 2024-04-06 17:47:34.611
ProcessGuid: {2cb7582e-8ab3-6611-b300-000000000a00}
ProcessId: 8028
Image: C:\Windows\System32\MusNotificationUx.exe
User: TERMINUSK9\terminusk9",-,-,-,-,{2cb7582e-8ab3-6611-b300-000000000a00},C:\Windows\System32\MusNotificationUx.exe,C:\Windows\System32\MusNotificationUx.exe,-,MusNotificationUx.exe,MusNotificationUx.exe,-,-,-,-,-,-,-,-,-,-,-,-,-,-,-,"8,028",-,-,-,terminusk9,TERMINUSK9,S-1-5-18,terminusk9,terminusk9,wineventlog,Microsoft-Windows-Sysmon/Operational,terminusk9,-,-,-,-,-,-,-,-,-,5,Info,"3,228","3,820",{5770385f-c22a-43e0-bf4c-06f5698ffbd9},Microsoft-Windows-Sysmon,450,Process terminated (rule: ProcessTerminate),NT AUTHORITY,S-1-5-18,SYSTEM,User,3,,,,
