"Apr 6, 2024 @ 10:47:54.144",7649c11b-3a00-4241-b375-20762f70ba8f,7ffeba03-3080-43c7-a167-2b63dd853127,terminusk9,terminusk9,filebeat,8.13.1,windows.sysmon_operational,default,logs,8.0.0,7ffeba03-3080-43c7-a167-2b63dd853127,FALSE,8.13.1,Process creation,verified,process,1,"Apr 6, 2024 @ 10:47:56.267",windows.sysmon_operational,"Apr 6, 2024 @ 10:47:59.000",event,windows,Microsoft-Windows-Sysmon,start,x86_64,terminusk9,2cb7582e-6ac9-4585-97cc-ae60502e4f16,"fe80::1754:ed5c:491b:5546, 10.0.2.15",08-00-27-BF-A9-3A,terminusk9,19045.2965,windows,10.0.19041.2965 (WinBuild.160101.0800),Windows 10 Home,Windows 10 Home,windows,windows,10,winlog,information,"Process Create:
RuleName: -
UtcTime: 2024-04-06 17:47:54.144
ProcessGuid: {2cb7582e-8aca-6611-d500-000000000a00}
ProcessId: 7304
Image: C:\Windows\System32\svchost.exe
FileVersion: 10.0.19041.1806 (WinBuild.160101.0800)
Description: Host Process for Windows Services
Product: Microsoft® Windows® Operating System
Company: Microsoft Corporation
OriginalFileName: svchost.exe
CommandLine: C:\Windows\system32\svchost.exe -k netsvcs -p -s lfsvc
CurrentDirectory: C:\Windows\system32\
User: NT AUTHORITY\SYSTEM
LogonGuid: {2cb7582e-89ff-6611-e703-000000000000}
LogonId: 0x3E7
TerminalSessionId: 0
IntegrityLevel: System
Hashes: SHA256=ADD683A6910ABBBF0E28B557FAD0BA998166394932AE2ACA069D9AA19EA8FE88
ParentProcessGuid: {2cb7582e-89ff-6611-0b00-000000000a00}
ParentProcessId: 736
ParentImage: C:\Windows\System32\services.exe
ParentCommandLine: C:\Windows\system32\services.exe
ParentUser: NT AUTHORITY\SYSTEM","C:\Windows\system32\svchost.exe, -k, netsvcs, -p, -s, lfsvc",6,C:\Windows\system32\svchost.exe -k netsvcs -p -s lfsvc,C:\Windows\system32\svchost.exe -k netsvcs -p -s lfsvc,{2cb7582e-8aca-6611-d500-000000000a00},C:\Windows\System32\svchost.exe,C:\Windows\System32\svchost.exe,add683a6910abbbf0e28b557fad0ba998166394932ae2aca069d9aa19ea8fe88,svchost.exe,svchost.exe,C:\Windows\system32\services.exe,1,C:\Windows\system32\services.exe,C:\Windows\system32\services.exe,{2cb7582e-89ff-6611-0b00-000000000a00},C:\Windows\System32\services.exe,C:\Windows\System32\services.exe,services.exe,services.exe,736,Microsoft Corporation,Host Process for Windows Services,10.0.19041.1806 (WinBuild.160101.0800),svchost.exe,Microsoft® Windows® Operating System,"7,304",C:\Windows\system32\,C:\Windows\system32\,add683a6910abbbf0e28b557fad0ba998166394932ae2aca069d9aa19ea8fe88,SYSTEM,NT AUTHORITY,S-1-5-18,SYSTEM,SYSTEM,wineventlog,Microsoft-Windows-Sysmon/Operational,terminusk9,Microsoft Corporation,Host Process for Windows Services,10.0.19041.1806 (WinBuild.160101.0800),System,{2cb7582e-89ff-6611-e703-000000000000},0x3e7,NT AUTHORITY\SYSTEM,Microsoft® Windows® Operating System,0,1,Info,"3,228","3,820",{5770385f-c22a-43e0-bf4c-06f5698ffbd9},Microsoft-Windows-Sysmon,497,Process Create (rule: ProcessCreate),NT AUTHORITY,S-1-5-18,SYSTEM,User,5,,,,
"Apr 6, 2024 @ 10:47:53.613",7649c11b-3a00-4241-b375-20762f70ba8f,7ffeba03-3080-43c7-a167-2b63dd853127,terminusk9,terminusk9,filebeat,8.13.1,windows.sysmon_operational,default,logs,8.0.0,7ffeba03-3080-43c7-a167-2b63dd853127,FALSE,8.13.1,Process creation,verified,process,1,"Apr 6, 2024 @ 10:47:55.001",windows.sysmon_operational,"Apr 6, 2024 @ 10:47:59.000",event,windows,Microsoft-Windows-Sysmon,start,x86_64,terminusk9,2cb7582e-6ac9-4585-97cc-ae60502e4f16,"fe80::1754:ed5c:491b:5546, 10.0.2.15",08-00-27-BF-A9-3A,terminusk9,19045.2965,windows,10.0.19041.2965 (WinBuild.160101.0800),Windows 10 Home,Windows 10 Home,windows,windows,10,winlog,information,"Process Create:
RuleName: -
UtcTime: 2024-04-06 17:47:53.613
ProcessGuid: {2cb7582e-8ac9-6611-d400-000000000a00}
ProcessId: 2248
Image: C:\Program Files (x86)\Microsoft\Edge\Application\123.0.2420.81\identity_helper.exe
FileVersion: 123.0.2420.81
Description: PWA Identity Proxy Host
Product: Microsoft Edge
Company: Microsoft Corporation
OriginalFileName: identity_helper.exe
CommandLine: ""C:\Program Files (x86)\Microsoft\Edge\Application\123.0.2420.81\identity_helper.exe"" --type=utility --utility-sub-type=winrt_app_id.mojom.WinrtAppIdService --lang=en-US --service-sandbox-type=none --no-appcompat-clear --field-trial-handle=5504,i,2979533050125484124,1773724349400376728,262144 --variations-seed-version --mojo-platform-channel-handle=5480 /prefetch:8
CurrentDirectory: C:\Program Files (x86)\Microsoft\Edge\Application\123.0.2420.81\
User: TERMINUSK9\terminusk9
LogonGuid: {2cb7582e-8a87-6611-2bd8-0b0000000000}
LogonId: 0xBD82B
TerminalSessionId: 1
IntegrityLevel: Medium
Hashes: SHA256=D31778908540D88B7603D146E0D009A24654CA4541382F89A064385EEEC0391E
ParentProcessGuid: {2cb7582e-8abd-6611-bd00-000000000a00}
ParentProcessId: 2216
ParentImage: C:\Program Files (x86)\Microsoft\Edge\Application\msedge.exe
ParentCommandLine: ""C:\Program Files (x86)\Microsoft\Edge\Application\msedge.exe"" --no-startup-window --win-session-start
ParentUser: TERMINUSK9\terminusk9","C:\Program Files (x86)\Microsoft\Edge\Application\123.0.2420.81\identity_helper.exe, --type=utility, --utility-sub-type=winrt_app_id.mojom.WinrtAppIdService, --lang=en-US, --service-sandbox-type=none, --no-appcompat-clear, --field-trial-handle=5504,i,2979533050125484124,1773724349400376728,262144, --variations-seed-version, --mojo-platform-channel-handle=5480, /prefetch:8",10,"""C:\Program Files (x86)\Microsoft\Edge\Application\123.0.2420.81\identity_helper.exe"" --type=utility --utility-sub-type=winrt_app_id.mojom.WinrtAppIdService --lang=en-US --service-sandbox-type=none --no-appcompat-clear --field-trial-handle=5504,i,2979533050125484124,1773724349400376728,262144 --variations-seed-version --mojo-platform-channel-handle=5480 /prefetch:8","""C:\Program Files (x86)\Microsoft\Edge\Application\123.0.2420.81\identity_helper.exe"" --type=utility --utility-sub-type=winrt_app_id.mojom.WinrtAppIdService --lang=en-US --service-sandbox-type=none --no-appcompat-clear --field-trial-handle=5504,i,2979533050125484124,1773724349400376728,262144 --variations-seed-version --mojo-platform-channel-handle=5480 /prefetch:8",{2cb7582e-8ac9-6611-d400-000000000a00},C:\Program Files (x86)\Microsoft\Edge\Application\123.0.2420.81\identity_helper.exe,C:\Program Files (x86)\Microsoft\Edge\Application\123.0.2420.81\identity_helper.exe,d31778908540d88b7603d146e0d009a24654ca4541382f89a064385eeec0391e,identity_helper.exe,identity_helper.exe,"C:\Program Files (x86)\Microsoft\Edge\Application\msedge.exe, --no-startup-window, --win-session-start",3,"""C:\Program Files (x86)\Microsoft\Edge\Application\msedge.exe"" --no-startup-window --win-session-start","""C:\Program Files (x86)\Microsoft\Edge\Application\msedge.exe"" --no-startup-window --win-session-start",{2cb7582e-8abd-6611-bd00-000000000a00},C:\Program Files (x86)\Microsoft\Edge\Application\msedge.exe,C:\Program Files (x86)\Microsoft\Edge\Application\msedge.exe,msedge.exe,msedge.exe,"2,216",Microsoft Corporation,PWA Identity Proxy Host,123.0.2420.81,identity_helper.exe,Microsoft Edge,"2,248",C:\Program Files (x86)\Microsoft\Edge\Application\123.0.2420.81\,C:\Program Files (x86)\Microsoft\Edge\Application\123.0.2420.81\,d31778908540d88b7603d146e0d009a24654ca4541382f89a064385eeec0391e,terminusk9,TERMINUSK9,S-1-5-18,terminusk9,terminusk9,wineventlog,Microsoft-Windows-Sysmon/Operational,terminusk9,Microsoft Corporation,PWA Identity Proxy Host,123.0.2420.81,Medium,{2cb7582e-8a87-6611-2bd8-0b0000000000},0xbd82b,TERMINUSK9\terminusk9,Microsoft Edge,1,1,Info,"3,228","3,820",{5770385f-c22a-43e0-bf4c-06f5698ffbd9},Microsoft-Windows-Sysmon,496,Process Create (rule: ProcessCreate),NT AUTHORITY,S-1-5-18,SYSTEM,User,5,,,,
"Apr 6, 2024 @ 10:47:53.578",7649c11b-3a00-4241-b375-20762f70ba8f,7ffeba03-3080-43c7-a167-2b63dd853127,terminusk9,terminusk9,filebeat,8.13.1,windows.sysmon_operational,default,logs,8.0.0,7ffeba03-3080-43c7-a167-2b63dd853127,FALSE,8.13.1,Process terminated,verified,process,5,"Apr 6, 2024 @ 10:47:55.001",windows.sysmon_operational,"Apr 6, 2024 @ 10:47:59.000",event,windows,Microsoft-Windows-Sysmon,end,x86_64,terminusk9,2cb7582e-6ac9-4585-97cc-ae60502e4f16,"fe80::1754:ed5c:491b:5546, 10.0.2.15",08-00-27-BF-A9-3A,terminusk9,19045.2965,windows,10.0.19041.2965 (WinBuild.160101.0800),Windows 10 Home,Windows 10 Home,windows,windows,10,winlog,information,"Process terminated:
RuleName: -
UtcTime: 2024-04-06 17:47:53.578
ProcessGuid: {2cb7582e-8ac9-6611-d200-000000000a00}
ProcessId: 5180
Image: C:\Program Files (x86)\Microsoft\Edge\Application\123.0.2420.81\identity_helper.exe
User: TERMINUSK9\terminusk9",-,-,-,-,{2cb7582e-8ac9-6611-d200-000000000a00},C:\Program Files (x86)\Microsoft\Edge\Application\123.0.2420.81\identity_helper.exe,C:\Program Files (x86)\Microsoft\Edge\Application\123.0.2420.81\identity_helper.exe,-,identity_helper.exe,identity_helper.exe,-,-,-,-,-,-,-,-,-,-,-,-,-,-,-,"5,180",-,-,-,terminusk9,TERMINUSK9,S-1-5-18,terminusk9,terminusk9,wineventlog,Microsoft-Windows-Sysmon/Operational,terminusk9,-,-,-,-,-,-,-,-,-,5,Info,"3,228","3,820",{5770385f-c22a-43e0-bf4c-06f5698ffbd9},Microsoft-Windows-Sysmon,495,Process terminated (rule: ProcessTerminate),NT AUTHORITY,S-1-5-18,SYSTEM,User,3,,,,
"Apr 6, 2024 @ 10:47:53.318",7649c11b-3a00-4241-b375-20762f70ba8f,7ffeba03-3080-43c7-a167-2b63dd853127,terminusk9,terminusk9,filebeat,8.13.1,windows.sysmon_operational,default,logs,8.0.0,7ffeba03-3080-43c7-a167-2b63dd853127,FALSE,8.13.1,Process creation,verified,process,1,"Apr 6, 2024 @ 10:47:55.001",windows.sysmon_operational,"Apr 6, 2024 @ 10:47:59.000",event,windows,Microsoft-Windows-Sysmon,start,x86_64,terminusk9,2cb7582e-6ac9-4585-97cc-ae60502e4f16,"fe80::1754:ed5c:491b:5546, 10.0.2.15",08-00-27-BF-A9-3A,terminusk9,19045.2965,windows,10.0.19041.2965 (WinBuild.160101.0800),Windows 10 Home,Windows 10 Home,windows,windows,10,winlog,information,"Process Create:
RuleName: -
UtcTime: 2024-04-06 17:47:53.318
ProcessGuid: {2cb7582e-8ac9-6611-d300-000000000a00}
ProcessId: 1472
Image: C:\Windows\System32\svchost.exe
FileVersion: 10.0.19041.1806 (WinBuild.160101.0800)
Description: Host Process for Windows Services
Product: Microsoft® Windows® Operating System
Company: Microsoft Corporation
OriginalFileName: svchost.exe
CommandLine: C:\Windows\system32\svchost.exe -k netsvcs -p -s Appinfo
CurrentDirectory: C:\Windows\system32\
User: NT AUTHORITY\SYSTEM
LogonGuid: {2cb7582e-89ff-6611-e703-000000000000}
LogonId: 0x3E7
TerminalSessionId: 0
IntegrityLevel: System
Hashes: SHA256=ADD683A6910ABBBF0E28B557FAD0BA998166394932AE2ACA069D9AA19EA8FE88
ParentProcessGuid: {2cb7582e-89ff-6611-0b00-000000000a00}
ParentProcessId: 736
ParentImage: C:\Windows\System32\services.exe
ParentCommandLine: C:\Windows\system32\services.exe
ParentUser: NT AUTHORITY\SYSTEM","C:\Windows\system32\svchost.exe, -k, netsvcs, -p, -s, Appinfo",6,C:\Windows\system32\svchost.exe -k netsvcs -p -s Appinfo,C:\Windows\system32\svchost.exe -k netsvcs -p -s Appinfo,{2cb7582e-8ac9-6611-d300-000000000a00},C:\Windows\System32\svchost.exe,C:\Windows\System32\svchost.exe,add683a6910abbbf0e28b557fad0ba998166394932ae2aca069d9aa19ea8fe88,svchost.exe,svchost.exe,C:\Windows\system32\services.exe,1,C:\Windows\system32\services.exe,C:\Windows\system32\services.exe,{2cb7582e-89ff-6611-0b00-000000000a00},C:\Windows\System32\services.exe,C:\Windows\System32\services.exe,services.exe,services.exe,736,Microsoft Corporation,Host Process for Windows Services,10.0.19041.1806 (WinBuild.160101.0800),svchost.exe,Microsoft® Windows® Operating System,"1,472",C:\Windows\system32\,C:\Windows\system32\,add683a6910abbbf0e28b557fad0ba998166394932ae2aca069d9aa19ea8fe88,SYSTEM,NT AUTHORITY,S-1-5-18,SYSTEM,SYSTEM,wineventlog,Microsoft-Windows-Sysmon/Operational,terminusk9,Microsoft Corporation,Host Process for Windows Services,10.0.19041.1806 (WinBuild.160101.0800),System,{2cb7582e-89ff-6611-e703-000000000000},0x3e7,NT AUTHORITY\SYSTEM,Microsoft® Windows® Operating System,0,1,Info,"3,228","3,820",{5770385f-c22a-43e0-bf4c-06f5698ffbd9},Microsoft-Windows-Sysmon,494,Process Create (rule: ProcessCreate),NT AUTHORITY,S-1-5-18,SYSTEM,User,5,,,,
"Apr 6, 2024 @ 10:47:53.046",7649c11b-3a00-4241-b375-20762f70ba8f,7ffeba03-3080-43c7-a167-2b63dd853127,terminusk9,terminusk9,filebeat,8.13.1,windows.sysmon_operational,default,logs,8.0.0,7ffeba03-3080-43c7-a167-2b63dd853127,FALSE,8.13.1,Process creation,verified,process,1,"Apr 6, 2024 @ 10:47:55.001",windows.sysmon_operational,"Apr 6, 2024 @ 10:47:59.000",event,windows,Microsoft-Windows-Sysmon,start,x86_64,terminusk9,2cb7582e-6ac9-4585-97cc-ae60502e4f16,"fe80::1754:ed5c:491b:5546, 10.0.2.15",08-00-27-BF-A9-3A,terminusk9,19045.2965,windows,10.0.19041.2965 (WinBuild.160101.0800),Windows 10 Home,Windows 10 Home,windows,windows,10,winlog,information,"Process Create:
RuleName: -
UtcTime: 2024-04-06 17:47:53.046
ProcessGuid: {2cb7582e-8ac9-6611-d200-000000000a00}
ProcessId: 5180
Image: C:\Program Files (x86)\Microsoft\Edge\Application\123.0.2420.81\identity_helper.exe
FileVersion: 123.0.2420.81
Description: PWA Identity Proxy Host
Product: Microsoft Edge
Company: Microsoft Corporation
OriginalFileName: identity_helper.exe
CommandLine: ""C:\Program Files (x86)\Microsoft\Edge\Application\123.0.2420.81\identity_helper.exe"" --type=utility --utility-sub-type=winrt_app_id.mojom.WinrtAppIdService --lang=en-US --service-sandbox-type=none --no-appcompat-clear --field-trial-handle=5504,i,2979533050125484124,1773724349400376728,262144 --variations-seed-version --mojo-platform-channel-handle=5480 /prefetch:8
CurrentDirectory: C:\Program Files (x86)\Microsoft\Edge\Application\123.0.2420.81\
User: TERMINUSK9\terminusk9
LogonGuid: {2cb7582e-8a87-6611-2bd8-0b0000000000}
LogonId: 0xBD82B
TerminalSessionId: 1
IntegrityLevel: Medium
Hashes: SHA256=D31778908540D88B7603D146E0D009A24654CA4541382F89A064385EEEC0391E
ParentProcessGuid: {2cb7582e-8abd-6611-bd00-000000000a00}
ParentProcessId: 2216
ParentImage: C:\Program Files (x86)\Microsoft\Edge\Application\msedge.exe
ParentCommandLine: ""C:\Program Files (x86)\Microsoft\Edge\Application\msedge.exe"" --no-startup-window --win-session-start
ParentUser: TERMINUSK9\terminusk9","C:\Program Files (x86)\Microsoft\Edge\Application\123.0.2420.81\identity_helper.exe, --type=utility, --utility-sub-type=winrt_app_id.mojom.WinrtAppIdService, --lang=en-US, --service-sandbox-type=none, --no-appcompat-clear, --field-trial-handle=5504,i,2979533050125484124,1773724349400376728,262144, --variations-seed-version, --mojo-platform-channel-handle=5480, /prefetch:8",10,"""C:\Program Files (x86)\Microsoft\Edge\Application\123.0.2420.81\identity_helper.exe"" --type=utility --utility-sub-type=winrt_app_id.mojom.WinrtAppIdService --lang=en-US --service-sandbox-type=none --no-appcompat-clear --field-trial-handle=5504,i,2979533050125484124,1773724349400376728,262144 --variations-seed-version --mojo-platform-channel-handle=5480 /prefetch:8","""C:\Program Files (x86)\Microsoft\Edge\Application\123.0.2420.81\identity_helper.exe"" --type=utility --utility-sub-type=winrt_app_id.mojom.WinrtAppIdService --lang=en-US --service-sandbox-type=none --no-appcompat-clear --field-trial-handle=5504,i,2979533050125484124,1773724349400376728,262144 --variations-seed-version --mojo-platform-channel-handle=5480 /prefetch:8",{2cb7582e-8ac9-6611-d200-000000000a00},C:\Program Files (x86)\Microsoft\Edge\Application\123.0.2420.81\identity_helper.exe,C:\Program Files (x86)\Microsoft\Edge\Application\123.0.2420.81\identity_helper.exe,d31778908540d88b7603d146e0d009a24654ca4541382f89a064385eeec0391e,identity_helper.exe,identity_helper.exe,"C:\Program Files (x86)\Microsoft\Edge\Application\msedge.exe, --no-startup-window, --win-session-start",3,"""C:\Program Files (x86)\Microsoft\Edge\Application\msedge.exe"" --no-startup-window --win-session-start","""C:\Program Files (x86)\Microsoft\Edge\Application\msedge.exe"" --no-startup-window --win-session-start",{2cb7582e-8abd-6611-bd00-000000000a00},C:\Program Files (x86)\Microsoft\Edge\Application\msedge.exe,C:\Program Files (x86)\Microsoft\Edge\Application\msedge.exe,msedge.exe,msedge.exe,"2,216",Microsoft Corporation,PWA Identity Proxy Host,123.0.2420.81,identity_helper.exe,Microsoft Edge,"5,180",C:\Program Files (x86)\Microsoft\Edge\Application\123.0.2420.81\,C:\Program Files (x86)\Microsoft\Edge\Application\123.0.2420.81\,d31778908540d88b7603d146e0d009a24654ca4541382f89a064385eeec0391e,terminusk9,TERMINUSK9,S-1-5-18,terminusk9,terminusk9,wineventlog,Microsoft-Windows-Sysmon/Operational,terminusk9,Microsoft Corporation,PWA Identity Proxy Host,123.0.2420.81,Medium,{2cb7582e-8a87-6611-2bd8-0b0000000000},0xbd82b,TERMINUSK9\terminusk9,Microsoft Edge,1,1,Info,"3,228","3,820",{5770385f-c22a-43e0-bf4c-06f5698ffbd9},Microsoft-Windows-Sysmon,493,Process Create (rule: ProcessCreate),NT AUTHORITY,S-1-5-18,SYSTEM,User,5,,,,
"Apr 6, 2024 @ 10:47:51.149",7649c11b-3a00-4241-b375-20762f70ba8f,7ffeba03-3080-43c7-a167-2b63dd853127,terminusk9,terminusk9,filebeat,8.13.1,windows.sysmon_operational,default,logs,8.0.0,7ffeba03-3080-43c7-a167-2b63dd853127,FALSE,8.13.1,Process creation,verified,process,1,"Apr 6, 2024 @ 10:47:55.001",windows.sysmon_operational,"Apr 6, 2024 @ 10:47:59.000",event,windows,Microsoft-Windows-Sysmon,start,x86_64,terminusk9,2cb7582e-6ac9-4585-97cc-ae60502e4f16,"fe80::1754:ed5c:491b:5546, 10.0.2.15",08-00-27-BF-A9-3A,terminusk9,19045.2965,windows,10.0.19041.2965 (WinBuild.160101.0800),Windows 10 Home,Windows 10 Home,windows,windows,10,winlog,information,"Process Create:
RuleName: -
UtcTime: 2024-04-06 17:47:51.149
ProcessGuid: {2cb7582e-8ac7-6611-d100-000000000a00}
ProcessId: 2796
Image: C:\Program Files (x86)\Microsoft\Edge\Application\msedge.exe
FileVersion: 123.0.2420.81
Description: Microsoft Edge
Product: Microsoft Edge
Company: Microsoft Corporation
OriginalFileName: msedge.exe
CommandLine: ""C:\Program Files (x86)\Microsoft\Edge\Application\msedge.exe"" --type=renderer --no-appcompat-clear --lang=en-US --js-flags=--ms-user-locale= --device-scale-factor=1 --num-raster-threads=3 --enable-main-frame-before-activation --renderer-client-id=14 --time-ticks-at-unix-epoch=-1712425438914079 --launch-time-ticks=231998804 --field-trial-handle=3960,i,2979533050125484124,1773724349400376728,262144 --variations-seed-version --mojo-platform-channel-handle=5428 /prefetch:1
CurrentDirectory: C:\Program Files (x86)\Microsoft\Edge\Application\123.0.2420.81\
User: TERMINUSK9\terminusk9
LogonGuid: {2cb7582e-8a87-6611-2bd8-0b0000000000}
LogonId: 0xBD82B
TerminalSessionId: 1
IntegrityLevel: AppContainer
Hashes: SHA256=BB27DF3E3EF67746C4D2082E018A4F73067A80C0F126B0DAEE10F7CB7B2E16A8
ParentProcessGuid: {2cb7582e-8abd-6611-bd00-000000000a00}
ParentProcessId: 2216
ParentImage: C:\Program Files (x86)\Microsoft\Edge\Application\msedge.exe
ParentCommandLine: ""C:\Program Files (x86)\Microsoft\Edge\Application\msedge.exe"" --no-startup-window --win-session-start
ParentUser: TERMINUSK9\terminusk9","C:\Program Files (x86)\Microsoft\Edge\Application\msedge.exe, --type=renderer, --no-appcompat-clear, --lang=en-US, --js-flags=--ms-user-locale=, --device-scale-factor=1, --num-raster-threads=3, --enable-main-frame-before-activation, --renderer-client-id=14, --time-ticks-at-unix-epoch=-1712425438914079, --launch-time-ticks=231998804, --field-trial-handle=3960,i,2979533050125484124,1773724349400376728,262144, --variations-seed-version, --mojo-platform-channel-handle=5428, /prefetch:1",15,"""C:\Program Files (x86)\Microsoft\Edge\Application\msedge.exe"" --type=renderer --no-appcompat-clear --lang=en-US --js-flags=--ms-user-locale= --device-scale-factor=1 --num-raster-threads=3 --enable-main-frame-before-activation --renderer-client-id=14 --time-ticks-at-unix-epoch=-1712425438914079 --launch-time-ticks=231998804 --field-trial-handle=3960,i,2979533050125484124,1773724349400376728,262144 --variations-seed-version --mojo-platform-channel-handle=5428 /prefetch:1","""C:\Program Files (x86)\Microsoft\Edge\Application\msedge.exe"" --type=renderer --no-appcompat-clear --lang=en-US --js-flags=--ms-user-locale= --device-scale-factor=1 --num-raster-threads=3 --enable-main-frame-before-activation --renderer-client-id=14 --time-ticks-at-unix-epoch=-1712425438914079 --launch-time-ticks=231998804 --field-trial-handle=3960,i,2979533050125484124,1773724349400376728,262144 --variations-seed-version --mojo-platform-channel-handle=5428 /prefetch:1",{2cb7582e-8ac7-6611-d100-000000000a00},C:\Program Files (x86)\Microsoft\Edge\Application\msedge.exe,C:\Program Files (x86)\Microsoft\Edge\Application\msedge.exe,bb27df3e3ef67746c4d2082e018a4f73067a80c0f126b0daee10f7cb7b2e16a8,msedge.exe,msedge.exe,"C:\Program Files (x86)\Microsoft\Edge\Application\msedge.exe, --no-startup-window, --win-session-start",3,"""C:\Program Files (x86)\Microsoft\Edge\Application\msedge.exe"" --no-startup-window --win-session-start","""C:\Program Files (x86)\Microsoft\Edge\Application\msedge.exe"" --no-startup-window --win-session-start",{2cb7582e-8abd-6611-bd00-000000000a00},C:\Program Files (x86)\Microsoft\Edge\Application\msedge.exe,C:\Program Files (x86)\Microsoft\Edge\Application\msedge.exe,msedge.exe,msedge.exe,"2,216",Microsoft Corporation,Microsoft Edge,123.0.2420.81,msedge.exe,Microsoft Edge,"2,796",C:\Program Files (x86)\Microsoft\Edge\Application\123.0.2420.81\,C:\Program Files (x86)\Microsoft\Edge\Application\123.0.2420.81\,bb27df3e3ef67746c4d2082e018a4f73067a80c0f126b0daee10f7cb7b2e16a8,terminusk9,TERMINUSK9,S-1-5-18,terminusk9,terminusk9,wineventlog,Microsoft-Windows-Sysmon/Operational,terminusk9,Microsoft Corporation,Microsoft Edge,123.0.2420.81,AppContainer,{2cb7582e-8a87-6611-2bd8-0b0000000000},0xbd82b,TERMINUSK9\terminusk9,Microsoft Edge,1,1,Info,"3,228","3,820",{5770385f-c22a-43e0-bf4c-06f5698ffbd9},Microsoft-Windows-Sysmon,492,Process Create (rule: ProcessCreate),NT AUTHORITY,S-1-5-18,SYSTEM,User,5,,,,
"Apr 6, 2024 @ 10:47:50.722",7649c11b-3a00-4241-b375-20762f70ba8f,7ffeba03-3080-43c7-a167-2b63dd853127,terminusk9,terminusk9,filebeat,8.13.1,windows.sysmon_operational,default,logs,8.0.0,7ffeba03-3080-43c7-a167-2b63dd853127,FALSE,8.13.1,Process creation,verified,process,1,"Apr 6, 2024 @ 10:47:52.596",windows.sysmon_operational,"Apr 6, 2024 @ 10:47:59.000",event,windows,Microsoft-Windows-Sysmon,start,x86_64,terminusk9,2cb7582e-6ac9-4585-97cc-ae60502e4f16,"fe80::1754:ed5c:491b:5546, 10.0.2.15",08-00-27-BF-A9-3A,terminusk9,19045.2965,windows,10.0.19041.2965 (WinBuild.160101.0800),Windows 10 Home,Windows 10 Home,windows,windows,10,winlog,information,"Process Create:
RuleName: -
UtcTime: 2024-04-06 17:47:50.722
ProcessGuid: {2cb7582e-8ac6-6611-d000-000000000a00}
ProcessId: 7300
Image: C:\Program Files (x86)\Microsoft\Edge\Application\msedge.exe
FileVersion: 123.0.2420.81
Description: Microsoft Edge
Product: Microsoft Edge
Company: Microsoft Corporation
OriginalFileName: msedge.exe
CommandLine: ""C:\Program Files (x86)\Microsoft\Edge\Application\msedge.exe"" --type=utility --utility-sub-type=asset_store.mojom.AssetStoreService --lang=en-US --service-sandbox-type=asset_store_service --no-appcompat-clear --field-trial-handle=4972,i,2979533050125484124,1773724349400376728,262144 --variations-seed-version --mojo-platform-channel-handle=4804 /prefetch:8
CurrentDirectory: C:\Program Files (x86)\Microsoft\Edge\Application\123.0.2420.81\
User: TERMINUSK9\terminusk9
LogonGuid: {2cb7582e-8a87-6611-2bd8-0b0000000000}
LogonId: 0xBD82B
TerminalSessionId: 1
IntegrityLevel: Low
Hashes: SHA256=BB27DF3E3EF67746C4D2082E018A4F73067A80C0F126B0DAEE10F7CB7B2E16A8
ParentProcessGuid: {2cb7582e-8abd-6611-bd00-000000000a00}
ParentProcessId: 2216
ParentImage: C:\Program Files (x86)\Microsoft\Edge\Application\msedge.exe
ParentCommandLine: ""C:\Program Files (x86)\Microsoft\Edge\Application\msedge.exe"" --no-startup-window --win-session-start
ParentUser: TERMINUSK9\terminusk9","C:\Program Files (x86)\Microsoft\Edge\Application\msedge.exe, --type=utility, --utility-sub-type=asset_store.mojom.AssetStoreService, --lang=en-US, --service-sandbox-type=asset_store_service, --no-appcompat-clear, --field-trial-handle=4972,i,2979533050125484124,1773724349400376728,262144, --variations-seed-version, --mojo-platform-channel-handle=4804, /prefetch:8",10,"""C:\Program Files (x86)\Microsoft\Edge\Application\msedge.exe"" --type=utility --utility-sub-type=asset_store.mojom.AssetStoreService --lang=en-US --service-sandbox-type=asset_store_service --no-appcompat-clear --field-trial-handle=4972,i,2979533050125484124,1773724349400376728,262144 --variations-seed-version --mojo-platform-channel-handle=4804 /prefetch:8","""C:\Program Files (x86)\Microsoft\Edge\Application\msedge.exe"" --type=utility --utility-sub-type=asset_store.mojom.AssetStoreService --lang=en-US --service-sandbox-type=asset_store_service --no-appcompat-clear --field-trial-handle=4972,i,2979533050125484124,1773724349400376728,262144 --variations-seed-version --mojo-platform-channel-handle=4804 /prefetch:8",{2cb7582e-8ac6-6611-d000-000000000a00},C:\Program Files (x86)\Microsoft\Edge\Application\msedge.exe,C:\Program Files (x86)\Microsoft\Edge\Application\msedge.exe,bb27df3e3ef67746c4d2082e018a4f73067a80c0f126b0daee10f7cb7b2e16a8,msedge.exe,msedge.exe,"C:\Program Files (x86)\Microsoft\Edge\Application\msedge.exe, --no-startup-window, --win-session-start",3,"""C:\Program Files (x86)\Microsoft\Edge\Application\msedge.exe"" --no-startup-window --win-session-start","""C:\Program Files (x86)\Microsoft\Edge\Application\msedge.exe"" --no-startup-window --win-session-start",{2cb7582e-8abd-6611-bd00-000000000a00},C:\Program Files (x86)\Microsoft\Edge\Application\msedge.exe,C:\Program Files (x86)\Microsoft\Edge\Application\msedge.exe,msedge.exe,msedge.exe,"2,216",Microsoft Corporation,Microsoft Edge,123.0.2420.81,msedge.exe,Microsoft Edge,"7,300",C:\Program Files (x86)\Microsoft\Edge\Application\123.0.2420.81\,C:\Program Files (x86)\Microsoft\Edge\Application\123.0.2420.81\,bb27df3e3ef67746c4d2082e018a4f73067a80c0f126b0daee10f7cb7b2e16a8,terminusk9,TERMINUSK9,S-1-5-18,terminusk9,terminusk9,wineventlog,Microsoft-Windows-Sysmon/Operational,terminusk9,Microsoft Corporation,Microsoft Edge,123.0.2420.81,Low,{2cb7582e-8a87-6611-2bd8-0b0000000000},0xbd82b,TERMINUSK9\terminusk9,Microsoft Edge,1,1,Info,"3,228","3,820",{5770385f-c22a-43e0-bf4c-06f5698ffbd9},Microsoft-Windows-Sysmon,491,Process Create (rule: ProcessCreate),NT AUTHORITY,S-1-5-18,SYSTEM,User,5,,,,
"Apr 6, 2024 @ 10:47:50.704",7649c11b-3a00-4241-b375-20762f70ba8f,7ffeba03-3080-43c7-a167-2b63dd853127,terminusk9,terminusk9,filebeat,8.13.1,windows.sysmon_operational,default,logs,8.0.0,7ffeba03-3080-43c7-a167-2b63dd853127,FALSE,8.13.1,Process terminated,verified,process,5,"Apr 6, 2024 @ 10:47:52.596",windows.sysmon_operational,"Apr 6, 2024 @ 10:47:59.000",event,windows,Microsoft-Windows-Sysmon,end,x86_64,terminusk9,2cb7582e-6ac9-4585-97cc-ae60502e4f16,"fe80::1754:ed5c:491b:5546, 10.0.2.15",08-00-27-BF-A9-3A,terminusk9,19045.2965,windows,10.0.19041.2965 (WinBuild.160101.0800),Windows 10 Home,Windows 10 Home,windows,windows,10,winlog,information,"Process terminated:
RuleName: -
UtcTime: 2024-04-06 17:47:50.704
ProcessGuid: {2cb7582e-8ac2-6611-c400-000000000a00}
ProcessId: 6220
Image: C:\Windows\System32\MusNotificationUx.exe
User: TERMINUSK9\terminusk9",-,-,-,-,{2cb7582e-8ac2-6611-c400-000000000a00},C:\Windows\System32\MusNotificationUx.exe,C:\Windows\System32\MusNotificationUx.exe,-,MusNotificationUx.exe,MusNotificationUx.exe,-,-,-,-,-,-,-,-,-,-,-,-,-,-,-,"6,220",-,-,-,terminusk9,TERMINUSK9,S-1-5-18,terminusk9,terminusk9,wineventlog,Microsoft-Windows-Sysmon/Operational,terminusk9,-,-,-,-,-,-,-,-,-,5,Info,"3,228","3,820",{5770385f-c22a-43e0-bf4c-06f5698ffbd9},Microsoft-Windows-Sysmon,490,Process terminated (rule: ProcessTerminate),NT AUTHORITY,S-1-5-18,SYSTEM,User,3,,,,
"Apr 6, 2024 @ 10:47:50.557",7649c11b-3a00-4241-b375-20762f70ba8f,7ffeba03-3080-43c7-a167-2b63dd853127,terminusk9,terminusk9,filebeat,8.13.1,windows.sysmon_operational,default,logs,8.0.0,7ffeba03-3080-43c7-a167-2b63dd853127,FALSE,8.13.1,Process creation,verified,process,1,"Apr 6, 2024 @ 10:47:52.596",windows.sysmon_operational,"Apr 6, 2024 @ 10:47:59.000",event,windows,Microsoft-Windows-Sysmon,start,x86_64,terminusk9,2cb7582e-6ac9-4585-97cc-ae60502e4f16,"fe80::1754:ed5c:491b:5546, 10.0.2.15",08-00-27-BF-A9-3A,terminusk9,19045.2965,windows,10.0.19041.2965 (WinBuild.160101.0800),Windows 10 Home,Windows 10 Home,windows,windows,10,winlog,information,"Process Create:
RuleName: -
UtcTime: 2024-04-06 17:47:50.557
ProcessGuid: {2cb7582e-8ac6-6611-cf00-000000000a00}
ProcessId: 2112
Image: C:\Program Files (x86)\Microsoft\Edge\Application\msedge.exe
FileVersion: 123.0.2420.81
Description: Microsoft Edge
Product: Microsoft Edge
Company: Microsoft Corporation
OriginalFileName: msedge.exe
CommandLine: ""C:\Program Files (x86)\Microsoft\Edge\Application\msedge.exe"" --type=utility --utility-sub-type=entity_extraction_service.mojom.Extractor --lang=en-US --service-sandbox-type=entity_extraction --onnx-enabled-for-ee --no-appcompat-clear --field-trial-handle=4884,i,2979533050125484124,1773724349400376728,262144 --variations-seed-version --mojo-platform-channel-handle=3780 /prefetch:8
CurrentDirectory: C:\Program Files (x86)\Microsoft\Edge\Application\123.0.2420.81\
User: TERMINUSK9\terminusk9
LogonGuid: {2cb7582e-8a87-6611-2bd8-0b0000000000}
LogonId: 0xBD82B
TerminalSessionId: 1
IntegrityLevel: Low
Hashes: SHA256=BB27DF3E3EF67746C4D2082E018A4F73067A80C0F126B0DAEE10F7CB7B2E16A8
ParentProcessGuid: {2cb7582e-8abd-6611-bd00-000000000a00}
ParentProcessId: 2216
ParentImage: C:\Program Files (x86)\Microsoft\Edge\Application\msedge.exe
ParentCommandLine: ""C:\Program Files (x86)\Microsoft\Edge\Application\msedge.exe"" --no-startup-window --win-session-start
ParentUser: TERMINUSK9\terminusk9","C:\Program Files (x86)\Microsoft\Edge\Application\msedge.exe, --type=utility, --utility-sub-type=entity_extraction_service.mojom.Extractor, --lang=en-US, --service-sandbox-type=entity_extraction, --onnx-enabled-for-ee, --no-appcompat-clear, --field-trial-handle=4884,i,2979533050125484124,1773724349400376728,262144, --variations-seed-version, --mojo-platform-channel-handle=3780, /prefetch:8",11,"""C:\Program Files (x86)\Microsoft\Edge\Application\msedge.exe"" --type=utility --utility-sub-type=entity_extraction_service.mojom.Extractor --lang=en-US --service-sandbox-type=entity_extraction --onnx-enabled-for-ee --no-appcompat-clear --field-trial-handle=4884,i,2979533050125484124,1773724349400376728,262144 --variations-seed-version --mojo-platform-channel-handle=3780 /prefetch:8","""C:\Program Files (x86)\Microsoft\Edge\Application\msedge.exe"" --type=utility --utility-sub-type=entity_extraction_service.mojom.Extractor --lang=en-US --service-sandbox-type=entity_extraction --onnx-enabled-for-ee --no-appcompat-clear --field-trial-handle=4884,i,2979533050125484124,1773724349400376728,262144 --variations-seed-version --mojo-platform-channel-handle=3780 /prefetch:8",{2cb7582e-8ac6-6611-cf00-000000000a00},C:\Program Files (x86)\Microsoft\Edge\Application\msedge.exe,C:\Program Files (x86)\Microsoft\Edge\Application\msedge.exe,bb27df3e3ef67746c4d2082e018a4f73067a80c0f126b0daee10f7cb7b2e16a8,msedge.exe,msedge.exe,"C:\Program Files (x86)\Microsoft\Edge\Application\msedge.exe, --no-startup-window, --win-session-start",3,"""C:\Program Files (x86)\Microsoft\Edge\Application\msedge.exe"" --no-startup-window --win-session-start","""C:\Program Files (x86)\Microsoft\Edge\Application\msedge.exe"" --no-startup-window --win-session-start",{2cb7582e-8abd-6611-bd00-000000000a00},C:\Program Files (x86)\Microsoft\Edge\Application\msedge.exe,C:\Program Files (x86)\Microsoft\Edge\Application\msedge.exe,msedge.exe,msedge.exe,"2,216",Microsoft Corporation,Microsoft Edge,123.0.2420.81,msedge.exe,Microsoft Edge,"2,112",C:\Program Files (x86)\Microsoft\Edge\Application\123.0.2420.81\,C:\Program Files (x86)\Microsoft\Edge\Application\123.0.2420.81\,bb27df3e3ef67746c4d2082e018a4f73067a80c0f126b0daee10f7cb7b2e16a8,terminusk9,TERMINUSK9,S-1-5-18,terminusk9,terminusk9,wineventlog,Microsoft-Windows-Sysmon/Operational,terminusk9,Microsoft Corporation,Microsoft Edge,123.0.2420.81,Low,{2cb7582e-8a87-6611-2bd8-0b0000000000},0xbd82b,TERMINUSK9\terminusk9,Microsoft Edge,1,1,Info,"3,228","3,820",{5770385f-c22a-43e0-bf4c-06f5698ffbd9},Microsoft-Windows-Sysmon,489,Process Create (rule: ProcessCreate),NT AUTHORITY,S-1-5-18,SYSTEM,User,5,,,,
"Apr 6, 2024 @ 10:47:50.492",7649c11b-3a00-4241-b375-20762f70ba8f,7ffeba03-3080-43c7-a167-2b63dd853127,terminusk9,terminusk9,filebeat,8.13.1,windows.sysmon_operational,default,logs,8.0.0,7ffeba03-3080-43c7-a167-2b63dd853127,FALSE,8.13.1,Process creation,verified,process,1,"Apr 6, 2024 @ 10:47:52.596",windows.sysmon_operational,"Apr 6, 2024 @ 10:47:59.000",event,windows,Microsoft-Windows-Sysmon,start,x86_64,terminusk9,2cb7582e-6ac9-4585-97cc-ae60502e4f16,"fe80::1754:ed5c:491b:5546, 10.0.2.15",08-00-27-BF-A9-3A,terminusk9,19045.2965,windows,10.0.19041.2965 (WinBuild.160101.0800),Windows 10 Home,Windows 10 Home,windows,windows,10,winlog,information,"Process Create:
RuleName: -
UtcTime: 2024-04-06 17:47:50.492
ProcessGuid: {2cb7582e-8ac6-6611-ce00-000000000a00}
ProcessId: 5968
Image: C:\Program Files (x86)\Microsoft\Edge\Application\msedge.exe
FileVersion: 123.0.2420.81
Description: Microsoft Edge
Product: Microsoft Edge
Company: Microsoft Corporation
OriginalFileName: msedge.exe
CommandLine: ""C:\Program Files (x86)\Microsoft\Edge\Application\msedge.exe"" --type=renderer --instant-process --no-appcompat-clear --lang=en-US --js-flags=--ms-user-locale= --device-scale-factor=1 --num-raster-threads=3 --enable-main-frame-before-activation --renderer-client-id=11 --time-ticks-at-unix-epoch=-1712425438914079 --launch-time-ticks=231363776 --field-trial-handle=3272,i,2979533050125484124,1773724349400376728,262144 --variations-seed-version --mojo-platform-channel-handle=4984 /prefetch:1
CurrentDirectory: C:\Program Files (x86)\Microsoft\Edge\Application\123.0.2420.81\
User: TERMINUSK9\terminusk9
LogonGuid: {2cb7582e-8a87-6611-2bd8-0b0000000000}
LogonId: 0xBD82B
TerminalSessionId: 1
IntegrityLevel: AppContainer
Hashes: SHA256=BB27DF3E3EF67746C4D2082E018A4F73067A80C0F126B0DAEE10F7CB7B2E16A8
ParentProcessGuid: {2cb7582e-8abd-6611-bd00-000000000a00}
ParentProcessId: 2216
ParentImage: C:\Program Files (x86)\Microsoft\Edge\Application\msedge.exe
ParentCommandLine: ""C:\Program Files (x86)\Microsoft\Edge\Application\msedge.exe"" --no-startup-window --win-session-start
ParentUser: TERMINUSK9\terminusk9","C:\Program Files (x86)\Microsoft\Edge\Application\msedge.exe, --type=renderer, --instant-process, --no-appcompat-clear, --lang=en-US, --js-flags=--ms-user-locale=, --device-scale-factor=1, --num-raster-threads=3, --enable-main-frame-before-activation, --renderer-client-id=11, --time-ticks-at-unix-epoch=-1712425438914079, --launch-time-ticks=231363776, --field-trial-handle=3272,i,2979533050125484124,1773724349400376728,262144, --variations-seed-version, --mojo-platform-channel-handle=4984, /prefetch:1",16,"""C:\Program Files (x86)\Microsoft\Edge\Application\msedge.exe"" --type=renderer --instant-process --no-appcompat-clear --lang=en-US --js-flags=--ms-user-locale= --device-scale-factor=1 --num-raster-threads=3 --enable-main-frame-before-activation --renderer-client-id=11 --time-ticks-at-unix-epoch=-1712425438914079 --launch-time-ticks=231363776 --field-trial-handle=3272,i,2979533050125484124,1773724349400376728,262144 --variations-seed-version --mojo-platform-channel-handle=4984 /prefetch:1","""C:\Program Files (x86)\Microsoft\Edge\Application\msedge.exe"" --type=renderer --instant-process --no-appcompat-clear --lang=en-US --js-flags=--ms-user-locale= --device-scale-factor=1 --num-raster-threads=3 --enable-main-frame-before-activation --renderer-client-id=11 --time-ticks-at-unix-epoch=-1712425438914079 --launch-time-ticks=231363776 --field-trial-handle=3272,i,2979533050125484124,1773724349400376728,262144 --variations-seed-version --mojo-platform-channel-handle=4984 /prefetch:1",{2cb7582e-8ac6-6611-ce00-000000000a00},C:\Program Files (x86)\Microsoft\Edge\Application\msedge.exe,C:\Program Files (x86)\Microsoft\Edge\Application\msedge.exe,bb27df3e3ef67746c4d2082e018a4f73067a80c0f126b0daee10f7cb7b2e16a8,msedge.exe,msedge.exe,"C:\Program Files (x86)\Microsoft\Edge\Application\msedge.exe, --no-startup-window, --win-session-start",3,"""C:\Program Files (x86)\Microsoft\Edge\Application\msedge.exe"" --no-startup-window --win-session-start","""C:\Program Files (x86)\Microsoft\Edge\Application\msedge.exe"" --no-startup-window --win-session-start",{2cb7582e-8abd-6611-bd00-000000000a00},C:\Program Files (x86)\Microsoft\Edge\Application\msedge.exe,C:\Program Files (x86)\Microsoft\Edge\Application\msedge.exe,msedge.exe,msedge.exe,"2,216",Microsoft Corporation,Microsoft Edge,123.0.2420.81,msedge.exe,Microsoft Edge,"5,968",C:\Program Files (x86)\Microsoft\Edge\Application\123.0.2420.81\,C:\Program Files (x86)\Microsoft\Edge\Application\123.0.2420.81\,bb27df3e3ef67746c4d2082e018a4f73067a80c0f126b0daee10f7cb7b2e16a8,terminusk9,TERMINUSK9,S-1-5-18,terminusk9,terminusk9,wineventlog,Microsoft-Windows-Sysmon/Operational,terminusk9,Microsoft Corporation,Microsoft Edge,123.0.2420.81,AppContainer,{2cb7582e-8a87-6611-2bd8-0b0000000000},0xbd82b,TERMINUSK9\terminusk9,Microsoft Edge,1,1,Info,"3,228","3,820",{5770385f-c22a-43e0-bf4c-06f5698ffbd9},Microsoft-Windows-Sysmon,488,Process Create (rule: ProcessCreate),NT AUTHORITY,S-1-5-18,SYSTEM,User,5,,,,
"Apr 6, 2024 @ 10:47:49.917",7649c11b-3a00-4241-b375-20762f70ba8f,7ffeba03-3080-43c7-a167-2b63dd853127,terminusk9,terminusk9,filebeat,8.13.1,windows.sysmon_operational,default,logs,8.0.0,7ffeba03-3080-43c7-a167-2b63dd853127,FALSE,8.13.1,Process terminated,verified,process,5,"Apr 6, 2024 @ 10:47:51.462",windows.sysmon_operational,"Apr 6, 2024 @ 10:47:59.000",event,windows,Microsoft-Windows-Sysmon,end,x86_64,terminusk9,2cb7582e-6ac9-4585-97cc-ae60502e4f16,"fe80::1754:ed5c:491b:5546, 10.0.2.15",08-00-27-BF-A9-3A,terminusk9,19045.2965,windows,10.0.19041.2965 (WinBuild.160101.0800),Windows 10 Home,Windows 10 Home,windows,windows,10,winlog,information,"Process terminated:
RuleName: -
UtcTime: 2024-04-06 17:47:49.917
ProcessGuid: {2cb7582e-8ac5-6611-cd00-000000000a00}
ProcessId: 5556
Image: C:\Program Files (x86)\Microsoft\Edge\Application\msedge.exe
User: TERMINUSK9\terminusk9",-,-,-,-,{2cb7582e-8ac5-6611-cd00-000000000a00},C:\Program Files (x86)\Microsoft\Edge\Application\msedge.exe,C:\Program Files (x86)\Microsoft\Edge\Application\msedge.exe,-,msedge.exe,msedge.exe,-,-,-,-,-,-,-,-,-,-,-,-,-,-,-,"5,556",-,-,-,terminusk9,TERMINUSK9,S-1-5-18,terminusk9,terminusk9,wineventlog,Microsoft-Windows-Sysmon/Operational,terminusk9,-,-,-,-,-,-,-,-,-,5,Info,"3,228","3,820",{5770385f-c22a-43e0-bf4c-06f5698ffbd9},Microsoft-Windows-Sysmon,487,Process terminated (rule: ProcessTerminate),NT AUTHORITY,S-1-5-18,SYSTEM,User,3,,,,
"Apr 6, 2024 @ 10:47:49.876",7649c11b-3a00-4241-b375-20762f70ba8f,7ffeba03-3080-43c7-a167-2b63dd853127,terminusk9,terminusk9,filebeat,8.13.1,windows.sysmon_operational,default,logs,8.0.0,7ffeba03-3080-43c7-a167-2b63dd853127,FALSE,8.13.1,Process terminated,verified,process,5,"Apr 6, 2024 @ 10:47:51.462",windows.sysmon_operational,"Apr 6, 2024 @ 10:47:59.000",event,windows,Microsoft-Windows-Sysmon,end,x86_64,terminusk9,2cb7582e-6ac9-4585-97cc-ae60502e4f16,"fe80::1754:ed5c:491b:5546, 10.0.2.15",08-00-27-BF-A9-3A,terminusk9,19045.2965,windows,10.0.19041.2965 (WinBuild.160101.0800),Windows 10 Home,Windows 10 Home,windows,windows,10,winlog,information,"Process terminated:
RuleName: -
UtcTime: 2024-04-06 17:47:49.876
ProcessGuid: {2cb7582e-8ac5-6611-cc00-000000000a00}
ProcessId: 5156
Image: C:\Program Files (x86)\Microsoft\Edge\Application\msedge.exe
User: TERMINUSK9\terminusk9",-,-,-,-,{2cb7582e-8ac5-6611-cc00-000000000a00},C:\Program Files (x86)\Microsoft\Edge\Application\msedge.exe,C:\Program Files (x86)\Microsoft\Edge\Application\msedge.exe,-,msedge.exe,msedge.exe,-,-,-,-,-,-,-,-,-,-,-,-,-,-,-,"5,156",-,-,-,terminusk9,TERMINUSK9,S-1-5-18,terminusk9,terminusk9,wineventlog,Microsoft-Windows-Sysmon/Operational,terminusk9,-,-,-,-,-,-,-,-,-,5,Info,"3,228","3,820",{5770385f-c22a-43e0-bf4c-06f5698ffbd9},Microsoft-Windows-Sysmon,486,Process terminated (rule: ProcessTerminate),NT AUTHORITY,S-1-5-18,SYSTEM,User,3,,,,
"Apr 6, 2024 @ 10:47:49.775",7649c11b-3a00-4241-b375-20762f70ba8f,7ffeba03-3080-43c7-a167-2b63dd853127,terminusk9,terminusk9,filebeat,8.13.1,windows.sysmon_operational,default,logs,8.0.0,7ffeba03-3080-43c7-a167-2b63dd853127,FALSE,8.13.1,Process terminated,verified,process,5,"Apr 6, 2024 @ 10:47:51.462",windows.sysmon_operational,"Apr 6, 2024 @ 10:47:59.000",event,windows,Microsoft-Windows-Sysmon,end,x86_64,terminusk9,2cb7582e-6ac9-4585-97cc-ae60502e4f16,"fe80::1754:ed5c:491b:5546, 10.0.2.15",08-00-27-BF-A9-3A,terminusk9,19045.2965,windows,10.0.19041.2965 (WinBuild.160101.0800),Windows 10 Home,Windows 10 Home,windows,windows,10,winlog,information,"Process terminated:
RuleName: -
UtcTime: 2024-04-06 17:47:49.775
ProcessGuid: {2cb7582e-8ac5-6611-cb00-000000000a00}
ProcessId: 2796
Image: C:\Program Files (x86)\Microsoft\Edge\Application\msedge.exe
User: TERMINUSK9\terminusk9",-,-,-,-,{2cb7582e-8ac5-6611-cb00-000000000a00},C:\Program Files (x86)\Microsoft\Edge\Application\msedge.exe,C:\Program Files (x86)\Microsoft\Edge\Application\msedge.exe,-,msedge.exe,msedge.exe,-,-,-,-,-,-,-,-,-,-,-,-,-,-,-,"2,796",-,-,-,terminusk9,TERMINUSK9,S-1-5-18,terminusk9,terminusk9,wineventlog,Microsoft-Windows-Sysmon/Operational,terminusk9,-,-,-,-,-,-,-,-,-,5,Info,"3,228","3,820",{5770385f-c22a-43e0-bf4c-06f5698ffbd9},Microsoft-Windows-Sysmon,485,Process terminated (rule: ProcessTerminate),NT AUTHORITY,S-1-5-18,SYSTEM,User,3,,,,
"Apr 6, 2024 @ 10:47:49.759",7649c11b-3a00-4241-b375-20762f70ba8f,7ffeba03-3080-43c7-a167-2b63dd853127,terminusk9,terminusk9,filebeat,8.13.1,windows.sysmon_operational,default,logs,8.0.0,7ffeba03-3080-43c7-a167-2b63dd853127,FALSE,8.13.1,Process creation,verified,process,1,"Apr 6, 2024 @ 10:47:51.457",windows.sysmon_operational,"Apr 6, 2024 @ 10:47:59.000",event,windows,Microsoft-Windows-Sysmon,start,x86_64,terminusk9,2cb7582e-6ac9-4585-97cc-ae60502e4f16,"fe80::1754:ed5c:491b:5546, 10.0.2.15",08-00-27-BF-A9-3A,terminusk9,19045.2965,windows,10.0.19041.2965 (WinBuild.160101.0800),Windows 10 Home,Windows 10 Home,windows,windows,10,winlog,information,"Process Create:
RuleName: -
UtcTime: 2024-04-06 17:47:49.759
ProcessGuid: {2cb7582e-8ac5-6611-cd00-000000000a00}
ProcessId: 5556
Image: C:\Program Files (x86)\Microsoft\Edge\Application\msedge.exe
FileVersion: 123.0.2420.81
Description: Microsoft Edge
Product: Microsoft Edge
Company: Microsoft Corporation
OriginalFileName: msedge.exe
CommandLine: ""C:\Program Files (x86)\Microsoft\Edge\Application\msedge.exe"" --type=utility --utility-sub-type=data_decoder.mojom.DataDecoderService --lang=en-US --service-sandbox-type=service --no-appcompat-clear --field-trial-handle=4992,i,2979533050125484124,1773724349400376728,262144 --variations-seed-version --mojo-platform-channel-handle=4988 /prefetch:8
CurrentDirectory: C:\Program Files (x86)\Microsoft\Edge\Application\123.0.2420.81\
User: TERMINUSK9\terminusk9
LogonGuid: {2cb7582e-8a87-6611-2bd8-0b0000000000}
LogonId: 0xBD82B
TerminalSessionId: 1
IntegrityLevel: Low
Hashes: SHA256=BB27DF3E3EF67746C4D2082E018A4F73067A80C0F126B0DAEE10F7CB7B2E16A8
ParentProcessGuid: {2cb7582e-8abd-6611-bd00-000000000a00}
ParentProcessId: 2216
ParentImage: C:\Program Files (x86)\Microsoft\Edge\Application\msedge.exe
ParentCommandLine: ""C:\Program Files (x86)\Microsoft\Edge\Application\msedge.exe"" --no-startup-window --win-session-start
ParentUser: TERMINUSK9\terminusk9","C:\Program Files (x86)\Microsoft\Edge\Application\msedge.exe, --type=utility, --utility-sub-type=data_decoder.mojom.DataDecoderService, --lang=en-US, --service-sandbox-type=service, --no-appcompat-clear, --field-trial-handle=4992,i,2979533050125484124,1773724349400376728,262144, --variations-seed-version, --mojo-platform-channel-handle=4988, /prefetch:8",10,"""C:\Program Files (x86)\Microsoft\Edge\Application\msedge.exe"" --type=utility --utility-sub-type=data_decoder.mojom.DataDecoderService --lang=en-US --service-sandbox-type=service --no-appcompat-clear --field-trial-handle=4992,i,2979533050125484124,1773724349400376728,262144 --variations-seed-version --mojo-platform-channel-handle=4988 /prefetch:8","""C:\Program Files (x86)\Microsoft\Edge\Application\msedge.exe"" --type=utility --utility-sub-type=data_decoder.mojom.DataDecoderService --lang=en-US --service-sandbox-type=service --no-appcompat-clear --field-trial-handle=4992,i,2979533050125484124,1773724349400376728,262144 --variations-seed-version --mojo-platform-channel-handle=4988 /prefetch:8",{2cb7582e-8ac5-6611-cd00-000000000a00},C:\Program Files (x86)\Microsoft\Edge\Application\msedge.exe,C:\Program Files (x86)\Microsoft\Edge\Application\msedge.exe,bb27df3e3ef67746c4d2082e018a4f73067a80c0f126b0daee10f7cb7b2e16a8,msedge.exe,msedge.exe,"C:\Program Files (x86)\Microsoft\Edge\Application\msedge.exe, --no-startup-window, --win-session-start",3,"""C:\Program Files (x86)\Microsoft\Edge\Application\msedge.exe"" --no-startup-window --win-session-start","""C:\Program Files (x86)\Microsoft\Edge\Application\msedge.exe"" --no-startup-window --win-session-start",{2cb7582e-8abd-6611-bd00-000000000a00},C:\Program Files (x86)\Microsoft\Edge\Application\msedge.exe,C:\Program Files (x86)\Microsoft\Edge\Application\msedge.exe,msedge.exe,msedge.exe,"2,216",Microsoft Corporation,Microsoft Edge,123.0.2420.81,msedge.exe,Microsoft Edge,"5,556",C:\Program Files (x86)\Microsoft\Edge\Application\123.0.2420.81\,C:\Program Files (x86)\Microsoft\Edge\Application\123.0.2420.81\,bb27df3e3ef67746c4d2082e018a4f73067a80c0f126b0daee10f7cb7b2e16a8,terminusk9,TERMINUSK9,S-1-5-18,terminusk9,terminusk9,wineventlog,Microsoft-Windows-Sysmon/Operational,terminusk9,Microsoft Corporation,Microsoft Edge,123.0.2420.81,Low,{2cb7582e-8a87-6611-2bd8-0b0000000000},0xbd82b,TERMINUSK9\terminusk9,Microsoft Edge,1,1,Info,"3,228","3,820",{5770385f-c22a-43e0-bf4c-06f5698ffbd9},Microsoft-Windows-Sysmon,484,Process Create (rule: ProcessCreate),NT AUTHORITY,S-1-5-18,SYSTEM,User,5,,,,
