"Apr 6, 2024 @ 10:43:46.102",7649c11b-3a00-4241-b375-20762f70ba8f,7ffeba03-3080-43c7-a167-2b63dd853127,terminusk9,terminusk9,filebeat,8.13.1,windows.sysmon_operational,default,logs,8.0.0,7ffeba03-3080-43c7-a167-2b63dd853127,FALSE,8.13.1,Process terminated,verified,process,5,"Apr 6, 2024 @ 10:44:49.487",windows.sysmon_operational,"Apr 6, 2024 @ 10:45:00.000",event,windows,Microsoft-Windows-Sysmon,end,x86_64,terminusk9,2cb7582e-6ac9-4585-97cc-ae60502e4f16,"fe80::1754:ed5c:491b:5546, 10.0.2.15",08-00-27-BF-A9-3A,terminusk9,19045.2965,windows,10.0.19041.2965 (WinBuild.160101.0800),Windows 10 Home,Windows 10 Home,windows,windows,10,winlog,information,"Process terminated:
RuleName: -
UtcTime: 2024-04-06 17:43:46.102
ProcessGuid: {2cb7582e-8975-6611-2200-000000000900}
ProcessId: 1608
Image: C:\Windows\System32\svchost.exe
User: NT AUTHORITY\SYSTEM",-,-,-,-,{2cb7582e-8975-6611-2200-000000000900},C:\Windows\System32\svchost.exe,C:\Windows\System32\svchost.exe,-,svchost.exe,svchost.exe,-,-,-,-,-,-,-,-,-,-,-,-,-,-,-,"1,608",-,-,-,SYSTEM,NT AUTHORITY,S-1-5-18,SYSTEM,SYSTEM,wineventlog,Microsoft-Windows-Sysmon/Operational,terminusk9,-,-,-,-,-,-,-,-,-,5,Info,"3,340","3,664",{5770385f-c22a-43e0-bf4c-06f5698ffbd9},Microsoft-Windows-Sysmon,206,Process terminated (rule: ProcessTerminate),NT AUTHORITY,S-1-5-18,SYSTEM,User,3,-,-,-,-
"Apr 6, 2024 @ 10:43:46.038",7649c11b-3a00-4241-b375-20762f70ba8f,7ffeba03-3080-43c7-a167-2b63dd853127,terminusk9,terminusk9,filebeat,8.13.1,windows.sysmon_operational,default,logs,8.0.0,7ffeba03-3080-43c7-a167-2b63dd853127,FALSE,8.13.1,Process terminated,verified,process,5,"Apr 6, 2024 @ 10:44:49.487",windows.sysmon_operational,"Apr 6, 2024 @ 10:45:00.000",event,windows,Microsoft-Windows-Sysmon,end,x86_64,terminusk9,2cb7582e-6ac9-4585-97cc-ae60502e4f16,"fe80::1754:ed5c:491b:5546, 10.0.2.15",08-00-27-BF-A9-3A,terminusk9,19045.2965,windows,10.0.19041.2965 (WinBuild.160101.0800),Windows 10 Home,Windows 10 Home,windows,windows,10,winlog,information,"Process terminated:
RuleName: -
UtcTime: 2024-04-06 17:43:46.038
ProcessGuid: {2cb7582e-8976-6611-3700-000000000900}
ProcessId: 2588
Image: C:\Windows\System32\svchost.exe
User: NT AUTHORITY\SYSTEM",-,-,-,-,{2cb7582e-8976-6611-3700-000000000900},C:\Windows\System32\svchost.exe,C:\Windows\System32\svchost.exe,-,svchost.exe,svchost.exe,-,-,-,-,-,-,-,-,-,-,-,-,-,-,-,"2,588",-,-,-,SYSTEM,NT AUTHORITY,S-1-5-18,SYSTEM,SYSTEM,wineventlog,Microsoft-Windows-Sysmon/Operational,terminusk9,-,-,-,-,-,-,-,-,-,5,Info,"3,340","3,664",{5770385f-c22a-43e0-bf4c-06f5698ffbd9},Microsoft-Windows-Sysmon,205,Process terminated (rule: ProcessTerminate),NT AUTHORITY,S-1-5-18,SYSTEM,User,3,-,-,-,-
"Apr 6, 2024 @ 10:43:45.995",7649c11b-3a00-4241-b375-20762f70ba8f,7ffeba03-3080-43c7-a167-2b63dd853127,terminusk9,terminusk9,filebeat,8.13.1,windows.sysmon_operational,default,logs,8.0.0,7ffeba03-3080-43c7-a167-2b63dd853127,FALSE,8.13.1,Process terminated,verified,process,5,"Apr 6, 2024 @ 10:44:49.487",windows.sysmon_operational,"Apr 6, 2024 @ 10:45:00.000",event,windows,Microsoft-Windows-Sysmon,end,x86_64,terminusk9,2cb7582e-6ac9-4585-97cc-ae60502e4f16,"fe80::1754:ed5c:491b:5546, 10.0.2.15",08-00-27-BF-A9-3A,terminusk9,19045.2965,windows,10.0.19041.2965 (WinBuild.160101.0800),Windows 10 Home,Windows 10 Home,windows,windows,10,winlog,information,"Process terminated:
RuleName: -
UtcTime: 2024-04-06 17:43:45.995
ProcessGuid: {2cb7582e-8975-6611-2d00-000000000900}
ProcessId: 1256
Image: C:\Windows\System32\svchost.exe
User: NT AUTHORITY\LOCAL SERVICE",-,-,-,-,{2cb7582e-8975-6611-2d00-000000000900},C:\Windows\System32\svchost.exe,C:\Windows\System32\svchost.exe,-,svchost.exe,svchost.exe,-,-,-,-,-,-,-,-,-,-,-,-,-,-,-,"1,256",-,-,-,LOCAL SERVICE,NT AUTHORITY,S-1-5-18,LOCAL SERVICE,LOCAL SERVICE,wineventlog,Microsoft-Windows-Sysmon/Operational,terminusk9,-,-,-,-,-,-,-,-,-,5,Info,"3,340","3,664",{5770385f-c22a-43e0-bf4c-06f5698ffbd9},Microsoft-Windows-Sysmon,202,Process terminated (rule: ProcessTerminate),NT AUTHORITY,S-1-5-18,SYSTEM,User,3,-,-,-,-
"Apr 6, 2024 @ 10:43:45.995",7649c11b-3a00-4241-b375-20762f70ba8f,7ffeba03-3080-43c7-a167-2b63dd853127,terminusk9,terminusk9,filebeat,8.13.1,windows.sysmon_operational,default,logs,8.0.0,7ffeba03-3080-43c7-a167-2b63dd853127,FALSE,8.13.1,Process terminated,verified,process,5,"Apr 6, 2024 @ 10:44:49.487",windows.sysmon_operational,"Apr 6, 2024 @ 10:45:00.000",event,windows,Microsoft-Windows-Sysmon,end,x86_64,terminusk9,2cb7582e-6ac9-4585-97cc-ae60502e4f16,"fe80::1754:ed5c:491b:5546, 10.0.2.15",08-00-27-BF-A9-3A,terminusk9,19045.2965,windows,10.0.19041.2965 (WinBuild.160101.0800),Windows 10 Home,Windows 10 Home,windows,windows,10,winlog,information,"Process terminated:
RuleName: -
UtcTime: 2024-04-06 17:43:45.995
ProcessGuid: {2cb7582e-8975-6611-1a00-000000000900}
ProcessId: 1268
Image: C:\Windows\System32\svchost.exe
User: NT AUTHORITY\LOCAL SERVICE",-,-,-,-,{2cb7582e-8975-6611-1a00-000000000900},C:\Windows\System32\svchost.exe,C:\Windows\System32\svchost.exe,-,svchost.exe,svchost.exe,-,-,-,-,-,-,-,-,-,-,-,-,-,-,-,"1,268",-,-,-,LOCAL SERVICE,NT AUTHORITY,S-1-5-18,LOCAL SERVICE,LOCAL SERVICE,wineventlog,Microsoft-Windows-Sysmon/Operational,terminusk9,-,-,-,-,-,-,-,-,-,5,Info,"3,340","3,664",{5770385f-c22a-43e0-bf4c-06f5698ffbd9},Microsoft-Windows-Sysmon,203,Process terminated (rule: ProcessTerminate),NT AUTHORITY,S-1-5-18,SYSTEM,User,3,-,-,-,-
"Apr 6, 2024 @ 10:43:45.995",7649c11b-3a00-4241-b375-20762f70ba8f,7ffeba03-3080-43c7-a167-2b63dd853127,terminusk9,terminusk9,filebeat,8.13.1,windows.sysmon_operational,default,logs,8.0.0,7ffeba03-3080-43c7-a167-2b63dd853127,FALSE,8.13.1,Process terminated,verified,process,5,"Apr 6, 2024 @ 10:44:49.487",windows.sysmon_operational,"Apr 6, 2024 @ 10:45:00.000",event,windows,Microsoft-Windows-Sysmon,end,x86_64,terminusk9,2cb7582e-6ac9-4585-97cc-ae60502e4f16,"fe80::1754:ed5c:491b:5546, 10.0.2.15",08-00-27-BF-A9-3A,terminusk9,19045.2965,windows,10.0.19041.2965 (WinBuild.160101.0800),Windows 10 Home,Windows 10 Home,windows,windows,10,winlog,information,"Process terminated:
RuleName: -
UtcTime: 2024-04-06 17:43:45.995
ProcessGuid: {2cb7582e-8992-6611-7900-000000000900}
ProcessId: 4700
Image: C:\Windows\System32\VSSVC.exe
User: NT AUTHORITY\SYSTEM",-,-,-,-,{2cb7582e-8992-6611-7900-000000000900},C:\Windows\System32\VSSVC.exe,C:\Windows\System32\VSSVC.exe,-,VSSVC.exe,VSSVC.exe,-,-,-,-,-,-,-,-,-,-,-,-,-,-,-,"4,700",-,-,-,SYSTEM,NT AUTHORITY,S-1-5-18,SYSTEM,SYSTEM,wineventlog,Microsoft-Windows-Sysmon/Operational,terminusk9,-,-,-,-,-,-,-,-,-,5,Info,"3,340","3,664",{5770385f-c22a-43e0-bf4c-06f5698ffbd9},Microsoft-Windows-Sysmon,204,Process terminated (rule: ProcessTerminate),NT AUTHORITY,S-1-5-18,SYSTEM,User,3,-,-,-,-
"Apr 6, 2024 @ 10:43:45.963",7649c11b-3a00-4241-b375-20762f70ba8f,7ffeba03-3080-43c7-a167-2b63dd853127,terminusk9,terminusk9,filebeat,8.13.1,windows.sysmon_operational,default,logs,8.0.0,7ffeba03-3080-43c7-a167-2b63dd853127,FALSE,8.13.1,Process terminated,verified,process,5,"Apr 6, 2024 @ 10:44:49.486",windows.sysmon_operational,"Apr 6, 2024 @ 10:45:00.000",event,windows,Microsoft-Windows-Sysmon,end,x86_64,terminusk9,2cb7582e-6ac9-4585-97cc-ae60502e4f16,"fe80::1754:ed5c:491b:5546, 10.0.2.15",08-00-27-BF-A9-3A,terminusk9,19045.2965,windows,10.0.19041.2965 (WinBuild.160101.0800),Windows 10 Home,Windows 10 Home,windows,windows,10,winlog,information,"Process terminated:
RuleName: -
UtcTime: 2024-04-06 17:43:45.963
ProcessGuid: {2cb7582e-8978-6611-4600-000000000900}
ProcessId: 3252
Image: C:\ProgramData\Microsoft\Windows Defender\Platform\4.18.24030.9-0\MpDefenderCoreService.exe
User: NT AUTHORITY\SYSTEM",-,-,-,-,{2cb7582e-8978-6611-4600-000000000900},C:\ProgramData\Microsoft\Windows Defender\Platform\4.18.24030.9-0\MpDefenderCoreService.exe,C:\ProgramData\Microsoft\Windows Defender\Platform\4.18.24030.9-0\MpDefenderCoreService.exe,-,MpDefenderCoreService.exe,MpDefenderCoreService.exe,-,-,-,-,-,-,-,-,-,-,-,-,-,-,-,"3,252",-,-,-,SYSTEM,NT AUTHORITY,S-1-5-18,SYSTEM,SYSTEM,wineventlog,Microsoft-Windows-Sysmon/Operational,terminusk9,-,-,-,-,-,-,-,-,-,5,Info,"3,340","3,664",{5770385f-c22a-43e0-bf4c-06f5698ffbd9},Microsoft-Windows-Sysmon,200,Process terminated (rule: ProcessTerminate),NT AUTHORITY,S-1-5-18,SYSTEM,User,3,-,-,-,-
"Apr 6, 2024 @ 10:43:45.963",7649c11b-3a00-4241-b375-20762f70ba8f,7ffeba03-3080-43c7-a167-2b63dd853127,terminusk9,terminusk9,filebeat,8.13.1,windows.sysmon_operational,default,logs,8.0.0,7ffeba03-3080-43c7-a167-2b63dd853127,FALSE,8.13.1,Process terminated,verified,process,5,"Apr 6, 2024 @ 10:44:49.487",windows.sysmon_operational,"Apr 6, 2024 @ 10:45:00.000",event,windows,Microsoft-Windows-Sysmon,end,x86_64,terminusk9,2cb7582e-6ac9-4585-97cc-ae60502e4f16,"fe80::1754:ed5c:491b:5546, 10.0.2.15",08-00-27-BF-A9-3A,terminusk9,19045.2965,windows,10.0.19041.2965 (WinBuild.160101.0800),Windows 10 Home,Windows 10 Home,windows,windows,10,winlog,information,"Process terminated:
RuleName: -
UtcTime: 2024-04-06 17:43:45.963
ProcessGuid: {2cb7582e-8975-6611-1500-000000000900}
ProcessId: 1052
Image: C:\Windows\System32\svchost.exe
User: NT AUTHORITY\SYSTEM",-,-,-,-,{2cb7582e-8975-6611-1500-000000000900},C:\Windows\System32\svchost.exe,C:\Windows\System32\svchost.exe,-,svchost.exe,svchost.exe,-,-,-,-,-,-,-,-,-,-,-,-,-,-,-,"1,052",-,-,-,SYSTEM,NT AUTHORITY,S-1-5-18,SYSTEM,SYSTEM,wineventlog,Microsoft-Windows-Sysmon/Operational,terminusk9,-,-,-,-,-,-,-,-,-,5,Info,"3,340","3,664",{5770385f-c22a-43e0-bf4c-06f5698ffbd9},Microsoft-Windows-Sysmon,201,Process terminated (rule: ProcessTerminate),NT AUTHORITY,S-1-5-18,SYSTEM,User,3,-,-,-,-
"Apr 6, 2024 @ 10:43:45.931",7649c11b-3a00-4241-b375-20762f70ba8f,7ffeba03-3080-43c7-a167-2b63dd853127,terminusk9,terminusk9,filebeat,8.13.1,windows.sysmon_operational,default,logs,8.0.0,7ffeba03-3080-43c7-a167-2b63dd853127,FALSE,8.13.1,Process terminated,verified,process,5,"Apr 6, 2024 @ 10:44:49.484",windows.sysmon_operational,"Apr 6, 2024 @ 10:45:00.000",event,windows,Microsoft-Windows-Sysmon,end,x86_64,terminusk9,2cb7582e-6ac9-4585-97cc-ae60502e4f16,"fe80::1754:ed5c:491b:5546, 10.0.2.15",08-00-27-BF-A9-3A,terminusk9,19045.2965,windows,10.0.19041.2965 (WinBuild.160101.0800),Windows 10 Home,Windows 10 Home,windows,windows,10,winlog,information,"Process terminated:
RuleName: -
UtcTime: 2024-04-06 17:43:45.931
ProcessGuid: {2cb7582e-8978-6611-4c00-000000000900}
ProcessId: 3436
Image: C:\Program Files\Elastic\Agent\data\elastic-agent-8.13.1-379dfc\elastic-agent.exe
User: NT AUTHORITY\SYSTEM",-,-,-,-,{2cb7582e-8978-6611-4c00-000000000900},C:\Program Files\Elastic\Agent\data\elastic-agent-8.13.1-379dfc\elastic-agent.exe,C:\Program Files\Elastic\Agent\data\elastic-agent-8.13.1-379dfc\elastic-agent.exe,-,elastic-agent.exe,elastic-agent.exe,-,-,-,-,-,-,-,-,-,-,-,-,-,-,-,"3,436",-,-,-,SYSTEM,NT AUTHORITY,S-1-5-18,SYSTEM,SYSTEM,wineventlog,Microsoft-Windows-Sysmon/Operational,terminusk9,-,-,-,-,-,-,-,-,-,5,Info,"3,340","3,664",{5770385f-c22a-43e0-bf4c-06f5698ffbd9},Microsoft-Windows-Sysmon,199,Process terminated (rule: ProcessTerminate),NT AUTHORITY,S-1-5-18,SYSTEM,User,3,-,-,-,-
"Apr 6, 2024 @ 10:43:45.919",7649c11b-3a00-4241-b375-20762f70ba8f,7ffeba03-3080-43c7-a167-2b63dd853127,terminusk9,terminusk9,filebeat,8.13.1,windows.sysmon_operational,default,logs,8.0.0,7ffeba03-3080-43c7-a167-2b63dd853127,FALSE,8.13.1,Process terminated,verified,process,5,"Apr 6, 2024 @ 10:44:49.484",windows.sysmon_operational,"Apr 6, 2024 @ 10:45:00.000",event,windows,Microsoft-Windows-Sysmon,end,x86_64,terminusk9,2cb7582e-6ac9-4585-97cc-ae60502e4f16,"fe80::1754:ed5c:491b:5546, 10.0.2.15",08-00-27-BF-A9-3A,terminusk9,19045.2965,windows,10.0.19041.2965 (WinBuild.160101.0800),Windows 10 Home,Windows 10 Home,windows,windows,10,winlog,information,"Process terminated:
RuleName: -
UtcTime: 2024-04-06 17:43:45.919
ProcessGuid: {2cb7582e-897a-6611-4d00-000000000900}
ProcessId: 3692
Image: C:\Windows\System32\svchost.exe
User: NT AUTHORITY\SYSTEM",-,-,-,-,{2cb7582e-897a-6611-4d00-000000000900},C:\Windows\System32\svchost.exe,C:\Windows\System32\svchost.exe,-,svchost.exe,svchost.exe,-,-,-,-,-,-,-,-,-,-,-,-,-,-,-,"3,692",-,-,-,SYSTEM,NT AUTHORITY,S-1-5-18,SYSTEM,SYSTEM,wineventlog,Microsoft-Windows-Sysmon/Operational,terminusk9,-,-,-,-,-,-,-,-,-,5,Info,"3,340","3,664",{5770385f-c22a-43e0-bf4c-06f5698ffbd9},Microsoft-Windows-Sysmon,198,Process terminated (rule: ProcessTerminate),NT AUTHORITY,S-1-5-18,SYSTEM,User,3,-,-,-,-
"Apr 6, 2024 @ 10:43:45.895",7649c11b-3a00-4241-b375-20762f70ba8f,7ffeba03-3080-43c7-a167-2b63dd853127,terminusk9,terminusk9,filebeat,8.13.1,windows.sysmon_operational,default,logs,8.0.0,7ffeba03-3080-43c7-a167-2b63dd853127,FALSE,8.13.1,Process terminated,verified,process,5,"Apr 6, 2024 @ 10:44:49.481",windows.sysmon_operational,"Apr 6, 2024 @ 10:45:00.000",event,windows,Microsoft-Windows-Sysmon,end,x86_64,terminusk9,2cb7582e-6ac9-4585-97cc-ae60502e4f16,"fe80::1754:ed5c:491b:5546, 10.0.2.15",08-00-27-BF-A9-3A,terminusk9,19045.2965,windows,10.0.19041.2965 (WinBuild.160101.0800),Windows 10 Home,Windows 10 Home,windows,windows,10,winlog,information,"Process terminated:
RuleName: -
UtcTime: 2024-04-06 17:43:45.895
ProcessGuid: {2cb7582e-8976-6611-3400-000000000900}
ProcessId: 2516
Image: C:\Windows\System32\svchost.exe
User: NT AUTHORITY\LOCAL SERVICE",-,-,-,-,{2cb7582e-8976-6611-3400-000000000900},C:\Windows\System32\svchost.exe,C:\Windows\System32\svchost.exe,-,svchost.exe,svchost.exe,-,-,-,-,-,-,-,-,-,-,-,-,-,-,-,"2,516",-,-,-,LOCAL SERVICE,NT AUTHORITY,S-1-5-18,LOCAL SERVICE,LOCAL SERVICE,wineventlog,Microsoft-Windows-Sysmon/Operational,terminusk9,-,-,-,-,-,-,-,-,-,5,Info,"3,340","3,664",{5770385f-c22a-43e0-bf4c-06f5698ffbd9},Microsoft-Windows-Sysmon,197,Process terminated (rule: ProcessTerminate),NT AUTHORITY,S-1-5-18,SYSTEM,User,3,-,-,-,-
"Apr 6, 2024 @ 10:43:45.836",7649c11b-3a00-4241-b375-20762f70ba8f,7ffeba03-3080-43c7-a167-2b63dd853127,terminusk9,terminusk9,filebeat,8.13.1,windows.sysmon_operational,default,logs,8.0.0,7ffeba03-3080-43c7-a167-2b63dd853127,FALSE,8.13.1,Process terminated,verified,process,5,"Apr 6, 2024 @ 10:44:49.480",windows.sysmon_operational,"Apr 6, 2024 @ 10:45:00.000",event,windows,Microsoft-Windows-Sysmon,end,x86_64,terminusk9,2cb7582e-6ac9-4585-97cc-ae60502e4f16,"fe80::1754:ed5c:491b:5546, 10.0.2.15",08-00-27-BF-A9-3A,terminusk9,19045.2965,windows,10.0.19041.2965 (WinBuild.160101.0800),Windows 10 Home,Windows 10 Home,windows,windows,10,winlog,information,"Process terminated:
RuleName: -
UtcTime: 2024-04-06 17:43:45.836
ProcessGuid: {2cb7582e-8975-6611-2000-000000000900}
ProcessId: 1480
Image: C:\Windows\System32\svchost.exe
User: NT AUTHORITY\LOCAL SERVICE",-,-,-,-,{2cb7582e-8975-6611-2000-000000000900},C:\Windows\System32\svchost.exe,C:\Windows\System32\svchost.exe,-,svchost.exe,svchost.exe,-,-,-,-,-,-,-,-,-,-,-,-,-,-,-,"1,480",-,-,-,LOCAL SERVICE,NT AUTHORITY,S-1-5-18,LOCAL SERVICE,LOCAL SERVICE,wineventlog,Microsoft-Windows-Sysmon/Operational,terminusk9,-,-,-,-,-,-,-,-,-,5,Info,"3,340","3,664",{5770385f-c22a-43e0-bf4c-06f5698ffbd9},Microsoft-Windows-Sysmon,196,Process terminated (rule: ProcessTerminate),NT AUTHORITY,S-1-5-18,SYSTEM,User,3,-,-,-,-
"Apr 6, 2024 @ 10:43:45.772",7649c11b-3a00-4241-b375-20762f70ba8f,7ffeba03-3080-43c7-a167-2b63dd853127,terminusk9,terminusk9,filebeat,8.13.1,windows.sysmon_operational,default,logs,8.0.0,7ffeba03-3080-43c7-a167-2b63dd853127,FALSE,8.13.1,Process terminated,verified,process,5,"Apr 6, 2024 @ 10:44:49.480",windows.sysmon_operational,"Apr 6, 2024 @ 10:45:00.000",event,windows,Microsoft-Windows-Sysmon,end,x86_64,terminusk9,2cb7582e-6ac9-4585-97cc-ae60502e4f16,"fe80::1754:ed5c:491b:5546, 10.0.2.15",08-00-27-BF-A9-3A,terminusk9,19045.2965,windows,10.0.19041.2965 (WinBuild.160101.0800),Windows 10 Home,Windows 10 Home,windows,windows,10,winlog,information,"Process terminated:
RuleName: -
UtcTime: 2024-04-06 17:43:45.772
ProcessGuid: {2cb7582e-8977-6611-4100-000000000900}
ProcessId: 2972
Image: C:\Windows\System32\svchost.exe
User: NT AUTHORITY\SYSTEM",-,-,-,-,{2cb7582e-8977-6611-4100-000000000900},C:\Windows\System32\svchost.exe,C:\Windows\System32\svchost.exe,-,svchost.exe,svchost.exe,-,-,-,-,-,-,-,-,-,-,-,-,-,-,-,"2,972",-,-,-,SYSTEM,NT AUTHORITY,S-1-5-18,SYSTEM,SYSTEM,wineventlog,Microsoft-Windows-Sysmon/Operational,terminusk9,-,-,-,-,-,-,-,-,-,5,Info,"3,340","3,664",{5770385f-c22a-43e0-bf4c-06f5698ffbd9},Microsoft-Windows-Sysmon,192,Process terminated (rule: ProcessTerminate),NT AUTHORITY,S-1-5-18,SYSTEM,User,3,-,-,-,-
"Apr 6, 2024 @ 10:43:45.772",7649c11b-3a00-4241-b375-20762f70ba8f,7ffeba03-3080-43c7-a167-2b63dd853127,terminusk9,terminusk9,filebeat,8.13.1,windows.sysmon_operational,default,logs,8.0.0,7ffeba03-3080-43c7-a167-2b63dd853127,FALSE,8.13.1,Process terminated,verified,process,5,"Apr 6, 2024 @ 10:44:49.480",windows.sysmon_operational,"Apr 6, 2024 @ 10:45:00.000",event,windows,Microsoft-Windows-Sysmon,end,x86_64,terminusk9,2cb7582e-6ac9-4585-97cc-ae60502e4f16,"fe80::1754:ed5c:491b:5546, 10.0.2.15",08-00-27-BF-A9-3A,terminusk9,19045.2965,windows,10.0.19041.2965 (WinBuild.160101.0800),Windows 10 Home,Windows 10 Home,windows,windows,10,winlog,information,"Process terminated:
RuleName: -
UtcTime: 2024-04-06 17:43:45.772
ProcessGuid: {2cb7582e-8993-6611-7a00-000000000900}
ProcessId: 4840
Image: C:\Windows\System32\svchost.exe
User: NT AUTHORITY\SYSTEM",-,-,-,-,{2cb7582e-8993-6611-7a00-000000000900},C:\Windows\System32\svchost.exe,C:\Windows\System32\svchost.exe,-,svchost.exe,svchost.exe,-,-,-,-,-,-,-,-,-,-,-,-,-,-,-,"4,840",-,-,-,SYSTEM,NT AUTHORITY,S-1-5-18,SYSTEM,SYSTEM,wineventlog,Microsoft-Windows-Sysmon/Operational,terminusk9,-,-,-,-,-,-,-,-,-,5,Info,"3,340","3,664",{5770385f-c22a-43e0-bf4c-06f5698ffbd9},Microsoft-Windows-Sysmon,193,Process terminated (rule: ProcessTerminate),NT AUTHORITY,S-1-5-18,SYSTEM,User,3,-,-,-,-
"Apr 6, 2024 @ 10:43:45.772",7649c11b-3a00-4241-b375-20762f70ba8f,7ffeba03-3080-43c7-a167-2b63dd853127,terminusk9,terminusk9,filebeat,8.13.1,windows.sysmon_operational,default,logs,8.0.0,7ffeba03-3080-43c7-a167-2b63dd853127,FALSE,8.13.1,Process terminated,verified,process,5,"Apr 6, 2024 @ 10:44:49.480",windows.sysmon_operational,"Apr 6, 2024 @ 10:45:00.000",event,windows,Microsoft-Windows-Sysmon,end,x86_64,terminusk9,2cb7582e-6ac9-4585-97cc-ae60502e4f16,"fe80::1754:ed5c:491b:5546, 10.0.2.15",08-00-27-BF-A9-3A,terminusk9,19045.2965,windows,10.0.19041.2965 (WinBuild.160101.0800),Windows 10 Home,Windows 10 Home,windows,windows,10,winlog,information,"Process terminated:
RuleName: -
UtcTime: 2024-04-06 17:43:45.772
ProcessGuid: {2cb7582e-8976-6611-3300-000000000900}
ProcessId: 2376
Image: C:\Windows\System32\svchost.exe
User: NT AUTHORITY\LOCAL SERVICE",-,-,-,-,{2cb7582e-8976-6611-3300-000000000900},C:\Windows\System32\svchost.exe,C:\Windows\System32\svchost.exe,-,svchost.exe,svchost.exe,-,-,-,-,-,-,-,-,-,-,-,-,-,-,-,"2,376",-,-,-,LOCAL SERVICE,NT AUTHORITY,S-1-5-18,LOCAL SERVICE,LOCAL SERVICE,wineventlog,Microsoft-Windows-Sysmon/Operational,terminusk9,-,-,-,-,-,-,-,-,-,5,Info,"3,340","3,664",{5770385f-c22a-43e0-bf4c-06f5698ffbd9},Microsoft-Windows-Sysmon,194,Process terminated (rule: ProcessTerminate),NT AUTHORITY,S-1-5-18,SYSTEM,User,3,-,-,-,-
"Apr 6, 2024 @ 10:43:45.772",7649c11b-3a00-4241-b375-20762f70ba8f,7ffeba03-3080-43c7-a167-2b63dd853127,terminusk9,terminusk9,filebeat,8.13.1,windows.sysmon_operational,default,logs,8.0.0,7ffeba03-3080-43c7-a167-2b63dd853127,FALSE,8.13.1,Process terminated,verified,process,5,"Apr 6, 2024 @ 10:44:49.480",windows.sysmon_operational,"Apr 6, 2024 @ 10:45:00.000",event,windows,Microsoft-Windows-Sysmon,end,x86_64,terminusk9,2cb7582e-6ac9-4585-97cc-ae60502e4f16,"fe80::1754:ed5c:491b:5546, 10.0.2.15",08-00-27-BF-A9-3A,terminusk9,19045.2965,windows,10.0.19041.2965 (WinBuild.160101.0800),Windows 10 Home,Windows 10 Home,windows,windows,10,winlog,information,"Process terminated:
RuleName: -
UtcTime: 2024-04-06 17:43:45.772
ProcessGuid: {2cb7582e-8975-6611-2300-000000000900}
ProcessId: 1628
Image: C:\Windows\System32\svchost.exe
User: NT AUTHORITY\SYSTEM",-,-,-,-,{2cb7582e-8975-6611-2300-000000000900},C:\Windows\System32\svchost.exe,C:\Windows\System32\svchost.exe,-,svchost.exe,svchost.exe,-,-,-,-,-,-,-,-,-,-,-,-,-,-,-,"1,628",-,-,-,SYSTEM,NT AUTHORITY,S-1-5-18,SYSTEM,SYSTEM,wineventlog,Microsoft-Windows-Sysmon/Operational,terminusk9,-,-,-,-,-,-,-,-,-,5,Info,"3,340","3,664",{5770385f-c22a-43e0-bf4c-06f5698ffbd9},Microsoft-Windows-Sysmon,195,Process terminated (rule: ProcessTerminate),NT AUTHORITY,S-1-5-18,SYSTEM,User,3,-,-,-,-
"Apr 6, 2024 @ 10:43:45.741",7649c11b-3a00-4241-b375-20762f70ba8f,7ffeba03-3080-43c7-a167-2b63dd853127,terminusk9,terminusk9,filebeat,8.13.1,windows.sysmon_operational,default,logs,8.0.0,7ffeba03-3080-43c7-a167-2b63dd853127,FALSE,8.13.1,Process terminated,verified,process,5,"Apr 6, 2024 @ 10:44:49.479",windows.sysmon_operational,"Apr 6, 2024 @ 10:45:00.000",event,windows,Microsoft-Windows-Sysmon,end,x86_64,terminusk9,2cb7582e-6ac9-4585-97cc-ae60502e4f16,"fe80::1754:ed5c:491b:5546, 10.0.2.15",08-00-27-BF-A9-3A,terminusk9,19045.2965,windows,10.0.19041.2965 (WinBuild.160101.0800),Windows 10 Home,Windows 10 Home,windows,windows,10,winlog,information,"Process terminated:
RuleName: -
UtcTime: 2024-04-06 17:43:45.741
ProcessGuid: {2cb7582e-8978-6611-4900-000000000900}
ProcessId: 3316
Image: C:\Windows\System32\svchost.exe
User: NT AUTHORITY\LOCAL SERVICE",-,-,-,-,{2cb7582e-8978-6611-4900-000000000900},C:\Windows\System32\svchost.exe,C:\Windows\System32\svchost.exe,-,svchost.exe,svchost.exe,-,-,-,-,-,-,-,-,-,-,-,-,-,-,-,"3,316",-,-,-,LOCAL SERVICE,NT AUTHORITY,S-1-5-18,LOCAL SERVICE,LOCAL SERVICE,wineventlog,Microsoft-Windows-Sysmon/Operational,terminusk9,-,-,-,-,-,-,-,-,-,5,Info,"3,340","3,664",{5770385f-c22a-43e0-bf4c-06f5698ffbd9},Microsoft-Windows-Sysmon,190,Process terminated (rule: ProcessTerminate),NT AUTHORITY,S-1-5-18,SYSTEM,User,3,-,-,-,-
"Apr 6, 2024 @ 10:43:45.741",7649c11b-3a00-4241-b375-20762f70ba8f,7ffeba03-3080-43c7-a167-2b63dd853127,terminusk9,terminusk9,filebeat,8.13.1,windows.sysmon_operational,default,logs,8.0.0,7ffeba03-3080-43c7-a167-2b63dd853127,FALSE,8.13.1,Process terminated,verified,process,5,"Apr 6, 2024 @ 10:44:49.479",windows.sysmon_operational,"Apr 6, 2024 @ 10:45:00.000",event,windows,Microsoft-Windows-Sysmon,end,x86_64,terminusk9,2cb7582e-6ac9-4585-97cc-ae60502e4f16,"fe80::1754:ed5c:491b:5546, 10.0.2.15",08-00-27-BF-A9-3A,terminusk9,19045.2965,windows,10.0.19041.2965 (WinBuild.160101.0800),Windows 10 Home,Windows 10 Home,windows,windows,10,winlog,information,"Process terminated:
RuleName: -
UtcTime: 2024-04-06 17:43:45.741
ProcessGuid: {2cb7582e-8975-6611-2100-000000000900}
ProcessId: 1536
Image: C:\Windows\System32\VBoxService.exe
User: NT AUTHORITY\SYSTEM",-,-,-,-,{2cb7582e-8975-6611-2100-000000000900},C:\Windows\System32\VBoxService.exe,C:\Windows\System32\VBoxService.exe,-,VBoxService.exe,VBoxService.exe,-,-,-,-,-,-,-,-,-,-,-,-,-,-,-,"1,536",-,-,-,SYSTEM,NT AUTHORITY,S-1-5-18,SYSTEM,SYSTEM,wineventlog,Microsoft-Windows-Sysmon/Operational,terminusk9,-,-,-,-,-,-,-,-,-,5,Info,"3,340","3,664",{5770385f-c22a-43e0-bf4c-06f5698ffbd9},Microsoft-Windows-Sysmon,191,Process terminated (rule: ProcessTerminate),NT AUTHORITY,S-1-5-18,SYSTEM,User,3,-,-,-,-
"Apr 6, 2024 @ 10:43:45.725",7649c11b-3a00-4241-b375-20762f70ba8f,7ffeba03-3080-43c7-a167-2b63dd853127,terminusk9,terminusk9,filebeat,8.13.1,windows.sysmon_operational,default,logs,8.0.0,7ffeba03-3080-43c7-a167-2b63dd853127,FALSE,8.13.1,Process terminated,verified,process,5,"Apr 6, 2024 @ 10:44:49.479",windows.sysmon_operational,"Apr 6, 2024 @ 10:45:00.000",event,windows,Microsoft-Windows-Sysmon,end,x86_64,terminusk9,2cb7582e-6ac9-4585-97cc-ae60502e4f16,"fe80::1754:ed5c:491b:5546, 10.0.2.15",08-00-27-BF-A9-3A,terminusk9,19045.2965,windows,10.0.19041.2965 (WinBuild.160101.0800),Windows 10 Home,Windows 10 Home,windows,windows,10,winlog,information,"Process terminated:
RuleName: -
UtcTime: 2024-04-06 17:43:45.725
ProcessGuid: {2cb7582e-8977-6611-4400-000000000900}
ProcessId: 3108
Image: C:\Windows\System32\svchost.exe
User: NT AUTHORITY\SYSTEM",-,-,-,-,{2cb7582e-8977-6611-4400-000000000900},C:\Windows\System32\svchost.exe,C:\Windows\System32\svchost.exe,-,svchost.exe,svchost.exe,-,-,-,-,-,-,-,-,-,-,-,-,-,-,-,"3,108",-,-,-,SYSTEM,NT AUTHORITY,S-1-5-18,SYSTEM,SYSTEM,wineventlog,Microsoft-Windows-Sysmon/Operational,terminusk9,-,-,-,-,-,-,-,-,-,5,Info,"3,340","3,664",{5770385f-c22a-43e0-bf4c-06f5698ffbd9},Microsoft-Windows-Sysmon,189,Process terminated (rule: ProcessTerminate),NT AUTHORITY,S-1-5-18,SYSTEM,User,3,-,-,-,-
"Apr 6, 2024 @ 10:43:40.004",7649c11b-3a00-4241-b375-20762f70ba8f,7ffeba03-3080-43c7-a167-2b63dd853127,terminusk9,terminusk9,filebeat,8.13.1,windows.sysmon_operational,default,logs,8.0.0,7ffeba03-3080-43c7-a167-2b63dd853127,FALSE,8.13.1,Process terminated,verified,process,5,"Apr 6, 2024 @ 10:44:49.479",windows.sysmon_operational,"Apr 6, 2024 @ 10:45:00.000",event,windows,Microsoft-Windows-Sysmon,end,x86_64,terminusk9,2cb7582e-6ac9-4585-97cc-ae60502e4f16,"fe80::1754:ed5c:491b:5546, 10.0.2.15",08-00-27-BF-A9-3A,terminusk9,19045.2965,windows,10.0.19041.2965 (WinBuild.160101.0800),Windows 10 Home,Windows 10 Home,windows,windows,10,winlog,information,"Process terminated:
RuleName: -
UtcTime: 2024-04-06 17:43:40.004
ProcessGuid: {2cb7582e-8985-6611-7100-000000000900}
ProcessId: 884
Image: C:\Windows\System32\conhost.exe
User: NT AUTHORITY\SYSTEM",-,-,-,-,{2cb7582e-8985-6611-7100-000000000900},C:\Windows\System32\conhost.exe,C:\Windows\System32\conhost.exe,-,conhost.exe,conhost.exe,-,-,-,-,-,-,-,-,-,-,-,-,-,-,-,884,-,-,-,SYSTEM,NT AUTHORITY,S-1-5-18,SYSTEM,SYSTEM,wineventlog,Microsoft-Windows-Sysmon/Operational,terminusk9,-,-,-,-,-,-,-,-,-,5,Info,"3,340","3,664",{5770385f-c22a-43e0-bf4c-06f5698ffbd9},Microsoft-Windows-Sysmon,188,Process terminated (rule: ProcessTerminate),NT AUTHORITY,S-1-5-18,SYSTEM,User,3,-,-,-,-
"Apr 6, 2024 @ 10:43:40.001",7649c11b-3a00-4241-b375-20762f70ba8f,7ffeba03-3080-43c7-a167-2b63dd853127,terminusk9,terminusk9,filebeat,8.13.1,windows.sysmon_operational,default,logs,8.0.0,7ffeba03-3080-43c7-a167-2b63dd853127,FALSE,8.13.1,Process terminated,verified,process,5,"Apr 6, 2024 @ 10:44:49.479",windows.sysmon_operational,"Apr 6, 2024 @ 10:45:00.000",event,windows,Microsoft-Windows-Sysmon,end,x86_64,terminusk9,2cb7582e-6ac9-4585-97cc-ae60502e4f16,"fe80::1754:ed5c:491b:5546, 10.0.2.15",08-00-27-BF-A9-3A,terminusk9,19045.2965,windows,10.0.19041.2965 (WinBuild.160101.0800),Windows 10 Home,Windows 10 Home,windows,windows,10,winlog,information,"Process terminated:
RuleName: -
UtcTime: 2024-04-06 17:43:40.001
ProcessGuid: {2cb7582e-8987-6611-7600-000000000900}
ProcessId: 4224
Image: C:\Windows\System32\conhost.exe
User: NT AUTHORITY\SYSTEM",-,-,-,-,{2cb7582e-8987-6611-7600-000000000900},C:\Windows\System32\conhost.exe,C:\Windows\System32\conhost.exe,-,conhost.exe,conhost.exe,-,-,-,-,-,-,-,-,-,-,-,-,-,-,-,"4,224",-,-,-,SYSTEM,NT AUTHORITY,S-1-5-18,SYSTEM,SYSTEM,wineventlog,Microsoft-Windows-Sysmon/Operational,terminusk9,-,-,-,-,-,-,-,-,-,5,Info,"3,340","3,664",{5770385f-c22a-43e0-bf4c-06f5698ffbd9},Microsoft-Windows-Sysmon,186,Process terminated (rule: ProcessTerminate),NT AUTHORITY,S-1-5-18,SYSTEM,User,3,-,-,-,-
"Apr 6, 2024 @ 10:43:40.001",7649c11b-3a00-4241-b375-20762f70ba8f,7ffeba03-3080-43c7-a167-2b63dd853127,terminusk9,terminusk9,filebeat,8.13.1,windows.sysmon_operational,default,logs,8.0.0,7ffeba03-3080-43c7-a167-2b63dd853127,FALSE,8.13.1,Process terminated,verified,process,5,"Apr 6, 2024 @ 10:44:49.479",windows.sysmon_operational,"Apr 6, 2024 @ 10:45:00.000",event,windows,Microsoft-Windows-Sysmon,end,x86_64,terminusk9,2cb7582e-6ac9-4585-97cc-ae60502e4f16,"fe80::1754:ed5c:491b:5546, 10.0.2.15",08-00-27-BF-A9-3A,terminusk9,19045.2965,windows,10.0.19041.2965 (WinBuild.160101.0800),Windows 10 Home,Windows 10 Home,windows,windows,10,winlog,information,"Process terminated:
RuleName: -
UtcTime: 2024-04-06 17:43:40.001
ProcessGuid: {2cb7582e-8985-6611-7000-000000000900}
ProcessId: 3936
Image: C:\Windows\System32\conhost.exe
User: NT AUTHORITY\SYSTEM",-,-,-,-,{2cb7582e-8985-6611-7000-000000000900},C:\Windows\System32\conhost.exe,C:\Windows\System32\conhost.exe,-,conhost.exe,conhost.exe,-,-,-,-,-,-,-,-,-,-,-,-,-,-,-,"3,936",-,-,-,SYSTEM,NT AUTHORITY,S-1-5-18,SYSTEM,SYSTEM,wineventlog,Microsoft-Windows-Sysmon/Operational,terminusk9,-,-,-,-,-,-,-,-,-,5,Info,"3,340","3,664",{5770385f-c22a-43e0-bf4c-06f5698ffbd9},Microsoft-Windows-Sysmon,187,Process terminated (rule: ProcessTerminate),NT AUTHORITY,S-1-5-18,SYSTEM,User,3,-,-,-,-
"Apr 6, 2024 @ 10:43:39.988",7649c11b-3a00-4241-b375-20762f70ba8f,7ffeba03-3080-43c7-a167-2b63dd853127,terminusk9,terminusk9,filebeat,8.13.1,windows.sysmon_operational,default,logs,8.0.0,7ffeba03-3080-43c7-a167-2b63dd853127,FALSE,8.13.1,Process terminated,verified,process,5,"Apr 6, 2024 @ 10:44:49.479",windows.sysmon_operational,"Apr 6, 2024 @ 10:45:00.000",event,windows,Microsoft-Windows-Sysmon,end,x86_64,terminusk9,2cb7582e-6ac9-4585-97cc-ae60502e4f16,"fe80::1754:ed5c:491b:5546, 10.0.2.15",08-00-27-BF-A9-3A,terminusk9,19045.2965,windows,10.0.19041.2965 (WinBuild.160101.0800),Windows 10 Home,Windows 10 Home,windows,windows,10,winlog,information,"Process terminated:
RuleName: -
UtcTime: 2024-04-06 17:43:39.988
ProcessGuid: {2cb7582e-8987-6611-7400-000000000900}
ProcessId: 4156
Image: C:\Windows\System32\conhost.exe
User: NT AUTHORITY\SYSTEM",-,-,-,-,{2cb7582e-8987-6611-7400-000000000900},C:\Windows\System32\conhost.exe,C:\Windows\System32\conhost.exe,-,conhost.exe,conhost.exe,-,-,-,-,-,-,-,-,-,-,-,-,-,-,-,"4,156",-,-,-,SYSTEM,NT AUTHORITY,S-1-5-18,SYSTEM,SYSTEM,wineventlog,Microsoft-Windows-Sysmon/Operational,terminusk9,-,-,-,-,-,-,-,-,-,5,Info,"3,340","3,664",{5770385f-c22a-43e0-bf4c-06f5698ffbd9},Microsoft-Windows-Sysmon,185,Process terminated (rule: ProcessTerminate),NT AUTHORITY,S-1-5-18,SYSTEM,User,3,-,-,-,-
"Apr 6, 2024 @ 10:43:39.963",7649c11b-3a00-4241-b375-20762f70ba8f,7ffeba03-3080-43c7-a167-2b63dd853127,terminusk9,terminusk9,filebeat,8.13.1,windows.sysmon_operational,default,logs,8.0.0,7ffeba03-3080-43c7-a167-2b63dd853127,FALSE,8.13.1,Process terminated,verified,process,5,"Apr 6, 2024 @ 10:44:49.478",windows.sysmon_operational,"Apr 6, 2024 @ 10:45:00.000",event,windows,Microsoft-Windows-Sysmon,end,x86_64,terminusk9,2cb7582e-6ac9-4585-97cc-ae60502e4f16,"fe80::1754:ed5c:491b:5546, 10.0.2.15",08-00-27-BF-A9-3A,terminusk9,19045.2965,windows,10.0.19041.2965 (WinBuild.160101.0800),Windows 10 Home,Windows 10 Home,windows,windows,10,winlog,information,"Process terminated:
RuleName: -
UtcTime: 2024-04-06 17:43:39.963
ProcessGuid: {2cb7582e-8987-6611-7700-000000000900}
ProcessId: 4272
Image: C:\Windows\System32\conhost.exe
User: NT AUTHORITY\SYSTEM",-,-,-,-,{2cb7582e-8987-6611-7700-000000000900},C:\Windows\System32\conhost.exe,C:\Windows\System32\conhost.exe,-,conhost.exe,conhost.exe,-,-,-,-,-,-,-,-,-,-,-,-,-,-,-,"4,272",-,-,-,SYSTEM,NT AUTHORITY,S-1-5-18,SYSTEM,SYSTEM,wineventlog,Microsoft-Windows-Sysmon/Operational,terminusk9,-,-,-,-,-,-,-,-,-,5,Info,"3,340","3,664",{5770385f-c22a-43e0-bf4c-06f5698ffbd9},Microsoft-Windows-Sysmon,180,Process terminated (rule: ProcessTerminate),NT AUTHORITY,S-1-5-18,SYSTEM,User,3,-,-,-,-
"Apr 6, 2024 @ 10:43:39.963",7649c11b-3a00-4241-b375-20762f70ba8f,7ffeba03-3080-43c7-a167-2b63dd853127,terminusk9,terminusk9,filebeat,8.13.1,windows.sysmon_operational,default,logs,8.0.0,7ffeba03-3080-43c7-a167-2b63dd853127,FALSE,8.13.1,Process terminated,verified,process,5,"Apr 6, 2024 @ 10:44:49.479",windows.sysmon_operational,"Apr 6, 2024 @ 10:45:00.000",event,windows,Microsoft-Windows-Sysmon,end,x86_64,terminusk9,2cb7582e-6ac9-4585-97cc-ae60502e4f16,"fe80::1754:ed5c:491b:5546, 10.0.2.15",08-00-27-BF-A9-3A,terminusk9,19045.2965,windows,10.0.19041.2965 (WinBuild.160101.0800),Windows 10 Home,Windows 10 Home,windows,windows,10,winlog,information,"Process terminated:
RuleName: -
UtcTime: 2024-04-06 17:43:39.963
ProcessGuid: {2cb7582e-8982-6611-5a00-000000000900}
ProcessId: 1168
Image: C:\Program Files\Elastic\Agent\data\elastic-agent-8.13.1-379dfc\components\filebeat.exe
User: NT AUTHORITY\SYSTEM",-,-,-,-,{2cb7582e-8982-6611-5a00-000000000900},C:\Program Files\Elastic\Agent\data\elastic-agent-8.13.1-379dfc\components\filebeat.exe,C:\Program Files\Elastic\Agent\data\elastic-agent-8.13.1-379dfc\components\filebeat.exe,-,filebeat.exe,filebeat.exe,-,-,-,-,-,-,-,-,-,-,-,-,-,-,-,"1,168",-,-,-,SYSTEM,NT AUTHORITY,S-1-5-18,SYSTEM,SYSTEM,wineventlog,Microsoft-Windows-Sysmon/Operational,terminusk9,-,-,-,-,-,-,-,-,-,5,Info,"3,340","3,664",{5770385f-c22a-43e0-bf4c-06f5698ffbd9},Microsoft-Windows-Sysmon,181,Process terminated (rule: ProcessTerminate),NT AUTHORITY,S-1-5-18,SYSTEM,User,3,-,-,-,-
"Apr 6, 2024 @ 10:43:39.963",7649c11b-3a00-4241-b375-20762f70ba8f,7ffeba03-3080-43c7-a167-2b63dd853127,terminusk9,terminusk9,filebeat,8.13.1,windows.sysmon_operational,default,logs,8.0.0,7ffeba03-3080-43c7-a167-2b63dd853127,FALSE,8.13.1,Process terminated,verified,process,5,"Apr 6, 2024 @ 10:44:49.479",windows.sysmon_operational,"Apr 6, 2024 @ 10:45:00.000",event,windows,Microsoft-Windows-Sysmon,end,x86_64,terminusk9,2cb7582e-6ac9-4585-97cc-ae60502e4f16,"fe80::1754:ed5c:491b:5546, 10.0.2.15",08-00-27-BF-A9-3A,terminusk9,19045.2965,windows,10.0.19041.2965 (WinBuild.160101.0800),Windows 10 Home,Windows 10 Home,windows,windows,10,winlog,information,"Process terminated:
RuleName: -
UtcTime: 2024-04-06 17:43:39.963
ProcessGuid: {2cb7582e-8983-6611-6500-000000000900}
ProcessId: 4068
Image: C:\Program Files\Elastic\Agent\data\elastic-agent-8.13.1-379dfc\components\filebeat.exe
User: NT AUTHORITY\SYSTEM",-,-,-,-,{2cb7582e-8983-6611-6500-000000000900},C:\Program Files\Elastic\Agent\data\elastic-agent-8.13.1-379dfc\components\filebeat.exe,C:\Program Files\Elastic\Agent\data\elastic-agent-8.13.1-379dfc\components\filebeat.exe,-,filebeat.exe,filebeat.exe,-,-,-,-,-,-,-,-,-,-,-,-,-,-,-,"4,068",-,-,-,SYSTEM,NT AUTHORITY,S-1-5-18,SYSTEM,SYSTEM,wineventlog,Microsoft-Windows-Sysmon/Operational,terminusk9,-,-,-,-,-,-,-,-,-,5,Info,"3,340","3,664",{5770385f-c22a-43e0-bf4c-06f5698ffbd9},Microsoft-Windows-Sysmon,182,Process terminated (rule: ProcessTerminate),NT AUTHORITY,S-1-5-18,SYSTEM,User,3,-,-,-,-
"Apr 6, 2024 @ 10:43:39.963",7649c11b-3a00-4241-b375-20762f70ba8f,7ffeba03-3080-43c7-a167-2b63dd853127,terminusk9,terminusk9,filebeat,8.13.1,windows.sysmon_operational,default,logs,8.0.0,7ffeba03-3080-43c7-a167-2b63dd853127,FALSE,8.13.1,Process terminated,verified,process,5,"Apr 6, 2024 @ 10:44:49.479",windows.sysmon_operational,"Apr 6, 2024 @ 10:45:00.000",event,windows,Microsoft-Windows-Sysmon,end,x86_64,terminusk9,2cb7582e-6ac9-4585-97cc-ae60502e4f16,"fe80::1754:ed5c:491b:5546, 10.0.2.15",08-00-27-BF-A9-3A,terminusk9,19045.2965,windows,10.0.19041.2965 (WinBuild.160101.0800),Windows 10 Home,Windows 10 Home,windows,windows,10,winlog,information,"Process terminated:
RuleName: -
UtcTime: 2024-04-06 17:43:39.963
ProcessGuid: {2cb7582e-8985-6611-7300-000000000900}
ProcessId: 3988
Image: C:\Windows\System32\conhost.exe
User: NT AUTHORITY\SYSTEM",-,-,-,-,{2cb7582e-8985-6611-7300-000000000900},C:\Windows\System32\conhost.exe,C:\Windows\System32\conhost.exe,-,conhost.exe,conhost.exe,-,-,-,-,-,-,-,-,-,-,-,-,-,-,-,"3,988",-,-,-,SYSTEM,NT AUTHORITY,S-1-5-18,SYSTEM,SYSTEM,wineventlog,Microsoft-Windows-Sysmon/Operational,terminusk9,-,-,-,-,-,-,-,-,-,5,Info,"3,340","3,664",{5770385f-c22a-43e0-bf4c-06f5698ffbd9},Microsoft-Windows-Sysmon,183,Process terminated (rule: ProcessTerminate),NT AUTHORITY,S-1-5-18,SYSTEM,User,3,-,-,-,-
"Apr 6, 2024 @ 10:43:39.963",7649c11b-3a00-4241-b375-20762f70ba8f,7ffeba03-3080-43c7-a167-2b63dd853127,terminusk9,terminusk9,filebeat,8.13.1,windows.sysmon_operational,default,logs,8.0.0,7ffeba03-3080-43c7-a167-2b63dd853127,FALSE,8.13.1,Process terminated,verified,process,5,"Apr 6, 2024 @ 10:44:49.479",windows.sysmon_operational,"Apr 6, 2024 @ 10:45:00.000",event,windows,Microsoft-Windows-Sysmon,end,x86_64,terminusk9,2cb7582e-6ac9-4585-97cc-ae60502e4f16,"fe80::1754:ed5c:491b:5546, 10.0.2.15",08-00-27-BF-A9-3A,terminusk9,19045.2965,windows,10.0.19041.2965 (WinBuild.160101.0800),Windows 10 Home,Windows 10 Home,windows,windows,10,winlog,information,"Process terminated:
RuleName: -
UtcTime: 2024-04-06 17:43:39.963
ProcessGuid: {2cb7582e-8987-6611-7500-000000000900}
ProcessId: 4176
Image: C:\Windows\System32\conhost.exe
User: NT AUTHORITY\SYSTEM",-,-,-,-,{2cb7582e-8987-6611-7500-000000000900},C:\Windows\System32\conhost.exe,C:\Windows\System32\conhost.exe,-,conhost.exe,conhost.exe,-,-,-,-,-,-,-,-,-,-,-,-,-,-,-,"4,176",-,-,-,SYSTEM,NT AUTHORITY,S-1-5-18,SYSTEM,SYSTEM,wineventlog,Microsoft-Windows-Sysmon/Operational,terminusk9,-,-,-,-,-,-,-,-,-,5,Info,"3,340","3,664",{5770385f-c22a-43e0-bf4c-06f5698ffbd9},Microsoft-Windows-Sysmon,184,Process terminated (rule: ProcessTerminate),NT AUTHORITY,S-1-5-18,SYSTEM,User,3,-,-,-,-
"Apr 6, 2024 @ 10:43:39.961",7649c11b-3a00-4241-b375-20762f70ba8f,7ffeba03-3080-43c7-a167-2b63dd853127,terminusk9,terminusk9,filebeat,8.13.1,windows.sysmon_operational,default,logs,8.0.0,7ffeba03-3080-43c7-a167-2b63dd853127,FALSE,8.13.1,Process terminated,verified,process,5,"Apr 6, 2024 @ 10:44:49.478",windows.sysmon_operational,"Apr 6, 2024 @ 10:45:00.000",event,windows,Microsoft-Windows-Sysmon,end,x86_64,terminusk9,2cb7582e-6ac9-4585-97cc-ae60502e4f16,"fe80::1754:ed5c:491b:5546, 10.0.2.15",08-00-27-BF-A9-3A,terminusk9,19045.2965,windows,10.0.19041.2965 (WinBuild.160101.0800),Windows 10 Home,Windows 10 Home,windows,windows,10,winlog,information,"Process terminated:
RuleName: -
UtcTime: 2024-04-06 17:43:39.961
ProcessGuid: {2cb7582e-8984-6611-6800-000000000900}
ProcessId: 2744
Image: C:\Program Files\Elastic\Agent\data\elastic-agent-8.13.1-379dfc\components\metricbeat.exe
User: NT AUTHORITY\SYSTEM",-,-,-,-,{2cb7582e-8984-6611-6800-000000000900},C:\Program Files\Elastic\Agent\data\elastic-agent-8.13.1-379dfc\components\metricbeat.exe,C:\Program Files\Elastic\Agent\data\elastic-agent-8.13.1-379dfc\components\metricbeat.exe,-,metricbeat.exe,metricbeat.exe,-,-,-,-,-,-,-,-,-,-,-,-,-,-,-,"2,744",-,-,-,SYSTEM,NT AUTHORITY,S-1-5-18,SYSTEM,SYSTEM,wineventlog,Microsoft-Windows-Sysmon/Operational,terminusk9,-,-,-,-,-,-,-,-,-,5,Info,"3,340","3,664",{5770385f-c22a-43e0-bf4c-06f5698ffbd9},Microsoft-Windows-Sysmon,177,Process terminated (rule: ProcessTerminate),NT AUTHORITY,S-1-5-18,SYSTEM,User,3,-,-,-,-
"Apr 6, 2024 @ 10:43:39.961",7649c11b-3a00-4241-b375-20762f70ba8f,7ffeba03-3080-43c7-a167-2b63dd853127,terminusk9,terminusk9,filebeat,8.13.1,windows.sysmon_operational,default,logs,8.0.0,7ffeba03-3080-43c7-a167-2b63dd853127,FALSE,8.13.1,Process terminated,verified,process,5,"Apr 6, 2024 @ 10:44:49.478",windows.sysmon_operational,"Apr 6, 2024 @ 10:45:00.000",event,windows,Microsoft-Windows-Sysmon,end,x86_64,terminusk9,2cb7582e-6ac9-4585-97cc-ae60502e4f16,"fe80::1754:ed5c:491b:5546, 10.0.2.15",08-00-27-BF-A9-3A,terminusk9,19045.2965,windows,10.0.19041.2965 (WinBuild.160101.0800),Windows 10 Home,Windows 10 Home,windows,windows,10,winlog,information,"Process terminated:
RuleName: -
UtcTime: 2024-04-06 17:43:39.961
ProcessGuid: {2cb7582e-8981-6611-5800-000000000900}
ProcessId: 3864
Image: C:\Program Files\Elastic\Agent\data\elastic-agent-8.13.1-379dfc\components\filebeat.exe
User: NT AUTHORITY\SYSTEM",-,-,-,-,{2cb7582e-8981-6611-5800-000000000900},C:\Program Files\Elastic\Agent\data\elastic-agent-8.13.1-379dfc\components\filebeat.exe,C:\Program Files\Elastic\Agent\data\elastic-agent-8.13.1-379dfc\components\filebeat.exe,-,filebeat.exe,filebeat.exe,-,-,-,-,-,-,-,-,-,-,-,-,-,-,-,"3,864",-,-,-,SYSTEM,NT AUTHORITY,S-1-5-18,SYSTEM,SYSTEM,wineventlog,Microsoft-Windows-Sysmon/Operational,terminusk9,-,-,-,-,-,-,-,-,-,5,Info,"3,340","3,664",{5770385f-c22a-43e0-bf4c-06f5698ffbd9},Microsoft-Windows-Sysmon,178,Process terminated (rule: ProcessTerminate),NT AUTHORITY,S-1-5-18,SYSTEM,User,3,-,-,-,-
"Apr 6, 2024 @ 10:43:39.961",7649c11b-3a00-4241-b375-20762f70ba8f,7ffeba03-3080-43c7-a167-2b63dd853127,terminusk9,terminusk9,filebeat,8.13.1,windows.sysmon_operational,default,logs,8.0.0,7ffeba03-3080-43c7-a167-2b63dd853127,FALSE,8.13.1,Process terminated,verified,process,5,"Apr 6, 2024 @ 10:44:49.478",windows.sysmon_operational,"Apr 6, 2024 @ 10:45:00.000",event,windows,Microsoft-Windows-Sysmon,end,x86_64,terminusk9,2cb7582e-6ac9-4585-97cc-ae60502e4f16,"fe80::1754:ed5c:491b:5546, 10.0.2.15",08-00-27-BF-A9-3A,terminusk9,19045.2965,windows,10.0.19041.2965 (WinBuild.160101.0800),Windows 10 Home,Windows 10 Home,windows,windows,10,winlog,information,"Process terminated:
RuleName: -
UtcTime: 2024-04-06 17:43:39.961
ProcessGuid: {2cb7582e-8982-6611-5f00-000000000900}
ProcessId: 4044
Image: C:\Program Files\Elastic\Agent\data\elastic-agent-8.13.1-379dfc\components\metricbeat.exe
User: NT AUTHORITY\SYSTEM",-,-,-,-,{2cb7582e-8982-6611-5f00-000000000900},C:\Program Files\Elastic\Agent\data\elastic-agent-8.13.1-379dfc\components\metricbeat.exe,C:\Program Files\Elastic\Agent\data\elastic-agent-8.13.1-379dfc\components\metricbeat.exe,-,metricbeat.exe,metricbeat.exe,-,-,-,-,-,-,-,-,-,-,-,-,-,-,-,"4,044",-,-,-,SYSTEM,NT AUTHORITY,S-1-5-18,SYSTEM,SYSTEM,wineventlog,Microsoft-Windows-Sysmon/Operational,terminusk9,-,-,-,-,-,-,-,-,-,5,Info,"3,340","3,664",{5770385f-c22a-43e0-bf4c-06f5698ffbd9},Microsoft-Windows-Sysmon,179,Process terminated (rule: ProcessTerminate),NT AUTHORITY,S-1-5-18,SYSTEM,User,3,-,-,-,-
"Apr 6, 2024 @ 10:43:39.959",7649c11b-3a00-4241-b375-20762f70ba8f,7ffeba03-3080-43c7-a167-2b63dd853127,terminusk9,terminusk9,filebeat,8.13.1,windows.sysmon_operational,default,logs,8.0.0,7ffeba03-3080-43c7-a167-2b63dd853127,FALSE,8.13.1,Process terminated,verified,process,5,"Apr 6, 2024 @ 10:44:49.478",windows.sysmon_operational,"Apr 6, 2024 @ 10:45:00.000",event,windows,Microsoft-Windows-Sysmon,end,x86_64,terminusk9,2cb7582e-6ac9-4585-97cc-ae60502e4f16,"fe80::1754:ed5c:491b:5546, 10.0.2.15",08-00-27-BF-A9-3A,terminusk9,19045.2965,windows,10.0.19041.2965 (WinBuild.160101.0800),Windows 10 Home,Windows 10 Home,windows,windows,10,winlog,information,"Process terminated:
RuleName: -
UtcTime: 2024-04-06 17:43:39.959
ProcessGuid: {2cb7582e-8982-6611-6000-000000000900}
ProcessId: 2740
Image: C:\Program Files\Elastic\Agent\data\elastic-agent-8.13.1-379dfc\components\metricbeat.exe
User: NT AUTHORITY\SYSTEM",-,-,-,-,{2cb7582e-8982-6611-6000-000000000900},C:\Program Files\Elastic\Agent\data\elastic-agent-8.13.1-379dfc\components\metricbeat.exe,C:\Program Files\Elastic\Agent\data\elastic-agent-8.13.1-379dfc\components\metricbeat.exe,-,metricbeat.exe,metricbeat.exe,-,-,-,-,-,-,-,-,-,-,-,-,-,-,-,"2,740",-,-,-,SYSTEM,NT AUTHORITY,S-1-5-18,SYSTEM,SYSTEM,wineventlog,Microsoft-Windows-Sysmon/Operational,terminusk9,-,-,-,-,-,-,-,-,-,5,Info,"3,340","3,664",{5770385f-c22a-43e0-bf4c-06f5698ffbd9},Microsoft-Windows-Sysmon,176,Process terminated (rule: ProcessTerminate),NT AUTHORITY,S-1-5-18,SYSTEM,User,3,-,-,-,-
"Apr 6, 2024 @ 10:43:39.863",7649c11b-3a00-4241-b375-20762f70ba8f,7ffeba03-3080-43c7-a167-2b63dd853127,terminusk9,terminusk9,filebeat,8.13.1,windows.sysmon_operational,default,logs,8.0.0,7ffeba03-3080-43c7-a167-2b63dd853127,FALSE,8.13.1,Process terminated,verified,process,5,"Apr 6, 2024 @ 10:44:49.478",windows.sysmon_operational,"Apr 6, 2024 @ 10:45:00.000",event,windows,Microsoft-Windows-Sysmon,end,x86_64,terminusk9,2cb7582e-6ac9-4585-97cc-ae60502e4f16,"fe80::1754:ed5c:491b:5546, 10.0.2.15",08-00-27-BF-A9-3A,terminusk9,19045.2965,windows,10.0.19041.2965 (WinBuild.160101.0800),Windows 10 Home,Windows 10 Home,windows,windows,10,winlog,information,"Process terminated:
RuleName: -
UtcTime: 2024-04-06 17:43:39.863
ProcessGuid: {2cb7582e-8984-6611-6b00-000000000900}
ProcessId: 3820
Image: C:\Program Files\Elastic\Agent\data\elastic-agent-8.13.1-379dfc\components\metricbeat.exe
User: NT AUTHORITY\SYSTEM",-,-,-,-,{2cb7582e-8984-6611-6b00-000000000900},C:\Program Files\Elastic\Agent\data\elastic-agent-8.13.1-379dfc\components\metricbeat.exe,C:\Program Files\Elastic\Agent\data\elastic-agent-8.13.1-379dfc\components\metricbeat.exe,-,metricbeat.exe,metricbeat.exe,-,-,-,-,-,-,-,-,-,-,-,-,-,-,-,"3,820",-,-,-,SYSTEM,NT AUTHORITY,S-1-5-18,SYSTEM,SYSTEM,wineventlog,Microsoft-Windows-Sysmon/Operational,terminusk9,-,-,-,-,-,-,-,-,-,5,Info,"3,340","3,664",{5770385f-c22a-43e0-bf4c-06f5698ffbd9},Microsoft-Windows-Sysmon,175,Process terminated (rule: ProcessTerminate),NT AUTHORITY,S-1-5-18,SYSTEM,User,3,-,-,-,-
"Apr 6, 2024 @ 10:43:39.708",7649c11b-3a00-4241-b375-20762f70ba8f,7ffeba03-3080-43c7-a167-2b63dd853127,terminusk9,terminusk9,filebeat,8.13.1,windows.sysmon_operational,default,logs,8.0.0,7ffeba03-3080-43c7-a167-2b63dd853127,FALSE,8.13.1,Process terminated,verified,process,5,"Apr 6, 2024 @ 10:44:49.477",windows.sysmon_operational,"Apr 6, 2024 @ 10:45:00.000",event,windows,Microsoft-Windows-Sysmon,end,x86_64,terminusk9,2cb7582e-6ac9-4585-97cc-ae60502e4f16,"fe80::1754:ed5c:491b:5546, 10.0.2.15",08-00-27-BF-A9-3A,terminusk9,19045.2965,windows,10.0.19041.2965 (WinBuild.160101.0800),Windows 10 Home,Windows 10 Home,windows,windows,10,winlog,information,"Process terminated:
RuleName: -
UtcTime: 2024-04-06 17:43:39.708
ProcessGuid: {2cb7582e-8977-6611-4300-000000000900}
ProcessId: 2928
Image: C:\Windows\System32\svchost.exe
User: NT AUTHORITY\SYSTEM",-,-,-,-,{2cb7582e-8977-6611-4300-000000000900},C:\Windows\System32\svchost.exe,C:\Windows\System32\svchost.exe,-,svchost.exe,svchost.exe,-,-,-,-,-,-,-,-,-,-,-,-,-,-,-,"2,928",-,-,-,SYSTEM,NT AUTHORITY,S-1-5-18,SYSTEM,SYSTEM,wineventlog,Microsoft-Windows-Sysmon/Operational,terminusk9,-,-,-,-,-,-,-,-,-,5,Info,"3,340","3,664",{5770385f-c22a-43e0-bf4c-06f5698ffbd9},Microsoft-Windows-Sysmon,174,Process terminated (rule: ProcessTerminate),NT AUTHORITY,S-1-5-18,SYSTEM,User,3,-,-,-,-
"Apr 6, 2024 @ 10:43:39.377",7649c11b-3a00-4241-b375-20762f70ba8f,7ffeba03-3080-43c7-a167-2b63dd853127,terminusk9,terminusk9,filebeat,8.13.1,windows.sysmon_operational,default,logs,8.0.0,7ffeba03-3080-43c7-a167-2b63dd853127,FALSE,8.13.1,Process terminated,verified,process,5,"Apr 6, 2024 @ 10:44:48.118",windows.sysmon_operational,"Apr 6, 2024 @ 10:45:00.000",event,windows,Microsoft-Windows-Sysmon,end,x86_64,terminusk9,2cb7582e-6ac9-4585-97cc-ae60502e4f16,"fe80::1754:ed5c:491b:5546, 10.0.2.15",08-00-27-BF-A9-3A,terminusk9,19045.2965,windows,10.0.19041.2965 (WinBuild.160101.0800),Windows 10 Home,Windows 10 Home,windows,windows,10,winlog,information,"Process terminated:
RuleName: -
UtcTime: 2024-04-06 17:43:39.377
ProcessGuid: {2cb7582e-8975-6611-2800-000000000900}
ProcessId: 1720
Image: C:\Windows\servicing\TrustedInstaller.exe
User: NT AUTHORITY\SYSTEM",-,-,-,-,{2cb7582e-8975-6611-2800-000000000900},C:\Windows\servicing\TrustedInstaller.exe,C:\Windows\servicing\TrustedInstaller.exe,-,TrustedInstaller.exe,TrustedInstaller.exe,-,-,-,-,-,-,-,-,-,-,-,-,-,-,-,"1,720",-,-,-,SYSTEM,NT AUTHORITY,S-1-5-18,SYSTEM,SYSTEM,wineventlog,Microsoft-Windows-Sysmon/Operational,terminusk9,-,-,-,-,-,-,-,-,-,5,Info,"3,340","3,664",{5770385f-c22a-43e0-bf4c-06f5698ffbd9},Microsoft-Windows-Sysmon,173,Process terminated (rule: ProcessTerminate),NT AUTHORITY,S-1-5-18,SYSTEM,User,3,-,-,-,-
"Apr 6, 2024 @ 10:42:50.610",34a1b9d0-75a5-4267-9cb1-6ace1b693835,7ffeba03-3080-43c7-a167-2b63dd853127,terminusk9,terminusk9,filebeat,8.13.1,windows.sysmon_operational,default,logs,8.0.0,7ffeba03-3080-43c7-a167-2b63dd853127,FALSE,8.13.1,Process terminated,verified,process,5,"Apr 6, 2024 @ 10:42:52.605",windows.sysmon_operational,"Apr 6, 2024 @ 10:42:55.000",event,windows,Microsoft-Windows-Sysmon,end,x86_64,terminusk9,2cb7582e-6ac9-4585-97cc-ae60502e4f16,"fe80::1754:ed5c:491b:5546, 10.0.2.15",08-00-27-BF-A9-3A,terminusk9,19045.2965,windows,10.0.19041.2965 (WinBuild.160101.0800),Windows 10 Home,Windows 10 Home,windows,windows,10,winlog,information,"Process terminated:
RuleName: -
UtcTime: 2024-04-06 17:42:50.610
ProcessGuid: {2cb7582e-8975-6611-1e00-000000000900}
ProcessId: 1464
Image: C:\Windows\System32\svchost.exe
User: NT AUTHORITY\SYSTEM",-,-,-,-,{2cb7582e-8975-6611-1e00-000000000900},C:\Windows\System32\svchost.exe,C:\Windows\System32\svchost.exe,-,svchost.exe,svchost.exe,-,-,-,-,-,-,-,-,-,-,-,-,-,-,-,"1,464",-,-,-,SYSTEM,NT AUTHORITY,S-1-5-18,SYSTEM,SYSTEM,wineventlog,Microsoft-Windows-Sysmon/Operational,terminusk9,-,-,-,-,-,-,-,-,-,5,Info,"3,340","3,664",{5770385f-c22a-43e0-bf4c-06f5698ffbd9},Microsoft-Windows-Sysmon,172,Process terminated (rule: ProcessTerminate),NT AUTHORITY,S-1-5-18,SYSTEM,User,3,-,-,-,-
