"Apr 6, 2024 @ 10:42:28.103",34a1b9d0-75a5-4267-9cb1-6ace1b693835,7ffeba03-3080-43c7-a167-2b63dd853127,terminusk9,terminusk9,filebeat,8.13.1,windows.sysmon_operational,default,logs,8.0.0,7ffeba03-3080-43c7-a167-2b63dd853127,FALSE,8.13.1,Process creation,verified,process,1,"Apr 6, 2024 @ 10:42:35.293",windows.sysmon_operational,"Apr 6, 2024 @ 10:42:44.000",event,windows,Microsoft-Windows-Sysmon,start,x86_64,terminusk9,2cb7582e-6ac9-4585-97cc-ae60502e4f16,"fe80::1754:ed5c:491b:5546, 10.0.2.15",08-00-27-BF-A9-3A,terminusk9,19045.2965,windows,10.0.19041.2965 (WinBuild.160101.0800),Windows 10 Home,Windows 10 Home,windows,windows,10,winlog,information,"Process Create:
RuleName: -
UtcTime: 2024-04-06 17:42:28.103
ProcessGuid: {2cb7582e-8984-6611-6700-000000000900}
ProcessId: 2812
Image: C:\Windows\System32\conhost.exe
FileVersion: 10.0.19041.2546 (WinBuild.160101.0800)
Description: Console Window Host
Product: Microsoft® Windows® Operating System
Company: Microsoft Corporation
OriginalFileName: CONHOST.EXE
CommandLine: \??\C:\Windows\system32\conhost.exe 0xffffffff -ForceV1
CurrentDirectory: C:\Windows
User: NT AUTHORITY\SYSTEM
LogonGuid: {2cb7582e-8973-6611-e703-000000000000}
LogonId: 0x3E7
TerminalSessionId: 0
IntegrityLevel: System
Hashes: SHA256=A26A1FFB81A61281FFA55CB7778CC3FB0FF981704DE49F75F51F18B283FBA7A2
ParentProcessGuid: {2cb7582e-8984-6611-6600-000000000900}
ParentProcessId: 4036
ParentImage: C:\Windows\System32\wevtutil.exe
ParentCommandLine: C:\Windows\system32\wevtutil.exe uninstall-manifest ""C:\ProgramData\Microsoft\Windows Defender\platform\4.18.24030.9-0\Microsoft-Antimalware-RTP.man""
ParentUser: NT AUTHORITY\SYSTEM","\??\C:\Windows\system32\conhost.exe, 0xffffffff, -ForceV1",3,\??\C:\Windows\system32\conhost.exe 0xffffffff -ForceV1,\??\C:\Windows\system32\conhost.exe 0xffffffff -ForceV1,{2cb7582e-8984-6611-6700-000000000900},C:\Windows\System32\conhost.exe,C:\Windows\System32\conhost.exe,a26a1ffb81a61281ffa55cb7778cc3fb0ff981704de49f75f51f18b283fba7a2,conhost.exe,conhost.exe,"C:\Windows\system32\wevtutil.exe, uninstall-manifest, C:\ProgramData\Microsoft\Windows Defender\platform\4.18.24030.9-0\Microsoft-Antimalware-RTP.man",3,"C:\Windows\system32\wevtutil.exe uninstall-manifest ""C:\ProgramData\Microsoft\Windows Defender\platform\4.18.24030.9-0\Microsoft-Antimalware-RTP.man""","C:\Windows\system32\wevtutil.exe uninstall-manifest ""C:\ProgramData\Microsoft\Windows Defender\platform\4.18.24030.9-0\Microsoft-Antimalware-RTP.man""",{2cb7582e-8984-6611-6600-000000000900},C:\Windows\System32\wevtutil.exe,C:\Windows\System32\wevtutil.exe,wevtutil.exe,wevtutil.exe,"4,036",Microsoft Corporation,Console Window Host,10.0.19041.2546 (WinBuild.160101.0800),CONHOST.EXE,Microsoft® Windows® Operating System,"2,812",C:\Windows,C:\Windows,a26a1ffb81a61281ffa55cb7778cc3fb0ff981704de49f75f51f18b283fba7a2,SYSTEM,NT AUTHORITY,S-1-5-18,SYSTEM,SYSTEM,wineventlog,Microsoft-Windows-Sysmon/Operational,terminusk9,Microsoft Corporation,Console Window Host,10.0.19041.2546 (WinBuild.160101.0800),System,{2cb7582e-8973-6611-e703-000000000000},0x3e7,NT AUTHORITY\SYSTEM,Microsoft® Windows® Operating System,0,1,Info,"3,340","3,664",{5770385f-c22a-43e0-bf4c-06f5698ffbd9},Microsoft-Windows-Sysmon,139,Process Create (rule: ProcessCreate),NT AUTHORITY,S-1-5-18,SYSTEM,User,5,-,-,-,-
"Apr 6, 2024 @ 10:42:28.095",34a1b9d0-75a5-4267-9cb1-6ace1b693835,7ffeba03-3080-43c7-a167-2b63dd853127,terminusk9,terminusk9,filebeat,8.13.1,windows.sysmon_operational,default,logs,8.0.0,7ffeba03-3080-43c7-a167-2b63dd853127,FALSE,8.13.1,Process creation,verified,process,1,"Apr 6, 2024 @ 10:42:35.293",windows.sysmon_operational,"Apr 6, 2024 @ 10:42:44.000",event,windows,Microsoft-Windows-Sysmon,start,x86_64,terminusk9,2cb7582e-6ac9-4585-97cc-ae60502e4f16,"fe80::1754:ed5c:491b:5546, 10.0.2.15",08-00-27-BF-A9-3A,terminusk9,19045.2965,windows,10.0.19041.2965 (WinBuild.160101.0800),Windows 10 Home,Windows 10 Home,windows,windows,10,winlog,information,"Process Create:
RuleName: -
UtcTime: 2024-04-06 17:42:28.095
ProcessGuid: {2cb7582e-8984-6611-6600-000000000900}
ProcessId: 4036
Image: C:\Windows\System32\wevtutil.exe
FileVersion: 10.0.19041.2193 (WinBuild.160101.0800)
Description: Eventing Command Line Utility
Product: Microsoft® Windows® Operating System
Company: Microsoft Corporation
OriginalFileName: wevtutil.exe
CommandLine: C:\Windows\system32\wevtutil.exe uninstall-manifest ""C:\ProgramData\Microsoft\Windows Defender\platform\4.18.24030.9-0\Microsoft-Antimalware-RTP.man""
CurrentDirectory: C:\Windows\system32\
User: NT AUTHORITY\SYSTEM
LogonGuid: {2cb7582e-8973-6611-e703-000000000000}
LogonId: 0x3E7
TerminalSessionId: 0
IntegrityLevel: System
Hashes: SHA256=20DB4ABF4539D2E054FBADDE48078452A5A4ADBCA9EAEFF66ABA89F2C9164055
ParentProcessGuid: {2cb7582e-8978-6611-4700-000000000900}
ParentProcessId: 3264
ParentImage: C:\ProgramData\Microsoft\Windows Defender\Platform\4.18.24030.9-0\MsMpEng.exe
ParentCommandLine: ""C:\ProgramData\Microsoft\Windows Defender\platform\4.18.24030.9-0\MsMpEng.exe""
ParentUser: NT AUTHORITY\SYSTEM","C:\Windows\system32\wevtutil.exe, uninstall-manifest, C:\ProgramData\Microsoft\Windows Defender\platform\4.18.24030.9-0\Microsoft-Antimalware-RTP.man",3,"C:\Windows\system32\wevtutil.exe uninstall-manifest ""C:\ProgramData\Microsoft\Windows Defender\platform\4.18.24030.9-0\Microsoft-Antimalware-RTP.man""","C:\Windows\system32\wevtutil.exe uninstall-manifest ""C:\ProgramData\Microsoft\Windows Defender\platform\4.18.24030.9-0\Microsoft-Antimalware-RTP.man""",{2cb7582e-8984-6611-6600-000000000900},C:\Windows\System32\wevtutil.exe,C:\Windows\System32\wevtutil.exe,20db4abf4539d2e054fbadde48078452a5a4adbca9eaeff66aba89f2c9164055,wevtutil.exe,wevtutil.exe,C:\ProgramData\Microsoft\Windows Defender\platform\4.18.24030.9-0\MsMpEng.exe,1,"""C:\ProgramData\Microsoft\Windows Defender\platform\4.18.24030.9-0\MsMpEng.exe""","""C:\ProgramData\Microsoft\Windows Defender\platform\4.18.24030.9-0\MsMpEng.exe""",{2cb7582e-8978-6611-4700-000000000900},C:\ProgramData\Microsoft\Windows Defender\Platform\4.18.24030.9-0\MsMpEng.exe,C:\ProgramData\Microsoft\Windows Defender\Platform\4.18.24030.9-0\MsMpEng.exe,MsMpEng.exe,MsMpEng.exe,"3,264",Microsoft Corporation,Eventing Command Line Utility,10.0.19041.2193 (WinBuild.160101.0800),wevtutil.exe,Microsoft® Windows® Operating System,"4,036",C:\Windows\system32\,C:\Windows\system32\,20db4abf4539d2e054fbadde48078452a5a4adbca9eaeff66aba89f2c9164055,SYSTEM,NT AUTHORITY,S-1-5-18,SYSTEM,SYSTEM,wineventlog,Microsoft-Windows-Sysmon/Operational,terminusk9,Microsoft Corporation,Eventing Command Line Utility,10.0.19041.2193 (WinBuild.160101.0800),System,{2cb7582e-8973-6611-e703-000000000000},0x3e7,NT AUTHORITY\SYSTEM,Microsoft® Windows® Operating System,0,1,Info,"3,340","3,664",{5770385f-c22a-43e0-bf4c-06f5698ffbd9},Microsoft-Windows-Sysmon,138,Process Create (rule: ProcessCreate),NT AUTHORITY,S-1-5-18,SYSTEM,User,5,-,-,-,-
"Apr 6, 2024 @ 10:42:28.073",34a1b9d0-75a5-4267-9cb1-6ace1b693835,7ffeba03-3080-43c7-a167-2b63dd853127,terminusk9,terminusk9,filebeat,8.13.1,windows.sysmon_operational,default,logs,8.0.0,7ffeba03-3080-43c7-a167-2b63dd853127,FALSE,8.13.1,Process terminated,verified,process,5,"Apr 6, 2024 @ 10:42:35.293",windows.sysmon_operational,"Apr 6, 2024 @ 10:42:44.000",event,windows,Microsoft-Windows-Sysmon,end,x86_64,terminusk9,2cb7582e-6ac9-4585-97cc-ae60502e4f16,"fe80::1754:ed5c:491b:5546, 10.0.2.15",08-00-27-BF-A9-3A,terminusk9,19045.2965,windows,10.0.19041.2965 (WinBuild.160101.0800),Windows 10 Home,Windows 10 Home,windows,windows,10,winlog,information,"Process terminated:
RuleName: -
UtcTime: 2024-04-06 17:42:28.073
ProcessGuid: {2cb7582e-8983-6611-6300-000000000900}
ProcessId: 3336
Image: C:\Windows\System32\wevtutil.exe
User: NT AUTHORITY\SYSTEM",-,-,-,-,{2cb7582e-8983-6611-6300-000000000900},C:\Windows\System32\wevtutil.exe,C:\Windows\System32\wevtutil.exe,-,wevtutil.exe,wevtutil.exe,-,-,-,-,-,-,-,-,-,-,-,-,-,-,-,"3,336",-,-,-,SYSTEM,NT AUTHORITY,S-1-5-18,SYSTEM,SYSTEM,wineventlog,Microsoft-Windows-Sysmon/Operational,terminusk9,-,-,-,-,-,-,-,-,-,5,Info,"3,340","3,664",{5770385f-c22a-43e0-bf4c-06f5698ffbd9},Microsoft-Windows-Sysmon,136,Process terminated (rule: ProcessTerminate),NT AUTHORITY,S-1-5-18,SYSTEM,User,3,-,-,-,-
"Apr 6, 2024 @ 10:42:28.073",34a1b9d0-75a5-4267-9cb1-6ace1b693835,7ffeba03-3080-43c7-a167-2b63dd853127,terminusk9,terminusk9,filebeat,8.13.1,windows.sysmon_operational,default,logs,8.0.0,7ffeba03-3080-43c7-a167-2b63dd853127,FALSE,8.13.1,Process terminated,verified,process,5,"Apr 6, 2024 @ 10:42:35.293",windows.sysmon_operational,"Apr 6, 2024 @ 10:42:44.000",event,windows,Microsoft-Windows-Sysmon,end,x86_64,terminusk9,2cb7582e-6ac9-4585-97cc-ae60502e4f16,"fe80::1754:ed5c:491b:5546, 10.0.2.15",08-00-27-BF-A9-3A,terminusk9,19045.2965,windows,10.0.19041.2965 (WinBuild.160101.0800),Windows 10 Home,Windows 10 Home,windows,windows,10,winlog,information,"Process terminated:
RuleName: -
UtcTime: 2024-04-06 17:42:28.073
ProcessGuid: {2cb7582e-8983-6611-6400-000000000900}
ProcessId: 4092
Image: C:\Windows\System32\conhost.exe
User: NT AUTHORITY\SYSTEM",-,-,-,-,{2cb7582e-8983-6611-6400-000000000900},C:\Windows\System32\conhost.exe,C:\Windows\System32\conhost.exe,-,conhost.exe,conhost.exe,-,-,-,-,-,-,-,-,-,-,-,-,-,-,-,"4,092",-,-,-,SYSTEM,NT AUTHORITY,S-1-5-18,SYSTEM,SYSTEM,wineventlog,Microsoft-Windows-Sysmon/Operational,terminusk9,-,-,-,-,-,-,-,-,-,5,Info,"3,340","3,664",{5770385f-c22a-43e0-bf4c-06f5698ffbd9},Microsoft-Windows-Sysmon,137,Process terminated (rule: ProcessTerminate),NT AUTHORITY,S-1-5-18,SYSTEM,User,3,-,-,-,-
"Apr 6, 2024 @ 10:42:27.692",34a1b9d0-75a5-4267-9cb1-6ace1b693835,7ffeba03-3080-43c7-a167-2b63dd853127,terminusk9,terminusk9,filebeat,8.13.1,windows.sysmon_operational,default,logs,8.0.0,7ffeba03-3080-43c7-a167-2b63dd853127,FALSE,8.13.1,Process creation,verified,process,1,"Apr 6, 2024 @ 10:42:35.298",windows.sysmon_operational,"Apr 6, 2024 @ 10:42:44.000",event,windows,Microsoft-Windows-Sysmon,start,x86_64,terminusk9,2cb7582e-6ac9-4585-97cc-ae60502e4f16,"fe80::1754:ed5c:491b:5546, 10.0.2.15",08-00-27-BF-A9-3A,terminusk9,19045.2965,windows,10.0.19041.2965 (WinBuild.160101.0800),Windows 10 Home,Windows 10 Home,windows,windows,10,winlog,information,"Process Create:
RuleName: -
UtcTime: 2024-04-06 17:42:27.692
ProcessGuid: {2cb7582e-8983-6611-6500-000000000900}
ProcessId: 4068
Image: C:\Program Files\Elastic\Agent\data\elastic-agent-8.13.1-379dfc\components\filebeat.exe
FileVersion: 8.13.1
Description: Filebeat sends log files to Logstash or directly to Elasticsearch.
Product: Filebeat
Company: Elastic
OriginalFileName: filebeat.exe
CommandLine: ""C:\Program Files\Elastic\Agent\data\elastic-agent-8.13.1-379dfc\components\filebeat.exe"" -E setup.ilm.enabled=false -E setup.template.enabled=false -E management.enabled=true -E management.restart_on_output_change=true -E logging.level=info -E logging.to_stderr=true -E gc_percent=${FILEBEAT_GOGC:100} -E filebeat.config.modules.enabled=false -E http.enabled=true -E http.host=npipe:///xTEtpJ7117ppc6OYvJCaYHbDW8mLjXGe.sock -E ""path.data=C:\Program Files\Elastic\Agent\data\elastic-agent-8.13.1-379dfc\run\filestream-monitoring""
CurrentDirectory: C:\Program Files\Elastic\Agent\data\elastic-agent-8.13.1-379dfc\run\filestream-monitoring\
User: NT AUTHORITY\SYSTEM
LogonGuid: {2cb7582e-8973-6611-e703-000000000000}
LogonId: 0x3E7
TerminalSessionId: 0
IntegrityLevel: System
Hashes: SHA256=C1785E1CC7DB81291EC6405DE40DA27E49ED42201D8BF0D20B0EEC2DCB236CD1
ParentProcessGuid: {2cb7582e-8978-6611-4c00-000000000900}
ParentProcessId: 3436
ParentImage: C:\Program Files\Elastic\Agent\data\elastic-agent-8.13.1-379dfc\elastic-agent.exe
ParentCommandLine: ""C:\Program Files\Elastic\Agent\elastic-agent.exe""
ParentUser: NT AUTHORITY\SYSTEM","C:\Program Files\Elastic\Agent\data\elastic-agent-8.13.1-379dfc\components\filebeat.exe, -E, setup.ilm.enabled=false, -E, setup.template.enabled=false, -E, management.enabled=true, -E, management.restart_on_output_change=true, -E, logging.level=info, -E, logging.to_stderr=true, -E, gc_percent=${FILEBEAT_GOGC:100}, -E, filebeat.config.modules.enabled=false, -E, http.enabled=true, -E, http.host=npipe:///xTEtpJ7117ppc6OYvJCaYHbDW8mLjXGe.sock, -E, path.data=C:\Program Files\Elastic\Agent\data\elastic-agent-8.13.1-379dfc\run\filestream-monitoring",23,"""C:\Program Files\Elastic\Agent\data\elastic-agent-8.13.1-379dfc\components\filebeat.exe"" -E setup.ilm.enabled=false -E setup.template.enabled=false -E management.enabled=true -E management.restart_on_output_change=true -E logging.level=info -E logging.to_stderr=true -E gc_percent=${FILEBEAT_GOGC:100} -E filebeat.config.modules.enabled=false -E http.enabled=true -E http.host=npipe:///xTEtpJ7117ppc6OYvJCaYHbDW8mLjXGe.sock -E ""path.data=C:\Program Files\Elastic\Agent\data\elastic-agent-8.13.1-379dfc\run\filestream-monitoring""","""C:\Program Files\Elastic\Agent\data\elastic-agent-8.13.1-379dfc\components\filebeat.exe"" -E setup.ilm.enabled=false -E setup.template.enabled=false -E management.enabled=true -E management.restart_on_output_change=true -E logging.level=info -E logging.to_stderr=true -E gc_percent=${FILEBEAT_GOGC:100} -E filebeat.config.modules.enabled=false -E http.enabled=true -E http.host=npipe:///xTEtpJ7117ppc6OYvJCaYHbDW8mLjXGe.sock -E ""path.data=C:\Program Files\Elastic\Agent\data\elastic-agent-8.13.1-379dfc\run\filestream-monitoring""",{2cb7582e-8983-6611-6500-000000000900},C:\Program Files\Elastic\Agent\data\elastic-agent-8.13.1-379dfc\components\filebeat.exe,C:\Program Files\Elastic\Agent\data\elastic-agent-8.13.1-379dfc\components\filebeat.exe,c1785e1cc7db81291ec6405de40da27e49ed42201d8bf0d20b0eec2dcb236cd1,filebeat.exe,filebeat.exe,C:\Program Files\Elastic\Agent\elastic-agent.exe,1,"""C:\Program Files\Elastic\Agent\elastic-agent.exe""","""C:\Program Files\Elastic\Agent\elastic-agent.exe""",{2cb7582e-8978-6611-4c00-000000000900},C:\Program Files\Elastic\Agent\data\elastic-agent-8.13.1-379dfc\elastic-agent.exe,C:\Program Files\Elastic\Agent\data\elastic-agent-8.13.1-379dfc\elastic-agent.exe,elastic-agent.exe,elastic-agent.exe,"3,436",Elastic,Filebeat sends log files to Logstash or directly to Elasticsearch.,8.13.1,filebeat.exe,Filebeat,"4,068",C:\Program Files\Elastic\Agent\data\elastic-agent-8.13.1-379dfc\run\filestream-monitoring\,C:\Program Files\Elastic\Agent\data\elastic-agent-8.13.1-379dfc\run\filestream-monitoring\,c1785e1cc7db81291ec6405de40da27e49ed42201d8bf0d20b0eec2dcb236cd1,SYSTEM,NT AUTHORITY,S-1-5-18,SYSTEM,SYSTEM,wineventlog,Microsoft-Windows-Sysmon/Operational,terminusk9,Elastic,Filebeat sends log files to Logstash or directly to Elasticsearch.,8.13.1,System,{2cb7582e-8973-6611-e703-000000000000},0x3e7,NT AUTHORITY\SYSTEM,Filebeat,0,1,Info,"3,340","3,664",{5770385f-c22a-43e0-bf4c-06f5698ffbd9},Microsoft-Windows-Sysmon,152,Process Create (rule: ProcessCreate),NT AUTHORITY,S-1-5-18,SYSTEM,User,5,-,-,-,-
"Apr 6, 2024 @ 10:42:27.498",34a1b9d0-75a5-4267-9cb1-6ace1b693835,7ffeba03-3080-43c7-a167-2b63dd853127,terminusk9,terminusk9,filebeat,8.13.1,windows.sysmon_operational,default,logs,8.0.0,7ffeba03-3080-43c7-a167-2b63dd853127,FALSE,8.13.1,Process creation,verified,process,1,"Apr 6, 2024 @ 10:42:35.293",windows.sysmon_operational,"Apr 6, 2024 @ 10:42:44.000",event,windows,Microsoft-Windows-Sysmon,start,x86_64,terminusk9,2cb7582e-6ac9-4585-97cc-ae60502e4f16,"fe80::1754:ed5c:491b:5546, 10.0.2.15",08-00-27-BF-A9-3A,terminusk9,19045.2965,windows,10.0.19041.2965 (WinBuild.160101.0800),Windows 10 Home,Windows 10 Home,windows,windows,10,winlog,information,"Process Create:
RuleName: -
UtcTime: 2024-04-06 17:42:27.498
ProcessGuid: {2cb7582e-8983-6611-6400-000000000900}
ProcessId: 4092
Image: C:\Windows\System32\conhost.exe
FileVersion: 10.0.19041.2546 (WinBuild.160101.0800)
Description: Console Window Host
Product: Microsoft® Windows® Operating System
Company: Microsoft Corporation
OriginalFileName: CONHOST.EXE
CommandLine: \??\C:\Windows\system32\conhost.exe 0xffffffff -ForceV1
CurrentDirectory: C:\Windows
User: NT AUTHORITY\SYSTEM
LogonGuid: {2cb7582e-8973-6611-e703-000000000000}
LogonId: 0x3E7
TerminalSessionId: 0
IntegrityLevel: System
Hashes: SHA256=A26A1FFB81A61281FFA55CB7778CC3FB0FF981704DE49F75F51F18B283FBA7A2
ParentProcessGuid: {2cb7582e-8983-6611-6300-000000000900}
ParentProcessId: 3336
ParentImage: C:\Windows\System32\wevtutil.exe
ParentCommandLine: C:\Windows\system32\wevtutil.exe install-manifest ""C:\ProgramData\Microsoft\Windows Defender\platform\4.18.24030.9-0\Microsoft-Antimalware-NIS.man"" ""/resourceFilePath:C:\ProgramData\Microsoft\Windows Defender\platform\4.18.24030.9-0\NisSrv.exe"" ""/messageFilePath:C:\ProgramData\Microsoft\Windows Defender\platform\4.18.24030.9-0\NisSrv.exe"" ""/parameterFilePath:C:\ProgramData\Microsoft\Windows Defender\platform\4.18.24030.9-0\NisSrv.exe""
ParentUser: NT AUTHORITY\SYSTEM","\??\C:\Windows\system32\conhost.exe, 0xffffffff, -ForceV1",3,\??\C:\Windows\system32\conhost.exe 0xffffffff -ForceV1,\??\C:\Windows\system32\conhost.exe 0xffffffff -ForceV1,{2cb7582e-8983-6611-6400-000000000900},C:\Windows\System32\conhost.exe,C:\Windows\System32\conhost.exe,a26a1ffb81a61281ffa55cb7778cc3fb0ff981704de49f75f51f18b283fba7a2,conhost.exe,conhost.exe,"C:\Windows\system32\wevtutil.exe, install-manifest, C:\ProgramData\Microsoft\Windows Defender\platform\4.18.24030.9-0\Microsoft-Antimalware-NIS.man, /resourceFilePath:C:\ProgramData\Microsoft\Windows Defender\platform\4.18.24030.9-0\NisSrv.exe, /messageFilePath:C:\ProgramData\Microsoft\Windows Defender\platform\4.18.24030.9-0\NisSrv.exe, /parameterFilePath:C:\ProgramData\Microsoft\Windows Defender\platform\4.18.24030.9-0\NisSrv.exe",6,"C:\Windows\system32\wevtutil.exe install-manifest ""C:\ProgramData\Microsoft\Windows Defender\platform\4.18.24030.9-0\Microsoft-Antimalware-NIS.man"" ""/resourceFilePath:C:\ProgramData\Microsoft\Windows Defender\platform\4.18.24030.9-0\NisSrv.exe"" ""/messageFilePath:C:\ProgramData\Microsoft\Windows Defender\platform\4.18.24030.9-0\NisSrv.exe"" ""/parameterFilePath:C:\ProgramData\Microsoft\Windows Defender\platform\4.18.24030.9-0\NisSrv.exe""","C:\Windows\system32\wevtutil.exe install-manifest ""C:\ProgramData\Microsoft\Windows Defender\platform\4.18.24030.9-0\Microsoft-Antimalware-NIS.man"" ""/resourceFilePath:C:\ProgramData\Microsoft\Windows Defender\platform\4.18.24030.9-0\NisSrv.exe"" ""/messageFilePath:C:\ProgramData\Microsoft\Windows Defender\platform\4.18.24030.9-0\NisSrv.exe"" ""/parameterFilePath:C:\ProgramData\Microsoft\Windows Defender\platform\4.18.24030.9-0\NisSrv.exe""",{2cb7582e-8983-6611-6300-000000000900},C:\Windows\System32\wevtutil.exe,C:\Windows\System32\wevtutil.exe,wevtutil.exe,wevtutil.exe,"3,336",Microsoft Corporation,Console Window Host,10.0.19041.2546 (WinBuild.160101.0800),CONHOST.EXE,Microsoft® Windows® Operating System,"4,092",C:\Windows,C:\Windows,a26a1ffb81a61281ffa55cb7778cc3fb0ff981704de49f75f51f18b283fba7a2,SYSTEM,NT AUTHORITY,S-1-5-18,SYSTEM,SYSTEM,wineventlog,Microsoft-Windows-Sysmon/Operational,terminusk9,Microsoft Corporation,Console Window Host,10.0.19041.2546 (WinBuild.160101.0800),System,{2cb7582e-8973-6611-e703-000000000000},0x3e7,NT AUTHORITY\SYSTEM,Microsoft® Windows® Operating System,0,1,Info,"3,340","3,664",{5770385f-c22a-43e0-bf4c-06f5698ffbd9},Microsoft-Windows-Sysmon,135,Process Create (rule: ProcessCreate),NT AUTHORITY,S-1-5-18,SYSTEM,User,5,-,-,-,-
"Apr 6, 2024 @ 10:42:27.490",34a1b9d0-75a5-4267-9cb1-6ace1b693835,7ffeba03-3080-43c7-a167-2b63dd853127,terminusk9,terminusk9,filebeat,8.13.1,windows.sysmon_operational,default,logs,8.0.0,7ffeba03-3080-43c7-a167-2b63dd853127,FALSE,8.13.1,Process creation,verified,process,1,"Apr 6, 2024 @ 10:42:35.293",windows.sysmon_operational,"Apr 6, 2024 @ 10:42:44.000",event,windows,Microsoft-Windows-Sysmon,start,x86_64,terminusk9,2cb7582e-6ac9-4585-97cc-ae60502e4f16,"fe80::1754:ed5c:491b:5546, 10.0.2.15",08-00-27-BF-A9-3A,terminusk9,19045.2965,windows,10.0.19041.2965 (WinBuild.160101.0800),Windows 10 Home,Windows 10 Home,windows,windows,10,winlog,information,"Process Create:
RuleName: -
UtcTime: 2024-04-06 17:42:27.490
ProcessGuid: {2cb7582e-8983-6611-6300-000000000900}
ProcessId: 3336
Image: C:\Windows\System32\wevtutil.exe
FileVersion: 10.0.19041.2193 (WinBuild.160101.0800)
Description: Eventing Command Line Utility
Product: Microsoft® Windows® Operating System
Company: Microsoft Corporation
OriginalFileName: wevtutil.exe
CommandLine: C:\Windows\system32\wevtutil.exe install-manifest ""C:\ProgramData\Microsoft\Windows Defender\platform\4.18.24030.9-0\Microsoft-Antimalware-NIS.man"" ""/resourceFilePath:C:\ProgramData\Microsoft\Windows Defender\platform\4.18.24030.9-0\NisSrv.exe"" ""/messageFilePath:C:\ProgramData\Microsoft\Windows Defender\platform\4.18.24030.9-0\NisSrv.exe"" ""/parameterFilePath:C:\ProgramData\Microsoft\Windows Defender\platform\4.18.24030.9-0\NisSrv.exe""
CurrentDirectory: C:\Windows\system32\
User: NT AUTHORITY\SYSTEM
LogonGuid: {2cb7582e-8973-6611-e703-000000000000}
LogonId: 0x3E7
TerminalSessionId: 0
IntegrityLevel: System
Hashes: SHA256=20DB4ABF4539D2E054FBADDE48078452A5A4ADBCA9EAEFF66ABA89F2C9164055
ParentProcessGuid: {2cb7582e-8978-6611-4700-000000000900}
ParentProcessId: 3264
ParentImage: C:\ProgramData\Microsoft\Windows Defender\Platform\4.18.24030.9-0\MsMpEng.exe
ParentCommandLine: ""C:\ProgramData\Microsoft\Windows Defender\platform\4.18.24030.9-0\MsMpEng.exe""
ParentUser: NT AUTHORITY\SYSTEM","C:\Windows\system32\wevtutil.exe, install-manifest, C:\ProgramData\Microsoft\Windows Defender\platform\4.18.24030.9-0\Microsoft-Antimalware-NIS.man, /resourceFilePath:C:\ProgramData\Microsoft\Windows Defender\platform\4.18.24030.9-0\NisSrv.exe, /messageFilePath:C:\ProgramData\Microsoft\Windows Defender\platform\4.18.24030.9-0\NisSrv.exe, /parameterFilePath:C:\ProgramData\Microsoft\Windows Defender\platform\4.18.24030.9-0\NisSrv.exe",6,"C:\Windows\system32\wevtutil.exe install-manifest ""C:\ProgramData\Microsoft\Windows Defender\platform\4.18.24030.9-0\Microsoft-Antimalware-NIS.man"" ""/resourceFilePath:C:\ProgramData\Microsoft\Windows Defender\platform\4.18.24030.9-0\NisSrv.exe"" ""/messageFilePath:C:\ProgramData\Microsoft\Windows Defender\platform\4.18.24030.9-0\NisSrv.exe"" ""/parameterFilePath:C:\ProgramData\Microsoft\Windows Defender\platform\4.18.24030.9-0\NisSrv.exe""","C:\Windows\system32\wevtutil.exe install-manifest ""C:\ProgramData\Microsoft\Windows Defender\platform\4.18.24030.9-0\Microsoft-Antimalware-NIS.man"" ""/resourceFilePath:C:\ProgramData\Microsoft\Windows Defender\platform\4.18.24030.9-0\NisSrv.exe"" ""/messageFilePath:C:\ProgramData\Microsoft\Windows Defender\platform\4.18.24030.9-0\NisSrv.exe"" ""/parameterFilePath:C:\ProgramData\Microsoft\Windows Defender\platform\4.18.24030.9-0\NisSrv.exe""",{2cb7582e-8983-6611-6300-000000000900},C:\Windows\System32\wevtutil.exe,C:\Windows\System32\wevtutil.exe,20db4abf4539d2e054fbadde48078452a5a4adbca9eaeff66aba89f2c9164055,wevtutil.exe,wevtutil.exe,C:\ProgramData\Microsoft\Windows Defender\platform\4.18.24030.9-0\MsMpEng.exe,1,"""C:\ProgramData\Microsoft\Windows Defender\platform\4.18.24030.9-0\MsMpEng.exe""","""C:\ProgramData\Microsoft\Windows Defender\platform\4.18.24030.9-0\MsMpEng.exe""",{2cb7582e-8978-6611-4700-000000000900},C:\ProgramData\Microsoft\Windows Defender\Platform\4.18.24030.9-0\MsMpEng.exe,C:\ProgramData\Microsoft\Windows Defender\Platform\4.18.24030.9-0\MsMpEng.exe,MsMpEng.exe,MsMpEng.exe,"3,264",Microsoft Corporation,Eventing Command Line Utility,10.0.19041.2193 (WinBuild.160101.0800),wevtutil.exe,Microsoft® Windows® Operating System,"3,336",C:\Windows\system32\,C:\Windows\system32\,20db4abf4539d2e054fbadde48078452a5a4adbca9eaeff66aba89f2c9164055,SYSTEM,NT AUTHORITY,S-1-5-18,SYSTEM,SYSTEM,wineventlog,Microsoft-Windows-Sysmon/Operational,terminusk9,Microsoft Corporation,Eventing Command Line Utility,10.0.19041.2193 (WinBuild.160101.0800),System,{2cb7582e-8973-6611-e703-000000000000},0x3e7,NT AUTHORITY\SYSTEM,Microsoft® Windows® Operating System,0,1,Info,"3,340","3,664",{5770385f-c22a-43e0-bf4c-06f5698ffbd9},Microsoft-Windows-Sysmon,133,Process Create (rule: ProcessCreate),NT AUTHORITY,S-1-5-18,SYSTEM,User,5,-,-,-,-
"Apr 6, 2024 @ 10:42:27.485",34a1b9d0-75a5-4267-9cb1-6ace1b693835,7ffeba03-3080-43c7-a167-2b63dd853127,terminusk9,terminusk9,filebeat,8.13.1,windows.sysmon_operational,default,logs,8.0.0,7ffeba03-3080-43c7-a167-2b63dd853127,FALSE,8.13.1,Process terminated,verified,process,5,"Apr 6, 2024 @ 10:42:35.293",windows.sysmon_operational,"Apr 6, 2024 @ 10:42:44.000",event,windows,Microsoft-Windows-Sysmon,end,x86_64,terminusk9,2cb7582e-6ac9-4585-97cc-ae60502e4f16,"fe80::1754:ed5c:491b:5546, 10.0.2.15",08-00-27-BF-A9-3A,terminusk9,19045.2965,windows,10.0.19041.2965 (WinBuild.160101.0800),Windows 10 Home,Windows 10 Home,windows,windows,10,winlog,information,"Process terminated:
RuleName: -
UtcTime: 2024-04-06 17:42:27.485
ProcessGuid: {2cb7582e-8983-6611-6200-000000000900}
ProcessId: 3920
Image: C:\Windows\System32\conhost.exe
User: NT AUTHORITY\SYSTEM",-,-,-,-,{2cb7582e-8983-6611-6200-000000000900},C:\Windows\System32\conhost.exe,C:\Windows\System32\conhost.exe,-,conhost.exe,conhost.exe,-,-,-,-,-,-,-,-,-,-,-,-,-,-,-,"3,920",-,-,-,SYSTEM,NT AUTHORITY,S-1-5-18,SYSTEM,SYSTEM,wineventlog,Microsoft-Windows-Sysmon/Operational,terminusk9,-,-,-,-,-,-,-,-,-,5,Info,"3,340","3,664",{5770385f-c22a-43e0-bf4c-06f5698ffbd9},Microsoft-Windows-Sysmon,134,Process terminated (rule: ProcessTerminate),NT AUTHORITY,S-1-5-18,SYSTEM,User,3,-,-,-,-
"Apr 6, 2024 @ 10:42:27.453",34a1b9d0-75a5-4267-9cb1-6ace1b693835,7ffeba03-3080-43c7-a167-2b63dd853127,terminusk9,terminusk9,filebeat,8.13.1,windows.sysmon_operational,default,logs,8.0.0,7ffeba03-3080-43c7-a167-2b63dd853127,FALSE,8.13.1,Process terminated,verified,process,5,"Apr 6, 2024 @ 10:42:35.293",windows.sysmon_operational,"Apr 6, 2024 @ 10:42:44.000",event,windows,Microsoft-Windows-Sysmon,end,x86_64,terminusk9,2cb7582e-6ac9-4585-97cc-ae60502e4f16,"fe80::1754:ed5c:491b:5546, 10.0.2.15",08-00-27-BF-A9-3A,terminusk9,19045.2965,windows,10.0.19041.2965 (WinBuild.160101.0800),Windows 10 Home,Windows 10 Home,windows,windows,10,winlog,information,"Process terminated:
RuleName: -
UtcTime: 2024-04-06 17:42:27.453
ProcessGuid: {2cb7582e-8983-6611-6100-000000000900}
ProcessId: 3960
Image: C:\Windows\System32\wevtutil.exe
User: NT AUTHORITY\SYSTEM",-,-,-,-,{2cb7582e-8983-6611-6100-000000000900},C:\Windows\System32\wevtutil.exe,C:\Windows\System32\wevtutil.exe,-,wevtutil.exe,wevtutil.exe,-,-,-,-,-,-,-,-,-,-,-,-,-,-,-,"3,960",-,-,-,SYSTEM,NT AUTHORITY,S-1-5-18,SYSTEM,SYSTEM,wineventlog,Microsoft-Windows-Sysmon/Operational,terminusk9,-,-,-,-,-,-,-,-,-,5,Info,"3,340","3,664",{5770385f-c22a-43e0-bf4c-06f5698ffbd9},Microsoft-Windows-Sysmon,132,Process terminated (rule: ProcessTerminate),NT AUTHORITY,S-1-5-18,SYSTEM,User,3,-,-,-,-
"Apr 6, 2024 @ 10:42:27.209",34a1b9d0-75a5-4267-9cb1-6ace1b693835,7ffeba03-3080-43c7-a167-2b63dd853127,terminusk9,terminusk9,filebeat,8.13.1,windows.sysmon_operational,default,logs,8.0.0,7ffeba03-3080-43c7-a167-2b63dd853127,FALSE,8.13.1,Process creation,verified,process,1,"Apr 6, 2024 @ 10:42:35.293",windows.sysmon_operational,"Apr 6, 2024 @ 10:42:44.000",event,windows,Microsoft-Windows-Sysmon,start,x86_64,terminusk9,2cb7582e-6ac9-4585-97cc-ae60502e4f16,"fe80::1754:ed5c:491b:5546, 10.0.2.15",08-00-27-BF-A9-3A,terminusk9,19045.2965,windows,10.0.19041.2965 (WinBuild.160101.0800),Windows 10 Home,Windows 10 Home,windows,windows,10,winlog,information,"Process Create:
RuleName: -
UtcTime: 2024-04-06 17:42:27.209
ProcessGuid: {2cb7582e-8983-6611-6200-000000000900}
ProcessId: 3920
Image: C:\Windows\System32\conhost.exe
FileVersion: 10.0.19041.2546 (WinBuild.160101.0800)
Description: Console Window Host
Product: Microsoft® Windows® Operating System
Company: Microsoft Corporation
OriginalFileName: CONHOST.EXE
CommandLine: \??\C:\Windows\system32\conhost.exe 0xffffffff -ForceV1
CurrentDirectory: C:\Windows
User: NT AUTHORITY\SYSTEM
LogonGuid: {2cb7582e-8973-6611-e703-000000000000}
LogonId: 0x3E7
TerminalSessionId: 0
IntegrityLevel: System
Hashes: SHA256=A26A1FFB81A61281FFA55CB7778CC3FB0FF981704DE49F75F51F18B283FBA7A2
ParentProcessGuid: {2cb7582e-8983-6611-6100-000000000900}
ParentProcessId: 3960
ParentImage: C:\Windows\System32\wevtutil.exe
ParentCommandLine: C:\Windows\system32\wevtutil.exe uninstall-manifest ""C:\ProgramData\Microsoft\Windows Defender\platform\4.18.24030.9-0\Microsoft-Antimalware-NIS.man""
ParentUser: NT AUTHORITY\SYSTEM","\??\C:\Windows\system32\conhost.exe, 0xffffffff, -ForceV1",3,\??\C:\Windows\system32\conhost.exe 0xffffffff -ForceV1,\??\C:\Windows\system32\conhost.exe 0xffffffff -ForceV1,{2cb7582e-8983-6611-6200-000000000900},C:\Windows\System32\conhost.exe,C:\Windows\System32\conhost.exe,a26a1ffb81a61281ffa55cb7778cc3fb0ff981704de49f75f51f18b283fba7a2,conhost.exe,conhost.exe,"C:\Windows\system32\wevtutil.exe, uninstall-manifest, C:\ProgramData\Microsoft\Windows Defender\platform\4.18.24030.9-0\Microsoft-Antimalware-NIS.man",3,"C:\Windows\system32\wevtutil.exe uninstall-manifest ""C:\ProgramData\Microsoft\Windows Defender\platform\4.18.24030.9-0\Microsoft-Antimalware-NIS.man""","C:\Windows\system32\wevtutil.exe uninstall-manifest ""C:\ProgramData\Microsoft\Windows Defender\platform\4.18.24030.9-0\Microsoft-Antimalware-NIS.man""",{2cb7582e-8983-6611-6100-000000000900},C:\Windows\System32\wevtutil.exe,C:\Windows\System32\wevtutil.exe,wevtutil.exe,wevtutil.exe,"3,960",Microsoft Corporation,Console Window Host,10.0.19041.2546 (WinBuild.160101.0800),CONHOST.EXE,Microsoft® Windows® Operating System,"3,920",C:\Windows,C:\Windows,a26a1ffb81a61281ffa55cb7778cc3fb0ff981704de49f75f51f18b283fba7a2,SYSTEM,NT AUTHORITY,S-1-5-18,SYSTEM,SYSTEM,wineventlog,Microsoft-Windows-Sysmon/Operational,terminusk9,Microsoft Corporation,Console Window Host,10.0.19041.2546 (WinBuild.160101.0800),System,{2cb7582e-8973-6611-e703-000000000000},0x3e7,NT AUTHORITY\SYSTEM,Microsoft® Windows® Operating System,0,1,Info,"3,340","3,664",{5770385f-c22a-43e0-bf4c-06f5698ffbd9},Microsoft-Windows-Sysmon,131,Process Create (rule: ProcessCreate),NT AUTHORITY,S-1-5-18,SYSTEM,User,5,-,-,-,-
"Apr 6, 2024 @ 10:42:27.203",34a1b9d0-75a5-4267-9cb1-6ace1b693835,7ffeba03-3080-43c7-a167-2b63dd853127,terminusk9,terminusk9,filebeat,8.13.1,windows.sysmon_operational,default,logs,8.0.0,7ffeba03-3080-43c7-a167-2b63dd853127,FALSE,8.13.1,Process creation,verified,process,1,"Apr 6, 2024 @ 10:42:35.293",windows.sysmon_operational,"Apr 6, 2024 @ 10:42:44.000",event,windows,Microsoft-Windows-Sysmon,start,x86_64,terminusk9,2cb7582e-6ac9-4585-97cc-ae60502e4f16,"fe80::1754:ed5c:491b:5546, 10.0.2.15",08-00-27-BF-A9-3A,terminusk9,19045.2965,windows,10.0.19041.2965 (WinBuild.160101.0800),Windows 10 Home,Windows 10 Home,windows,windows,10,winlog,information,"Process Create:
RuleName: -
UtcTime: 2024-04-06 17:42:27.203
ProcessGuid: {2cb7582e-8983-6611-6100-000000000900}
ProcessId: 3960
Image: C:\Windows\System32\wevtutil.exe
FileVersion: 10.0.19041.2193 (WinBuild.160101.0800)
Description: Eventing Command Line Utility
Product: Microsoft® Windows® Operating System
Company: Microsoft Corporation
OriginalFileName: wevtutil.exe
CommandLine: C:\Windows\system32\wevtutil.exe uninstall-manifest ""C:\ProgramData\Microsoft\Windows Defender\platform\4.18.24030.9-0\Microsoft-Antimalware-NIS.man""
CurrentDirectory: C:\Windows\system32\
User: NT AUTHORITY\SYSTEM
LogonGuid: {2cb7582e-8973-6611-e703-000000000000}
LogonId: 0x3E7
TerminalSessionId: 0
IntegrityLevel: System
Hashes: SHA256=20DB4ABF4539D2E054FBADDE48078452A5A4ADBCA9EAEFF66ABA89F2C9164055
ParentProcessGuid: {2cb7582e-8978-6611-4700-000000000900}
ParentProcessId: 3264
ParentImage: C:\ProgramData\Microsoft\Windows Defender\Platform\4.18.24030.9-0\MsMpEng.exe
ParentCommandLine: ""C:\ProgramData\Microsoft\Windows Defender\platform\4.18.24030.9-0\MsMpEng.exe""
ParentUser: NT AUTHORITY\SYSTEM","C:\Windows\system32\wevtutil.exe, uninstall-manifest, C:\ProgramData\Microsoft\Windows Defender\platform\4.18.24030.9-0\Microsoft-Antimalware-NIS.man",3,"C:\Windows\system32\wevtutil.exe uninstall-manifest ""C:\ProgramData\Microsoft\Windows Defender\platform\4.18.24030.9-0\Microsoft-Antimalware-NIS.man""","C:\Windows\system32\wevtutil.exe uninstall-manifest ""C:\ProgramData\Microsoft\Windows Defender\platform\4.18.24030.9-0\Microsoft-Antimalware-NIS.man""",{2cb7582e-8983-6611-6100-000000000900},C:\Windows\System32\wevtutil.exe,C:\Windows\System32\wevtutil.exe,20db4abf4539d2e054fbadde48078452a5a4adbca9eaeff66aba89f2c9164055,wevtutil.exe,wevtutil.exe,C:\ProgramData\Microsoft\Windows Defender\platform\4.18.24030.9-0\MsMpEng.exe,1,"""C:\ProgramData\Microsoft\Windows Defender\platform\4.18.24030.9-0\MsMpEng.exe""","""C:\ProgramData\Microsoft\Windows Defender\platform\4.18.24030.9-0\MsMpEng.exe""",{2cb7582e-8978-6611-4700-000000000900},C:\ProgramData\Microsoft\Windows Defender\Platform\4.18.24030.9-0\MsMpEng.exe,C:\ProgramData\Microsoft\Windows Defender\Platform\4.18.24030.9-0\MsMpEng.exe,MsMpEng.exe,MsMpEng.exe,"3,264",Microsoft Corporation,Eventing Command Line Utility,10.0.19041.2193 (WinBuild.160101.0800),wevtutil.exe,Microsoft® Windows® Operating System,"3,960",C:\Windows\system32\,C:\Windows\system32\,20db4abf4539d2e054fbadde48078452a5a4adbca9eaeff66aba89f2c9164055,SYSTEM,NT AUTHORITY,S-1-5-18,SYSTEM,SYSTEM,wineventlog,Microsoft-Windows-Sysmon/Operational,terminusk9,Microsoft Corporation,Eventing Command Line Utility,10.0.19041.2193 (WinBuild.160101.0800),System,{2cb7582e-8973-6611-e703-000000000000},0x3e7,NT AUTHORITY\SYSTEM,Microsoft® Windows® Operating System,0,1,Info,"3,340","3,664",{5770385f-c22a-43e0-bf4c-06f5698ffbd9},Microsoft-Windows-Sysmon,130,Process Create (rule: ProcessCreate),NT AUTHORITY,S-1-5-18,SYSTEM,User,5,-,-,-,-
"Apr 6, 2024 @ 10:42:27.186",34a1b9d0-75a5-4267-9cb1-6ace1b693835,7ffeba03-3080-43c7-a167-2b63dd853127,terminusk9,terminusk9,filebeat,8.13.1,windows.sysmon_operational,default,logs,8.0.0,7ffeba03-3080-43c7-a167-2b63dd853127,FALSE,8.13.1,Process terminated,verified,process,5,"Apr 6, 2024 @ 10:42:35.289",windows.sysmon_operational,"Apr 6, 2024 @ 10:42:44.000",event,windows,Microsoft-Windows-Sysmon,end,x86_64,terminusk9,2cb7582e-6ac9-4585-97cc-ae60502e4f16,"fe80::1754:ed5c:491b:5546, 10.0.2.15",08-00-27-BF-A9-3A,terminusk9,19045.2965,windows,10.0.19041.2965 (WinBuild.160101.0800),Windows 10 Home,Windows 10 Home,windows,windows,10,winlog,information,"Process terminated:
RuleName: -
UtcTime: 2024-04-06 17:42:27.186
ProcessGuid: {2cb7582e-8982-6611-5d00-000000000900}
ProcessId: 3096
Image: C:\Windows\System32\wevtutil.exe
User: NT AUTHORITY\SYSTEM",-,-,-,-,{2cb7582e-8982-6611-5d00-000000000900},C:\Windows\System32\wevtutil.exe,C:\Windows\System32\wevtutil.exe,-,wevtutil.exe,wevtutil.exe,-,-,-,-,-,-,-,-,-,-,-,-,-,-,-,"3,096",-,-,-,SYSTEM,NT AUTHORITY,S-1-5-18,SYSTEM,SYSTEM,wineventlog,Microsoft-Windows-Sysmon/Operational,terminusk9,-,-,-,-,-,-,-,-,-,5,Info,"3,340","3,664",{5770385f-c22a-43e0-bf4c-06f5698ffbd9},Microsoft-Windows-Sysmon,128,Process terminated (rule: ProcessTerminate),NT AUTHORITY,S-1-5-18,SYSTEM,User,3,-,-,-,-
"Apr 6, 2024 @ 10:42:27.186",34a1b9d0-75a5-4267-9cb1-6ace1b693835,7ffeba03-3080-43c7-a167-2b63dd853127,terminusk9,terminusk9,filebeat,8.13.1,windows.sysmon_operational,default,logs,8.0.0,7ffeba03-3080-43c7-a167-2b63dd853127,FALSE,8.13.1,Process terminated,verified,process,5,"Apr 6, 2024 @ 10:42:35.293",windows.sysmon_operational,"Apr 6, 2024 @ 10:42:44.000",event,windows,Microsoft-Windows-Sysmon,end,x86_64,terminusk9,2cb7582e-6ac9-4585-97cc-ae60502e4f16,"fe80::1754:ed5c:491b:5546, 10.0.2.15",08-00-27-BF-A9-3A,terminusk9,19045.2965,windows,10.0.19041.2965 (WinBuild.160101.0800),Windows 10 Home,Windows 10 Home,windows,windows,10,winlog,information,"Process terminated:
RuleName: -
UtcTime: 2024-04-06 17:42:27.186
ProcessGuid: {2cb7582e-8982-6611-5e00-000000000900}
ProcessId: 3080
Image: C:\Windows\System32\conhost.exe
User: NT AUTHORITY\SYSTEM",-,-,-,-,{2cb7582e-8982-6611-5e00-000000000900},C:\Windows\System32\conhost.exe,C:\Windows\System32\conhost.exe,-,conhost.exe,conhost.exe,-,-,-,-,-,-,-,-,-,-,-,-,-,-,-,"3,080",-,-,-,SYSTEM,NT AUTHORITY,S-1-5-18,SYSTEM,SYSTEM,wineventlog,Microsoft-Windows-Sysmon/Operational,terminusk9,-,-,-,-,-,-,-,-,-,5,Info,"3,340","3,664",{5770385f-c22a-43e0-bf4c-06f5698ffbd9},Microsoft-Windows-Sysmon,129,Process terminated (rule: ProcessTerminate),NT AUTHORITY,S-1-5-18,SYSTEM,User,3,-,-,-,-
"Apr 6, 2024 @ 10:42:27.145",34a1b9d0-75a5-4267-9cb1-6ace1b693835,7ffeba03-3080-43c7-a167-2b63dd853127,terminusk9,terminusk9,filebeat,8.13.1,windows.sysmon_operational,default,logs,8.0.0,7ffeba03-3080-43c7-a167-2b63dd853127,FALSE,8.13.1,Process terminated,verified,process,5,"Apr 6, 2024 @ 10:42:35.289",windows.sysmon_operational,"Apr 6, 2024 @ 10:42:44.000",event,windows,Microsoft-Windows-Sysmon,end,x86_64,terminusk9,2cb7582e-6ac9-4585-97cc-ae60502e4f16,"fe80::1754:ed5c:491b:5546, 10.0.2.15",08-00-27-BF-A9-3A,terminusk9,19045.2965,windows,10.0.19041.2965 (WinBuild.160101.0800),Windows 10 Home,Windows 10 Home,windows,windows,10,winlog,information,"Process terminated:
RuleName: -
UtcTime: 2024-04-06 17:42:27.145
ProcessGuid: {2cb7582e-8981-6611-5900-000000000900}
ProcessId: 3872
Image: C:\Windows\System32\taskhostw.exe
User: NT AUTHORITY\SYSTEM",-,-,-,-,{2cb7582e-8981-6611-5900-000000000900},C:\Windows\System32\taskhostw.exe,C:\Windows\System32\taskhostw.exe,-,taskhostw.exe,taskhostw.exe,-,-,-,-,-,-,-,-,-,-,-,-,-,-,-,"3,872",-,-,-,SYSTEM,NT AUTHORITY,S-1-5-18,SYSTEM,SYSTEM,wineventlog,Microsoft-Windows-Sysmon/Operational,terminusk9,-,-,-,-,-,-,-,-,-,5,Info,"3,340","3,664",{5770385f-c22a-43e0-bf4c-06f5698ffbd9},Microsoft-Windows-Sysmon,127,Process terminated (rule: ProcessTerminate),NT AUTHORITY,S-1-5-18,SYSTEM,User,3,-,-,-,-
"Apr 6, 2024 @ 10:42:26.906",34a1b9d0-75a5-4267-9cb1-6ace1b693835,7ffeba03-3080-43c7-a167-2b63dd853127,terminusk9,terminusk9,filebeat,8.13.1,windows.sysmon_operational,default,logs,8.0.0,7ffeba03-3080-43c7-a167-2b63dd853127,FALSE,8.13.1,Process creation,verified,process,1,"Apr 6, 2024 @ 10:42:35.300",windows.sysmon_operational,"Apr 6, 2024 @ 10:42:44.000",event,windows,Microsoft-Windows-Sysmon,start,x86_64,terminusk9,2cb7582e-6ac9-4585-97cc-ae60502e4f16,"fe80::1754:ed5c:491b:5546, 10.0.2.15",08-00-27-BF-A9-3A,terminusk9,19045.2965,windows,10.0.19041.2965 (WinBuild.160101.0800),Windows 10 Home,Windows 10 Home,windows,windows,10,winlog,information,"Process Create:
RuleName: -
UtcTime: 2024-04-06 17:42:26.906
ProcessGuid: {2cb7582e-8982-6611-6000-000000000900}
ProcessId: 2740
Image: C:\Program Files\Elastic\Agent\data\elastic-agent-8.13.1-379dfc\components\metricbeat.exe
FileVersion: 8.13.1
Description: Metricbeat is a lightweight shipper for metrics.
Product: Metricbeat
Company: Elastic
OriginalFileName: metricbeat.exe
CommandLine: ""C:\Program Files\Elastic\Agent\data\elastic-agent-8.13.1-379dfc\components\metricbeat.exe"" -E setup.ilm.enabled=false -E setup.template.enabled=false -E management.enabled=true -E management.restart_on_output_change=true -E logging.level=info -E logging.to_stderr=true -E gc_percent=${METRICBEAT_GOGC:100} -E metricbeat.config.modules.enabled=false -E http.enabled=true -E http.host=npipe:///5pG4rrmLKpXYXLyJbATqevsNpBFC2JMZ.sock -E ""path.data=C:\Program Files\Elastic\Agent\data\elastic-agent-8.13.1-379dfc\run\windows\metrics-default""
CurrentDirectory: C:\Program Files\Elastic\Agent\data\elastic-agent-8.13.1-379dfc\run\windows\metrics-default\
User: NT AUTHORITY\SYSTEM
LogonGuid: {2cb7582e-8973-6611-e703-000000000000}
LogonId: 0x3E7
TerminalSessionId: 0
IntegrityLevel: System
Hashes: SHA256=351612409174E415E83547B8D9FC4AB9C986F7020952249420815596917BF33E
ParentProcessGuid: {2cb7582e-8978-6611-4c00-000000000900}
ParentProcessId: 3436
ParentImage: C:\Program Files\Elastic\Agent\data\elastic-agent-8.13.1-379dfc\elastic-agent.exe
ParentCommandLine: ""C:\Program Files\Elastic\Agent\elastic-agent.exe""
ParentUser: NT AUTHORITY\SYSTEM","C:\Program Files\Elastic\Agent\data\elastic-agent-8.13.1-379dfc\components\metricbeat.exe, -E, setup.ilm.enabled=false, -E, setup.template.enabled=false, -E, management.enabled=true, -E, management.restart_on_output_change=true, -E, logging.level=info, -E, logging.to_stderr=true, -E, gc_percent=${METRICBEAT_GOGC:100}, -E, metricbeat.config.modules.enabled=false, -E, http.enabled=true, -E, http.host=npipe:///5pG4rrmLKpXYXLyJbATqevsNpBFC2JMZ.sock, -E, path.data=C:\Program Files\Elastic\Agent\data\elastic-agent-8.13.1-379dfc\run\windows\metrics-default",23,"""C:\Program Files\Elastic\Agent\data\elastic-agent-8.13.1-379dfc\components\metricbeat.exe"" -E setup.ilm.enabled=false -E setup.template.enabled=false -E management.enabled=true -E management.restart_on_output_change=true -E logging.level=info -E logging.to_stderr=true -E gc_percent=${METRICBEAT_GOGC:100} -E metricbeat.config.modules.enabled=false -E http.enabled=true -E http.host=npipe:///5pG4rrmLKpXYXLyJbATqevsNpBFC2JMZ.sock -E ""path.data=C:\Program Files\Elastic\Agent\data\elastic-agent-8.13.1-379dfc\run\windows\metrics-default""","""C:\Program Files\Elastic\Agent\data\elastic-agent-8.13.1-379dfc\components\metricbeat.exe"" -E setup.ilm.enabled=false -E setup.template.enabled=false -E management.enabled=true -E management.restart_on_output_change=true -E logging.level=info -E logging.to_stderr=true -E gc_percent=${METRICBEAT_GOGC:100} -E metricbeat.config.modules.enabled=false -E http.enabled=true -E http.host=npipe:///5pG4rrmLKpXYXLyJbATqevsNpBFC2JMZ.sock -E ""path.data=C:\Program Files\Elastic\Agent\data\elastic-agent-8.13.1-379dfc\run\windows\metrics-default""",{2cb7582e-8982-6611-6000-000000000900},C:\Program Files\Elastic\Agent\data\elastic-agent-8.13.1-379dfc\components\metricbeat.exe,C:\Program Files\Elastic\Agent\data\elastic-agent-8.13.1-379dfc\components\metricbeat.exe,351612409174e415e83547b8d9fc4ab9c986f7020952249420815596917bf33e,metricbeat.exe,metricbeat.exe,C:\Program Files\Elastic\Agent\elastic-agent.exe,1,"""C:\Program Files\Elastic\Agent\elastic-agent.exe""","""C:\Program Files\Elastic\Agent\elastic-agent.exe""",{2cb7582e-8978-6611-4c00-000000000900},C:\Program Files\Elastic\Agent\data\elastic-agent-8.13.1-379dfc\elastic-agent.exe,C:\Program Files\Elastic\Agent\data\elastic-agent-8.13.1-379dfc\elastic-agent.exe,elastic-agent.exe,elastic-agent.exe,"3,436",Elastic,Metricbeat is a lightweight shipper for metrics.,8.13.1,metricbeat.exe,Metricbeat,"2,740",C:\Program Files\Elastic\Agent\data\elastic-agent-8.13.1-379dfc\run\windows\metrics-default\,C:\Program Files\Elastic\Agent\data\elastic-agent-8.13.1-379dfc\run\windows\metrics-default\,351612409174e415e83547b8d9fc4ab9c986f7020952249420815596917bf33e,SYSTEM,NT AUTHORITY,S-1-5-18,SYSTEM,SYSTEM,wineventlog,Microsoft-Windows-Sysmon/Operational,terminusk9,Elastic,Metricbeat is a lightweight shipper for metrics.,8.13.1,System,{2cb7582e-8973-6611-e703-000000000000},0x3e7,NT AUTHORITY\SYSTEM,Metricbeat,0,1,Info,"3,340","3,664",{5770385f-c22a-43e0-bf4c-06f5698ffbd9},Microsoft-Windows-Sysmon,165,Process Create (rule: ProcessCreate),NT AUTHORITY,S-1-5-18,SYSTEM,User,5,-,-,-,-
"Apr 6, 2024 @ 10:42:26.905",34a1b9d0-75a5-4267-9cb1-6ace1b693835,7ffeba03-3080-43c7-a167-2b63dd853127,terminusk9,terminusk9,filebeat,8.13.1,windows.sysmon_operational,default,logs,8.0.0,7ffeba03-3080-43c7-a167-2b63dd853127,FALSE,8.13.1,Process creation,verified,process,1,"Apr 6, 2024 @ 10:42:35.300",windows.sysmon_operational,"Apr 6, 2024 @ 10:42:44.000",event,windows,Microsoft-Windows-Sysmon,start,x86_64,terminusk9,2cb7582e-6ac9-4585-97cc-ae60502e4f16,"fe80::1754:ed5c:491b:5546, 10.0.2.15",08-00-27-BF-A9-3A,terminusk9,19045.2965,windows,10.0.19041.2965 (WinBuild.160101.0800),Windows 10 Home,Windows 10 Home,windows,windows,10,winlog,information,"Process Create:
RuleName: -
UtcTime: 2024-04-06 17:42:26.905
ProcessGuid: {2cb7582e-8982-6611-5f00-000000000900}
ProcessId: 4044
Image: C:\Program Files\Elastic\Agent\data\elastic-agent-8.13.1-379dfc\components\metricbeat.exe
FileVersion: 8.13.1
Description: Metricbeat is a lightweight shipper for metrics.
Product: Metricbeat
Company: Elastic
OriginalFileName: metricbeat.exe
CommandLine: ""C:\Program Files\Elastic\Agent\data\elastic-agent-8.13.1-379dfc\components\metricbeat.exe"" -E setup.ilm.enabled=false -E setup.template.enabled=false -E management.enabled=true -E management.restart_on_output_change=true -E logging.level=info -E logging.to_stderr=true -E gc_percent=${METRICBEAT_GOGC:100} -E metricbeat.config.modules.enabled=false -E http.enabled=true -E http.host=npipe:///iThI_df0cBKC6YUNGGlKscMkOfz3FBH3.sock -E ""path.data=C:\Program Files\Elastic\Agent\data\elastic-agent-8.13.1-379dfc\run\system\metrics-default""
CurrentDirectory: C:\Program Files\Elastic\Agent\data\elastic-agent-8.13.1-379dfc\run\system\metrics-default\
User: NT AUTHORITY\SYSTEM
LogonGuid: {2cb7582e-8973-6611-e703-000000000000}
LogonId: 0x3E7
TerminalSessionId: 0
IntegrityLevel: System
Hashes: SHA256=351612409174E415E83547B8D9FC4AB9C986F7020952249420815596917BF33E
ParentProcessGuid: {2cb7582e-8978-6611-4c00-000000000900}
ParentProcessId: 3436
ParentImage: C:\Program Files\Elastic\Agent\data\elastic-agent-8.13.1-379dfc\elastic-agent.exe
ParentCommandLine: ""C:\Program Files\Elastic\Agent\elastic-agent.exe""
ParentUser: NT AUTHORITY\SYSTEM","C:\Program Files\Elastic\Agent\data\elastic-agent-8.13.1-379dfc\components\metricbeat.exe, -E, setup.ilm.enabled=false, -E, setup.template.enabled=false, -E, management.enabled=true, -E, management.restart_on_output_change=true, -E, logging.level=info, -E, logging.to_stderr=true, -E, gc_percent=${METRICBEAT_GOGC:100}, -E, metricbeat.config.modules.enabled=false, -E, http.enabled=true, -E, http.host=npipe:///iThI_df0cBKC6YUNGGlKscMkOfz3FBH3.sock, -E, path.data=C:\Program Files\Elastic\Agent\data\elastic-agent-8.13.1-379dfc\run\system\metrics-default",23,"""C:\Program Files\Elastic\Agent\data\elastic-agent-8.13.1-379dfc\components\metricbeat.exe"" -E setup.ilm.enabled=false -E setup.template.enabled=false -E management.enabled=true -E management.restart_on_output_change=true -E logging.level=info -E logging.to_stderr=true -E gc_percent=${METRICBEAT_GOGC:100} -E metricbeat.config.modules.enabled=false -E http.enabled=true -E http.host=npipe:///iThI_df0cBKC6YUNGGlKscMkOfz3FBH3.sock -E ""path.data=C:\Program Files\Elastic\Agent\data\elastic-agent-8.13.1-379dfc\run\system\metrics-default""","""C:\Program Files\Elastic\Agent\data\elastic-agent-8.13.1-379dfc\components\metricbeat.exe"" -E setup.ilm.enabled=false -E setup.template.enabled=false -E management.enabled=true -E management.restart_on_output_change=true -E logging.level=info -E logging.to_stderr=true -E gc_percent=${METRICBEAT_GOGC:100} -E metricbeat.config.modules.enabled=false -E http.enabled=true -E http.host=npipe:///iThI_df0cBKC6YUNGGlKscMkOfz3FBH3.sock -E ""path.data=C:\Program Files\Elastic\Agent\data\elastic-agent-8.13.1-379dfc\run\system\metrics-default""",{2cb7582e-8982-6611-5f00-000000000900},C:\Program Files\Elastic\Agent\data\elastic-agent-8.13.1-379dfc\components\metricbeat.exe,C:\Program Files\Elastic\Agent\data\elastic-agent-8.13.1-379dfc\components\metricbeat.exe,351612409174e415e83547b8d9fc4ab9c986f7020952249420815596917bf33e,metricbeat.exe,metricbeat.exe,C:\Program Files\Elastic\Agent\elastic-agent.exe,1,"""C:\Program Files\Elastic\Agent\elastic-agent.exe""","""C:\Program Files\Elastic\Agent\elastic-agent.exe""",{2cb7582e-8978-6611-4c00-000000000900},C:\Program Files\Elastic\Agent\data\elastic-agent-8.13.1-379dfc\elastic-agent.exe,C:\Program Files\Elastic\Agent\data\elastic-agent-8.13.1-379dfc\elastic-agent.exe,elastic-agent.exe,elastic-agent.exe,"3,436",Elastic,Metricbeat is a lightweight shipper for metrics.,8.13.1,metricbeat.exe,Metricbeat,"4,044",C:\Program Files\Elastic\Agent\data\elastic-agent-8.13.1-379dfc\run\system\metrics-default\,C:\Program Files\Elastic\Agent\data\elastic-agent-8.13.1-379dfc\run\system\metrics-default\,351612409174e415e83547b8d9fc4ab9c986f7020952249420815596917bf33e,SYSTEM,NT AUTHORITY,S-1-5-18,SYSTEM,SYSTEM,wineventlog,Microsoft-Windows-Sysmon/Operational,terminusk9,Elastic,Metricbeat is a lightweight shipper for metrics.,8.13.1,System,{2cb7582e-8973-6611-e703-000000000000},0x3e7,NT AUTHORITY\SYSTEM,Metricbeat,0,1,Info,"3,340","3,664",{5770385f-c22a-43e0-bf4c-06f5698ffbd9},Microsoft-Windows-Sysmon,161,Process Create (rule: ProcessCreate),NT AUTHORITY,S-1-5-18,SYSTEM,User,5,-,-,-,-
