"Apr 6, 2024 @ 10:58:17.954",7649c11b-3a00-4241-b375-20762f70ba8f,7ffeba03-3080-43c7-a167-2b63dd853127,terminusk9,terminusk9,filebeat,8.13.1,windows.sysmon_operational,default,logs,8.0.0,7ffeba03-3080-43c7-a167-2b63dd853127,FALSE,8.13.1,Process terminated,verified,process,5,"Apr 6, 2024 @ 10:58:18.211",windows.sysmon_operational,"Apr 6, 2024 @ 10:58:22.000",event,windows,Microsoft-Windows-Sysmon,end,x86_64,terminusk9,2cb7582e-6ac9-4585-97cc-ae60502e4f16,"fe80::1754:ed5c:491b:5546, 10.0.2.15",08-00-27-BF-A9-3A,terminusk9,19045.2965,windows,10.0.19041.2965 (WinBuild.160101.0800),Windows 10 Home,Windows 10 Home,windows,windows,10,winlog,information,"Process terminated:
RuleName: -
UtcTime: 2024-04-06 17:58:17.954
ProcessGuid: {2cb7582e-8d35-6611-3101-000000000a00}
ProcessId: 9024
Image: C:\Program Files (x86)\Microsoft\Edge\Application\msedge.exe
User: TERMINUSK9\terminusk9",-,-,-,-,{2cb7582e-8d35-6611-3101-000000000a00},C:\Program Files (x86)\Microsoft\Edge\Application\msedge.exe,C:\Program Files (x86)\Microsoft\Edge\Application\msedge.exe,-,msedge.exe,msedge.exe,-,-,-,-,-,-,-,-,-,-,-,-,-,-,-,"9,024",-,-,-,terminusk9,TERMINUSK9,S-1-5-18,terminusk9,terminusk9,wineventlog,Microsoft-Windows-Sysmon/Operational,terminusk9,-,-,-,-,-,-,-,-,-,5,Info,"3,228","3,820",{5770385f-c22a-43e0-bf4c-06f5698ffbd9},Microsoft-Windows-Sysmon,679,Process terminated (rule: ProcessTerminate),NT AUTHORITY,S-1-5-18,SYSTEM,User,3,,,,
"Apr 6, 2024 @ 10:58:17.892",7649c11b-3a00-4241-b375-20762f70ba8f,7ffeba03-3080-43c7-a167-2b63dd853127,terminusk9,terminusk9,filebeat,8.13.1,windows.sysmon_operational,default,logs,8.0.0,7ffeba03-3080-43c7-a167-2b63dd853127,FALSE,8.13.1,Process terminated,verified,process,5,"Apr 6, 2024 @ 10:58:18.211",windows.sysmon_operational,"Apr 6, 2024 @ 10:58:22.000",event,windows,Microsoft-Windows-Sysmon,end,x86_64,terminusk9,2cb7582e-6ac9-4585-97cc-ae60502e4f16,"fe80::1754:ed5c:491b:5546, 10.0.2.15",08-00-27-BF-A9-3A,terminusk9,19045.2965,windows,10.0.19041.2965 (WinBuild.160101.0800),Windows 10 Home,Windows 10 Home,windows,windows,10,winlog,information,"Process terminated:
RuleName: -
UtcTime: 2024-04-06 17:58:17.892
ProcessGuid: {2cb7582e-8ac6-6611-ce00-000000000a00}
ProcessId: 5968
Image: C:\Program Files (x86)\Microsoft\Edge\Application\msedge.exe
User: TERMINUSK9\terminusk9",-,-,-,-,{2cb7582e-8ac6-6611-ce00-000000000a00},C:\Program Files (x86)\Microsoft\Edge\Application\msedge.exe,C:\Program Files (x86)\Microsoft\Edge\Application\msedge.exe,-,msedge.exe,msedge.exe,-,-,-,-,-,-,-,-,-,-,-,-,-,-,-,"5,968",-,-,-,terminusk9,TERMINUSK9,S-1-5-18,terminusk9,terminusk9,wineventlog,Microsoft-Windows-Sysmon/Operational,terminusk9,-,-,-,-,-,-,-,-,-,5,Info,"3,228","3,820",{5770385f-c22a-43e0-bf4c-06f5698ffbd9},Microsoft-Windows-Sysmon,678,Process terminated (rule: ProcessTerminate),NT AUTHORITY,S-1-5-18,SYSTEM,User,3,,,,
"Apr 6, 2024 @ 10:58:17.126",7649c11b-3a00-4241-b375-20762f70ba8f,7ffeba03-3080-43c7-a167-2b63dd853127,terminusk9,terminusk9,filebeat,8.13.1,windows.sysmon_operational,default,logs,8.0.0,7ffeba03-3080-43c7-a167-2b63dd853127,FALSE,8.13.1,Process terminated,verified,process,5,"Apr 6, 2024 @ 10:58:18.210",windows.sysmon_operational,"Apr 6, 2024 @ 10:58:22.000",event,windows,Microsoft-Windows-Sysmon,end,x86_64,terminusk9,2cb7582e-6ac9-4585-97cc-ae60502e4f16,"fe80::1754:ed5c:491b:5546, 10.0.2.15",08-00-27-BF-A9-3A,terminusk9,19045.2965,windows,10.0.19041.2965 (WinBuild.160101.0800),Windows 10 Home,Windows 10 Home,windows,windows,10,winlog,information,"Process terminated:
RuleName: -
UtcTime: 2024-04-06 17:58:17.126
ProcessGuid: {2cb7582e-8ac7-6611-d100-000000000a00}
ProcessId: 2796
Image: C:\Program Files (x86)\Microsoft\Edge\Application\msedge.exe
User: TERMINUSK9\terminusk9",-,-,-,-,{2cb7582e-8ac7-6611-d100-000000000a00},C:\Program Files (x86)\Microsoft\Edge\Application\msedge.exe,C:\Program Files (x86)\Microsoft\Edge\Application\msedge.exe,-,msedge.exe,msedge.exe,-,-,-,-,-,-,-,-,-,-,-,-,-,-,-,"2,796",-,-,-,terminusk9,TERMINUSK9,S-1-5-18,terminusk9,terminusk9,wineventlog,Microsoft-Windows-Sysmon/Operational,terminusk9,-,-,-,-,-,-,-,-,-,5,Info,"3,228","3,820",{5770385f-c22a-43e0-bf4c-06f5698ffbd9},Microsoft-Windows-Sysmon,677,Process terminated (rule: ProcessTerminate),NT AUTHORITY,S-1-5-18,SYSTEM,User,3,,,,
"Apr 6, 2024 @ 10:58:14.884",7649c11b-3a00-4241-b375-20762f70ba8f,7ffeba03-3080-43c7-a167-2b63dd853127,terminusk9,terminusk9,filebeat,8.13.1,windows.sysmon_operational,default,logs,8.0.0,7ffeba03-3080-43c7-a167-2b63dd853127,FALSE,8.13.1,Process terminated,verified,process,5,"Apr 6, 2024 @ 10:58:16.180",windows.sysmon_operational,"Apr 6, 2024 @ 10:58:22.000",event,windows,Microsoft-Windows-Sysmon,end,x86_64,terminusk9,2cb7582e-6ac9-4585-97cc-ae60502e4f16,"fe80::1754:ed5c:491b:5546, 10.0.2.15",08-00-27-BF-A9-3A,terminusk9,19045.2965,windows,10.0.19041.2965 (WinBuild.160101.0800),Windows 10 Home,Windows 10 Home,windows,windows,10,winlog,information,"Process terminated:
RuleName: -
UtcTime: 2024-04-06 17:58:14.884
ProcessGuid: {2cb7582e-8d36-6611-3201-000000000a00}
ProcessId: 9096
Image: C:\Program Files (x86)\Microsoft\Edge\Application\msedge.exe
User: TERMINUSK9\terminusk9",-,-,-,-,{2cb7582e-8d36-6611-3201-000000000a00},C:\Program Files (x86)\Microsoft\Edge\Application\msedge.exe,C:\Program Files (x86)\Microsoft\Edge\Application\msedge.exe,-,msedge.exe,msedge.exe,-,-,-,-,-,-,-,-,-,-,-,-,-,-,-,"9,096",-,-,-,terminusk9,TERMINUSK9,S-1-5-18,terminusk9,terminusk9,wineventlog,Microsoft-Windows-Sysmon/Operational,terminusk9,-,-,-,-,-,-,-,-,-,5,Info,"3,228","3,820",{5770385f-c22a-43e0-bf4c-06f5698ffbd9},Microsoft-Windows-Sysmon,676,Process terminated (rule: ProcessTerminate),NT AUTHORITY,S-1-5-18,SYSTEM,User,3,,,,
"Apr 6, 2024 @ 10:58:14.711",7649c11b-3a00-4241-b375-20762f70ba8f,7ffeba03-3080-43c7-a167-2b63dd853127,terminusk9,terminusk9,filebeat,8.13.1,windows.sysmon_operational,default,logs,8.0.0,7ffeba03-3080-43c7-a167-2b63dd853127,FALSE,8.13.1,Process creation,verified,process,1,"Apr 6, 2024 @ 10:58:16.180",windows.sysmon_operational,"Apr 6, 2024 @ 10:58:22.000",event,windows,Microsoft-Windows-Sysmon,start,x86_64,terminusk9,2cb7582e-6ac9-4585-97cc-ae60502e4f16,"fe80::1754:ed5c:491b:5546, 10.0.2.15",08-00-27-BF-A9-3A,terminusk9,19045.2965,windows,10.0.19041.2965 (WinBuild.160101.0800),Windows 10 Home,Windows 10 Home,windows,windows,10,winlog,information,"Process Create:
RuleName: -
UtcTime: 2024-04-06 17:58:14.711
ProcessGuid: {2cb7582e-8d36-6611-3201-000000000a00}
ProcessId: 9096
Image: C:\Program Files (x86)\Microsoft\Edge\Application\msedge.exe
FileVersion: 123.0.2420.81
Description: Microsoft Edge
Product: Microsoft Edge
Company: Microsoft Corporation
OriginalFileName: msedge.exe
CommandLine: ""C:\Program Files (x86)\Microsoft\Edge\Application\msedge.exe"" --type=utility --utility-sub-type=data_decoder.mojom.DataDecoderService --lang=en-US --service-sandbox-type=service --no-appcompat-clear --field-trial-handle=3784,i,2979533050125484124,1773724349400376728,262144 --variations-seed-version --mojo-platform-channel-handle=5772 /prefetch:8
CurrentDirectory: C:\Program Files (x86)\Microsoft\Edge\Application\123.0.2420.81\
User: TERMINUSK9\terminusk9
LogonGuid: {2cb7582e-8a87-6611-2bd8-0b0000000000}
LogonId: 0xBD82B
TerminalSessionId: 1
IntegrityLevel: Low
Hashes: SHA256=BB27DF3E3EF67746C4D2082E018A4F73067A80C0F126B0DAEE10F7CB7B2E16A8
ParentProcessGuid: {2cb7582e-8abd-6611-bd00-000000000a00}
ParentProcessId: 2216
ParentImage: C:\Program Files (x86)\Microsoft\Edge\Application\msedge.exe
ParentCommandLine: ""C:\Program Files (x86)\Microsoft\Edge\Application\msedge.exe"" --no-startup-window --win-session-start
ParentUser: TERMINUSK9\terminusk9","C:\Program Files (x86)\Microsoft\Edge\Application\msedge.exe, --type=utility, --utility-sub-type=data_decoder.mojom.DataDecoderService, --lang=en-US, --service-sandbox-type=service, --no-appcompat-clear, --field-trial-handle=3784,i,2979533050125484124,1773724349400376728,262144, --variations-seed-version, --mojo-platform-channel-handle=5772, /prefetch:8",10,"""C:\Program Files (x86)\Microsoft\Edge\Application\msedge.exe"" --type=utility --utility-sub-type=data_decoder.mojom.DataDecoderService --lang=en-US --service-sandbox-type=service --no-appcompat-clear --field-trial-handle=3784,i,2979533050125484124,1773724349400376728,262144 --variations-seed-version --mojo-platform-channel-handle=5772 /prefetch:8","""C:\Program Files (x86)\Microsoft\Edge\Application\msedge.exe"" --type=utility --utility-sub-type=data_decoder.mojom.DataDecoderService --lang=en-US --service-sandbox-type=service --no-appcompat-clear --field-trial-handle=3784,i,2979533050125484124,1773724349400376728,262144 --variations-seed-version --mojo-platform-channel-handle=5772 /prefetch:8",{2cb7582e-8d36-6611-3201-000000000a00},C:\Program Files (x86)\Microsoft\Edge\Application\msedge.exe,C:\Program Files (x86)\Microsoft\Edge\Application\msedge.exe,bb27df3e3ef67746c4d2082e018a4f73067a80c0f126b0daee10f7cb7b2e16a8,msedge.exe,msedge.exe,"C:\Program Files (x86)\Microsoft\Edge\Application\msedge.exe, --no-startup-window, --win-session-start",3,"""C:\Program Files (x86)\Microsoft\Edge\Application\msedge.exe"" --no-startup-window --win-session-start","""C:\Program Files (x86)\Microsoft\Edge\Application\msedge.exe"" --no-startup-window --win-session-start",{2cb7582e-8abd-6611-bd00-000000000a00},C:\Program Files (x86)\Microsoft\Edge\Application\msedge.exe,C:\Program Files (x86)\Microsoft\Edge\Application\msedge.exe,msedge.exe,msedge.exe,"2,216",Microsoft Corporation,Microsoft Edge,123.0.2420.81,msedge.exe,Microsoft Edge,"9,096",C:\Program Files (x86)\Microsoft\Edge\Application\123.0.2420.81\,C:\Program Files (x86)\Microsoft\Edge\Application\123.0.2420.81\,bb27df3e3ef67746c4d2082e018a4f73067a80c0f126b0daee10f7cb7b2e16a8,terminusk9,TERMINUSK9,S-1-5-18,terminusk9,terminusk9,wineventlog,Microsoft-Windows-Sysmon/Operational,terminusk9,Microsoft Corporation,Microsoft Edge,123.0.2420.81,Low,{2cb7582e-8a87-6611-2bd8-0b0000000000},0xbd82b,TERMINUSK9\terminusk9,Microsoft Edge,1,1,Info,"3,228","3,820",{5770385f-c22a-43e0-bf4c-06f5698ffbd9},Microsoft-Windows-Sysmon,675,Process Create (rule: ProcessCreate),NT AUTHORITY,S-1-5-18,SYSTEM,User,5,,,,
"Apr 6, 2024 @ 10:58:13.522",7649c11b-3a00-4241-b375-20762f70ba8f,7ffeba03-3080-43c7-a167-2b63dd853127,terminusk9,terminusk9,filebeat,8.13.1,windows.sysmon_operational,default,logs,8.0.0,7ffeba03-3080-43c7-a167-2b63dd853127,FALSE,8.13.1,Process creation,verified,process,1,"Apr 6, 2024 @ 10:58:15.165",windows.sysmon_operational,"Apr 6, 2024 @ 10:58:22.000",event,windows,Microsoft-Windows-Sysmon,start,x86_64,terminusk9,2cb7582e-6ac9-4585-97cc-ae60502e4f16,"fe80::1754:ed5c:491b:5546, 10.0.2.15",08-00-27-BF-A9-3A,terminusk9,19045.2965,windows,10.0.19041.2965 (WinBuild.160101.0800),Windows 10 Home,Windows 10 Home,windows,windows,10,winlog,information,"Process Create:
RuleName: -
UtcTime: 2024-04-06 17:58:13.522
ProcessGuid: {2cb7582e-8d35-6611-3101-000000000a00}
ProcessId: 9024
Image: C:\Program Files (x86)\Microsoft\Edge\Application\msedge.exe
FileVersion: 123.0.2420.81
Description: Microsoft Edge
Product: Microsoft Edge
Company: Microsoft Corporation
OriginalFileName: msedge.exe
CommandLine: ""C:\Program Files (x86)\Microsoft\Edge\Application\msedge.exe"" --type=utility --utility-sub-type=price_comparison_service.mojom.DataProcessor --lang=en-US --service-sandbox-type=entity_extraction --no-appcompat-clear --field-trial-handle=5072,i,2979533050125484124,1773724349400376728,262144 --variations-seed-version --mojo-platform-channel-handle=6888 /prefetch:8
CurrentDirectory: C:\Program Files (x86)\Microsoft\Edge\Application\123.0.2420.81\
User: TERMINUSK9\terminusk9
LogonGuid: {2cb7582e-8a87-6611-2bd8-0b0000000000}
LogonId: 0xBD82B
TerminalSessionId: 1
IntegrityLevel: Low
Hashes: SHA256=BB27DF3E3EF67746C4D2082E018A4F73067A80C0F126B0DAEE10F7CB7B2E16A8
ParentProcessGuid: {2cb7582e-8abd-6611-bd00-000000000a00}
ParentProcessId: 2216
ParentImage: C:\Program Files (x86)\Microsoft\Edge\Application\msedge.exe
ParentCommandLine: ""C:\Program Files (x86)\Microsoft\Edge\Application\msedge.exe"" --no-startup-window --win-session-start
ParentUser: TERMINUSK9\terminusk9","C:\Program Files (x86)\Microsoft\Edge\Application\msedge.exe, --type=utility, --utility-sub-type=price_comparison_service.mojom.DataProcessor, --lang=en-US, --service-sandbox-type=entity_extraction, --no-appcompat-clear, --field-trial-handle=5072,i,2979533050125484124,1773724349400376728,262144, --variations-seed-version, --mojo-platform-channel-handle=6888, /prefetch:8",10,"""C:\Program Files (x86)\Microsoft\Edge\Application\msedge.exe"" --type=utility --utility-sub-type=price_comparison_service.mojom.DataProcessor --lang=en-US --service-sandbox-type=entity_extraction --no-appcompat-clear --field-trial-handle=5072,i,2979533050125484124,1773724349400376728,262144 --variations-seed-version --mojo-platform-channel-handle=6888 /prefetch:8","""C:\Program Files (x86)\Microsoft\Edge\Application\msedge.exe"" --type=utility --utility-sub-type=price_comparison_service.mojom.DataProcessor --lang=en-US --service-sandbox-type=entity_extraction --no-appcompat-clear --field-trial-handle=5072,i,2979533050125484124,1773724349400376728,262144 --variations-seed-version --mojo-platform-channel-handle=6888 /prefetch:8",{2cb7582e-8d35-6611-3101-000000000a00},C:\Program Files (x86)\Microsoft\Edge\Application\msedge.exe,C:\Program Files (x86)\Microsoft\Edge\Application\msedge.exe,bb27df3e3ef67746c4d2082e018a4f73067a80c0f126b0daee10f7cb7b2e16a8,msedge.exe,msedge.exe,"C:\Program Files (x86)\Microsoft\Edge\Application\msedge.exe, --no-startup-window, --win-session-start",3,"""C:\Program Files (x86)\Microsoft\Edge\Application\msedge.exe"" --no-startup-window --win-session-start","""C:\Program Files (x86)\Microsoft\Edge\Application\msedge.exe"" --no-startup-window --win-session-start",{2cb7582e-8abd-6611-bd00-000000000a00},C:\Program Files (x86)\Microsoft\Edge\Application\msedge.exe,C:\Program Files (x86)\Microsoft\Edge\Application\msedge.exe,msedge.exe,msedge.exe,"2,216",Microsoft Corporation,Microsoft Edge,123.0.2420.81,msedge.exe,Microsoft Edge,"9,024",C:\Program Files (x86)\Microsoft\Edge\Application\123.0.2420.81\,C:\Program Files (x86)\Microsoft\Edge\Application\123.0.2420.81\,bb27df3e3ef67746c4d2082e018a4f73067a80c0f126b0daee10f7cb7b2e16a8,terminusk9,TERMINUSK9,S-1-5-18,terminusk9,terminusk9,wineventlog,Microsoft-Windows-Sysmon/Operational,terminusk9,Microsoft Corporation,Microsoft Edge,123.0.2420.81,Low,{2cb7582e-8a87-6611-2bd8-0b0000000000},0xbd82b,TERMINUSK9\terminusk9,Microsoft Edge,1,1,Info,"3,228","3,820",{5770385f-c22a-43e0-bf4c-06f5698ffbd9},Microsoft-Windows-Sysmon,674,Process Create (rule: ProcessCreate),NT AUTHORITY,S-1-5-18,SYSTEM,User,5,,,,
"Apr 6, 2024 @ 10:58:12.430",7649c11b-3a00-4241-b375-20762f70ba8f,7ffeba03-3080-43c7-a167-2b63dd853127,terminusk9,terminusk9,filebeat,8.13.1,windows.sysmon_operational,default,logs,8.0.0,7ffeba03-3080-43c7-a167-2b63dd853127,FALSE,8.13.1,Process terminated,verified,process,5,"Apr 6, 2024 @ 10:58:14.156",windows.sysmon_operational,"Apr 6, 2024 @ 10:58:22.000",event,windows,Microsoft-Windows-Sysmon,end,x86_64,terminusk9,2cb7582e-6ac9-4585-97cc-ae60502e4f16,"fe80::1754:ed5c:491b:5546, 10.0.2.15",08-00-27-BF-A9-3A,terminusk9,19045.2965,windows,10.0.19041.2965 (WinBuild.160101.0800),Windows 10 Home,Windows 10 Home,windows,windows,10,winlog,information,"Process terminated:
RuleName: -
UtcTime: 2024-04-06 17:58:12.430
ProcessGuid: {2cb7582e-8d34-6611-3001-000000000a00}
ProcessId: 4652
Image: C:\Program Files (x86)\Microsoft\Edge\Application\msedge.exe
User: TERMINUSK9\terminusk9",-,-,-,-,{2cb7582e-8d34-6611-3001-000000000a00},C:\Program Files (x86)\Microsoft\Edge\Application\msedge.exe,C:\Program Files (x86)\Microsoft\Edge\Application\msedge.exe,-,msedge.exe,msedge.exe,-,-,-,-,-,-,-,-,-,-,-,-,-,-,-,"4,652",-,-,-,terminusk9,TERMINUSK9,S-1-5-18,terminusk9,terminusk9,wineventlog,Microsoft-Windows-Sysmon/Operational,terminusk9,-,-,-,-,-,-,-,-,-,5,Info,"3,228","3,820",{5770385f-c22a-43e0-bf4c-06f5698ffbd9},Microsoft-Windows-Sysmon,673,Process terminated (rule: ProcessTerminate),NT AUTHORITY,S-1-5-18,SYSTEM,User,3,,,,
"Apr 6, 2024 @ 10:58:12.359",7649c11b-3a00-4241-b375-20762f70ba8f,7ffeba03-3080-43c7-a167-2b63dd853127,terminusk9,terminusk9,filebeat,8.13.1,windows.sysmon_operational,default,logs,8.0.0,7ffeba03-3080-43c7-a167-2b63dd853127,FALSE,8.13.1,Process creation,verified,process,1,"Apr 6, 2024 @ 10:58:14.156",windows.sysmon_operational,"Apr 6, 2024 @ 10:58:22.000",event,windows,Microsoft-Windows-Sysmon,start,x86_64,terminusk9,2cb7582e-6ac9-4585-97cc-ae60502e4f16,"fe80::1754:ed5c:491b:5546, 10.0.2.15",08-00-27-BF-A9-3A,terminusk9,19045.2965,windows,10.0.19041.2965 (WinBuild.160101.0800),Windows 10 Home,Windows 10 Home,windows,windows,10,winlog,information,"Process Create:
RuleName: -
UtcTime: 2024-04-06 17:58:12.359
ProcessGuid: {2cb7582e-8d34-6611-3001-000000000a00}
ProcessId: 4652
Image: C:\Program Files (x86)\Microsoft\Edge\Application\msedge.exe
FileVersion: 123.0.2420.81
Description: Microsoft Edge
Product: Microsoft Edge
Company: Microsoft Corporation
OriginalFileName: msedge.exe
CommandLine: ""C:\Program Files (x86)\Microsoft\Edge\Application\msedge.exe"" 
CurrentDirectory: C:\Program Files (x86)\Microsoft\Edge\Application\
User: TERMINUSK9\terminusk9
LogonGuid: {2cb7582e-8a87-6611-2bd8-0b0000000000}
LogonId: 0xBD82B
TerminalSessionId: 1
IntegrityLevel: Medium
Hashes: SHA256=BB27DF3E3EF67746C4D2082E018A4F73067A80C0F126B0DAEE10F7CB7B2E16A8
ParentProcessGuid: {2cb7582e-8a8a-6611-8f00-000000000a00}
ParentProcessId: 928
ParentImage: C:\Windows\explorer.exe
ParentCommandLine: C:\Windows\Explorer.EXE
ParentUser: TERMINUSK9\terminusk9",C:\Program Files (x86)\Microsoft\Edge\Application\msedge.exe,1,"""C:\Program Files (x86)\Microsoft\Edge\Application\msedge.exe"" ","""C:\Program Files (x86)\Microsoft\Edge\Application\msedge.exe"" ",{2cb7582e-8d34-6611-3001-000000000a00},C:\Program Files (x86)\Microsoft\Edge\Application\msedge.exe,C:\Program Files (x86)\Microsoft\Edge\Application\msedge.exe,bb27df3e3ef67746c4d2082e018a4f73067a80c0f126b0daee10f7cb7b2e16a8,msedge.exe,msedge.exe,C:\Windows\Explorer.EXE,1,C:\Windows\Explorer.EXE,C:\Windows\Explorer.EXE,{2cb7582e-8a8a-6611-8f00-000000000a00},C:\Windows\explorer.exe,C:\Windows\explorer.exe,explorer.exe,explorer.exe,928,Microsoft Corporation,Microsoft Edge,123.0.2420.81,msedge.exe,Microsoft Edge,"4,652",C:\Program Files (x86)\Microsoft\Edge\Application\,C:\Program Files (x86)\Microsoft\Edge\Application\,bb27df3e3ef67746c4d2082e018a4f73067a80c0f126b0daee10f7cb7b2e16a8,terminusk9,TERMINUSK9,S-1-5-18,terminusk9,terminusk9,wineventlog,Microsoft-Windows-Sysmon/Operational,terminusk9,Microsoft Corporation,Microsoft Edge,123.0.2420.81,Medium,{2cb7582e-8a87-6611-2bd8-0b0000000000},0xbd82b,TERMINUSK9\terminusk9,Microsoft Edge,1,1,Info,"3,228","3,820",{5770385f-c22a-43e0-bf4c-06f5698ffbd9},Microsoft-Windows-Sysmon,672,Process Create (rule: ProcessCreate),NT AUTHORITY,S-1-5-18,SYSTEM,User,5,,,,
"Apr 6, 2024 @ 10:58:10.302",7649c11b-3a00-4241-b375-20762f70ba8f,7ffeba03-3080-43c7-a167-2b63dd853127,terminusk9,terminusk9,filebeat,8.13.1,windows.sysmon_operational,default,logs,8.0.0,7ffeba03-3080-43c7-a167-2b63dd853127,FALSE,8.13.1,Process creation,verified,process,1,"Apr 6, 2024 @ 10:58:12.123",windows.sysmon_operational,"Apr 6, 2024 @ 10:58:22.000",event,windows,Microsoft-Windows-Sysmon,start,x86_64,terminusk9,2cb7582e-6ac9-4585-97cc-ae60502e4f16,"fe80::1754:ed5c:491b:5546, 10.0.2.15",08-00-27-BF-A9-3A,terminusk9,19045.2965,windows,10.0.19041.2965 (WinBuild.160101.0800),Windows 10 Home,Windows 10 Home,windows,windows,10,winlog,information,"Process Create:
RuleName: -
UtcTime: 2024-04-06 17:58:10.302
ProcessGuid: {2cb7582e-8d32-6611-2f01-000000000a00}
ProcessId: 2240
Image: C:\Windows\System32\dllhost.exe
FileVersion: 10.0.19041.546 (WinBuild.160101.0800)
Description: COM Surrogate
Product: Microsoft® Windows® Operating System
Company: Microsoft Corporation
OriginalFileName: dllhost.exe
CommandLine: C:\Windows\system32\DllHost.exe /Processid:{AB8902B4-09CA-4BB6-B78D-A8F59079A8D5}
CurrentDirectory: C:\Windows\system32\
User: TERMINUSK9\terminusk9
LogonGuid: {2cb7582e-8a87-6611-2bd8-0b0000000000}
LogonId: 0xBD82B
TerminalSessionId: 1
IntegrityLevel: Medium
Hashes: SHA256=E7FC40B41AA8B83841A0B96D169EAF0800AA784733E636935374D56536253F10
ParentProcessGuid: {2cb7582e-8a00-6611-0d00-000000000a00}
ParentProcessId: 880
ParentImage: C:\Windows\System32\svchost.exe
ParentCommandLine: C:\Windows\system32\svchost.exe -k DcomLaunch -p
ParentUser: NT AUTHORITY\SYSTEM","C:\Windows\system32\DllHost.exe, /Processid:{AB8902B4-09CA-4BB6-B78D-A8F59079A8D5}",2,C:\Windows\system32\DllHost.exe /Processid:{AB8902B4-09CA-4BB6-B78D-A8F59079A8D5},C:\Windows\system32\DllHost.exe /Processid:{AB8902B4-09CA-4BB6-B78D-A8F59079A8D5},{2cb7582e-8d32-6611-2f01-000000000a00},C:\Windows\System32\dllhost.exe,C:\Windows\System32\dllhost.exe,e7fc40b41aa8b83841a0b96d169eaf0800aa784733e636935374d56536253f10,dllhost.exe,dllhost.exe,"C:\Windows\system32\svchost.exe, -k, DcomLaunch, -p",4,C:\Windows\system32\svchost.exe -k DcomLaunch -p,C:\Windows\system32\svchost.exe -k DcomLaunch -p,{2cb7582e-8a00-6611-0d00-000000000a00},C:\Windows\System32\svchost.exe,C:\Windows\System32\svchost.exe,svchost.exe,svchost.exe,880,Microsoft Corporation,COM Surrogate,10.0.19041.546 (WinBuild.160101.0800),dllhost.exe,Microsoft® Windows® Operating System,"2,240",C:\Windows\system32\,C:\Windows\system32\,e7fc40b41aa8b83841a0b96d169eaf0800aa784733e636935374d56536253f10,terminusk9,TERMINUSK9,S-1-5-18,terminusk9,terminusk9,wineventlog,Microsoft-Windows-Sysmon/Operational,terminusk9,Microsoft Corporation,COM Surrogate,10.0.19041.546 (WinBuild.160101.0800),Medium,{2cb7582e-8a87-6611-2bd8-0b0000000000},0xbd82b,NT AUTHORITY\SYSTEM,Microsoft® Windows® Operating System,1,1,Info,"3,228","3,820",{5770385f-c22a-43e0-bf4c-06f5698ffbd9},Microsoft-Windows-Sysmon,671,Process Create (rule: ProcessCreate),NT AUTHORITY,S-1-5-18,SYSTEM,User,5,,,,
"Apr 6, 2024 @ 10:58:02.755",7649c11b-3a00-4241-b375-20762f70ba8f,7ffeba03-3080-43c7-a167-2b63dd853127,terminusk9,terminusk9,filebeat,8.13.1,windows.sysmon_operational,default,logs,8.0.0,7ffeba03-3080-43c7-a167-2b63dd853127,FALSE,8.13.1,Process creation,verified,process,1,"Apr 6, 2024 @ 10:58:04.003",windows.sysmon_operational,"Apr 6, 2024 @ 10:58:07.000",event,windows,Microsoft-Windows-Sysmon,start,x86_64,terminusk9,2cb7582e-6ac9-4585-97cc-ae60502e4f16,"fe80::1754:ed5c:491b:5546, 10.0.2.15",08-00-27-BF-A9-3A,terminusk9,19045.2965,windows,10.0.19041.2965 (WinBuild.160101.0800),Windows 10 Home,Windows 10 Home,windows,windows,10,winlog,information,"Process Create:
RuleName: -
UtcTime: 2024-04-06 17:58:02.755
ProcessGuid: {2cb7582e-8d2a-6611-2e01-000000000a00}
ProcessId: 5840
Image: C:\Program Files (x86)\Microsoft\Edge\Application\msedge.exe
FileVersion: 123.0.2420.81
Description: Microsoft Edge
Product: Microsoft Edge
Company: Microsoft Corporation
OriginalFileName: msedge.exe
CommandLine: ""C:\Program Files (x86)\Microsoft\Edge\Application\msedge.exe"" --type=utility --utility-sub-type=asset_store.mojom.AssetStoreService --lang=en-US --service-sandbox-type=asset_store_service --no-appcompat-clear --field-trial-handle=4596,i,2979533050125484124,1773724349400376728,262144 --variations-seed-version --mojo-platform-channel-handle=5084 /prefetch:8
CurrentDirectory: C:\Program Files (x86)\Microsoft\Edge\Application\123.0.2420.81\
User: TERMINUSK9\terminusk9
LogonGuid: {2cb7582e-8a87-6611-2bd8-0b0000000000}
LogonId: 0xBD82B
TerminalSessionId: 1
IntegrityLevel: Low
Hashes: SHA256=BB27DF3E3EF67746C4D2082E018A4F73067A80C0F126B0DAEE10F7CB7B2E16A8
ParentProcessGuid: {2cb7582e-8abd-6611-bd00-000000000a00}
ParentProcessId: 2216
ParentImage: C:\Program Files (x86)\Microsoft\Edge\Application\msedge.exe
ParentCommandLine: ""C:\Program Files (x86)\Microsoft\Edge\Application\msedge.exe"" --no-startup-window --win-session-start
ParentUser: TERMINUSK9\terminusk9","C:\Program Files (x86)\Microsoft\Edge\Application\msedge.exe, --type=utility, --utility-sub-type=asset_store.mojom.AssetStoreService, --lang=en-US, --service-sandbox-type=asset_store_service, --no-appcompat-clear, --field-trial-handle=4596,i,2979533050125484124,1773724349400376728,262144, --variations-seed-version, --mojo-platform-channel-handle=5084, /prefetch:8",10,"""C:\Program Files (x86)\Microsoft\Edge\Application\msedge.exe"" --type=utility --utility-sub-type=asset_store.mojom.AssetStoreService --lang=en-US --service-sandbox-type=asset_store_service --no-appcompat-clear --field-trial-handle=4596,i,2979533050125484124,1773724349400376728,262144 --variations-seed-version --mojo-platform-channel-handle=5084 /prefetch:8","""C:\Program Files (x86)\Microsoft\Edge\Application\msedge.exe"" --type=utility --utility-sub-type=asset_store.mojom.AssetStoreService --lang=en-US --service-sandbox-type=asset_store_service --no-appcompat-clear --field-trial-handle=4596,i,2979533050125484124,1773724349400376728,262144 --variations-seed-version --mojo-platform-channel-handle=5084 /prefetch:8",{2cb7582e-8d2a-6611-2e01-000000000a00},C:\Program Files (x86)\Microsoft\Edge\Application\msedge.exe,C:\Program Files (x86)\Microsoft\Edge\Application\msedge.exe,bb27df3e3ef67746c4d2082e018a4f73067a80c0f126b0daee10f7cb7b2e16a8,msedge.exe,msedge.exe,"C:\Program Files (x86)\Microsoft\Edge\Application\msedge.exe, --no-startup-window, --win-session-start",3,"""C:\Program Files (x86)\Microsoft\Edge\Application\msedge.exe"" --no-startup-window --win-session-start","""C:\Program Files (x86)\Microsoft\Edge\Application\msedge.exe"" --no-startup-window --win-session-start",{2cb7582e-8abd-6611-bd00-000000000a00},C:\Program Files (x86)\Microsoft\Edge\Application\msedge.exe,C:\Program Files (x86)\Microsoft\Edge\Application\msedge.exe,msedge.exe,msedge.exe,"2,216",Microsoft Corporation,Microsoft Edge,123.0.2420.81,msedge.exe,Microsoft Edge,"5,840",C:\Program Files (x86)\Microsoft\Edge\Application\123.0.2420.81\,C:\Program Files (x86)\Microsoft\Edge\Application\123.0.2420.81\,bb27df3e3ef67746c4d2082e018a4f73067a80c0f126b0daee10f7cb7b2e16a8,terminusk9,TERMINUSK9,S-1-5-18,terminusk9,terminusk9,wineventlog,Microsoft-Windows-Sysmon/Operational,terminusk9,Microsoft Corporation,Microsoft Edge,123.0.2420.81,Low,{2cb7582e-8a87-6611-2bd8-0b0000000000},0xbd82b,TERMINUSK9\terminusk9,Microsoft Edge,1,1,Info,"3,228","3,820",{5770385f-c22a-43e0-bf4c-06f5698ffbd9},Microsoft-Windows-Sysmon,670,Process Create (rule: ProcessCreate),NT AUTHORITY,S-1-5-18,SYSTEM,User,5,,,,
"Apr 6, 2024 @ 10:58:02.685",7649c11b-3a00-4241-b375-20762f70ba8f,7ffeba03-3080-43c7-a167-2b63dd853127,terminusk9,terminusk9,filebeat,8.13.1,windows.sysmon_operational,default,logs,8.0.0,7ffeba03-3080-43c7-a167-2b63dd853127,FALSE,8.13.1,Process terminated,verified,process,5,"Apr 6, 2024 @ 10:58:04.002",windows.sysmon_operational,"Apr 6, 2024 @ 10:58:07.000",event,windows,Microsoft-Windows-Sysmon,end,x86_64,terminusk9,2cb7582e-6ac9-4585-97cc-ae60502e4f16,"fe80::1754:ed5c:491b:5546, 10.0.2.15",08-00-27-BF-A9-3A,terminusk9,19045.2965,windows,10.0.19041.2965 (WinBuild.160101.0800),Windows 10 Home,Windows 10 Home,windows,windows,10,winlog,information,"Process terminated:
RuleName: -
UtcTime: 2024-04-06 17:58:02.685
ProcessGuid: {2cb7582e-8d23-6611-2d01-000000000a00}
ProcessId: 6172
Image: C:\Windows\System32\dllhost.exe
User: TERMINUSK9\terminusk9",-,-,-,-,{2cb7582e-8d23-6611-2d01-000000000a00},C:\Windows\System32\dllhost.exe,C:\Windows\System32\dllhost.exe,-,dllhost.exe,dllhost.exe,-,-,-,-,-,-,-,-,-,-,-,-,-,-,-,"6,172",-,-,-,terminusk9,TERMINUSK9,S-1-5-18,terminusk9,terminusk9,wineventlog,Microsoft-Windows-Sysmon/Operational,terminusk9,-,-,-,-,-,-,-,-,-,5,Info,"3,228","3,820",{5770385f-c22a-43e0-bf4c-06f5698ffbd9},Microsoft-Windows-Sysmon,669,Process terminated (rule: ProcessTerminate),NT AUTHORITY,S-1-5-18,SYSTEM,User,3,,,,
"Apr 6, 2024 @ 10:57:55.066",7649c11b-3a00-4241-b375-20762f70ba8f,7ffeba03-3080-43c7-a167-2b63dd853127,terminusk9,terminusk9,filebeat,8.13.1,windows.sysmon_operational,default,logs,8.0.0,7ffeba03-3080-43c7-a167-2b63dd853127,FALSE,8.13.1,Process creation,verified,process,1,"Apr 6, 2024 @ 10:57:56.871",windows.sysmon_operational,"Apr 6, 2024 @ 10:58:07.000",event,windows,Microsoft-Windows-Sysmon,start,x86_64,terminusk9,2cb7582e-6ac9-4585-97cc-ae60502e4f16,"fe80::1754:ed5c:491b:5546, 10.0.2.15",08-00-27-BF-A9-3A,terminusk9,19045.2965,windows,10.0.19041.2965 (WinBuild.160101.0800),Windows 10 Home,Windows 10 Home,windows,windows,10,winlog,information,"Process Create:
RuleName: -
UtcTime: 2024-04-06 17:57:55.066
ProcessGuid: {2cb7582e-8d23-6611-2d01-000000000a00}
ProcessId: 6172
Image: C:\Windows\System32\dllhost.exe
FileVersion: 10.0.19041.546 (WinBuild.160101.0800)
Description: COM Surrogate
Product: Microsoft® Windows® Operating System
Company: Microsoft Corporation
OriginalFileName: dllhost.exe
CommandLine: C:\Windows\system32\DllHost.exe /Processid:{AB8902B4-09CA-4BB6-B78D-A8F59079A8D5}
CurrentDirectory: C:\Windows\system32\
User: TERMINUSK9\terminusk9
LogonGuid: {2cb7582e-8a87-6611-2bd8-0b0000000000}
LogonId: 0xBD82B
TerminalSessionId: 1
IntegrityLevel: Medium
Hashes: SHA256=E7FC40B41AA8B83841A0B96D169EAF0800AA784733E636935374D56536253F10
ParentProcessGuid: {2cb7582e-8a00-6611-0d00-000000000a00}
ParentProcessId: 880
ParentImage: C:\Windows\System32\svchost.exe
ParentCommandLine: C:\Windows\system32\svchost.exe -k DcomLaunch -p
ParentUser: NT AUTHORITY\SYSTEM","C:\Windows\system32\DllHost.exe, /Processid:{AB8902B4-09CA-4BB6-B78D-A8F59079A8D5}",2,C:\Windows\system32\DllHost.exe /Processid:{AB8902B4-09CA-4BB6-B78D-A8F59079A8D5},C:\Windows\system32\DllHost.exe /Processid:{AB8902B4-09CA-4BB6-B78D-A8F59079A8D5},{2cb7582e-8d23-6611-2d01-000000000a00},C:\Windows\System32\dllhost.exe,C:\Windows\System32\dllhost.exe,e7fc40b41aa8b83841a0b96d169eaf0800aa784733e636935374d56536253f10,dllhost.exe,dllhost.exe,"C:\Windows\system32\svchost.exe, -k, DcomLaunch, -p",4,C:\Windows\system32\svchost.exe -k DcomLaunch -p,C:\Windows\system32\svchost.exe -k DcomLaunch -p,{2cb7582e-8a00-6611-0d00-000000000a00},C:\Windows\System32\svchost.exe,C:\Windows\System32\svchost.exe,svchost.exe,svchost.exe,880,Microsoft Corporation,COM Surrogate,10.0.19041.546 (WinBuild.160101.0800),dllhost.exe,Microsoft® Windows® Operating System,"6,172",C:\Windows\system32\,C:\Windows\system32\,e7fc40b41aa8b83841a0b96d169eaf0800aa784733e636935374d56536253f10,terminusk9,TERMINUSK9,S-1-5-18,terminusk9,terminusk9,wineventlog,Microsoft-Windows-Sysmon/Operational,terminusk9,Microsoft Corporation,COM Surrogate,10.0.19041.546 (WinBuild.160101.0800),Medium,{2cb7582e-8a87-6611-2bd8-0b0000000000},0xbd82b,NT AUTHORITY\SYSTEM,Microsoft® Windows® Operating System,1,1,Info,"3,228","3,820",{5770385f-c22a-43e0-bf4c-06f5698ffbd9},Microsoft-Windows-Sysmon,668,Process Create (rule: ProcessCreate),NT AUTHORITY,S-1-5-18,SYSTEM,User,5,,,,
"Apr 6, 2024 @ 10:57:44.466",7649c11b-3a00-4241-b375-20762f70ba8f,7ffeba03-3080-43c7-a167-2b63dd853127,terminusk9,terminusk9,filebeat,8.13.1,windows.sysmon_operational,default,logs,8.0.0,7ffeba03-3080-43c7-a167-2b63dd853127,FALSE,8.13.1,Process terminated,verified,process,5,"Apr 6, 2024 @ 10:57:45.712",windows.sysmon_operational,"Apr 6, 2024 @ 10:57:47.000",event,windows,Microsoft-Windows-Sysmon,end,x86_64,terminusk9,2cb7582e-6ac9-4585-97cc-ae60502e4f16,"fe80::1754:ed5c:491b:5546, 10.0.2.15",08-00-27-BF-A9-3A,terminusk9,19045.2965,windows,10.0.19041.2965 (WinBuild.160101.0800),Windows 10 Home,Windows 10 Home,windows,windows,10,winlog,information,"Process terminated:
RuleName: -
UtcTime: 2024-04-06 17:57:44.466
ProcessGuid: {2cb7582e-8d10-6611-2b01-000000000a00}
ProcessId: 2684
Image: C:\Windows\System32\dllhost.exe
User: TERMINUSK9\terminusk9",-,-,-,-,{2cb7582e-8d10-6611-2b01-000000000a00},C:\Windows\System32\dllhost.exe,C:\Windows\System32\dllhost.exe,-,dllhost.exe,dllhost.exe,-,-,-,-,-,-,-,-,-,-,-,-,-,-,-,"2,684",-,-,-,terminusk9,TERMINUSK9,S-1-5-18,terminusk9,terminusk9,wineventlog,Microsoft-Windows-Sysmon/Operational,terminusk9,-,-,-,-,-,-,-,-,-,5,Info,"3,228","3,820",{5770385f-c22a-43e0-bf4c-06f5698ffbd9},Microsoft-Windows-Sysmon,667,Process terminated (rule: ProcessTerminate),NT AUTHORITY,S-1-5-18,SYSTEM,User,3,,,,
"Apr 6, 2024 @ 10:57:44.281",7649c11b-3a00-4241-b375-20762f70ba8f,7ffeba03-3080-43c7-a167-2b63dd853127,terminusk9,terminusk9,filebeat,8.13.1,windows.sysmon_operational,default,logs,8.0.0,7ffeba03-3080-43c7-a167-2b63dd853127,FALSE,8.13.1,Process terminated,verified,process,5,"Apr 6, 2024 @ 10:57:45.712",windows.sysmon_operational,"Apr 6, 2024 @ 10:57:47.000",event,windows,Microsoft-Windows-Sysmon,end,x86_64,terminusk9,2cb7582e-6ac9-4585-97cc-ae60502e4f16,"fe80::1754:ed5c:491b:5546, 10.0.2.15",08-00-27-BF-A9-3A,terminusk9,19045.2965,windows,10.0.19041.2965 (WinBuild.160101.0800),Windows 10 Home,Windows 10 Home,windows,windows,10,winlog,information,"Process terminated:
RuleName: -
UtcTime: 2024-04-06 17:57:44.281
ProcessGuid: {2cb7582e-8d17-6611-2c01-000000000a00}
ProcessId: 4616
Image: C:\Windows\System32\taskhostw.exe
User: NT AUTHORITY\SYSTEM",-,-,-,-,{2cb7582e-8d17-6611-2c01-000000000a00},C:\Windows\System32\taskhostw.exe,C:\Windows\System32\taskhostw.exe,-,taskhostw.exe,taskhostw.exe,-,-,-,-,-,-,-,-,-,-,-,-,-,-,-,"4,616",-,-,-,SYSTEM,NT AUTHORITY,S-1-5-18,SYSTEM,SYSTEM,wineventlog,Microsoft-Windows-Sysmon/Operational,terminusk9,-,-,-,-,-,-,-,-,-,5,Info,"3,228","3,820",{5770385f-c22a-43e0-bf4c-06f5698ffbd9},Microsoft-Windows-Sysmon,666,Process terminated (rule: ProcessTerminate),NT AUTHORITY,S-1-5-18,SYSTEM,User,3,,,,
"Apr 6, 2024 @ 10:57:43.991",7649c11b-3a00-4241-b375-20762f70ba8f,7ffeba03-3080-43c7-a167-2b63dd853127,terminusk9,terminusk9,filebeat,8.13.1,windows.sysmon_operational,default,logs,8.0.0,7ffeba03-3080-43c7-a167-2b63dd853127,FALSE,8.13.1,Process creation,verified,process,1,"Apr 6, 2024 @ 10:57:45.712",windows.sysmon_operational,"Apr 6, 2024 @ 10:57:47.000",event,windows,Microsoft-Windows-Sysmon,start,x86_64,terminusk9,2cb7582e-6ac9-4585-97cc-ae60502e4f16,"fe80::1754:ed5c:491b:5546, 10.0.2.15",08-00-27-BF-A9-3A,terminusk9,19045.2965,windows,10.0.19041.2965 (WinBuild.160101.0800),Windows 10 Home,Windows 10 Home,windows,windows,10,winlog,information,"Process Create:
RuleName: -
UtcTime: 2024-04-06 17:57:43.991
ProcessGuid: {2cb7582e-8d17-6611-2c01-000000000a00}
ProcessId: 4616
Image: C:\Windows\System32\taskhostw.exe
FileVersion: 10.0.19041.1865 (WinBuild.160101.0800)
Description: Host Process for Windows Tasks
Product: Microsoft® Windows® Operating System
Company: Microsoft Corporation
OriginalFileName: taskhostw.exe
CommandLine: taskhostw.exe -RegisterDevice -ProtectionStateChanged -FreeNetworkOnly
CurrentDirectory: C:\Windows\system32\
User: NT AUTHORITY\SYSTEM
LogonGuid: {2cb7582e-89ff-6611-e703-000000000000}
LogonId: 0x3E7
TerminalSessionId: 0
IntegrityLevel: System
Hashes: SHA256=E63709209D09BC0247E785F075DDB28A98C348206109E2B8BA321AD958402728
ParentProcessGuid: {2cb7582e-8a01-6611-2100-000000000a00}
ParentProcessId: 1568
ParentImage: C:\Windows\System32\svchost.exe
ParentCommandLine: C:\Windows\system32\svchost.exe -k netsvcs -p -s Schedule
ParentUser: NT AUTHORITY\SYSTEM","taskhostw.exe, -RegisterDevice, -ProtectionStateChanged, -FreeNetworkOnly",4,taskhostw.exe -RegisterDevice -ProtectionStateChanged -FreeNetworkOnly,taskhostw.exe -RegisterDevice -ProtectionStateChanged -FreeNetworkOnly,{2cb7582e-8d17-6611-2c01-000000000a00},C:\Windows\System32\taskhostw.exe,C:\Windows\System32\taskhostw.exe,e63709209d09bc0247e785f075ddb28a98c348206109e2b8ba321ad958402728,taskhostw.exe,taskhostw.exe,"C:\Windows\system32\svchost.exe, -k, netsvcs, -p, -s, Schedule",6,C:\Windows\system32\svchost.exe -k netsvcs -p -s Schedule,C:\Windows\system32\svchost.exe -k netsvcs -p -s Schedule,{2cb7582e-8a01-6611-2100-000000000a00},C:\Windows\System32\svchost.exe,C:\Windows\System32\svchost.exe,svchost.exe,svchost.exe,"1,568",Microsoft Corporation,Host Process for Windows Tasks,10.0.19041.1865 (WinBuild.160101.0800),taskhostw.exe,Microsoft® Windows® Operating System,"4,616",C:\Windows\system32\,C:\Windows\system32\,e63709209d09bc0247e785f075ddb28a98c348206109e2b8ba321ad958402728,SYSTEM,NT AUTHORITY,S-1-5-18,SYSTEM,SYSTEM,wineventlog,Microsoft-Windows-Sysmon/Operational,terminusk9,Microsoft Corporation,Host Process for Windows Tasks,10.0.19041.1865 (WinBuild.160101.0800),System,{2cb7582e-89ff-6611-e703-000000000000},0x3e7,NT AUTHORITY\SYSTEM,Microsoft® Windows® Operating System,0,1,Info,"3,228","3,820",{5770385f-c22a-43e0-bf4c-06f5698ffbd9},Microsoft-Windows-Sysmon,665,Process Create (rule: ProcessCreate),NT AUTHORITY,S-1-5-18,SYSTEM,User,5,,,,
"Apr 6, 2024 @ 10:57:36.337",7649c11b-3a00-4241-b375-20762f70ba8f,7ffeba03-3080-43c7-a167-2b63dd853127,terminusk9,terminusk9,filebeat,8.13.1,windows.sysmon_operational,default,logs,8.0.0,7ffeba03-3080-43c7-a167-2b63dd853127,FALSE,8.13.1,Process creation,verified,process,1,"Apr 6, 2024 @ 10:57:37.472",windows.sysmon_operational,"Apr 6, 2024 @ 10:57:47.000",event,windows,Microsoft-Windows-Sysmon,start,x86_64,terminusk9,2cb7582e-6ac9-4585-97cc-ae60502e4f16,"fe80::1754:ed5c:491b:5546, 10.0.2.15",08-00-27-BF-A9-3A,terminusk9,19045.2965,windows,10.0.19041.2965 (WinBuild.160101.0800),Windows 10 Home,Windows 10 Home,windows,windows,10,winlog,information,"Process Create:
RuleName: -
UtcTime: 2024-04-06 17:57:36.337
ProcessGuid: {2cb7582e-8d10-6611-2b01-000000000a00}
ProcessId: 2684
Image: C:\Windows\System32\dllhost.exe
FileVersion: 10.0.19041.546 (WinBuild.160101.0800)
Description: COM Surrogate
Product: Microsoft® Windows® Operating System
Company: Microsoft Corporation
OriginalFileName: dllhost.exe
CommandLine: C:\Windows\system32\DllHost.exe /Processid:{AB8902B4-09CA-4BB6-B78D-A8F59079A8D5}
CurrentDirectory: C:\Windows\system32\
User: TERMINUSK9\terminusk9
LogonGuid: {2cb7582e-8a87-6611-2bd8-0b0000000000}
LogonId: 0xBD82B
TerminalSessionId: 1
IntegrityLevel: Medium
Hashes: SHA256=E7FC40B41AA8B83841A0B96D169EAF0800AA784733E636935374D56536253F10
ParentProcessGuid: {2cb7582e-8a00-6611-0d00-000000000a00}
ParentProcessId: 880
ParentImage: C:\Windows\System32\svchost.exe
ParentCommandLine: C:\Windows\system32\svchost.exe -k DcomLaunch -p
ParentUser: NT AUTHORITY\SYSTEM","C:\Windows\system32\DllHost.exe, /Processid:{AB8902B4-09CA-4BB6-B78D-A8F59079A8D5}",2,C:\Windows\system32\DllHost.exe /Processid:{AB8902B4-09CA-4BB6-B78D-A8F59079A8D5},C:\Windows\system32\DllHost.exe /Processid:{AB8902B4-09CA-4BB6-B78D-A8F59079A8D5},{2cb7582e-8d10-6611-2b01-000000000a00},C:\Windows\System32\dllhost.exe,C:\Windows\System32\dllhost.exe,e7fc40b41aa8b83841a0b96d169eaf0800aa784733e636935374d56536253f10,dllhost.exe,dllhost.exe,"C:\Windows\system32\svchost.exe, -k, DcomLaunch, -p",4,C:\Windows\system32\svchost.exe -k DcomLaunch -p,C:\Windows\system32\svchost.exe -k DcomLaunch -p,{2cb7582e-8a00-6611-0d00-000000000a00},C:\Windows\System32\svchost.exe,C:\Windows\System32\svchost.exe,svchost.exe,svchost.exe,880,Microsoft Corporation,COM Surrogate,10.0.19041.546 (WinBuild.160101.0800),dllhost.exe,Microsoft® Windows® Operating System,"2,684",C:\Windows\system32\,C:\Windows\system32\,e7fc40b41aa8b83841a0b96d169eaf0800aa784733e636935374d56536253f10,terminusk9,TERMINUSK9,S-1-5-18,terminusk9,terminusk9,wineventlog,Microsoft-Windows-Sysmon/Operational,terminusk9,Microsoft Corporation,COM Surrogate,10.0.19041.546 (WinBuild.160101.0800),Medium,{2cb7582e-8a87-6611-2bd8-0b0000000000},0xbd82b,NT AUTHORITY\SYSTEM,Microsoft® Windows® Operating System,1,1,Info,"3,228","3,820",{5770385f-c22a-43e0-bf4c-06f5698ffbd9},Microsoft-Windows-Sysmon,664,Process Create (rule: ProcessCreate),NT AUTHORITY,S-1-5-18,SYSTEM,User,5,,,,
"Apr 6, 2024 @ 10:57:36.305",7649c11b-3a00-4241-b375-20762f70ba8f,7ffeba03-3080-43c7-a167-2b63dd853127,terminusk9,terminusk9,filebeat,8.13.1,windows.sysmon_operational,default,logs,8.0.0,7ffeba03-3080-43c7-a167-2b63dd853127,FALSE,8.13.1,Process creation,verified,process,1,"Apr 6, 2024 @ 10:57:37.471",windows.sysmon_operational,"Apr 6, 2024 @ 10:57:47.000",event,windows,Microsoft-Windows-Sysmon,start,x86_64,terminusk9,2cb7582e-6ac9-4585-97cc-ae60502e4f16,"fe80::1754:ed5c:491b:5546, 10.0.2.15",08-00-27-BF-A9-3A,terminusk9,19045.2965,windows,10.0.19041.2965 (WinBuild.160101.0800),Windows 10 Home,Windows 10 Home,windows,windows,10,winlog,information,"Process Create:
RuleName: -
UtcTime: 2024-04-06 17:57:36.305
ProcessGuid: {2cb7582e-8d10-6611-2a01-000000000a00}
ProcessId: 4868
Image: C:\Windows\System32\SearchFilterHost.exe
FileVersion: 7.0.19041.2673 (WinBuild.160101.0800)
Description: Microsoft Windows Search Filter Host
Product: Windows® Search
Company: Microsoft Corporation
OriginalFileName: SearchFilterHost.exe
CommandLine: ""C:\Windows\system32\SearchFilterHost.exe"" 0 804 808 816 8192 812 788 
CurrentDirectory: C:\Windows\system32\
User: NT AUTHORITY\SYSTEM
LogonGuid: {2cb7582e-89ff-6611-e703-000000000000}
LogonId: 0x3E7
TerminalSessionId: 0
IntegrityLevel: Medium
Hashes: SHA256=289E599C32D569A4F5993B2E0D78F07415B8B32AC8B31B9D35EB63BBEAE45D55
ParentProcessGuid: {2cb7582e-8a92-6611-a800-000000000a00}
ParentProcessId: 6276
ParentImage: C:\Windows\System32\SearchIndexer.exe
ParentCommandLine: C:\Windows\system32\SearchIndexer.exe /Embedding
ParentUser: NT AUTHORITY\SYSTEM","C:\Windows\system32\SearchFilterHost.exe, 0, 804, 808, 816, 8192, 812, 788",8,"""C:\Windows\system32\SearchFilterHost.exe"" 0 804 808 816 8192 812 788 ","""C:\Windows\system32\SearchFilterHost.exe"" 0 804 808 816 8192 812 788 ",{2cb7582e-8d10-6611-2a01-000000000a00},C:\Windows\System32\SearchFilterHost.exe,C:\Windows\System32\SearchFilterHost.exe,289e599c32d569a4f5993b2e0d78f07415b8b32ac8b31b9d35eb63bbeae45d55,SearchFilterHost.exe,SearchFilterHost.exe,"C:\Windows\system32\SearchIndexer.exe, /Embedding",2,C:\Windows\system32\SearchIndexer.exe /Embedding,C:\Windows\system32\SearchIndexer.exe /Embedding,{2cb7582e-8a92-6611-a800-000000000a00},C:\Windows\System32\SearchIndexer.exe,C:\Windows\System32\SearchIndexer.exe,SearchIndexer.exe,SearchIndexer.exe,"6,276",Microsoft Corporation,Microsoft Windows Search Filter Host,7.0.19041.2673 (WinBuild.160101.0800),SearchFilterHost.exe,Windows® Search,"4,868",C:\Windows\system32\,C:\Windows\system32\,289e599c32d569a4f5993b2e0d78f07415b8b32ac8b31b9d35eb63bbeae45d55,SYSTEM,NT AUTHORITY,S-1-5-18,SYSTEM,SYSTEM,wineventlog,Microsoft-Windows-Sysmon/Operational,terminusk9,Microsoft Corporation,Microsoft Windows Search Filter Host,7.0.19041.2673 (WinBuild.160101.0800),Medium,{2cb7582e-89ff-6611-e703-000000000000},0x3e7,NT AUTHORITY\SYSTEM,Windows® Search,0,1,Info,"3,228","3,820",{5770385f-c22a-43e0-bf4c-06f5698ffbd9},Microsoft-Windows-Sysmon,663,Process Create (rule: ProcessCreate),NT AUTHORITY,S-1-5-18,SYSTEM,User,5,,,,
"Apr 6, 2024 @ 10:57:29.362",7649c11b-3a00-4241-b375-20762f70ba8f,7ffeba03-3080-43c7-a167-2b63dd853127,terminusk9,terminusk9,filebeat,8.13.1,windows.sysmon_operational,default,logs,8.0.0,7ffeba03-3080-43c7-a167-2b63dd853127,FALSE,8.13.1,Process terminated,verified,process,5,"Apr 6, 2024 @ 10:57:31.341",windows.sysmon_operational,"Apr 6, 2024 @ 10:57:33.000",event,windows,Microsoft-Windows-Sysmon,end,x86_64,terminusk9,2cb7582e-6ac9-4585-97cc-ae60502e4f16,"fe80::1754:ed5c:491b:5546, 10.0.2.15",08-00-27-BF-A9-3A,terminusk9,19045.2965,windows,10.0.19041.2965 (WinBuild.160101.0800),Windows 10 Home,Windows 10 Home,windows,windows,10,winlog,information,"Process terminated:
RuleName: -
UtcTime: 2024-04-06 17:57:29.362
ProcessGuid: {2cb7582e-8c79-6611-1f01-000000000a00}
ProcessId: 5868
Image: C:\Windows\System32\SearchFilterHost.exe
User: NT AUTHORITY\SYSTEM",-,-,-,-,{2cb7582e-8c79-6611-1f01-000000000a00},C:\Windows\System32\SearchFilterHost.exe,C:\Windows\System32\SearchFilterHost.exe,-,SearchFilterHost.exe,SearchFilterHost.exe,-,-,-,-,-,-,-,-,-,-,-,-,-,-,-,"5,868",-,-,-,SYSTEM,NT AUTHORITY,S-1-5-18,SYSTEM,SYSTEM,wineventlog,Microsoft-Windows-Sysmon/Operational,terminusk9,-,-,-,-,-,-,-,-,-,5,Info,"3,228","3,820",{5770385f-c22a-43e0-bf4c-06f5698ffbd9},Microsoft-Windows-Sysmon,662,Process terminated (rule: ProcessTerminate),NT AUTHORITY,S-1-5-18,SYSTEM,User,3,,,,
"Apr 6, 2024 @ 10:57:21.939",7649c11b-3a00-4241-b375-20762f70ba8f,7ffeba03-3080-43c7-a167-2b63dd853127,terminusk9,terminusk9,filebeat,8.13.1,windows.sysmon_operational,default,logs,8.0.0,7ffeba03-3080-43c7-a167-2b63dd853127,FALSE,8.13.1,Process terminated,verified,process,5,"Apr 6, 2024 @ 10:57:23.251",windows.sysmon_operational,"Apr 6, 2024 @ 10:57:33.000",event,windows,Microsoft-Windows-Sysmon,end,x86_64,terminusk9,2cb7582e-6ac9-4585-97cc-ae60502e4f16,"fe80::1754:ed5c:491b:5546, 10.0.2.15",08-00-27-BF-A9-3A,terminusk9,19045.2965,windows,10.0.19041.2965 (WinBuild.160101.0800),Windows 10 Home,Windows 10 Home,windows,windows,10,winlog,information,"Process terminated:
RuleName: -
UtcTime: 2024-04-06 17:57:21.939
ProcessGuid: {2cb7582e-8cf7-6611-2901-000000000a00}
ProcessId: 6508
Image: C:\Windows\System32\dllhost.exe
User: TERMINUSK9\terminusk9",-,-,-,-,{2cb7582e-8cf7-6611-2901-000000000a00},C:\Windows\System32\dllhost.exe,C:\Windows\System32\dllhost.exe,-,dllhost.exe,dllhost.exe,-,-,-,-,-,-,-,-,-,-,-,-,-,-,-,"6,508",-,-,-,terminusk9,TERMINUSK9,S-1-5-18,terminusk9,terminusk9,wineventlog,Microsoft-Windows-Sysmon/Operational,terminusk9,-,-,-,-,-,-,-,-,-,5,Info,"3,228","3,820",{5770385f-c22a-43e0-bf4c-06f5698ffbd9},Microsoft-Windows-Sysmon,661,Process terminated (rule: ProcessTerminate),NT AUTHORITY,S-1-5-18,SYSTEM,User,3,,,,
"Apr 6, 2024 @ 10:57:11.991",7649c11b-3a00-4241-b375-20762f70ba8f,7ffeba03-3080-43c7-a167-2b63dd853127,terminusk9,terminusk9,filebeat,8.13.1,windows.sysmon_operational,default,logs,8.0.0,7ffeba03-3080-43c7-a167-2b63dd853127,FALSE,8.13.1,Process creation,verified,process,1,"Apr 6, 2024 @ 10:57:13.044",windows.sysmon_operational,"Apr 6, 2024 @ 10:57:15.000",event,windows,Microsoft-Windows-Sysmon,start,x86_64,terminusk9,2cb7582e-6ac9-4585-97cc-ae60502e4f16,"fe80::1754:ed5c:491b:5546, 10.0.2.15",08-00-27-BF-A9-3A,terminusk9,19045.2965,windows,10.0.19041.2965 (WinBuild.160101.0800),Windows 10 Home,Windows 10 Home,windows,windows,10,winlog,information,"Process Create:
RuleName: -
UtcTime: 2024-04-06 17:57:11.991
ProcessGuid: {2cb7582e-8cf7-6611-2901-000000000a00}
ProcessId: 6508
Image: C:\Windows\System32\dllhost.exe
FileVersion: 10.0.19041.546 (WinBuild.160101.0800)
Description: COM Surrogate
Product: Microsoft® Windows® Operating System
Company: Microsoft Corporation
OriginalFileName: dllhost.exe
CommandLine: C:\Windows\system32\DllHost.exe /Processid:{AB8902B4-09CA-4BB6-B78D-A8F59079A8D5}
CurrentDirectory: C:\Windows\system32\
User: TERMINUSK9\terminusk9
LogonGuid: {2cb7582e-8a87-6611-2bd8-0b0000000000}
LogonId: 0xBD82B
TerminalSessionId: 1
IntegrityLevel: Medium
Hashes: SHA256=E7FC40B41AA8B83841A0B96D169EAF0800AA784733E636935374D56536253F10
ParentProcessGuid: {2cb7582e-8a00-6611-0d00-000000000a00}
ParentProcessId: 880
ParentImage: C:\Windows\System32\svchost.exe
ParentCommandLine: C:\Windows\system32\svchost.exe -k DcomLaunch -p
ParentUser: NT AUTHORITY\SYSTEM","C:\Windows\system32\DllHost.exe, /Processid:{AB8902B4-09CA-4BB6-B78D-A8F59079A8D5}",2,C:\Windows\system32\DllHost.exe /Processid:{AB8902B4-09CA-4BB6-B78D-A8F59079A8D5},C:\Windows\system32\DllHost.exe /Processid:{AB8902B4-09CA-4BB6-B78D-A8F59079A8D5},{2cb7582e-8cf7-6611-2901-000000000a00},C:\Windows\System32\dllhost.exe,C:\Windows\System32\dllhost.exe,e7fc40b41aa8b83841a0b96d169eaf0800aa784733e636935374d56536253f10,dllhost.exe,dllhost.exe,"C:\Windows\system32\svchost.exe, -k, DcomLaunch, -p",4,C:\Windows\system32\svchost.exe -k DcomLaunch -p,C:\Windows\system32\svchost.exe -k DcomLaunch -p,{2cb7582e-8a00-6611-0d00-000000000a00},C:\Windows\System32\svchost.exe,C:\Windows\System32\svchost.exe,svchost.exe,svchost.exe,880,Microsoft Corporation,COM Surrogate,10.0.19041.546 (WinBuild.160101.0800),dllhost.exe,Microsoft® Windows® Operating System,"6,508",C:\Windows\system32\,C:\Windows\system32\,e7fc40b41aa8b83841a0b96d169eaf0800aa784733e636935374d56536253f10,terminusk9,TERMINUSK9,S-1-5-18,terminusk9,terminusk9,wineventlog,Microsoft-Windows-Sysmon/Operational,terminusk9,Microsoft Corporation,COM Surrogate,10.0.19041.546 (WinBuild.160101.0800),Medium,{2cb7582e-8a87-6611-2bd8-0b0000000000},0xbd82b,NT AUTHORITY\SYSTEM,Microsoft® Windows® Operating System,1,1,Info,"3,228","3,820",{5770385f-c22a-43e0-bf4c-06f5698ffbd9},Microsoft-Windows-Sysmon,660,Process Create (rule: ProcessCreate),NT AUTHORITY,S-1-5-18,SYSTEM,User,5,,,,
"Apr 6, 2024 @ 10:57:03.660",7649c11b-3a00-4241-b375-20762f70ba8f,7ffeba03-3080-43c7-a167-2b63dd853127,terminusk9,terminusk9,filebeat,8.13.1,windows.sysmon_operational,default,logs,8.0.0,7ffeba03-3080-43c7-a167-2b63dd853127,FALSE,8.13.1,Process terminated,verified,process,5,"Apr 6, 2024 @ 10:57:04.968",windows.sysmon_operational,"Apr 6, 2024 @ 10:57:15.000",event,windows,Microsoft-Windows-Sysmon,end,x86_64,terminusk9,2cb7582e-6ac9-4585-97cc-ae60502e4f16,"fe80::1754:ed5c:491b:5546, 10.0.2.15",08-00-27-BF-A9-3A,terminusk9,19045.2965,windows,10.0.19041.2965 (WinBuild.160101.0800),Windows 10 Home,Windows 10 Home,windows,windows,10,winlog,information,"Process terminated:
RuleName: -
UtcTime: 2024-04-06 17:57:03.660
ProcessGuid: {2cb7582e-8ce7-6611-2801-000000000a00}
ProcessId: 4648
Image: C:\Windows\System32\dllhost.exe
User: TERMINUSK9\terminusk9",-,-,-,-,{2cb7582e-8ce7-6611-2801-000000000a00},C:\Windows\System32\dllhost.exe,C:\Windows\System32\dllhost.exe,-,dllhost.exe,dllhost.exe,-,-,-,-,-,-,-,-,-,-,-,-,-,-,-,"4,648",-,-,-,terminusk9,TERMINUSK9,S-1-5-18,terminusk9,terminusk9,wineventlog,Microsoft-Windows-Sysmon/Operational,terminusk9,-,-,-,-,-,-,-,-,-,5,Info,"3,228","3,820",{5770385f-c22a-43e0-bf4c-06f5698ffbd9},Microsoft-Windows-Sysmon,659,Process terminated (rule: ProcessTerminate),NT AUTHORITY,S-1-5-18,SYSTEM,User,3,,,,
