"Apr 6, 2024 @ 10:44:33.976",7649c11b-3a00-4241-b375-20762f70ba8f,7ffeba03-3080-43c7-a167-2b63dd853127,terminusk9,terminusk9,filebeat,8.13.1,windows.sysmon_operational,default,logs,8.0.0,7ffeba03-3080-43c7-a167-2b63dd853127,FALSE,8.13.1,Process creation,verified,process,1,"Apr 6, 2024 @ 10:44:49.501",windows.sysmon_operational,"Apr 6, 2024 @ 10:45:00.000",event,windows,Microsoft-Windows-Sysmon,start,x86_64,terminusk9,2cb7582e-6ac9-4585-97cc-ae60502e4f16,"fe80::1754:ed5c:491b:5546, 10.0.2.15",08-00-27-BF-A9-3A,terminusk9,19045.2965,windows,10.0.19041.2965 (WinBuild.160101.0800),Windows 10 Home,Windows 10 Home,windows,windows,10,winlog,information,"Process Create:
RuleName: -
UtcTime: 2024-04-06 17:44:33.976
ProcessGuid: {2cb7582e-8a01-6611-3100-000000000a00}
ProcessId: 2304
Image: C:\Windows\System32\svchost.exe
FileVersion: 10.0.19041.1806 (WinBuild.160101.0800)
Description: Host Process for Windows Services
Product: Microsoft® Windows® Operating System
Company: Microsoft Corporation
OriginalFileName: svchost.exe
CommandLine: C:\Windows\system32\svchost.exe -k LocalServiceNetworkRestricted -p -s WinHttpAutoProxySvc
CurrentDirectory: C:\Windows\system32\
User: NT AUTHORITY\LOCAL SERVICE
LogonGuid: {2cb7582e-8a00-6611-e503-000000000000}
LogonId: 0x3E5
TerminalSessionId: 0
IntegrityLevel: System
Hashes: SHA256=ADD683A6910ABBBF0E28B557FAD0BA998166394932AE2ACA069D9AA19EA8FE88
ParentProcessGuid: {2cb7582e-89ff-6611-0b00-000000000a00}
ParentProcessId: 736
ParentImage: C:\Windows\System32\services.exe
ParentCommandLine: C:\Windows\system32\services.exe
ParentUser: NT AUTHORITY\SYSTEM","C:\Windows\system32\svchost.exe, -k, LocalServiceNetworkRestricted, -p, -s, WinHttpAutoProxySvc",6,C:\Windows\system32\svchost.exe -k LocalServiceNetworkRestricted -p -s WinHttpAutoProxySvc,C:\Windows\system32\svchost.exe -k LocalServiceNetworkRestricted -p -s WinHttpAutoProxySvc,{2cb7582e-8a01-6611-3100-000000000a00},C:\Windows\System32\svchost.exe,C:\Windows\System32\svchost.exe,add683a6910abbbf0e28b557fad0ba998166394932ae2aca069d9aa19ea8fe88,svchost.exe,svchost.exe,C:\Windows\system32\services.exe,1,C:\Windows\system32\services.exe,C:\Windows\system32\services.exe,{2cb7582e-89ff-6611-0b00-000000000a00},C:\Windows\System32\services.exe,C:\Windows\System32\services.exe,services.exe,services.exe,736,Microsoft Corporation,Host Process for Windows Services,10.0.19041.1806 (WinBuild.160101.0800),svchost.exe,Microsoft® Windows® Operating System,"2,304",C:\Windows\system32\,C:\Windows\system32\,add683a6910abbbf0e28b557fad0ba998166394932ae2aca069d9aa19ea8fe88,LOCAL SERVICE,NT AUTHORITY,S-1-5-18,LOCAL SERVICE,LOCAL SERVICE,wineventlog,Microsoft-Windows-Sysmon/Operational,terminusk9,Microsoft Corporation,Host Process for Windows Services,10.0.19041.1806 (WinBuild.160101.0800),System,{2cb7582e-8a00-6611-e503-000000000000},0x3e5,NT AUTHORITY\SYSTEM,Microsoft® Windows® Operating System,0,1,Info,"3,228","3,820",{5770385f-c22a-43e0-bf4c-06f5698ffbd9},Microsoft-Windows-Sysmon,261,Process Create (rule: ProcessCreate),NT AUTHORITY,S-1-5-18,SYSTEM,User,5,-,-,-,-
"Apr 6, 2024 @ 10:44:33.887",7649c11b-3a00-4241-b375-20762f70ba8f,7ffeba03-3080-43c7-a167-2b63dd853127,terminusk9,terminusk9,filebeat,8.13.1,windows.sysmon_operational,default,logs,8.0.0,7ffeba03-3080-43c7-a167-2b63dd853127,FALSE,8.13.1,Process creation,verified,process,1,"Apr 6, 2024 @ 10:44:49.501",windows.sysmon_operational,"Apr 6, 2024 @ 10:45:00.000",event,windows,Microsoft-Windows-Sysmon,start,x86_64,terminusk9,2cb7582e-6ac9-4585-97cc-ae60502e4f16,"fe80::1754:ed5c:491b:5546, 10.0.2.15",08-00-27-BF-A9-3A,terminusk9,19045.2965,windows,10.0.19041.2965 (WinBuild.160101.0800),Windows 10 Home,Windows 10 Home,windows,windows,10,winlog,information,"Process Create:
RuleName: -
UtcTime: 2024-04-06 17:44:33.887
ProcessGuid: {2cb7582e-8a01-6611-3000-000000000a00}
ProcessId: 2164
Image: C:\Windows\WinSxS\amd64_microsoft-windows-servicingstack_31bf3856ad364e35_10.0.19041.4163_none_7e304ec47c735f2e\TiWorker.exe
FileVersion: 10.0.19041.4163 (WinBuild.160101.0800)
Description: Windows Modules Installer Worker
Product: Microsoft® Windows® Operating System
Company: Microsoft Corporation
OriginalFileName: TiWorker.exe
CommandLine: C:\Windows\winsxs\amd64_microsoft-windows-servicingstack_31bf3856ad364e35_10.0.19041.4163_none_7e304ec47c735f2e\TiWorker.exe -Embedding
CurrentDirectory: C:\Windows\system32\
User: NT AUTHORITY\SYSTEM
LogonGuid: {2cb7582e-89ff-6611-e703-000000000000}
LogonId: 0x3E7
TerminalSessionId: 0
IntegrityLevel: System
Hashes: SHA256=7EC6E3FEA8B74E65367E38F2D8AD2AE15837A9AB66C2C6D16FABFFC2F6A709DE
ParentProcessGuid: {2cb7582e-8a00-6611-0d00-000000000a00}
ParentProcessId: 880
ParentImage: C:\Windows\System32\svchost.exe
ParentCommandLine: C:\Windows\system32\svchost.exe -k DcomLaunch -p
ParentUser: NT AUTHORITY\SYSTEM","C:\Windows\winsxs\amd64_microsoft-windows-servicingstack_31bf3856ad364e35_10.0.19041.4163_none_7e304ec47c735f2e\TiWorker.exe, -Embedding",2,C:\Windows\winsxs\amd64_microsoft-windows-servicingstack_31bf3856ad364e35_10.0.19041.4163_none_7e304ec47c735f2e\TiWorker.exe -Embedding,C:\Windows\winsxs\amd64_microsoft-windows-servicingstack_31bf3856ad364e35_10.0.19041.4163_none_7e304ec47c735f2e\TiWorker.exe -Embedding,{2cb7582e-8a01-6611-3000-000000000a00},C:\Windows\WinSxS\amd64_microsoft-windows-servicingstack_31bf3856ad364e35_10.0.19041.4163_none_7e304ec47c735f2e\TiWorker.exe,C:\Windows\WinSxS\amd64_microsoft-windows-servicingstack_31bf3856ad364e35_10.0.19041.4163_none_7e304ec47c735f2e\TiWorker.exe,7ec6e3fea8b74e65367e38f2d8ad2ae15837a9ab66c2c6d16fabffc2f6a709de,TiWorker.exe,TiWorker.exe,"C:\Windows\system32\svchost.exe, -k, DcomLaunch, -p",4,C:\Windows\system32\svchost.exe -k DcomLaunch -p,C:\Windows\system32\svchost.exe -k DcomLaunch -p,{2cb7582e-8a00-6611-0d00-000000000a00},C:\Windows\System32\svchost.exe,C:\Windows\System32\svchost.exe,svchost.exe,svchost.exe,880,Microsoft Corporation,Windows Modules Installer Worker,10.0.19041.4163 (WinBuild.160101.0800),TiWorker.exe,Microsoft® Windows® Operating System,"2,164",C:\Windows\system32\,C:\Windows\system32\,7ec6e3fea8b74e65367e38f2d8ad2ae15837a9ab66c2c6d16fabffc2f6a709de,SYSTEM,NT AUTHORITY,S-1-5-18,SYSTEM,SYSTEM,wineventlog,Microsoft-Windows-Sysmon/Operational,terminusk9,Microsoft Corporation,Windows Modules Installer Worker,10.0.19041.4163 (WinBuild.160101.0800),System,{2cb7582e-89ff-6611-e703-000000000000},0x3e7,NT AUTHORITY\SYSTEM,Microsoft® Windows® Operating System,0,1,Info,"3,228","3,820",{5770385f-c22a-43e0-bf4c-06f5698ffbd9},Microsoft-Windows-Sysmon,260,Process Create (rule: ProcessCreate),NT AUTHORITY,S-1-5-18,SYSTEM,User,5,-,-,-,-
"Apr 6, 2024 @ 10:44:33.828",7649c11b-3a00-4241-b375-20762f70ba8f,7ffeba03-3080-43c7-a167-2b63dd853127,terminusk9,terminusk9,filebeat,8.13.1,windows.sysmon_operational,default,logs,8.0.0,7ffeba03-3080-43c7-a167-2b63dd853127,FALSE,8.13.1,Process creation,verified,process,1,"Apr 6, 2024 @ 10:44:49.501",windows.sysmon_operational,"Apr 6, 2024 @ 10:45:00.000",event,windows,Microsoft-Windows-Sysmon,start,x86_64,terminusk9,2cb7582e-6ac9-4585-97cc-ae60502e4f16,"fe80::1754:ed5c:491b:5546, 10.0.2.15",08-00-27-BF-A9-3A,terminusk9,19045.2965,windows,10.0.19041.2965 (WinBuild.160101.0800),Windows 10 Home,Windows 10 Home,windows,windows,10,winlog,information,"Process Create:
RuleName: -
UtcTime: 2024-04-06 17:44:33.828
ProcessGuid: {2cb7582e-8a01-6611-2f00-000000000a00}
ProcessId: 2056
Image: C:\Windows\System32\svchost.exe
FileVersion: 10.0.19041.1806 (WinBuild.160101.0800)
Description: Host Process for Windows Services
Product: Microsoft® Windows® Operating System
Company: Microsoft Corporation
OriginalFileName: svchost.exe
CommandLine: C:\Windows\system32\svchost.exe -k LocalService -p -s FontCache
CurrentDirectory: C:\Windows\system32\
User: NT AUTHORITY\LOCAL SERVICE
LogonGuid: {2cb7582e-8a00-6611-e503-000000000000}
LogonId: 0x3E5
TerminalSessionId: 0
IntegrityLevel: System
Hashes: SHA256=ADD683A6910ABBBF0E28B557FAD0BA998166394932AE2ACA069D9AA19EA8FE88
ParentProcessGuid: {2cb7582e-89ff-6611-0b00-000000000a00}
ParentProcessId: 736
ParentImage: C:\Windows\System32\services.exe
ParentCommandLine: C:\Windows\system32\services.exe
ParentUser: NT AUTHORITY\SYSTEM","C:\Windows\system32\svchost.exe, -k, LocalService, -p, -s, FontCache",6,C:\Windows\system32\svchost.exe -k LocalService -p -s FontCache,C:\Windows\system32\svchost.exe -k LocalService -p -s FontCache,{2cb7582e-8a01-6611-2f00-000000000a00},C:\Windows\System32\svchost.exe,C:\Windows\System32\svchost.exe,add683a6910abbbf0e28b557fad0ba998166394932ae2aca069d9aa19ea8fe88,svchost.exe,svchost.exe,C:\Windows\system32\services.exe,1,C:\Windows\system32\services.exe,C:\Windows\system32\services.exe,{2cb7582e-89ff-6611-0b00-000000000a00},C:\Windows\System32\services.exe,C:\Windows\System32\services.exe,services.exe,services.exe,736,Microsoft Corporation,Host Process for Windows Services,10.0.19041.1806 (WinBuild.160101.0800),svchost.exe,Microsoft® Windows® Operating System,"2,056",C:\Windows\system32\,C:\Windows\system32\,add683a6910abbbf0e28b557fad0ba998166394932ae2aca069d9aa19ea8fe88,LOCAL SERVICE,NT AUTHORITY,S-1-5-18,LOCAL SERVICE,LOCAL SERVICE,wineventlog,Microsoft-Windows-Sysmon/Operational,terminusk9,Microsoft Corporation,Host Process for Windows Services,10.0.19041.1806 (WinBuild.160101.0800),System,{2cb7582e-8a00-6611-e503-000000000000},0x3e5,NT AUTHORITY\SYSTEM,Microsoft® Windows® Operating System,0,1,Info,"3,228","3,820",{5770385f-c22a-43e0-bf4c-06f5698ffbd9},Microsoft-Windows-Sysmon,259,Process Create (rule: ProcessCreate),NT AUTHORITY,S-1-5-18,SYSTEM,User,5,-,-,-,-
"Apr 6, 2024 @ 10:44:33.826",7649c11b-3a00-4241-b375-20762f70ba8f,7ffeba03-3080-43c7-a167-2b63dd853127,terminusk9,terminusk9,filebeat,8.13.1,windows.sysmon_operational,default,logs,8.0.0,7ffeba03-3080-43c7-a167-2b63dd853127,FALSE,8.13.1,Process creation,verified,process,1,"Apr 6, 2024 @ 10:44:49.501",windows.sysmon_operational,"Apr 6, 2024 @ 10:45:00.000",event,windows,Microsoft-Windows-Sysmon,start,x86_64,terminusk9,2cb7582e-6ac9-4585-97cc-ae60502e4f16,"fe80::1754:ed5c:491b:5546, 10.0.2.15",08-00-27-BF-A9-3A,terminusk9,19045.2965,windows,10.0.19041.2965 (WinBuild.160101.0800),Windows 10 Home,Windows 10 Home,windows,windows,10,winlog,information,"Process Create:
RuleName: -
UtcTime: 2024-04-06 17:44:33.826
ProcessGuid: {2cb7582e-8a01-6611-2e00-000000000a00}
ProcessId: 1292
Image: C:\Windows\System32\svchost.exe
FileVersion: 10.0.19041.1806 (WinBuild.160101.0800)
Description: Host Process for Windows Services
Product: Microsoft® Windows® Operating System
Company: Microsoft Corporation
OriginalFileName: svchost.exe
CommandLine: C:\Windows\System32\svchost.exe -k LocalSystemNetworkRestricted -p -s AudioEndpointBuilder
CurrentDirectory: C:\Windows\system32\
User: NT AUTHORITY\SYSTEM
LogonGuid: {2cb7582e-89ff-6611-e703-000000000000}
LogonId: 0x3E7
TerminalSessionId: 0
IntegrityLevel: System
Hashes: SHA256=ADD683A6910ABBBF0E28B557FAD0BA998166394932AE2ACA069D9AA19EA8FE88
ParentProcessGuid: {2cb7582e-89ff-6611-0b00-000000000a00}
ParentProcessId: 736
ParentImage: C:\Windows\System32\services.exe
ParentCommandLine: C:\Windows\system32\services.exe
ParentUser: NT AUTHORITY\SYSTEM","C:\Windows\System32\svchost.exe, -k, LocalSystemNetworkRestricted, -p, -s, AudioEndpointBuilder",6,C:\Windows\System32\svchost.exe -k LocalSystemNetworkRestricted -p -s AudioEndpointBuilder,C:\Windows\System32\svchost.exe -k LocalSystemNetworkRestricted -p -s AudioEndpointBuilder,{2cb7582e-8a01-6611-2e00-000000000a00},C:\Windows\System32\svchost.exe,C:\Windows\System32\svchost.exe,add683a6910abbbf0e28b557fad0ba998166394932ae2aca069d9aa19ea8fe88,svchost.exe,svchost.exe,C:\Windows\system32\services.exe,1,C:\Windows\system32\services.exe,C:\Windows\system32\services.exe,{2cb7582e-89ff-6611-0b00-000000000a00},C:\Windows\System32\services.exe,C:\Windows\System32\services.exe,services.exe,services.exe,736,Microsoft Corporation,Host Process for Windows Services,10.0.19041.1806 (WinBuild.160101.0800),svchost.exe,Microsoft® Windows® Operating System,"1,292",C:\Windows\system32\,C:\Windows\system32\,add683a6910abbbf0e28b557fad0ba998166394932ae2aca069d9aa19ea8fe88,SYSTEM,NT AUTHORITY,S-1-5-18,SYSTEM,SYSTEM,wineventlog,Microsoft-Windows-Sysmon/Operational,terminusk9,Microsoft Corporation,Host Process for Windows Services,10.0.19041.1806 (WinBuild.160101.0800),System,{2cb7582e-89ff-6611-e703-000000000000},0x3e7,NT AUTHORITY\SYSTEM,Microsoft® Windows® Operating System,0,1,Info,"3,228","3,820",{5770385f-c22a-43e0-bf4c-06f5698ffbd9},Microsoft-Windows-Sysmon,258,Process Create (rule: ProcessCreate),NT AUTHORITY,S-1-5-18,SYSTEM,User,5,-,-,-,-
"Apr 6, 2024 @ 10:44:33.825",7649c11b-3a00-4241-b375-20762f70ba8f,7ffeba03-3080-43c7-a167-2b63dd853127,terminusk9,terminusk9,filebeat,8.13.1,windows.sysmon_operational,default,logs,8.0.0,7ffeba03-3080-43c7-a167-2b63dd853127,FALSE,8.13.1,Process creation,verified,process,1,"Apr 6, 2024 @ 10:44:49.501",windows.sysmon_operational,"Apr 6, 2024 @ 10:45:00.000",event,windows,Microsoft-Windows-Sysmon,start,x86_64,terminusk9,2cb7582e-6ac9-4585-97cc-ae60502e4f16,"fe80::1754:ed5c:491b:5546, 10.0.2.15",08-00-27-BF-A9-3A,terminusk9,19045.2965,windows,10.0.19041.2965 (WinBuild.160101.0800),Windows 10 Home,Windows 10 Home,windows,windows,10,winlog,information,"Process Create:
RuleName: -
UtcTime: 2024-04-06 17:44:33.825
ProcessGuid: {2cb7582e-8a01-6611-2d00-000000000a00}
ProcessId: 608
Image: C:\Windows\System32\svchost.exe
FileVersion: 10.0.19041.1806 (WinBuild.160101.0800)
Description: Host Process for Windows Services
Product: Microsoft® Windows® Operating System
Company: Microsoft Corporation
OriginalFileName: svchost.exe
CommandLine: C:\Windows\system32\svchost.exe -k netsvcs -p -s UserManager
CurrentDirectory: C:\Windows\system32\
User: NT AUTHORITY\SYSTEM
LogonGuid: {2cb7582e-89ff-6611-e703-000000000000}
LogonId: 0x3E7
TerminalSessionId: 0
IntegrityLevel: System
Hashes: SHA256=ADD683A6910ABBBF0E28B557FAD0BA998166394932AE2ACA069D9AA19EA8FE88
ParentProcessGuid: {2cb7582e-89ff-6611-0b00-000000000a00}
ParentProcessId: 736
ParentImage: C:\Windows\System32\services.exe
ParentCommandLine: C:\Windows\system32\services.exe
ParentUser: NT AUTHORITY\SYSTEM","C:\Windows\system32\svchost.exe, -k, netsvcs, -p, -s, UserManager",6,C:\Windows\system32\svchost.exe -k netsvcs -p -s UserManager,C:\Windows\system32\svchost.exe -k netsvcs -p -s UserManager,{2cb7582e-8a01-6611-2d00-000000000a00},C:\Windows\System32\svchost.exe,C:\Windows\System32\svchost.exe,add683a6910abbbf0e28b557fad0ba998166394932ae2aca069d9aa19ea8fe88,svchost.exe,svchost.exe,C:\Windows\system32\services.exe,1,C:\Windows\system32\services.exe,C:\Windows\system32\services.exe,{2cb7582e-89ff-6611-0b00-000000000a00},C:\Windows\System32\services.exe,C:\Windows\System32\services.exe,services.exe,services.exe,736,Microsoft Corporation,Host Process for Windows Services,10.0.19041.1806 (WinBuild.160101.0800),svchost.exe,Microsoft® Windows® Operating System,608,C:\Windows\system32\,C:\Windows\system32\,add683a6910abbbf0e28b557fad0ba998166394932ae2aca069d9aa19ea8fe88,SYSTEM,NT AUTHORITY,S-1-5-18,SYSTEM,SYSTEM,wineventlog,Microsoft-Windows-Sysmon/Operational,terminusk9,Microsoft Corporation,Host Process for Windows Services,10.0.19041.1806 (WinBuild.160101.0800),System,{2cb7582e-89ff-6611-e703-000000000000},0x3e7,NT AUTHORITY\SYSTEM,Microsoft® Windows® Operating System,0,1,Info,"3,228","3,820",{5770385f-c22a-43e0-bf4c-06f5698ffbd9},Microsoft-Windows-Sysmon,257,Process Create (rule: ProcessCreate),NT AUTHORITY,S-1-5-18,SYSTEM,User,5,-,-,-,-
"Apr 6, 2024 @ 10:44:33.765",7649c11b-3a00-4241-b375-20762f70ba8f,7ffeba03-3080-43c7-a167-2b63dd853127,terminusk9,terminusk9,filebeat,8.13.1,windows.sysmon_operational,default,logs,8.0.0,7ffeba03-3080-43c7-a167-2b63dd853127,FALSE,8.13.1,Process creation,verified,process,1,"Apr 6, 2024 @ 10:44:49.501",windows.sysmon_operational,"Apr 6, 2024 @ 10:45:00.000",event,windows,Microsoft-Windows-Sysmon,start,x86_64,terminusk9,2cb7582e-6ac9-4585-97cc-ae60502e4f16,"fe80::1754:ed5c:491b:5546, 10.0.2.15",08-00-27-BF-A9-3A,terminusk9,19045.2965,windows,10.0.19041.2965 (WinBuild.160101.0800),Windows 10 Home,Windows 10 Home,windows,windows,10,winlog,information,"Process Create:
RuleName: -
UtcTime: 2024-04-06 17:44:33.765
ProcessGuid: {2cb7582e-8a01-6611-2c00-000000000a00}
ProcessId: 1336
Image: C:\Windows\System32\taskhostw.exe
FileVersion: 10.0.19041.1865 (WinBuild.160101.0800)
Description: Host Process for Windows Tasks
Product: Microsoft® Windows® Operating System
Company: Microsoft Corporation
OriginalFileName: taskhostw.exe
CommandLine: taskhostw.exe ExploitGuardPolicy
CurrentDirectory: C:\Windows\system32\
User: NT AUTHORITY\SYSTEM
LogonGuid: {2cb7582e-89ff-6611-e703-000000000000}
LogonId: 0x3E7
TerminalSessionId: 0
IntegrityLevel: System
Hashes: SHA256=E63709209D09BC0247E785F075DDB28A98C348206109E2B8BA321AD958402728
ParentProcessGuid: {2cb7582e-8a01-6611-2100-000000000a00}
ParentProcessId: 1568
ParentImage: C:\Windows\System32\svchost.exe
ParentCommandLine: C:\Windows\system32\svchost.exe -k netsvcs -p -s Schedule
ParentUser: NT AUTHORITY\SYSTEM","taskhostw.exe, ExploitGuardPolicy",2,taskhostw.exe ExploitGuardPolicy,taskhostw.exe ExploitGuardPolicy,{2cb7582e-8a01-6611-2c00-000000000a00},C:\Windows\System32\taskhostw.exe,C:\Windows\System32\taskhostw.exe,e63709209d09bc0247e785f075ddb28a98c348206109e2b8ba321ad958402728,taskhostw.exe,taskhostw.exe,"C:\Windows\system32\svchost.exe, -k, netsvcs, -p, -s, Schedule",6,C:\Windows\system32\svchost.exe -k netsvcs -p -s Schedule,C:\Windows\system32\svchost.exe -k netsvcs -p -s Schedule,{2cb7582e-8a01-6611-2100-000000000a00},C:\Windows\System32\svchost.exe,C:\Windows\System32\svchost.exe,svchost.exe,svchost.exe,"1,568",Microsoft Corporation,Host Process for Windows Tasks,10.0.19041.1865 (WinBuild.160101.0800),taskhostw.exe,Microsoft® Windows® Operating System,"1,336",C:\Windows\system32\,C:\Windows\system32\,e63709209d09bc0247e785f075ddb28a98c348206109e2b8ba321ad958402728,SYSTEM,NT AUTHORITY,S-1-5-18,SYSTEM,SYSTEM,wineventlog,Microsoft-Windows-Sysmon/Operational,terminusk9,Microsoft Corporation,Host Process for Windows Tasks,10.0.19041.1865 (WinBuild.160101.0800),System,{2cb7582e-89ff-6611-e703-000000000000},0x3e7,NT AUTHORITY\SYSTEM,Microsoft® Windows® Operating System,0,1,Info,"3,228","3,820",{5770385f-c22a-43e0-bf4c-06f5698ffbd9},Microsoft-Windows-Sysmon,256,Process Create (rule: ProcessCreate),NT AUTHORITY,S-1-5-18,SYSTEM,User,5,-,-,-,-
"Apr 6, 2024 @ 10:44:33.707",7649c11b-3a00-4241-b375-20762f70ba8f,7ffeba03-3080-43c7-a167-2b63dd853127,terminusk9,terminusk9,filebeat,8.13.1,windows.sysmon_operational,default,logs,8.0.0,7ffeba03-3080-43c7-a167-2b63dd853127,FALSE,8.13.1,Process creation,verified,process,1,"Apr 6, 2024 @ 10:44:49.501",windows.sysmon_operational,"Apr 6, 2024 @ 10:45:00.000",event,windows,Microsoft-Windows-Sysmon,start,x86_64,terminusk9,2cb7582e-6ac9-4585-97cc-ae60502e4f16,"fe80::1754:ed5c:491b:5546, 10.0.2.15",08-00-27-BF-A9-3A,terminusk9,19045.2965,windows,10.0.19041.2965 (WinBuild.160101.0800),Windows 10 Home,Windows 10 Home,windows,windows,10,winlog,information,"Process Create:
RuleName: -
UtcTime: 2024-04-06 17:44:33.707
ProcessGuid: {2cb7582e-8a01-6611-2b00-000000000a00}
ProcessId: 2040
Image: C:\Windows\System32\svchost.exe
FileVersion: 10.0.19041.1806 (WinBuild.160101.0800)
Description: Host Process for Windows Services
Product: Microsoft® Windows® Operating System
Company: Microsoft Corporation
OriginalFileName: svchost.exe
CommandLine: C:\Windows\system32\svchost.exe -k netsvcs -p -s SENS
CurrentDirectory: C:\Windows\system32\
User: NT AUTHORITY\SYSTEM
LogonGuid: {2cb7582e-89ff-6611-e703-000000000000}
LogonId: 0x3E7
TerminalSessionId: 0
IntegrityLevel: System
Hashes: SHA256=ADD683A6910ABBBF0E28B557FAD0BA998166394932AE2ACA069D9AA19EA8FE88
ParentProcessGuid: {2cb7582e-89ff-6611-0b00-000000000a00}
ParentProcessId: 736
ParentImage: C:\Windows\System32\services.exe
ParentCommandLine: C:\Windows\system32\services.exe
ParentUser: NT AUTHORITY\SYSTEM","C:\Windows\system32\svchost.exe, -k, netsvcs, -p, -s, SENS",6,C:\Windows\system32\svchost.exe -k netsvcs -p -s SENS,C:\Windows\system32\svchost.exe -k netsvcs -p -s SENS,{2cb7582e-8a01-6611-2b00-000000000a00},C:\Windows\System32\svchost.exe,C:\Windows\System32\svchost.exe,add683a6910abbbf0e28b557fad0ba998166394932ae2aca069d9aa19ea8fe88,svchost.exe,svchost.exe,C:\Windows\system32\services.exe,1,C:\Windows\system32\services.exe,C:\Windows\system32\services.exe,{2cb7582e-89ff-6611-0b00-000000000a00},C:\Windows\System32\services.exe,C:\Windows\System32\services.exe,services.exe,services.exe,736,Microsoft Corporation,Host Process for Windows Services,10.0.19041.1806 (WinBuild.160101.0800),svchost.exe,Microsoft® Windows® Operating System,"2,040",C:\Windows\system32\,C:\Windows\system32\,add683a6910abbbf0e28b557fad0ba998166394932ae2aca069d9aa19ea8fe88,SYSTEM,NT AUTHORITY,S-1-5-18,SYSTEM,SYSTEM,wineventlog,Microsoft-Windows-Sysmon/Operational,terminusk9,Microsoft Corporation,Host Process for Windows Services,10.0.19041.1806 (WinBuild.160101.0800),System,{2cb7582e-89ff-6611-e703-000000000000},0x3e7,NT AUTHORITY\SYSTEM,Microsoft® Windows® Operating System,0,1,Info,"3,228","3,820",{5770385f-c22a-43e0-bf4c-06f5698ffbd9},Microsoft-Windows-Sysmon,255,Process Create (rule: ProcessCreate),NT AUTHORITY,S-1-5-18,SYSTEM,User,5,-,-,-,-
"Apr 6, 2024 @ 10:44:33.656",7649c11b-3a00-4241-b375-20762f70ba8f,7ffeba03-3080-43c7-a167-2b63dd853127,terminusk9,terminusk9,filebeat,8.13.1,windows.sysmon_operational,default,logs,8.0.0,7ffeba03-3080-43c7-a167-2b63dd853127,FALSE,8.13.1,Process creation,verified,process,1,"Apr 6, 2024 @ 10:44:49.501",windows.sysmon_operational,"Apr 6, 2024 @ 10:45:00.000",event,windows,Microsoft-Windows-Sysmon,start,x86_64,terminusk9,2cb7582e-6ac9-4585-97cc-ae60502e4f16,"fe80::1754:ed5c:491b:5546, 10.0.2.15",08-00-27-BF-A9-3A,terminusk9,19045.2965,windows,10.0.19041.2965 (WinBuild.160101.0800),Windows 10 Home,Windows 10 Home,windows,windows,10,winlog,information,"Process Create:
RuleName: -
UtcTime: 2024-04-06 17:44:33.656
ProcessGuid: {2cb7582e-8a01-6611-2a00-000000000a00}
ProcessId: 1984
Image: C:\Windows\System32\svchost.exe
FileVersion: 10.0.19041.1806 (WinBuild.160101.0800)
Description: Host Process for Windows Services
Product: Microsoft® Windows® Operating System
Company: Microsoft Corporation
OriginalFileName: svchost.exe
CommandLine: C:\Windows\System32\svchost.exe -k LocalService -p -s netprofm
CurrentDirectory: C:\Windows\system32\
User: NT AUTHORITY\LOCAL SERVICE
LogonGuid: {2cb7582e-8a00-6611-e503-000000000000}
LogonId: 0x3E5
TerminalSessionId: 0
IntegrityLevel: System
Hashes: SHA256=ADD683A6910ABBBF0E28B557FAD0BA998166394932AE2ACA069D9AA19EA8FE88
ParentProcessGuid: {2cb7582e-89ff-6611-0b00-000000000a00}
ParentProcessId: 736
ParentImage: C:\Windows\System32\services.exe
ParentCommandLine: C:\Windows\system32\services.exe
ParentUser: NT AUTHORITY\SYSTEM","C:\Windows\System32\svchost.exe, -k, LocalService, -p, -s, netprofm",6,C:\Windows\System32\svchost.exe -k LocalService -p -s netprofm,C:\Windows\System32\svchost.exe -k LocalService -p -s netprofm,{2cb7582e-8a01-6611-2a00-000000000a00},C:\Windows\System32\svchost.exe,C:\Windows\System32\svchost.exe,add683a6910abbbf0e28b557fad0ba998166394932ae2aca069d9aa19ea8fe88,svchost.exe,svchost.exe,C:\Windows\system32\services.exe,1,C:\Windows\system32\services.exe,C:\Windows\system32\services.exe,{2cb7582e-89ff-6611-0b00-000000000a00},C:\Windows\System32\services.exe,C:\Windows\System32\services.exe,services.exe,services.exe,736,Microsoft Corporation,Host Process for Windows Services,10.0.19041.1806 (WinBuild.160101.0800),svchost.exe,Microsoft® Windows® Operating System,"1,984",C:\Windows\system32\,C:\Windows\system32\,add683a6910abbbf0e28b557fad0ba998166394932ae2aca069d9aa19ea8fe88,LOCAL SERVICE,NT AUTHORITY,S-1-5-18,LOCAL SERVICE,LOCAL SERVICE,wineventlog,Microsoft-Windows-Sysmon/Operational,terminusk9,Microsoft Corporation,Host Process for Windows Services,10.0.19041.1806 (WinBuild.160101.0800),System,{2cb7582e-8a00-6611-e503-000000000000},0x3e5,NT AUTHORITY\SYSTEM,Microsoft® Windows® Operating System,0,1,Info,"3,228","3,820",{5770385f-c22a-43e0-bf4c-06f5698ffbd9},Microsoft-Windows-Sysmon,254,Process Create (rule: ProcessCreate),NT AUTHORITY,S-1-5-18,SYSTEM,User,5,-,-,-,-
"Apr 6, 2024 @ 10:44:33.552",7649c11b-3a00-4241-b375-20762f70ba8f,7ffeba03-3080-43c7-a167-2b63dd853127,terminusk9,terminusk9,filebeat,8.13.1,windows.sysmon_operational,default,logs,8.0.0,7ffeba03-3080-43c7-a167-2b63dd853127,FALSE,8.13.1,Process creation,verified,process,1,"Apr 6, 2024 @ 10:44:49.501",windows.sysmon_operational,"Apr 6, 2024 @ 10:45:00.000",event,windows,Microsoft-Windows-Sysmon,start,x86_64,terminusk9,2cb7582e-6ac9-4585-97cc-ae60502e4f16,"fe80::1754:ed5c:491b:5546, 10.0.2.15",08-00-27-BF-A9-3A,terminusk9,19045.2965,windows,10.0.19041.2965 (WinBuild.160101.0800),Windows 10 Home,Windows 10 Home,windows,windows,10,winlog,information,"Process Create:
RuleName: -
UtcTime: 2024-04-06 17:44:33.552
ProcessGuid: {2cb7582e-8a01-6611-2800-000000000a00}
ProcessId: 1812
Image: C:\Windows\servicing\TrustedInstaller.exe
FileVersion: 10.0.19041.1741 (WinBuild.160101.0800)
Description: Windows Modules Installer
Product: Microsoft® Windows® Operating System
Company: Microsoft Corporation
OriginalFileName: TrustedInstaller.exe
CommandLine: C:\Windows\servicing\TrustedInstaller.exe
CurrentDirectory: C:\Windows\system32\
User: NT AUTHORITY\SYSTEM
LogonGuid: {2cb7582e-89ff-6611-e703-000000000000}
LogonId: 0x3E7
TerminalSessionId: 0
IntegrityLevel: System
Hashes: SHA256=7F0E3E2682A24A6B27484226CC0C7B30F837EA08B01F82C7B7AC094BF0A88CE5
ParentProcessGuid: {2cb7582e-89ff-6611-0b00-000000000a00}
ParentProcessId: 736
ParentImage: C:\Windows\System32\services.exe
ParentCommandLine: C:\Windows\system32\services.exe
ParentUser: NT AUTHORITY\SYSTEM",C:\Windows\servicing\TrustedInstaller.exe,1,C:\Windows\servicing\TrustedInstaller.exe,C:\Windows\servicing\TrustedInstaller.exe,{2cb7582e-8a01-6611-2800-000000000a00},C:\Windows\servicing\TrustedInstaller.exe,C:\Windows\servicing\TrustedInstaller.exe,7f0e3e2682a24a6b27484226cc0c7b30f837ea08b01f82c7b7ac094bf0a88ce5,TrustedInstaller.exe,TrustedInstaller.exe,C:\Windows\system32\services.exe,1,C:\Windows\system32\services.exe,C:\Windows\system32\services.exe,{2cb7582e-89ff-6611-0b00-000000000a00},C:\Windows\System32\services.exe,C:\Windows\System32\services.exe,services.exe,services.exe,736,Microsoft Corporation,Windows Modules Installer,10.0.19041.1741 (WinBuild.160101.0800),TrustedInstaller.exe,Microsoft® Windows® Operating System,"1,812",C:\Windows\system32\,C:\Windows\system32\,7f0e3e2682a24a6b27484226cc0c7b30f837ea08b01f82c7b7ac094bf0a88ce5,SYSTEM,NT AUTHORITY,S-1-5-18,SYSTEM,SYSTEM,wineventlog,Microsoft-Windows-Sysmon/Operational,terminusk9,Microsoft Corporation,Windows Modules Installer,10.0.19041.1741 (WinBuild.160101.0800),System,{2cb7582e-89ff-6611-e703-000000000000},0x3e7,NT AUTHORITY\SYSTEM,Microsoft® Windows® Operating System,0,1,Info,"3,228","3,820",{5770385f-c22a-43e0-bf4c-06f5698ffbd9},Microsoft-Windows-Sysmon,253,Process Create (rule: ProcessCreate),NT AUTHORITY,S-1-5-18,SYSTEM,User,5,-,-,-,-
"Apr 6, 2024 @ 10:44:33.546",7649c11b-3a00-4241-b375-20762f70ba8f,7ffeba03-3080-43c7-a167-2b63dd853127,terminusk9,terminusk9,filebeat,8.13.1,windows.sysmon_operational,default,logs,8.0.0,7ffeba03-3080-43c7-a167-2b63dd853127,FALSE,8.13.1,Process creation,verified,process,1,"Apr 6, 2024 @ 10:44:49.501",windows.sysmon_operational,"Apr 6, 2024 @ 10:45:00.000",event,windows,Microsoft-Windows-Sysmon,start,x86_64,terminusk9,2cb7582e-6ac9-4585-97cc-ae60502e4f16,"fe80::1754:ed5c:491b:5546, 10.0.2.15",08-00-27-BF-A9-3A,terminusk9,19045.2965,windows,10.0.19041.2965 (WinBuild.160101.0800),Windows 10 Home,Windows 10 Home,windows,windows,10,winlog,information,"Process Create:
RuleName: -
UtcTime: 2024-04-06 17:44:33.546
ProcessGuid: {2cb7582e-8a01-6611-2700-000000000a00}
ProcessId: 1788
Image: C:\Windows\System32\svchost.exe
FileVersion: 10.0.19041.1806 (WinBuild.160101.0800)
Description: Host Process for Windows Services
Product: Microsoft® Windows® Operating System
Company: Microsoft Corporation
OriginalFileName: svchost.exe
CommandLine: C:\Windows\System32\svchost.exe -k netsvcs -p -s Themes
CurrentDirectory: C:\Windows\system32\
User: NT AUTHORITY\SYSTEM
LogonGuid: {2cb7582e-89ff-6611-e703-000000000000}
LogonId: 0x3E7
TerminalSessionId: 0
IntegrityLevel: System
Hashes: SHA256=ADD683A6910ABBBF0E28B557FAD0BA998166394932AE2ACA069D9AA19EA8FE88
ParentProcessGuid: {2cb7582e-89ff-6611-0b00-000000000a00}
ParentProcessId: 736
ParentImage: C:\Windows\System32\services.exe
ParentCommandLine: C:\Windows\system32\services.exe
ParentUser: NT AUTHORITY\SYSTEM","C:\Windows\System32\svchost.exe, -k, netsvcs, -p, -s, Themes",6,C:\Windows\System32\svchost.exe -k netsvcs -p -s Themes,C:\Windows\System32\svchost.exe -k netsvcs -p -s Themes,{2cb7582e-8a01-6611-2700-000000000a00},C:\Windows\System32\svchost.exe,C:\Windows\System32\svchost.exe,add683a6910abbbf0e28b557fad0ba998166394932ae2aca069d9aa19ea8fe88,svchost.exe,svchost.exe,C:\Windows\system32\services.exe,1,C:\Windows\system32\services.exe,C:\Windows\system32\services.exe,{2cb7582e-89ff-6611-0b00-000000000a00},C:\Windows\System32\services.exe,C:\Windows\System32\services.exe,services.exe,services.exe,736,Microsoft Corporation,Host Process for Windows Services,10.0.19041.1806 (WinBuild.160101.0800),svchost.exe,Microsoft® Windows® Operating System,"1,788",C:\Windows\system32\,C:\Windows\system32\,add683a6910abbbf0e28b557fad0ba998166394932ae2aca069d9aa19ea8fe88,SYSTEM,NT AUTHORITY,S-1-5-18,SYSTEM,SYSTEM,wineventlog,Microsoft-Windows-Sysmon/Operational,terminusk9,Microsoft Corporation,Host Process for Windows Services,10.0.19041.1806 (WinBuild.160101.0800),System,{2cb7582e-89ff-6611-e703-000000000000},0x3e7,NT AUTHORITY\SYSTEM,Microsoft® Windows® Operating System,0,1,Info,"3,228","3,820",{5770385f-c22a-43e0-bf4c-06f5698ffbd9},Microsoft-Windows-Sysmon,252,Process Create (rule: ProcessCreate),NT AUTHORITY,S-1-5-18,SYSTEM,User,5,-,-,-,-
"Apr 6, 2024 @ 10:44:33.545",7649c11b-3a00-4241-b375-20762f70ba8f,7ffeba03-3080-43c7-a167-2b63dd853127,terminusk9,terminusk9,filebeat,8.13.1,windows.sysmon_operational,default,logs,8.0.0,7ffeba03-3080-43c7-a167-2b63dd853127,FALSE,8.13.1,Process creation,verified,process,1,"Apr 6, 2024 @ 10:44:49.500",windows.sysmon_operational,"Apr 6, 2024 @ 10:45:00.000",event,windows,Microsoft-Windows-Sysmon,start,x86_64,terminusk9,2cb7582e-6ac9-4585-97cc-ae60502e4f16,"fe80::1754:ed5c:491b:5546, 10.0.2.15",08-00-27-BF-A9-3A,terminusk9,19045.2965,windows,10.0.19041.2965 (WinBuild.160101.0800),Windows 10 Home,Windows 10 Home,windows,windows,10,winlog,information,"Process Create:
RuleName: -
UtcTime: 2024-04-06 17:44:33.545
ProcessGuid: {2cb7582e-8a01-6611-2600-000000000a00}
ProcessId: 1780
Image: C:\Windows\System32\svchost.exe
FileVersion: 10.0.19041.1806 (WinBuild.160101.0800)
Description: Host Process for Windows Services
Product: Microsoft® Windows® Operating System
Company: Microsoft Corporation
OriginalFileName: svchost.exe
CommandLine: C:\Windows\system32\svchost.exe -k LocalService -p -s EventSystem
CurrentDirectory: C:\Windows\system32\
User: NT AUTHORITY\LOCAL SERVICE
LogonGuid: {2cb7582e-8a00-6611-e503-000000000000}
LogonId: 0x3E5
TerminalSessionId: 0
IntegrityLevel: System
Hashes: SHA256=ADD683A6910ABBBF0E28B557FAD0BA998166394932AE2ACA069D9AA19EA8FE88
ParentProcessGuid: {2cb7582e-89ff-6611-0b00-000000000a00}
ParentProcessId: 736
ParentImage: C:\Windows\System32\services.exe
ParentCommandLine: C:\Windows\system32\services.exe
ParentUser: NT AUTHORITY\SYSTEM","C:\Windows\system32\svchost.exe, -k, LocalService, -p, -s, EventSystem",6,C:\Windows\system32\svchost.exe -k LocalService -p -s EventSystem,C:\Windows\system32\svchost.exe -k LocalService -p -s EventSystem,{2cb7582e-8a01-6611-2600-000000000a00},C:\Windows\System32\svchost.exe,C:\Windows\System32\svchost.exe,add683a6910abbbf0e28b557fad0ba998166394932ae2aca069d9aa19ea8fe88,svchost.exe,svchost.exe,C:\Windows\system32\services.exe,1,C:\Windows\system32\services.exe,C:\Windows\system32\services.exe,{2cb7582e-89ff-6611-0b00-000000000a00},C:\Windows\System32\services.exe,C:\Windows\System32\services.exe,services.exe,services.exe,736,Microsoft Corporation,Host Process for Windows Services,10.0.19041.1806 (WinBuild.160101.0800),svchost.exe,Microsoft® Windows® Operating System,"1,780",C:\Windows\system32\,C:\Windows\system32\,add683a6910abbbf0e28b557fad0ba998166394932ae2aca069d9aa19ea8fe88,LOCAL SERVICE,NT AUTHORITY,S-1-5-18,LOCAL SERVICE,LOCAL SERVICE,wineventlog,Microsoft-Windows-Sysmon/Operational,terminusk9,Microsoft Corporation,Host Process for Windows Services,10.0.19041.1806 (WinBuild.160101.0800),System,{2cb7582e-8a00-6611-e503-000000000000},0x3e5,NT AUTHORITY\SYSTEM,Microsoft® Windows® Operating System,0,1,Info,"3,228","3,820",{5770385f-c22a-43e0-bf4c-06f5698ffbd9},Microsoft-Windows-Sysmon,251,Process Create (rule: ProcessCreate),NT AUTHORITY,S-1-5-18,SYSTEM,User,5,-,-,-,-
"Apr 6, 2024 @ 10:44:33.544",7649c11b-3a00-4241-b375-20762f70ba8f,7ffeba03-3080-43c7-a167-2b63dd853127,terminusk9,terminusk9,filebeat,8.13.1,windows.sysmon_operational,default,logs,8.0.0,7ffeba03-3080-43c7-a167-2b63dd853127,FALSE,8.13.1,Process creation,verified,process,1,"Apr 6, 2024 @ 10:44:49.500",windows.sysmon_operational,"Apr 6, 2024 @ 10:45:00.000",event,windows,Microsoft-Windows-Sysmon,start,x86_64,terminusk9,2cb7582e-6ac9-4585-97cc-ae60502e4f16,"fe80::1754:ed5c:491b:5546, 10.0.2.15",08-00-27-BF-A9-3A,terminusk9,19045.2965,windows,10.0.19041.2965 (WinBuild.160101.0800),Windows 10 Home,Windows 10 Home,windows,windows,10,winlog,information,"Process Create:
RuleName: -
UtcTime: 2024-04-06 17:44:33.544
ProcessGuid: {2cb7582e-8a01-6611-2500-000000000a00}
ProcessId: 1768
Image: C:\Windows\System32\svchost.exe
FileVersion: 10.0.19041.1806 (WinBuild.160101.0800)
Description: Host Process for Windows Services
Product: Microsoft® Windows® Operating System
Company: Microsoft Corporation
OriginalFileName: svchost.exe
CommandLine: C:\Windows\system32\svchost.exe -k LocalSystemNetworkRestricted -p -s SysMain
CurrentDirectory: C:\Windows\system32\
User: NT AUTHORITY\SYSTEM
LogonGuid: {2cb7582e-89ff-6611-e703-000000000000}
LogonId: 0x3E7
TerminalSessionId: 0
IntegrityLevel: System
Hashes: SHA256=ADD683A6910ABBBF0E28B557FAD0BA998166394932AE2ACA069D9AA19EA8FE88
ParentProcessGuid: {2cb7582e-89ff-6611-0b00-000000000a00}
ParentProcessId: 736
ParentImage: C:\Windows\System32\services.exe
ParentCommandLine: C:\Windows\system32\services.exe
ParentUser: NT AUTHORITY\SYSTEM","C:\Windows\system32\svchost.exe, -k, LocalSystemNetworkRestricted, -p, -s, SysMain",6,C:\Windows\system32\svchost.exe -k LocalSystemNetworkRestricted -p -s SysMain,C:\Windows\system32\svchost.exe -k LocalSystemNetworkRestricted -p -s SysMain,{2cb7582e-8a01-6611-2500-000000000a00},C:\Windows\System32\svchost.exe,C:\Windows\System32\svchost.exe,add683a6910abbbf0e28b557fad0ba998166394932ae2aca069d9aa19ea8fe88,svchost.exe,svchost.exe,C:\Windows\system32\services.exe,1,C:\Windows\system32\services.exe,C:\Windows\system32\services.exe,{2cb7582e-89ff-6611-0b00-000000000a00},C:\Windows\System32\services.exe,C:\Windows\System32\services.exe,services.exe,services.exe,736,Microsoft Corporation,Host Process for Windows Services,10.0.19041.1806 (WinBuild.160101.0800),svchost.exe,Microsoft® Windows® Operating System,"1,768",C:\Windows\system32\,C:\Windows\system32\,add683a6910abbbf0e28b557fad0ba998166394932ae2aca069d9aa19ea8fe88,SYSTEM,NT AUTHORITY,S-1-5-18,SYSTEM,SYSTEM,wineventlog,Microsoft-Windows-Sysmon/Operational,terminusk9,Microsoft Corporation,Host Process for Windows Services,10.0.19041.1806 (WinBuild.160101.0800),System,{2cb7582e-89ff-6611-e703-000000000000},0x3e7,NT AUTHORITY\SYSTEM,Microsoft® Windows® Operating System,0,1,Info,"3,228","3,820",{5770385f-c22a-43e0-bf4c-06f5698ffbd9},Microsoft-Windows-Sysmon,250,Process Create (rule: ProcessCreate),NT AUTHORITY,S-1-5-18,SYSTEM,User,5,-,-,-,-
"Apr 6, 2024 @ 10:44:33.541",7649c11b-3a00-4241-b375-20762f70ba8f,7ffeba03-3080-43c7-a167-2b63dd853127,terminusk9,terminusk9,filebeat,8.13.1,windows.sysmon_operational,default,logs,8.0.0,7ffeba03-3080-43c7-a167-2b63dd853127,FALSE,8.13.1,Process creation,verified,process,1,"Apr 6, 2024 @ 10:44:49.500",windows.sysmon_operational,"Apr 6, 2024 @ 10:45:00.000",event,windows,Microsoft-Windows-Sysmon,start,x86_64,terminusk9,2cb7582e-6ac9-4585-97cc-ae60502e4f16,"fe80::1754:ed5c:491b:5546, 10.0.2.15",08-00-27-BF-A9-3A,terminusk9,19045.2965,windows,10.0.19041.2965 (WinBuild.160101.0800),Windows 10 Home,Windows 10 Home,windows,windows,10,winlog,information,"Process Create:
RuleName: -
UtcTime: 2024-04-06 17:44:33.541
ProcessGuid: {2cb7582e-8a01-6611-2400-000000000a00}
ProcessId: 1756
Image: C:\Windows\System32\svchost.exe
FileVersion: 10.0.19041.1806 (WinBuild.160101.0800)
Description: Host Process for Windows Services
Product: Microsoft® Windows® Operating System
Company: Microsoft Corporation
OriginalFileName: svchost.exe
CommandLine: C:\Windows\system32\svchost.exe -k netsvcs -p -s ProfSvc
CurrentDirectory: C:\Windows\system32\
User: NT AUTHORITY\SYSTEM
LogonGuid: {2cb7582e-89ff-6611-e703-000000000000}
LogonId: 0x3E7
TerminalSessionId: 0
IntegrityLevel: System
Hashes: SHA256=ADD683A6910ABBBF0E28B557FAD0BA998166394932AE2ACA069D9AA19EA8FE88
ParentProcessGuid: {2cb7582e-89ff-6611-0b00-000000000a00}
ParentProcessId: 736
ParentImage: C:\Windows\System32\services.exe
ParentCommandLine: C:\Windows\system32\services.exe
ParentUser: NT AUTHORITY\SYSTEM","C:\Windows\system32\svchost.exe, -k, netsvcs, -p, -s, ProfSvc",6,C:\Windows\system32\svchost.exe -k netsvcs -p -s ProfSvc,C:\Windows\system32\svchost.exe -k netsvcs -p -s ProfSvc,{2cb7582e-8a01-6611-2400-000000000a00},C:\Windows\System32\svchost.exe,C:\Windows\System32\svchost.exe,add683a6910abbbf0e28b557fad0ba998166394932ae2aca069d9aa19ea8fe88,svchost.exe,svchost.exe,C:\Windows\system32\services.exe,1,C:\Windows\system32\services.exe,C:\Windows\system32\services.exe,{2cb7582e-89ff-6611-0b00-000000000a00},C:\Windows\System32\services.exe,C:\Windows\System32\services.exe,services.exe,services.exe,736,Microsoft Corporation,Host Process for Windows Services,10.0.19041.1806 (WinBuild.160101.0800),svchost.exe,Microsoft® Windows® Operating System,"1,756",C:\Windows\system32\,C:\Windows\system32\,add683a6910abbbf0e28b557fad0ba998166394932ae2aca069d9aa19ea8fe88,SYSTEM,NT AUTHORITY,S-1-5-18,SYSTEM,SYSTEM,wineventlog,Microsoft-Windows-Sysmon/Operational,terminusk9,Microsoft Corporation,Host Process for Windows Services,10.0.19041.1806 (WinBuild.160101.0800),System,{2cb7582e-89ff-6611-e703-000000000000},0x3e7,NT AUTHORITY\SYSTEM,Microsoft® Windows® Operating System,0,1,Info,"3,228","3,820",{5770385f-c22a-43e0-bf4c-06f5698ffbd9},Microsoft-Windows-Sysmon,249,Process Create (rule: ProcessCreate),NT AUTHORITY,S-1-5-18,SYSTEM,User,5,-,-,-,-
"Apr 6, 2024 @ 10:44:33.436",7649c11b-3a00-4241-b375-20762f70ba8f,7ffeba03-3080-43c7-a167-2b63dd853127,terminusk9,terminusk9,filebeat,8.13.1,windows.sysmon_operational,default,logs,8.0.0,7ffeba03-3080-43c7-a167-2b63dd853127,FALSE,8.13.1,Process creation,verified,process,1,"Apr 6, 2024 @ 10:44:49.500",windows.sysmon_operational,"Apr 6, 2024 @ 10:45:00.000",event,windows,Microsoft-Windows-Sysmon,start,x86_64,terminusk9,2cb7582e-6ac9-4585-97cc-ae60502e4f16,"fe80::1754:ed5c:491b:5546, 10.0.2.15",08-00-27-BF-A9-3A,terminusk9,19045.2965,windows,10.0.19041.2965 (WinBuild.160101.0800),Windows 10 Home,Windows 10 Home,windows,windows,10,winlog,information,"Process Create:
RuleName: -
UtcTime: 2024-04-06 17:44:33.436
ProcessGuid: {2cb7582e-8a01-6611-2300-000000000a00}
ProcessId: 1656
Image: C:\Windows\System32\svchost.exe
FileVersion: 10.0.19041.1806 (WinBuild.160101.0800)
Description: Host Process for Windows Services
Product: Microsoft® Windows® Operating System
Company: Microsoft Corporation
OriginalFileName: svchost.exe
CommandLine: C:\Windows\system32\svchost.exe -k LocalService -p -s DispBrokerDesktopSvc
CurrentDirectory: C:\Windows\system32\
User: NT AUTHORITY\LOCAL SERVICE
LogonGuid: {2cb7582e-8a00-6611-e503-000000000000}
LogonId: 0x3E5
TerminalSessionId: 0
IntegrityLevel: System
Hashes: SHA256=ADD683A6910ABBBF0E28B557FAD0BA998166394932AE2ACA069D9AA19EA8FE88
ParentProcessGuid: {2cb7582e-89ff-6611-0b00-000000000a00}
ParentProcessId: 736
ParentImage: C:\Windows\System32\services.exe
ParentCommandLine: C:\Windows\system32\services.exe
ParentUser: NT AUTHORITY\SYSTEM","C:\Windows\system32\svchost.exe, -k, LocalService, -p, -s, DispBrokerDesktopSvc",6,C:\Windows\system32\svchost.exe -k LocalService -p -s DispBrokerDesktopSvc,C:\Windows\system32\svchost.exe -k LocalService -p -s DispBrokerDesktopSvc,{2cb7582e-8a01-6611-2300-000000000a00},C:\Windows\System32\svchost.exe,C:\Windows\System32\svchost.exe,add683a6910abbbf0e28b557fad0ba998166394932ae2aca069d9aa19ea8fe88,svchost.exe,svchost.exe,C:\Windows\system32\services.exe,1,C:\Windows\system32\services.exe,C:\Windows\system32\services.exe,{2cb7582e-89ff-6611-0b00-000000000a00},C:\Windows\System32\services.exe,C:\Windows\System32\services.exe,services.exe,services.exe,736,Microsoft Corporation,Host Process for Windows Services,10.0.19041.1806 (WinBuild.160101.0800),svchost.exe,Microsoft® Windows® Operating System,"1,656",C:\Windows\system32\,C:\Windows\system32\,add683a6910abbbf0e28b557fad0ba998166394932ae2aca069d9aa19ea8fe88,LOCAL SERVICE,NT AUTHORITY,S-1-5-18,LOCAL SERVICE,LOCAL SERVICE,wineventlog,Microsoft-Windows-Sysmon/Operational,terminusk9,Microsoft Corporation,Host Process for Windows Services,10.0.19041.1806 (WinBuild.160101.0800),System,{2cb7582e-8a00-6611-e503-000000000000},0x3e5,NT AUTHORITY\SYSTEM,Microsoft® Windows® Operating System,0,1,Info,"3,228","3,820",{5770385f-c22a-43e0-bf4c-06f5698ffbd9},Microsoft-Windows-Sysmon,247,Process Create (rule: ProcessCreate),NT AUTHORITY,S-1-5-18,SYSTEM,User,5,-,-,-,-
"Apr 6, 2024 @ 10:44:33.430",7649c11b-3a00-4241-b375-20762f70ba8f,7ffeba03-3080-43c7-a167-2b63dd853127,terminusk9,terminusk9,filebeat,8.13.1,windows.sysmon_operational,default,logs,8.0.0,7ffeba03-3080-43c7-a167-2b63dd853127,FALSE,8.13.1,Process creation,verified,process,1,"Apr 6, 2024 @ 10:44:49.500",windows.sysmon_operational,"Apr 6, 2024 @ 10:45:00.000",event,windows,Microsoft-Windows-Sysmon,start,x86_64,terminusk9,2cb7582e-6ac9-4585-97cc-ae60502e4f16,"fe80::1754:ed5c:491b:5546, 10.0.2.15",08-00-27-BF-A9-3A,terminusk9,19045.2965,windows,10.0.19041.2965 (WinBuild.160101.0800),Windows 10 Home,Windows 10 Home,windows,windows,10,winlog,information,"Process Create:
RuleName: -
UtcTime: 2024-04-06 17:44:33.430
ProcessGuid: {2cb7582e-8a01-6611-2200-000000000a00}
ProcessId: 1644
Image: C:\Windows\System32\VBoxService.exe
FileVersion: 7.0.10.158379
Description: VirtualBox Guest Additions Service
Product: Oracle VM VirtualBox Guest Additions
Company: Oracle and/or its affiliates
OriginalFileName: VBoxService.exe
CommandLine: C:\Windows\System32\VBoxService.exe
CurrentDirectory: C:\Windows\system32\
User: NT AUTHORITY\SYSTEM
LogonGuid: {2cb7582e-89ff-6611-e703-000000000000}
LogonId: 0x3E7
TerminalSessionId: 0
IntegrityLevel: System
Hashes: SHA256=C36170F79EF3677853700BF4C70EA5A45DF49347121D92092B8116734CFA17A5
ParentProcessGuid: {2cb7582e-89ff-6611-0b00-000000000a00}
ParentProcessId: 736
ParentImage: C:\Windows\System32\services.exe
ParentCommandLine: C:\Windows\system32\services.exe
ParentUser: NT AUTHORITY\SYSTEM",C:\Windows\System32\VBoxService.exe,1,C:\Windows\System32\VBoxService.exe,C:\Windows\System32\VBoxService.exe,{2cb7582e-8a01-6611-2200-000000000a00},C:\Windows\System32\VBoxService.exe,C:\Windows\System32\VBoxService.exe,c36170f79ef3677853700bf4c70ea5a45df49347121d92092b8116734cfa17a5,VBoxService.exe,VBoxService.exe,C:\Windows\system32\services.exe,1,C:\Windows\system32\services.exe,C:\Windows\system32\services.exe,{2cb7582e-89ff-6611-0b00-000000000a00},C:\Windows\System32\services.exe,C:\Windows\System32\services.exe,services.exe,services.exe,736,Oracle and/or its affiliates,VirtualBox Guest Additions Service,7.0.10.158379,VBoxService.exe,Oracle VM VirtualBox Guest Additions,"1,644",C:\Windows\system32\,C:\Windows\system32\,c36170f79ef3677853700bf4c70ea5a45df49347121d92092b8116734cfa17a5,SYSTEM,NT AUTHORITY,S-1-5-18,SYSTEM,SYSTEM,wineventlog,Microsoft-Windows-Sysmon/Operational,terminusk9,Oracle and/or its affiliates,VirtualBox Guest Additions Service,7.0.10.158379,System,{2cb7582e-89ff-6611-e703-000000000000},0x3e7,NT AUTHORITY\SYSTEM,Oracle VM VirtualBox Guest Additions,0,1,Info,"3,228","3,820",{5770385f-c22a-43e0-bf4c-06f5698ffbd9},Microsoft-Windows-Sysmon,248,Process Create (rule: ProcessCreate),NT AUTHORITY,S-1-5-18,SYSTEM,User,5,-,-,-,-
"Apr 6, 2024 @ 10:44:33.383",7649c11b-3a00-4241-b375-20762f70ba8f,7ffeba03-3080-43c7-a167-2b63dd853127,terminusk9,terminusk9,filebeat,8.13.1,windows.sysmon_operational,default,logs,8.0.0,7ffeba03-3080-43c7-a167-2b63dd853127,FALSE,8.13.1,Process creation,verified,process,1,"Apr 6, 2024 @ 10:44:49.500",windows.sysmon_operational,"Apr 6, 2024 @ 10:45:00.000",event,windows,Microsoft-Windows-Sysmon,start,x86_64,terminusk9,2cb7582e-6ac9-4585-97cc-ae60502e4f16,"fe80::1754:ed5c:491b:5546, 10.0.2.15",08-00-27-BF-A9-3A,terminusk9,19045.2965,windows,10.0.19041.2965 (WinBuild.160101.0800),Windows 10 Home,Windows 10 Home,windows,windows,10,winlog,information,"Process Create:
RuleName: -
UtcTime: 2024-04-06 17:44:33.383
ProcessGuid: {2cb7582e-8a01-6611-2100-000000000a00}
ProcessId: 1568
Image: C:\Windows\System32\svchost.exe
FileVersion: 10.0.19041.1806 (WinBuild.160101.0800)
Description: Host Process for Windows Services
Product: Microsoft® Windows® Operating System
Company: Microsoft Corporation
OriginalFileName: svchost.exe
CommandLine: C:\Windows\system32\svchost.exe -k netsvcs -p -s Schedule
CurrentDirectory: C:\Windows\system32\
User: NT AUTHORITY\SYSTEM
LogonGuid: {2cb7582e-89ff-6611-e703-000000000000}
LogonId: 0x3E7
TerminalSessionId: 0
IntegrityLevel: System
Hashes: SHA256=ADD683A6910ABBBF0E28B557FAD0BA998166394932AE2ACA069D9AA19EA8FE88
ParentProcessGuid: {2cb7582e-89ff-6611-0b00-000000000a00}
ParentProcessId: 736
ParentImage: C:\Windows\System32\services.exe
ParentCommandLine: C:\Windows\system32\services.exe
ParentUser: NT AUTHORITY\SYSTEM","C:\Windows\system32\svchost.exe, -k, netsvcs, -p, -s, Schedule",6,C:\Windows\system32\svchost.exe -k netsvcs -p -s Schedule,C:\Windows\system32\svchost.exe -k netsvcs -p -s Schedule,{2cb7582e-8a01-6611-2100-000000000a00},C:\Windows\System32\svchost.exe,C:\Windows\System32\svchost.exe,add683a6910abbbf0e28b557fad0ba998166394932ae2aca069d9aa19ea8fe88,svchost.exe,svchost.exe,C:\Windows\system32\services.exe,1,C:\Windows\system32\services.exe,C:\Windows\system32\services.exe,{2cb7582e-89ff-6611-0b00-000000000a00},C:\Windows\System32\services.exe,C:\Windows\System32\services.exe,services.exe,services.exe,736,Microsoft Corporation,Host Process for Windows Services,10.0.19041.1806 (WinBuild.160101.0800),svchost.exe,Microsoft® Windows® Operating System,"1,568",C:\Windows\system32\,C:\Windows\system32\,add683a6910abbbf0e28b557fad0ba998166394932ae2aca069d9aa19ea8fe88,SYSTEM,NT AUTHORITY,S-1-5-18,SYSTEM,SYSTEM,wineventlog,Microsoft-Windows-Sysmon/Operational,terminusk9,Microsoft Corporation,Host Process for Windows Services,10.0.19041.1806 (WinBuild.160101.0800),System,{2cb7582e-89ff-6611-e703-000000000000},0x3e7,NT AUTHORITY\SYSTEM,Microsoft® Windows® Operating System,0,1,Info,"3,228","3,820",{5770385f-c22a-43e0-bf4c-06f5698ffbd9},Microsoft-Windows-Sysmon,246,Process Create (rule: ProcessCreate),NT AUTHORITY,S-1-5-18,SYSTEM,User,5,-,-,-,-
