"Apr 6, 2024 @ 10:44:54.733",7649c11b-3a00-4241-b375-20762f70ba8f,7ffeba03-3080-43c7-a167-2b63dd853127,terminusk9,terminusk9,filebeat,8.13.1,windows.sysmon_operational,default,logs,8.0.0,7ffeba03-3080-43c7-a167-2b63dd853127,FALSE,8.13.1,Process creation,verified,process,1,"Apr 6, 2024 @ 10:44:56.194",windows.sysmon_operational,"Apr 6, 2024 @ 10:45:00.000",event,windows,Microsoft-Windows-Sysmon,start,x86_64,terminusk9,2cb7582e-6ac9-4585-97cc-ae60502e4f16,"fe80::1754:ed5c:491b:5546, 10.0.2.15",08-00-27-BF-A9-3A,terminusk9,19045.2965,windows,10.0.19041.2965 (WinBuild.160101.0800),Windows 10 Home,Windows 10 Home,windows,windows,10,winlog,information,"Process Create:
RuleName: -
UtcTime: 2024-04-06 17:44:54.733
ProcessGuid: {2cb7582e-8a16-6611-7f00-000000000a00}
ProcessId: 2408
Image: C:\ProgramData\Microsoft\Windows Defender\Platform\4.18.24030.9-0\NisSrv.exe
FileVersion: 4.18.24030.9 (cd8105518e5571788ee3b6a178bae8fbcdf461a8)
Description: Microsoft Network Realtime Inspection Service
Product: Microsoft® Windows® Operating System
Company: Microsoft Corporation
OriginalFileName: NisSrv.exe
CommandLine: ""C:\ProgramData\Microsoft\Windows Defender\platform\4.18.24030.9-0\NisSrv.exe""
CurrentDirectory: C:\Windows\system32\
User: NT AUTHORITY\LOCAL SERVICE
LogonGuid: {2cb7582e-8a00-6611-e503-000000000000}
LogonId: 0x3E5
TerminalSessionId: 0
IntegrityLevel: System
Hashes: SHA256=3EE44E375C6D99CDEAB14081460ECD20D8DB658A4D4E1AB419E808CB54A11B3F
ParentProcessGuid: {2cb7582e-89ff-6611-0b00-000000000a00}
ParentProcessId: 736
ParentImage: C:\Windows\System32\services.exe
ParentCommandLine: C:\Windows\system32\services.exe
ParentUser: NT AUTHORITY\SYSTEM",C:\ProgramData\Microsoft\Windows Defender\platform\4.18.24030.9-0\NisSrv.exe,1,"""C:\ProgramData\Microsoft\Windows Defender\platform\4.18.24030.9-0\NisSrv.exe""","""C:\ProgramData\Microsoft\Windows Defender\platform\4.18.24030.9-0\NisSrv.exe""",{2cb7582e-8a16-6611-7f00-000000000a00},C:\ProgramData\Microsoft\Windows Defender\Platform\4.18.24030.9-0\NisSrv.exe,C:\ProgramData\Microsoft\Windows Defender\Platform\4.18.24030.9-0\NisSrv.exe,3ee44e375c6d99cdeab14081460ecd20d8db658a4d4e1ab419e808cb54a11b3f,NisSrv.exe,NisSrv.exe,C:\Windows\system32\services.exe,1,C:\Windows\system32\services.exe,C:\Windows\system32\services.exe,{2cb7582e-89ff-6611-0b00-000000000a00},C:\Windows\System32\services.exe,C:\Windows\System32\services.exe,services.exe,services.exe,736,Microsoft Corporation,Microsoft Network Realtime Inspection Service,4.18.24030.9 (cd8105518e5571788ee3b6a178bae8fbcdf461a8),NisSrv.exe,Microsoft® Windows® Operating System,"2,408",C:\Windows\system32\,C:\Windows\system32\,3ee44e375c6d99cdeab14081460ecd20d8db658a4d4e1ab419e808cb54a11b3f,LOCAL SERVICE,NT AUTHORITY,S-1-5-18,LOCAL SERVICE,LOCAL SERVICE,wineventlog,Microsoft-Windows-Sysmon/Operational,terminusk9,Microsoft Corporation,Microsoft Network Realtime Inspection Service,4.18.24030.9 (cd8105518e5571788ee3b6a178bae8fbcdf461a8),System,{2cb7582e-8a00-6611-e503-000000000000},0x3e5,NT AUTHORITY\SYSTEM,Microsoft® Windows® Operating System,0,1,Info,"3,228","3,820",{5770385f-c22a-43e0-bf4c-06f5698ffbd9},Microsoft-Windows-Sysmon,372,Process Create (rule: ProcessCreate),NT AUTHORITY,S-1-5-18,SYSTEM,User,5,,,,
"Apr 6, 2024 @ 10:44:47.033",7649c11b-3a00-4241-b375-20762f70ba8f,7ffeba03-3080-43c7-a167-2b63dd853127,terminusk9,terminusk9,filebeat,8.13.1,windows.sysmon_operational,default,logs,8.0.0,7ffeba03-3080-43c7-a167-2b63dd853127,FALSE,8.13.1,Process terminated,verified,process,5,"Apr 6, 2024 @ 10:44:50.037",windows.sysmon_operational,"Apr 6, 2024 @ 10:45:00.000",event,windows,Microsoft-Windows-Sysmon,end,x86_64,terminusk9,2cb7582e-6ac9-4585-97cc-ae60502e4f16,"fe80::1754:ed5c:491b:5546, 10.0.2.15",08-00-27-BF-A9-3A,terminusk9,19045.2965,windows,10.0.19041.2965 (WinBuild.160101.0800),Windows 10 Home,Windows 10 Home,windows,windows,10,winlog,information,"Process terminated:
RuleName: -
UtcTime: 2024-04-06 17:44:47.033
ProcessGuid: {2cb7582e-8a0e-6611-7d00-000000000a00}
ProcessId: 4248
Image: C:\Windows\System32\wevtutil.exe
User: NT AUTHORITY\SYSTEM",-,-,-,-,{2cb7582e-8a0e-6611-7d00-000000000a00},C:\Windows\System32\wevtutil.exe,C:\Windows\System32\wevtutil.exe,-,wevtutil.exe,wevtutil.exe,-,-,-,-,-,-,-,-,-,-,-,-,-,-,-,"4,248",-,-,-,SYSTEM,NT AUTHORITY,S-1-5-18,SYSTEM,SYSTEM,wineventlog,Microsoft-Windows-Sysmon/Operational,terminusk9,-,-,-,-,-,-,-,-,-,5,Info,"3,228","3,820",{5770385f-c22a-43e0-bf4c-06f5698ffbd9},Microsoft-Windows-Sysmon,370,Process terminated (rule: ProcessTerminate),NT AUTHORITY,S-1-5-18,SYSTEM,User,3,,,,
"Apr 6, 2024 @ 10:44:47.033",7649c11b-3a00-4241-b375-20762f70ba8f,7ffeba03-3080-43c7-a167-2b63dd853127,terminusk9,terminusk9,filebeat,8.13.1,windows.sysmon_operational,default,logs,8.0.0,7ffeba03-3080-43c7-a167-2b63dd853127,FALSE,8.13.1,Process terminated,verified,process,5,"Apr 6, 2024 @ 10:44:50.037",windows.sysmon_operational,"Apr 6, 2024 @ 10:45:00.000",event,windows,Microsoft-Windows-Sysmon,end,x86_64,terminusk9,2cb7582e-6ac9-4585-97cc-ae60502e4f16,"fe80::1754:ed5c:491b:5546, 10.0.2.15",08-00-27-BF-A9-3A,terminusk9,19045.2965,windows,10.0.19041.2965 (WinBuild.160101.0800),Windows 10 Home,Windows 10 Home,windows,windows,10,winlog,information,"Process terminated:
RuleName: -
UtcTime: 2024-04-06 17:44:47.033
ProcessGuid: {2cb7582e-8a0e-6611-7e00-000000000a00}
ProcessId: 4228
Image: C:\Windows\System32\conhost.exe
User: NT AUTHORITY\SYSTEM",-,-,-,-,{2cb7582e-8a0e-6611-7e00-000000000a00},C:\Windows\System32\conhost.exe,C:\Windows\System32\conhost.exe,-,conhost.exe,conhost.exe,-,-,-,-,-,-,-,-,-,-,-,-,-,-,-,"4,228",-,-,-,SYSTEM,NT AUTHORITY,S-1-5-18,SYSTEM,SYSTEM,wineventlog,Microsoft-Windows-Sysmon/Operational,terminusk9,-,-,-,-,-,-,-,-,-,5,Info,"3,228","3,820",{5770385f-c22a-43e0-bf4c-06f5698ffbd9},Microsoft-Windows-Sysmon,371,Process terminated (rule: ProcessTerminate),NT AUTHORITY,S-1-5-18,SYSTEM,User,3,,,,
"Apr 6, 2024 @ 10:44:46.801",7649c11b-3a00-4241-b375-20762f70ba8f,7ffeba03-3080-43c7-a167-2b63dd853127,terminusk9,terminusk9,filebeat,8.13.1,windows.sysmon_operational,default,logs,8.0.0,7ffeba03-3080-43c7-a167-2b63dd853127,FALSE,8.13.1,Process creation,verified,process,1,"Apr 6, 2024 @ 10:44:50.037",windows.sysmon_operational,"Apr 6, 2024 @ 10:45:00.000",event,windows,Microsoft-Windows-Sysmon,start,x86_64,terminusk9,2cb7582e-6ac9-4585-97cc-ae60502e4f16,"fe80::1754:ed5c:491b:5546, 10.0.2.15",08-00-27-BF-A9-3A,terminusk9,19045.2965,windows,10.0.19041.2965 (WinBuild.160101.0800),Windows 10 Home,Windows 10 Home,windows,windows,10,winlog,information,"Process Create:
RuleName: -
UtcTime: 2024-04-06 17:44:46.801
ProcessGuid: {2cb7582e-8a0e-6611-7e00-000000000a00}
ProcessId: 4228
Image: C:\Windows\System32\conhost.exe
FileVersion: 10.0.19041.2546 (WinBuild.160101.0800)
Description: Console Window Host
Product: Microsoft® Windows® Operating System
Company: Microsoft Corporation
OriginalFileName: CONHOST.EXE
CommandLine: \??\C:\Windows\system32\conhost.exe 0xffffffff -ForceV1
CurrentDirectory: C:\Windows
User: NT AUTHORITY\SYSTEM
LogonGuid: {2cb7582e-89ff-6611-e703-000000000000}
LogonId: 0x3E7
TerminalSessionId: 0
IntegrityLevel: System
Hashes: SHA256=A26A1FFB81A61281FFA55CB7778CC3FB0FF981704DE49F75F51F18B283FBA7A2
ParentProcessGuid: {2cb7582e-8a0e-6611-7d00-000000000a00}
ParentProcessId: 4248
ParentImage: C:\Windows\System32\wevtutil.exe
ParentCommandLine: C:\Windows\system32\wevtutil.exe install-manifest ""C:\ProgramData\Microsoft\Windows Defender\platform\4.18.24030.9-0\Microsoft-Antimalware-Protection.man"" ""/resourceFilePath:C:\ProgramData\Microsoft\Windows Defender\platform\4.18.24030.9-0\MpClient.dll"" ""/messageFilePath:C:\ProgramData\Microsoft\Windows Defender\platform\4.18.24030.9-0\MpClient.dll"" ""/parameterFilePath:C:\ProgramData\Microsoft\Windows Defender\platform\4.18.24030.9-0\MpClient.dll""
ParentUser: NT AUTHORITY\SYSTEM","\??\C:\Windows\system32\conhost.exe, 0xffffffff, -ForceV1",3,\??\C:\Windows\system32\conhost.exe 0xffffffff -ForceV1,\??\C:\Windows\system32\conhost.exe 0xffffffff -ForceV1,{2cb7582e-8a0e-6611-7e00-000000000a00},C:\Windows\System32\conhost.exe,C:\Windows\System32\conhost.exe,a26a1ffb81a61281ffa55cb7778cc3fb0ff981704de49f75f51f18b283fba7a2,conhost.exe,conhost.exe,"C:\Windows\system32\wevtutil.exe, install-manifest, C:\ProgramData\Microsoft\Windows Defender\platform\4.18.24030.9-0\Microsoft-Antimalware-Protection.man, /resourceFilePath:C:\ProgramData\Microsoft\Windows Defender\platform\4.18.24030.9-0\MpClient.dll, /messageFilePath:C:\ProgramData\Microsoft\Windows Defender\platform\4.18.24030.9-0\MpClient.dll, /parameterFilePath:C:\ProgramData\Microsoft\Windows Defender\platform\4.18.24030.9-0\MpClient.dll",6,"C:\Windows\system32\wevtutil.exe install-manifest ""C:\ProgramData\Microsoft\Windows Defender\platform\4.18.24030.9-0\Microsoft-Antimalware-Protection.man"" ""/resourceFilePath:C:\ProgramData\Microsoft\Windows Defender\platform\4.18.24030.9-0\MpClient.dll"" ""/messageFilePath:C:\ProgramData\Microsoft\Windows Defender\platform\4.18.24030.9-0\MpClient.dll"" ""/parameterFilePath:C:\ProgramData\Microsoft\Windows Defender\platform\4.18.24030.9-0\MpClient.dll""","C:\Windows\system32\wevtutil.exe install-manifest ""C:\ProgramData\Microsoft\Windows Defender\platform\4.18.24030.9-0\Microsoft-Antimalware-Protection.man"" ""/resourceFilePath:C:\ProgramData\Microsoft\Windows Defender\platform\4.18.24030.9-0\MpClient.dll"" ""/messageFilePath:C:\ProgramData\Microsoft\Windows Defender\platform\4.18.24030.9-0\MpClient.dll"" ""/parameterFilePath:C:\ProgramData\Microsoft\Windows Defender\platform\4.18.24030.9-0\MpClient.dll""",{2cb7582e-8a0e-6611-7d00-000000000a00},C:\Windows\System32\wevtutil.exe,C:\Windows\System32\wevtutil.exe,wevtutil.exe,wevtutil.exe,"4,248",Microsoft Corporation,Console Window Host,10.0.19041.2546 (WinBuild.160101.0800),CONHOST.EXE,Microsoft® Windows® Operating System,"4,228",C:\Windows,C:\Windows,a26a1ffb81a61281ffa55cb7778cc3fb0ff981704de49f75f51f18b283fba7a2,SYSTEM,NT AUTHORITY,S-1-5-18,SYSTEM,SYSTEM,wineventlog,Microsoft-Windows-Sysmon/Operational,terminusk9,Microsoft Corporation,Console Window Host,10.0.19041.2546 (WinBuild.160101.0800),System,{2cb7582e-89ff-6611-e703-000000000000},0x3e7,NT AUTHORITY\SYSTEM,Microsoft® Windows® Operating System,0,1,Info,"3,228","3,820",{5770385f-c22a-43e0-bf4c-06f5698ffbd9},Microsoft-Windows-Sysmon,369,Process Create (rule: ProcessCreate),NT AUTHORITY,S-1-5-18,SYSTEM,User,5,,,,
"Apr 6, 2024 @ 10:44:46.788",7649c11b-3a00-4241-b375-20762f70ba8f,7ffeba03-3080-43c7-a167-2b63dd853127,terminusk9,terminusk9,filebeat,8.13.1,windows.sysmon_operational,default,logs,8.0.0,7ffeba03-3080-43c7-a167-2b63dd853127,FALSE,8.13.1,Process creation,verified,process,1,"Apr 6, 2024 @ 10:44:50.037",windows.sysmon_operational,"Apr 6, 2024 @ 10:45:00.000",event,windows,Microsoft-Windows-Sysmon,start,x86_64,terminusk9,2cb7582e-6ac9-4585-97cc-ae60502e4f16,"fe80::1754:ed5c:491b:5546, 10.0.2.15",08-00-27-BF-A9-3A,terminusk9,19045.2965,windows,10.0.19041.2965 (WinBuild.160101.0800),Windows 10 Home,Windows 10 Home,windows,windows,10,winlog,information,"Process Create:
RuleName: -
UtcTime: 2024-04-06 17:44:46.788
ProcessGuid: {2cb7582e-8a0e-6611-7d00-000000000a00}
ProcessId: 4248
Image: C:\Windows\System32\wevtutil.exe
FileVersion: 10.0.19041.2193 (WinBuild.160101.0800)
Description: Eventing Command Line Utility
Product: Microsoft® Windows® Operating System
Company: Microsoft Corporation
OriginalFileName: wevtutil.exe
CommandLine: C:\Windows\system32\wevtutil.exe install-manifest ""C:\ProgramData\Microsoft\Windows Defender\platform\4.18.24030.9-0\Microsoft-Antimalware-Protection.man"" ""/resourceFilePath:C:\ProgramData\Microsoft\Windows Defender\platform\4.18.24030.9-0\MpClient.dll"" ""/messageFilePath:C:\ProgramData\Microsoft\Windows Defender\platform\4.18.24030.9-0\MpClient.dll"" ""/parameterFilePath:C:\ProgramData\Microsoft\Windows Defender\platform\4.18.24030.9-0\MpClient.dll""
CurrentDirectory: C:\Windows\system32\
User: NT AUTHORITY\SYSTEM
LogonGuid: {2cb7582e-89ff-6611-e703-000000000000}
LogonId: 0x3E7
TerminalSessionId: 0
IntegrityLevel: System
Hashes: SHA256=20DB4ABF4539D2E054FBADDE48078452A5A4ADBCA9EAEFF66ABA89F2C9164055
ParentProcessGuid: {2cb7582e-8a03-6611-4800-000000000a00}
ParentProcessId: 3200
ParentImage: C:\ProgramData\Microsoft\Windows Defender\Platform\4.18.24030.9-0\MsMpEng.exe
ParentCommandLine: ""C:\ProgramData\Microsoft\Windows Defender\platform\4.18.24030.9-0\MsMpEng.exe""
ParentUser: NT AUTHORITY\SYSTEM","C:\Windows\system32\wevtutil.exe, install-manifest, C:\ProgramData\Microsoft\Windows Defender\platform\4.18.24030.9-0\Microsoft-Antimalware-Protection.man, /resourceFilePath:C:\ProgramData\Microsoft\Windows Defender\platform\4.18.24030.9-0\MpClient.dll, /messageFilePath:C:\ProgramData\Microsoft\Windows Defender\platform\4.18.24030.9-0\MpClient.dll, /parameterFilePath:C:\ProgramData\Microsoft\Windows Defender\platform\4.18.24030.9-0\MpClient.dll",6,"C:\Windows\system32\wevtutil.exe install-manifest ""C:\ProgramData\Microsoft\Windows Defender\platform\4.18.24030.9-0\Microsoft-Antimalware-Protection.man"" ""/resourceFilePath:C:\ProgramData\Microsoft\Windows Defender\platform\4.18.24030.9-0\MpClient.dll"" ""/messageFilePath:C:\ProgramData\Microsoft\Windows Defender\platform\4.18.24030.9-0\MpClient.dll"" ""/parameterFilePath:C:\ProgramData\Microsoft\Windows Defender\platform\4.18.24030.9-0\MpClient.dll""","C:\Windows\system32\wevtutil.exe install-manifest ""C:\ProgramData\Microsoft\Windows Defender\platform\4.18.24030.9-0\Microsoft-Antimalware-Protection.man"" ""/resourceFilePath:C:\ProgramData\Microsoft\Windows Defender\platform\4.18.24030.9-0\MpClient.dll"" ""/messageFilePath:C:\ProgramData\Microsoft\Windows Defender\platform\4.18.24030.9-0\MpClient.dll"" ""/parameterFilePath:C:\ProgramData\Microsoft\Windows Defender\platform\4.18.24030.9-0\MpClient.dll""",{2cb7582e-8a0e-6611-7d00-000000000a00},C:\Windows\System32\wevtutil.exe,C:\Windows\System32\wevtutil.exe,20db4abf4539d2e054fbadde48078452a5a4adbca9eaeff66aba89f2c9164055,wevtutil.exe,wevtutil.exe,C:\ProgramData\Microsoft\Windows Defender\platform\4.18.24030.9-0\MsMpEng.exe,1,"""C:\ProgramData\Microsoft\Windows Defender\platform\4.18.24030.9-0\MsMpEng.exe""","""C:\ProgramData\Microsoft\Windows Defender\platform\4.18.24030.9-0\MsMpEng.exe""",{2cb7582e-8a03-6611-4800-000000000a00},C:\ProgramData\Microsoft\Windows Defender\Platform\4.18.24030.9-0\MsMpEng.exe,C:\ProgramData\Microsoft\Windows Defender\Platform\4.18.24030.9-0\MsMpEng.exe,MsMpEng.exe,MsMpEng.exe,"3,200",Microsoft Corporation,Eventing Command Line Utility,10.0.19041.2193 (WinBuild.160101.0800),wevtutil.exe,Microsoft® Windows® Operating System,"4,248",C:\Windows\system32\,C:\Windows\system32\,20db4abf4539d2e054fbadde48078452a5a4adbca9eaeff66aba89f2c9164055,SYSTEM,NT AUTHORITY,S-1-5-18,SYSTEM,SYSTEM,wineventlog,Microsoft-Windows-Sysmon/Operational,terminusk9,Microsoft Corporation,Eventing Command Line Utility,10.0.19041.2193 (WinBuild.160101.0800),System,{2cb7582e-89ff-6611-e703-000000000000},0x3e7,NT AUTHORITY\SYSTEM,Microsoft® Windows® Operating System,0,1,Info,"3,228","3,820",{5770385f-c22a-43e0-bf4c-06f5698ffbd9},Microsoft-Windows-Sysmon,368,Process Create (rule: ProcessCreate),NT AUTHORITY,S-1-5-18,SYSTEM,User,5,,,,
"Apr 6, 2024 @ 10:44:46.776",7649c11b-3a00-4241-b375-20762f70ba8f,7ffeba03-3080-43c7-a167-2b63dd853127,terminusk9,terminusk9,filebeat,8.13.1,windows.sysmon_operational,default,logs,8.0.0,7ffeba03-3080-43c7-a167-2b63dd853127,FALSE,8.13.1,Process terminated,verified,process,5,"Apr 6, 2024 @ 10:44:50.036",windows.sysmon_operational,"Apr 6, 2024 @ 10:45:00.000",event,windows,Microsoft-Windows-Sysmon,end,x86_64,terminusk9,2cb7582e-6ac9-4585-97cc-ae60502e4f16,"fe80::1754:ed5c:491b:5546, 10.0.2.15",08-00-27-BF-A9-3A,terminusk9,19045.2965,windows,10.0.19041.2965 (WinBuild.160101.0800),Windows 10 Home,Windows 10 Home,windows,windows,10,winlog,information,"Process terminated:
RuleName: -
UtcTime: 2024-04-06 17:44:46.776
ProcessGuid: {2cb7582e-8a0e-6611-7b00-000000000a00}
ProcessId: 3016
Image: C:\Windows\System32\wevtutil.exe
User: NT AUTHORITY\SYSTEM",-,-,-,-,{2cb7582e-8a0e-6611-7b00-000000000a00},C:\Windows\System32\wevtutil.exe,C:\Windows\System32\wevtutil.exe,-,wevtutil.exe,wevtutil.exe,-,-,-,-,-,-,-,-,-,-,-,-,-,-,-,"3,016",-,-,-,SYSTEM,NT AUTHORITY,S-1-5-18,SYSTEM,SYSTEM,wineventlog,Microsoft-Windows-Sysmon/Operational,terminusk9,-,-,-,-,-,-,-,-,-,5,Info,"3,228","3,820",{5770385f-c22a-43e0-bf4c-06f5698ffbd9},Microsoft-Windows-Sysmon,366,Process terminated (rule: ProcessTerminate),NT AUTHORITY,S-1-5-18,SYSTEM,User,3,,,,
"Apr 6, 2024 @ 10:44:46.776",7649c11b-3a00-4241-b375-20762f70ba8f,7ffeba03-3080-43c7-a167-2b63dd853127,terminusk9,terminusk9,filebeat,8.13.1,windows.sysmon_operational,default,logs,8.0.0,7ffeba03-3080-43c7-a167-2b63dd853127,FALSE,8.13.1,Process terminated,verified,process,5,"Apr 6, 2024 @ 10:44:50.036",windows.sysmon_operational,"Apr 6, 2024 @ 10:45:00.000",event,windows,Microsoft-Windows-Sysmon,end,x86_64,terminusk9,2cb7582e-6ac9-4585-97cc-ae60502e4f16,"fe80::1754:ed5c:491b:5546, 10.0.2.15",08-00-27-BF-A9-3A,terminusk9,19045.2965,windows,10.0.19041.2965 (WinBuild.160101.0800),Windows 10 Home,Windows 10 Home,windows,windows,10,winlog,information,"Process terminated:
RuleName: -
UtcTime: 2024-04-06 17:44:46.776
ProcessGuid: {2cb7582e-8a0e-6611-7c00-000000000a00}
ProcessId: 3372
Image: C:\Windows\System32\conhost.exe
User: NT AUTHORITY\SYSTEM",-,-,-,-,{2cb7582e-8a0e-6611-7c00-000000000a00},C:\Windows\System32\conhost.exe,C:\Windows\System32\conhost.exe,-,conhost.exe,conhost.exe,-,-,-,-,-,-,-,-,-,-,-,-,-,-,-,"3,372",-,-,-,SYSTEM,NT AUTHORITY,S-1-5-18,SYSTEM,SYSTEM,wineventlog,Microsoft-Windows-Sysmon/Operational,terminusk9,-,-,-,-,-,-,-,-,-,5,Info,"3,228","3,820",{5770385f-c22a-43e0-bf4c-06f5698ffbd9},Microsoft-Windows-Sysmon,367,Process terminated (rule: ProcessTerminate),NT AUTHORITY,S-1-5-18,SYSTEM,User,3,,,,
"Apr 6, 2024 @ 10:44:46.572",7649c11b-3a00-4241-b375-20762f70ba8f,7ffeba03-3080-43c7-a167-2b63dd853127,terminusk9,terminusk9,filebeat,8.13.1,windows.sysmon_operational,default,logs,8.0.0,7ffeba03-3080-43c7-a167-2b63dd853127,FALSE,8.13.1,Process creation,verified,process,1,"Apr 6, 2024 @ 10:44:50.036",windows.sysmon_operational,"Apr 6, 2024 @ 10:45:00.000",event,windows,Microsoft-Windows-Sysmon,start,x86_64,terminusk9,2cb7582e-6ac9-4585-97cc-ae60502e4f16,"fe80::1754:ed5c:491b:5546, 10.0.2.15",08-00-27-BF-A9-3A,terminusk9,19045.2965,windows,10.0.19041.2965 (WinBuild.160101.0800),Windows 10 Home,Windows 10 Home,windows,windows,10,winlog,information,"Process Create:
RuleName: -
UtcTime: 2024-04-06 17:44:46.572
ProcessGuid: {2cb7582e-8a0e-6611-7c00-000000000a00}
ProcessId: 3372
Image: C:\Windows\System32\conhost.exe
FileVersion: 10.0.19041.2546 (WinBuild.160101.0800)
Description: Console Window Host
Product: Microsoft® Windows® Operating System
Company: Microsoft Corporation
OriginalFileName: CONHOST.EXE
CommandLine: \??\C:\Windows\system32\conhost.exe 0xffffffff -ForceV1
CurrentDirectory: C:\Windows
User: NT AUTHORITY\SYSTEM
LogonGuid: {2cb7582e-89ff-6611-e703-000000000000}
LogonId: 0x3E7
TerminalSessionId: 0
IntegrityLevel: System
Hashes: SHA256=A26A1FFB81A61281FFA55CB7778CC3FB0FF981704DE49F75F51F18B283FBA7A2
ParentProcessGuid: {2cb7582e-8a0e-6611-7b00-000000000a00}
ParentProcessId: 3016
ParentImage: C:\Windows\System32\wevtutil.exe
ParentCommandLine: C:\Windows\system32\wevtutil.exe uninstall-manifest ""C:\ProgramData\Microsoft\Windows Defender\platform\4.18.24030.9-0\Microsoft-Antimalware-Protection.man""
ParentUser: NT AUTHORITY\SYSTEM","\??\C:\Windows\system32\conhost.exe, 0xffffffff, -ForceV1",3,\??\C:\Windows\system32\conhost.exe 0xffffffff -ForceV1,\??\C:\Windows\system32\conhost.exe 0xffffffff -ForceV1,{2cb7582e-8a0e-6611-7c00-000000000a00},C:\Windows\System32\conhost.exe,C:\Windows\System32\conhost.exe,a26a1ffb81a61281ffa55cb7778cc3fb0ff981704de49f75f51f18b283fba7a2,conhost.exe,conhost.exe,"C:\Windows\system32\wevtutil.exe, uninstall-manifest, C:\ProgramData\Microsoft\Windows Defender\platform\4.18.24030.9-0\Microsoft-Antimalware-Protection.man",3,"C:\Windows\system32\wevtutil.exe uninstall-manifest ""C:\ProgramData\Microsoft\Windows Defender\platform\4.18.24030.9-0\Microsoft-Antimalware-Protection.man""","C:\Windows\system32\wevtutil.exe uninstall-manifest ""C:\ProgramData\Microsoft\Windows Defender\platform\4.18.24030.9-0\Microsoft-Antimalware-Protection.man""",{2cb7582e-8a0e-6611-7b00-000000000a00},C:\Windows\System32\wevtutil.exe,C:\Windows\System32\wevtutil.exe,wevtutil.exe,wevtutil.exe,"3,016",Microsoft Corporation,Console Window Host,10.0.19041.2546 (WinBuild.160101.0800),CONHOST.EXE,Microsoft® Windows® Operating System,"3,372",C:\Windows,C:\Windows,a26a1ffb81a61281ffa55cb7778cc3fb0ff981704de49f75f51f18b283fba7a2,SYSTEM,NT AUTHORITY,S-1-5-18,SYSTEM,SYSTEM,wineventlog,Microsoft-Windows-Sysmon/Operational,terminusk9,Microsoft Corporation,Console Window Host,10.0.19041.2546 (WinBuild.160101.0800),System,{2cb7582e-89ff-6611-e703-000000000000},0x3e7,NT AUTHORITY\SYSTEM,Microsoft® Windows® Operating System,0,1,Info,"3,228","3,820",{5770385f-c22a-43e0-bf4c-06f5698ffbd9},Microsoft-Windows-Sysmon,365,Process Create (rule: ProcessCreate),NT AUTHORITY,S-1-5-18,SYSTEM,User,5,,,,
"Apr 6, 2024 @ 10:44:46.555",7649c11b-3a00-4241-b375-20762f70ba8f,7ffeba03-3080-43c7-a167-2b63dd853127,terminusk9,terminusk9,filebeat,8.13.1,windows.sysmon_operational,default,logs,8.0.0,7ffeba03-3080-43c7-a167-2b63dd853127,FALSE,8.13.1,Process creation,verified,process,1,"Apr 6, 2024 @ 10:44:50.036",windows.sysmon_operational,"Apr 6, 2024 @ 10:45:00.000",event,windows,Microsoft-Windows-Sysmon,start,x86_64,terminusk9,2cb7582e-6ac9-4585-97cc-ae60502e4f16,"fe80::1754:ed5c:491b:5546, 10.0.2.15",08-00-27-BF-A9-3A,terminusk9,19045.2965,windows,10.0.19041.2965 (WinBuild.160101.0800),Windows 10 Home,Windows 10 Home,windows,windows,10,winlog,information,"Process Create:
RuleName: -
UtcTime: 2024-04-06 17:44:46.555
ProcessGuid: {2cb7582e-8a0e-6611-7b00-000000000a00}
ProcessId: 3016
Image: C:\Windows\System32\wevtutil.exe
FileVersion: 10.0.19041.2193 (WinBuild.160101.0800)
Description: Eventing Command Line Utility
Product: Microsoft® Windows® Operating System
Company: Microsoft Corporation
OriginalFileName: wevtutil.exe
CommandLine: C:\Windows\system32\wevtutil.exe uninstall-manifest ""C:\ProgramData\Microsoft\Windows Defender\platform\4.18.24030.9-0\Microsoft-Antimalware-Protection.man""
CurrentDirectory: C:\Windows\system32\
User: NT AUTHORITY\SYSTEM
LogonGuid: {2cb7582e-89ff-6611-e703-000000000000}
LogonId: 0x3E7
TerminalSessionId: 0
IntegrityLevel: System
Hashes: SHA256=20DB4ABF4539D2E054FBADDE48078452A5A4ADBCA9EAEFF66ABA89F2C9164055
ParentProcessGuid: {2cb7582e-8a03-6611-4800-000000000a00}
ParentProcessId: 3200
ParentImage: C:\ProgramData\Microsoft\Windows Defender\Platform\4.18.24030.9-0\MsMpEng.exe
ParentCommandLine: ""C:\ProgramData\Microsoft\Windows Defender\platform\4.18.24030.9-0\MsMpEng.exe""
ParentUser: NT AUTHORITY\SYSTEM","C:\Windows\system32\wevtutil.exe, uninstall-manifest, C:\ProgramData\Microsoft\Windows Defender\platform\4.18.24030.9-0\Microsoft-Antimalware-Protection.man",3,"C:\Windows\system32\wevtutil.exe uninstall-manifest ""C:\ProgramData\Microsoft\Windows Defender\platform\4.18.24030.9-0\Microsoft-Antimalware-Protection.man""","C:\Windows\system32\wevtutil.exe uninstall-manifest ""C:\ProgramData\Microsoft\Windows Defender\platform\4.18.24030.9-0\Microsoft-Antimalware-Protection.man""",{2cb7582e-8a0e-6611-7b00-000000000a00},C:\Windows\System32\wevtutil.exe,C:\Windows\System32\wevtutil.exe,20db4abf4539d2e054fbadde48078452a5a4adbca9eaeff66aba89f2c9164055,wevtutil.exe,wevtutil.exe,C:\ProgramData\Microsoft\Windows Defender\platform\4.18.24030.9-0\MsMpEng.exe,1,"""C:\ProgramData\Microsoft\Windows Defender\platform\4.18.24030.9-0\MsMpEng.exe""","""C:\ProgramData\Microsoft\Windows Defender\platform\4.18.24030.9-0\MsMpEng.exe""",{2cb7582e-8a03-6611-4800-000000000a00},C:\ProgramData\Microsoft\Windows Defender\Platform\4.18.24030.9-0\MsMpEng.exe,C:\ProgramData\Microsoft\Windows Defender\Platform\4.18.24030.9-0\MsMpEng.exe,MsMpEng.exe,MsMpEng.exe,"3,200",Microsoft Corporation,Eventing Command Line Utility,10.0.19041.2193 (WinBuild.160101.0800),wevtutil.exe,Microsoft® Windows® Operating System,"3,016",C:\Windows\system32\,C:\Windows\system32\,20db4abf4539d2e054fbadde48078452a5a4adbca9eaeff66aba89f2c9164055,SYSTEM,NT AUTHORITY,S-1-5-18,SYSTEM,SYSTEM,wineventlog,Microsoft-Windows-Sysmon/Operational,terminusk9,Microsoft Corporation,Eventing Command Line Utility,10.0.19041.2193 (WinBuild.160101.0800),System,{2cb7582e-89ff-6611-e703-000000000000},0x3e7,NT AUTHORITY\SYSTEM,Microsoft® Windows® Operating System,0,1,Info,"3,228","3,820",{5770385f-c22a-43e0-bf4c-06f5698ffbd9},Microsoft-Windows-Sysmon,364,Process Create (rule: ProcessCreate),NT AUTHORITY,S-1-5-18,SYSTEM,User,5,,,,
"Apr 6, 2024 @ 10:44:46.547",7649c11b-3a00-4241-b375-20762f70ba8f,7ffeba03-3080-43c7-a167-2b63dd853127,terminusk9,terminusk9,filebeat,8.13.1,windows.sysmon_operational,default,logs,8.0.0,7ffeba03-3080-43c7-a167-2b63dd853127,FALSE,8.13.1,Process terminated,verified,process,5,"Apr 6, 2024 @ 10:44:50.035",windows.sysmon_operational,"Apr 6, 2024 @ 10:45:00.000",event,windows,Microsoft-Windows-Sysmon,end,x86_64,terminusk9,2cb7582e-6ac9-4585-97cc-ae60502e4f16,"fe80::1754:ed5c:491b:5546, 10.0.2.15",08-00-27-BF-A9-3A,terminusk9,19045.2965,windows,10.0.19041.2965 (WinBuild.160101.0800),Windows 10 Home,Windows 10 Home,windows,windows,10,winlog,information,"Process terminated:
RuleName: -
UtcTime: 2024-04-06 17:44:46.547
ProcessGuid: {2cb7582e-8a0d-6611-7600-000000000a00}
ProcessId: 4800
Image: C:\Windows\System32\conhost.exe
User: NT AUTHORITY\SYSTEM",-,-,-,-,{2cb7582e-8a0d-6611-7600-000000000a00},C:\Windows\System32\conhost.exe,C:\Windows\System32\conhost.exe,-,conhost.exe,conhost.exe,-,-,-,-,-,-,-,-,-,-,-,-,-,-,-,"4,800",-,-,-,SYSTEM,NT AUTHORITY,S-1-5-18,SYSTEM,SYSTEM,wineventlog,Microsoft-Windows-Sysmon/Operational,terminusk9,-,-,-,-,-,-,-,-,-,5,Info,"3,228","3,820",{5770385f-c22a-43e0-bf4c-06f5698ffbd9},Microsoft-Windows-Sysmon,363,Process terminated (rule: ProcessTerminate),NT AUTHORITY,S-1-5-18,SYSTEM,User,3,,,,
"Apr 6, 2024 @ 10:44:46.525",7649c11b-3a00-4241-b375-20762f70ba8f,7ffeba03-3080-43c7-a167-2b63dd853127,terminusk9,terminusk9,filebeat,8.13.1,windows.sysmon_operational,default,logs,8.0.0,7ffeba03-3080-43c7-a167-2b63dd853127,FALSE,8.13.1,Process terminated,verified,process,5,"Apr 6, 2024 @ 10:44:50.035",windows.sysmon_operational,"Apr 6, 2024 @ 10:45:00.000",event,windows,Microsoft-Windows-Sysmon,end,x86_64,terminusk9,2cb7582e-6ac9-4585-97cc-ae60502e4f16,"fe80::1754:ed5c:491b:5546, 10.0.2.15",08-00-27-BF-A9-3A,terminusk9,19045.2965,windows,10.0.19041.2965 (WinBuild.160101.0800),Windows 10 Home,Windows 10 Home,windows,windows,10,winlog,information,"Process terminated:
RuleName: -
UtcTime: 2024-04-06 17:44:46.525
ProcessGuid: {2cb7582e-8a0d-6611-7500-000000000a00}
ProcessId: 4784
Image: C:\Windows\System32\wevtutil.exe
User: NT AUTHORITY\SYSTEM",-,-,-,-,{2cb7582e-8a0d-6611-7500-000000000a00},C:\Windows\System32\wevtutil.exe,C:\Windows\System32\wevtutil.exe,-,wevtutil.exe,wevtutil.exe,-,-,-,-,-,-,-,-,-,-,-,-,-,-,-,"4,784",-,-,-,SYSTEM,NT AUTHORITY,S-1-5-18,SYSTEM,SYSTEM,wineventlog,Microsoft-Windows-Sysmon/Operational,terminusk9,-,-,-,-,-,-,-,-,-,5,Info,"3,228","3,820",{5770385f-c22a-43e0-bf4c-06f5698ffbd9},Microsoft-Windows-Sysmon,362,Process terminated (rule: ProcessTerminate),NT AUTHORITY,S-1-5-18,SYSTEM,User,3,,,,
"Apr 6, 2024 @ 10:44:46.128",7649c11b-3a00-4241-b375-20762f70ba8f,7ffeba03-3080-43c7-a167-2b63dd853127,terminusk9,terminusk9,filebeat,8.13.1,windows.sysmon_operational,default,logs,8.0.0,7ffeba03-3080-43c7-a167-2b63dd853127,FALSE,8.13.1,Process terminated,verified,process,5,"Apr 6, 2024 @ 10:44:50.035",windows.sysmon_operational,"Apr 6, 2024 @ 10:45:00.000",event,windows,Microsoft-Windows-Sysmon,end,x86_64,terminusk9,2cb7582e-6ac9-4585-97cc-ae60502e4f16,"fe80::1754:ed5c:491b:5546, 10.0.2.15",08-00-27-BF-A9-3A,terminusk9,19045.2965,windows,10.0.19041.2965 (WinBuild.160101.0800),Windows 10 Home,Windows 10 Home,windows,windows,10,winlog,information,"Process terminated:
RuleName: -
UtcTime: 2024-04-06 17:44:46.128
ProcessGuid: {2cb7582e-8a0d-6611-7200-000000000a00}
ProcessId: 4608
Image: C:\Windows\System32\taskhostw.exe
User: NT AUTHORITY\SYSTEM",-,-,-,-,{2cb7582e-8a0d-6611-7200-000000000a00},C:\Windows\System32\taskhostw.exe,C:\Windows\System32\taskhostw.exe,-,taskhostw.exe,taskhostw.exe,-,-,-,-,-,-,-,-,-,-,-,-,-,-,-,"4,608",-,-,-,SYSTEM,NT AUTHORITY,S-1-5-18,SYSTEM,SYSTEM,wineventlog,Microsoft-Windows-Sysmon/Operational,terminusk9,-,-,-,-,-,-,-,-,-,5,Info,"3,228","3,820",{5770385f-c22a-43e0-bf4c-06f5698ffbd9},Microsoft-Windows-Sysmon,361,Process terminated (rule: ProcessTerminate),NT AUTHORITY,S-1-5-18,SYSTEM,User,3,,,,
"Apr 6, 2024 @ 10:44:46.100",7649c11b-3a00-4241-b375-20762f70ba8f,7ffeba03-3080-43c7-a167-2b63dd853127,terminusk9,terminusk9,filebeat,8.13.1,windows.sysmon_operational,default,logs,8.0.0,7ffeba03-3080-43c7-a167-2b63dd853127,FALSE,8.13.1,Process creation,verified,process,1,"Apr 6, 2024 @ 10:44:50.035",windows.sysmon_operational,"Apr 6, 2024 @ 10:45:00.000",event,windows,Microsoft-Windows-Sysmon,start,x86_64,terminusk9,2cb7582e-6ac9-4585-97cc-ae60502e4f16,"fe80::1754:ed5c:491b:5546, 10.0.2.15",08-00-27-BF-A9-3A,terminusk9,19045.2965,windows,10.0.19041.2965 (WinBuild.160101.0800),Windows 10 Home,Windows 10 Home,windows,windows,10,winlog,information,"Process Create:
RuleName: -
UtcTime: 2024-04-06 17:44:46.100
ProcessGuid: {2cb7582e-8a0e-6611-7a00-000000000a00}
ProcessId: 4960
Image: C:\Windows\System32\conhost.exe
FileVersion: 10.0.19041.2546 (WinBuild.160101.0800)
Description: Console Window Host
Product: Microsoft® Windows® Operating System
Company: Microsoft Corporation
OriginalFileName: CONHOST.EXE
CommandLine: \??\C:\Windows\system32\conhost.exe 0xffffffff -ForceV1
CurrentDirectory: C:\Windows
User: NT AUTHORITY\SYSTEM
LogonGuid: {2cb7582e-89ff-6611-e703-000000000000}
LogonId: 0x3E7
TerminalSessionId: 0
IntegrityLevel: System
Hashes: SHA256=A26A1FFB81A61281FFA55CB7778CC3FB0FF981704DE49F75F51F18B283FBA7A2
ParentProcessGuid: {2cb7582e-8a0a-6611-6200-000000000a00}
ParentProcessId: 4156
ParentImage: C:\Program Files\Elastic\Agent\data\elastic-agent-8.13.1-379dfc\components\metricbeat.exe
ParentCommandLine: ""C:\Program Files\Elastic\Agent\data\elastic-agent-8.13.1-379dfc\components\metricbeat.exe"" -E setup.ilm.enabled=false -E setup.template.enabled=false -E management.enabled=true -E management.restart_on_output_change=true -E logging.level=info -E logging.to_stderr=true -E gc_percent=${METRICBEAT_GOGC:100} -E metricbeat.config.modules.enabled=false -E http.enabled=true -E http.host=npipe:///iThI_df0cBKC6YUNGGlKscMkOfz3FBH3.sock -E ""path.data=C:\Program Files\Elastic\Agent\data\elastic-agent-8.13.1-379dfc\run\system\metrics-default""
ParentUser: NT AUTHORITY\SYSTEM","\??\C:\Windows\system32\conhost.exe, 0xffffffff, -ForceV1",3,\??\C:\Windows\system32\conhost.exe 0xffffffff -ForceV1,\??\C:\Windows\system32\conhost.exe 0xffffffff -ForceV1,{2cb7582e-8a0e-6611-7a00-000000000a00},C:\Windows\System32\conhost.exe,C:\Windows\System32\conhost.exe,a26a1ffb81a61281ffa55cb7778cc3fb0ff981704de49f75f51f18b283fba7a2,conhost.exe,conhost.exe,"C:\Program Files\Elastic\Agent\data\elastic-agent-8.13.1-379dfc\components\metricbeat.exe, -E, setup.ilm.enabled=false, -E, setup.template.enabled=false, -E, management.enabled=true, -E, management.restart_on_output_change=true, -E, logging.level=info, -E, logging.to_stderr=true, -E, gc_percent=${METRICBEAT_GOGC:100}, -E, metricbeat.config.modules.enabled=false, -E, http.enabled=true, -E, http.host=npipe:///iThI_df0cBKC6YUNGGlKscMkOfz3FBH3.sock, -E, path.data=C:\Program Files\Elastic\Agent\data\elastic-agent-8.13.1-379dfc\run\system\metrics-default",23,"""C:\Program Files\Elastic\Agent\data\elastic-agent-8.13.1-379dfc\components\metricbeat.exe"" -E setup.ilm.enabled=false -E setup.template.enabled=false -E management.enabled=true -E management.restart_on_output_change=true -E logging.level=info -E logging.to_stderr=true -E gc_percent=${METRICBEAT_GOGC:100} -E metricbeat.config.modules.enabled=false -E http.enabled=true -E http.host=npipe:///iThI_df0cBKC6YUNGGlKscMkOfz3FBH3.sock -E ""path.data=C:\Program Files\Elastic\Agent\data\elastic-agent-8.13.1-379dfc\run\system\metrics-default""","""C:\Program Files\Elastic\Agent\data\elastic-agent-8.13.1-379dfc\components\metricbeat.exe"" -E setup.ilm.enabled=false -E setup.template.enabled=false -E management.enabled=true -E management.restart_on_output_change=true -E logging.level=info -E logging.to_stderr=true -E gc_percent=${METRICBEAT_GOGC:100} -E metricbeat.config.modules.enabled=false -E http.enabled=true -E http.host=npipe:///iThI_df0cBKC6YUNGGlKscMkOfz3FBH3.sock -E ""path.data=C:\Program Files\Elastic\Agent\data\elastic-agent-8.13.1-379dfc\run\system\metrics-default""",{2cb7582e-8a0a-6611-6200-000000000a00},C:\Program Files\Elastic\Agent\data\elastic-agent-8.13.1-379dfc\components\metricbeat.exe,C:\Program Files\Elastic\Agent\data\elastic-agent-8.13.1-379dfc\components\metricbeat.exe,metricbeat.exe,metricbeat.exe,"4,156",Microsoft Corporation,Console Window Host,10.0.19041.2546 (WinBuild.160101.0800),CONHOST.EXE,Microsoft® Windows® Operating System,"4,960",C:\Windows,C:\Windows,a26a1ffb81a61281ffa55cb7778cc3fb0ff981704de49f75f51f18b283fba7a2,SYSTEM,NT AUTHORITY,S-1-5-18,SYSTEM,SYSTEM,wineventlog,Microsoft-Windows-Sysmon/Operational,terminusk9,Microsoft Corporation,Console Window Host,10.0.19041.2546 (WinBuild.160101.0800),System,{2cb7582e-89ff-6611-e703-000000000000},0x3e7,NT AUTHORITY\SYSTEM,Microsoft® Windows® Operating System,0,1,Info,"3,228","3,820",{5770385f-c22a-43e0-bf4c-06f5698ffbd9},Microsoft-Windows-Sysmon,360,Process Create (rule: ProcessCreate),NT AUTHORITY,S-1-5-18,SYSTEM,User,5,,,,
"Apr 6, 2024 @ 10:44:46.041",7649c11b-3a00-4241-b375-20762f70ba8f,7ffeba03-3080-43c7-a167-2b63dd853127,terminusk9,terminusk9,filebeat,8.13.1,windows.sysmon_operational,default,logs,8.0.0,7ffeba03-3080-43c7-a167-2b63dd853127,FALSE,8.13.1,Process creation,verified,process,1,"Apr 6, 2024 @ 10:44:50.035",windows.sysmon_operational,"Apr 6, 2024 @ 10:45:00.000",event,windows,Microsoft-Windows-Sysmon,start,x86_64,terminusk9,2cb7582e-6ac9-4585-97cc-ae60502e4f16,"fe80::1754:ed5c:491b:5546, 10.0.2.15",08-00-27-BF-A9-3A,terminusk9,19045.2965,windows,10.0.19041.2965 (WinBuild.160101.0800),Windows 10 Home,Windows 10 Home,windows,windows,10,winlog,information,"Process Create:
RuleName: -
UtcTime: 2024-04-06 17:44:46.041
ProcessGuid: {2cb7582e-8a0e-6611-7900-000000000a00}
ProcessId: 4876
Image: C:\Windows\System32\conhost.exe
FileVersion: 10.0.19041.2546 (WinBuild.160101.0800)
Description: Console Window Host
Product: Microsoft® Windows® Operating System
Company: Microsoft Corporation
OriginalFileName: CONHOST.EXE
CommandLine: \??\C:\Windows\system32\conhost.exe 0xffffffff -ForceV1
CurrentDirectory: C:\Windows
User: NT AUTHORITY\SYSTEM
LogonGuid: {2cb7582e-89ff-6611-e703-000000000000}
LogonId: 0x3E7
TerminalSessionId: 0
IntegrityLevel: System
Hashes: SHA256=A26A1FFB81A61281FFA55CB7778CC3FB0FF981704DE49F75F51F18B283FBA7A2
ParentProcessGuid: {2cb7582e-8a0a-6611-6300-000000000a00}
ParentProcessId: 4164
ParentImage: C:\Program Files\Elastic\Agent\data\elastic-agent-8.13.1-379dfc\components\metricbeat.exe
ParentCommandLine: ""C:\Program Files\Elastic\Agent\data\elastic-agent-8.13.1-379dfc\components\metricbeat.exe"" -E setup.ilm.enabled=false -E setup.template.enabled=false -E management.enabled=true -E management.restart_on_output_change=true -E logging.level=info -E logging.to_stderr=true -E gc_percent=${METRICBEAT_GOGC:100} -E metricbeat.config.modules.enabled=false -E http.enabled=true -E http.host=npipe:///5pG4rrmLKpXYXLyJbATqevsNpBFC2JMZ.sock -E ""path.data=C:\Program Files\Elastic\Agent\data\elastic-agent-8.13.1-379dfc\run\windows\metrics-default""
ParentUser: NT AUTHORITY\SYSTEM","\??\C:\Windows\system32\conhost.exe, 0xffffffff, -ForceV1",3,\??\C:\Windows\system32\conhost.exe 0xffffffff -ForceV1,\??\C:\Windows\system32\conhost.exe 0xffffffff -ForceV1,{2cb7582e-8a0e-6611-7900-000000000a00},C:\Windows\System32\conhost.exe,C:\Windows\System32\conhost.exe,a26a1ffb81a61281ffa55cb7778cc3fb0ff981704de49f75f51f18b283fba7a2,conhost.exe,conhost.exe,"C:\Program Files\Elastic\Agent\data\elastic-agent-8.13.1-379dfc\components\metricbeat.exe, -E, setup.ilm.enabled=false, -E, setup.template.enabled=false, -E, management.enabled=true, -E, management.restart_on_output_change=true, -E, logging.level=info, -E, logging.to_stderr=true, -E, gc_percent=${METRICBEAT_GOGC:100}, -E, metricbeat.config.modules.enabled=false, -E, http.enabled=true, -E, http.host=npipe:///5pG4rrmLKpXYXLyJbATqevsNpBFC2JMZ.sock, -E, path.data=C:\Program Files\Elastic\Agent\data\elastic-agent-8.13.1-379dfc\run\windows\metrics-default",23,"""C:\Program Files\Elastic\Agent\data\elastic-agent-8.13.1-379dfc\components\metricbeat.exe"" -E setup.ilm.enabled=false -E setup.template.enabled=false -E management.enabled=true -E management.restart_on_output_change=true -E logging.level=info -E logging.to_stderr=true -E gc_percent=${METRICBEAT_GOGC:100} -E metricbeat.config.modules.enabled=false -E http.enabled=true -E http.host=npipe:///5pG4rrmLKpXYXLyJbATqevsNpBFC2JMZ.sock -E ""path.data=C:\Program Files\Elastic\Agent\data\elastic-agent-8.13.1-379dfc\run\windows\metrics-default""","""C:\Program Files\Elastic\Agent\data\elastic-agent-8.13.1-379dfc\components\metricbeat.exe"" -E setup.ilm.enabled=false -E setup.template.enabled=false -E management.enabled=true -E management.restart_on_output_change=true -E logging.level=info -E logging.to_stderr=true -E gc_percent=${METRICBEAT_GOGC:100} -E metricbeat.config.modules.enabled=false -E http.enabled=true -E http.host=npipe:///5pG4rrmLKpXYXLyJbATqevsNpBFC2JMZ.sock -E ""path.data=C:\Program Files\Elastic\Agent\data\elastic-agent-8.13.1-379dfc\run\windows\metrics-default""",{2cb7582e-8a0a-6611-6300-000000000a00},C:\Program Files\Elastic\Agent\data\elastic-agent-8.13.1-379dfc\components\metricbeat.exe,C:\Program Files\Elastic\Agent\data\elastic-agent-8.13.1-379dfc\components\metricbeat.exe,metricbeat.exe,metricbeat.exe,"4,164",Microsoft Corporation,Console Window Host,10.0.19041.2546 (WinBuild.160101.0800),CONHOST.EXE,Microsoft® Windows® Operating System,"4,876",C:\Windows,C:\Windows,a26a1ffb81a61281ffa55cb7778cc3fb0ff981704de49f75f51f18b283fba7a2,SYSTEM,NT AUTHORITY,S-1-5-18,SYSTEM,SYSTEM,wineventlog,Microsoft-Windows-Sysmon/Operational,terminusk9,Microsoft Corporation,Console Window Host,10.0.19041.2546 (WinBuild.160101.0800),System,{2cb7582e-89ff-6611-e703-000000000000},0x3e7,NT AUTHORITY\SYSTEM,Microsoft® Windows® Operating System,0,1,Info,"3,228","3,820",{5770385f-c22a-43e0-bf4c-06f5698ffbd9},Microsoft-Windows-Sysmon,358,Process Create (rule: ProcessCreate),NT AUTHORITY,S-1-5-18,SYSTEM,User,5,,,,
"Apr 6, 2024 @ 10:44:46.005",7649c11b-3a00-4241-b375-20762f70ba8f,7ffeba03-3080-43c7-a167-2b63dd853127,terminusk9,terminusk9,filebeat,8.13.1,windows.sysmon_operational,default,logs,8.0.0,7ffeba03-3080-43c7-a167-2b63dd853127,FALSE,8.13.1,Process creation,verified,process,1,"Apr 6, 2024 @ 10:44:50.034",windows.sysmon_operational,"Apr 6, 2024 @ 10:45:00.000",event,windows,Microsoft-Windows-Sysmon,start,x86_64,terminusk9,2cb7582e-6ac9-4585-97cc-ae60502e4f16,"fe80::1754:ed5c:491b:5546, 10.0.2.15",08-00-27-BF-A9-3A,terminusk9,19045.2965,windows,10.0.19041.2965 (WinBuild.160101.0800),Windows 10 Home,Windows 10 Home,windows,windows,10,winlog,information,"Process Create:
RuleName: -
UtcTime: 2024-04-06 17:44:46.005
ProcessGuid: {2cb7582e-8a0e-6611-7800-000000000a00}
ProcessId: 4848
Image: C:\Windows\System32\conhost.exe
FileVersion: 10.0.19041.2546 (WinBuild.160101.0800)
Description: Console Window Host
Product: Microsoft® Windows® Operating System
Company: Microsoft Corporation
OriginalFileName: CONHOST.EXE
CommandLine: \??\C:\Windows\system32\conhost.exe 0xffffffff -ForceV1
CurrentDirectory: C:\Windows
User: NT AUTHORITY\SYSTEM
LogonGuid: {2cb7582e-89ff-6611-e703-000000000000}
LogonId: 0x3E7
TerminalSessionId: 0
IntegrityLevel: System
Hashes: SHA256=A26A1FFB81A61281FFA55CB7778CC3FB0FF981704DE49F75F51F18B283FBA7A2
ParentProcessGuid: {2cb7582e-8a0b-6611-6600-000000000a00}
ParentProcessId: 4196
ParentImage: C:\Program Files\Elastic\Agent\data\elastic-agent-8.13.1-379dfc\components\metricbeat.exe
ParentCommandLine: ""C:\Program Files\Elastic\Agent\data\elastic-agent-8.13.1-379dfc\components\metricbeat.exe"" -E setup.ilm.enabled=false -E setup.template.enabled=false -E management.enabled=true -E management.restart_on_output_change=true -E logging.level=info -E logging.to_stderr=true -E gc_percent=${METRICBEAT_GOGC:100} -E metricbeat.config.modules.enabled=false -E http.enabled=true -E http.host=npipe:///Hk6rvk9TDibMPcDvpl0jkLE-qDsHWVYL.sock -E ""path.data=C:\Program Files\Elastic\Agent\data\elastic-agent-8.13.1-379dfc\run\beat\metrics-monitoring""
ParentUser: NT AUTHORITY\SYSTEM","\??\C:\Windows\system32\conhost.exe, 0xffffffff, -ForceV1",3,\??\C:\Windows\system32\conhost.exe 0xffffffff -ForceV1,\??\C:\Windows\system32\conhost.exe 0xffffffff -ForceV1,{2cb7582e-8a0e-6611-7800-000000000a00},C:\Windows\System32\conhost.exe,C:\Windows\System32\conhost.exe,a26a1ffb81a61281ffa55cb7778cc3fb0ff981704de49f75f51f18b283fba7a2,conhost.exe,conhost.exe,"C:\Program Files\Elastic\Agent\data\elastic-agent-8.13.1-379dfc\components\metricbeat.exe, -E, setup.ilm.enabled=false, -E, setup.template.enabled=false, -E, management.enabled=true, -E, management.restart_on_output_change=true, -E, logging.level=info, -E, logging.to_stderr=true, -E, gc_percent=${METRICBEAT_GOGC:100}, -E, metricbeat.config.modules.enabled=false, -E, http.enabled=true, -E, http.host=npipe:///Hk6rvk9TDibMPcDvpl0jkLE-qDsHWVYL.sock, -E, path.data=C:\Program Files\Elastic\Agent\data\elastic-agent-8.13.1-379dfc\run\beat\metrics-monitoring",23,"""C:\Program Files\Elastic\Agent\data\elastic-agent-8.13.1-379dfc\components\metricbeat.exe"" -E setup.ilm.enabled=false -E setup.template.enabled=false -E management.enabled=true -E management.restart_on_output_change=true -E logging.level=info -E logging.to_stderr=true -E gc_percent=${METRICBEAT_GOGC:100} -E metricbeat.config.modules.enabled=false -E http.enabled=true -E http.host=npipe:///Hk6rvk9TDibMPcDvpl0jkLE-qDsHWVYL.sock -E ""path.data=C:\Program Files\Elastic\Agent\data\elastic-agent-8.13.1-379dfc\run\beat\metrics-monitoring""","""C:\Program Files\Elastic\Agent\data\elastic-agent-8.13.1-379dfc\components\metricbeat.exe"" -E setup.ilm.enabled=false -E setup.template.enabled=false -E management.enabled=true -E management.restart_on_output_change=true -E logging.level=info -E logging.to_stderr=true -E gc_percent=${METRICBEAT_GOGC:100} -E metricbeat.config.modules.enabled=false -E http.enabled=true -E http.host=npipe:///Hk6rvk9TDibMPcDvpl0jkLE-qDsHWVYL.sock -E ""path.data=C:\Program Files\Elastic\Agent\data\elastic-agent-8.13.1-379dfc\run\beat\metrics-monitoring""",{2cb7582e-8a0b-6611-6600-000000000a00},C:\Program Files\Elastic\Agent\data\elastic-agent-8.13.1-379dfc\components\metricbeat.exe,C:\Program Files\Elastic\Agent\data\elastic-agent-8.13.1-379dfc\components\metricbeat.exe,metricbeat.exe,metricbeat.exe,"4,196",Microsoft Corporation,Console Window Host,10.0.19041.2546 (WinBuild.160101.0800),CONHOST.EXE,Microsoft® Windows® Operating System,"4,848",C:\Windows,C:\Windows,a26a1ffb81a61281ffa55cb7778cc3fb0ff981704de49f75f51f18b283fba7a2,SYSTEM,NT AUTHORITY,S-1-5-18,SYSTEM,SYSTEM,wineventlog,Microsoft-Windows-Sysmon/Operational,terminusk9,Microsoft Corporation,Console Window Host,10.0.19041.2546 (WinBuild.160101.0800),System,{2cb7582e-89ff-6611-e703-000000000000},0x3e7,NT AUTHORITY\SYSTEM,Microsoft® Windows® Operating System,0,1,Info,"3,228","3,820",{5770385f-c22a-43e0-bf4c-06f5698ffbd9},Microsoft-Windows-Sysmon,356,Process Create (rule: ProcessCreate),NT AUTHORITY,S-1-5-18,SYSTEM,User,5,,,,
"Apr 6, 2024 @ 10:44:45.983",7649c11b-3a00-4241-b375-20762f70ba8f,7ffeba03-3080-43c7-a167-2b63dd853127,terminusk9,terminusk9,filebeat,8.13.1,windows.sysmon_operational,default,logs,8.0.0,7ffeba03-3080-43c7-a167-2b63dd853127,FALSE,8.13.1,Process creation,verified,process,1,"Apr 6, 2024 @ 10:44:50.034",windows.sysmon_operational,"Apr 6, 2024 @ 10:45:00.000",event,windows,Microsoft-Windows-Sysmon,start,x86_64,terminusk9,2cb7582e-6ac9-4585-97cc-ae60502e4f16,"fe80::1754:ed5c:491b:5546, 10.0.2.15",08-00-27-BF-A9-3A,terminusk9,19045.2965,windows,10.0.19041.2965 (WinBuild.160101.0800),Windows 10 Home,Windows 10 Home,windows,windows,10,winlog,information,"Process Create:
RuleName: -
UtcTime: 2024-04-06 17:44:45.983
ProcessGuid: {2cb7582e-8a0d-6611-7700-000000000a00}
ProcessId: 4816
Image: C:\Windows\System32\conhost.exe
FileVersion: 10.0.19041.2546 (WinBuild.160101.0800)
Description: Console Window Host
Product: Microsoft® Windows® Operating System
Company: Microsoft Corporation
OriginalFileName: CONHOST.EXE
CommandLine: \??\C:\Windows\system32\conhost.exe 0xffffffff -ForceV1
CurrentDirectory: C:\Windows
User: NT AUTHORITY\SYSTEM
LogonGuid: {2cb7582e-89ff-6611-e703-000000000000}
LogonId: 0x3E7
TerminalSessionId: 0
IntegrityLevel: System
Hashes: SHA256=A26A1FFB81A61281FFA55CB7778CC3FB0FF981704DE49F75F51F18B283FBA7A2
ParentProcessGuid: {2cb7582e-8a0b-6611-6400-000000000a00}
ParentProcessId: 4176
ParentImage: C:\Program Files\Elastic\Agent\data\elastic-agent-8.13.1-379dfc\components\metricbeat.exe
ParentCommandLine: ""C:\Program Files\Elastic\Agent\data\elastic-agent-8.13.1-379dfc\components\metricbeat.exe"" -E setup.ilm.enabled=false -E setup.template.enabled=false -E management.enabled=true -E management.restart_on_output_change=true -E logging.level=info -E logging.to_stderr=true -E gc_percent=${METRICBEAT_GOGC:100} -E metricbeat.config.modules.enabled=false -E http.enabled=true -E http.host=npipe:///akSPbdqgaHaTY0_J01-dsfYK6JpMz2zn.sock -E ""path.data=C:\Program Files\Elastic\Agent\data\elastic-agent-8.13.1-379dfc\run\http\metrics-monitoring""
ParentUser: NT AUTHORITY\SYSTEM","\??\C:\Windows\system32\conhost.exe, 0xffffffff, -ForceV1",3,\??\C:\Windows\system32\conhost.exe 0xffffffff -ForceV1,\??\C:\Windows\system32\conhost.exe 0xffffffff -ForceV1,{2cb7582e-8a0d-6611-7700-000000000a00},C:\Windows\System32\conhost.exe,C:\Windows\System32\conhost.exe,a26a1ffb81a61281ffa55cb7778cc3fb0ff981704de49f75f51f18b283fba7a2,conhost.exe,conhost.exe,"C:\Program Files\Elastic\Agent\data\elastic-agent-8.13.1-379dfc\components\metricbeat.exe, -E, setup.ilm.enabled=false, -E, setup.template.enabled=false, -E, management.enabled=true, -E, management.restart_on_output_change=true, -E, logging.level=info, -E, logging.to_stderr=true, -E, gc_percent=${METRICBEAT_GOGC:100}, -E, metricbeat.config.modules.enabled=false, -E, http.enabled=true, -E, http.host=npipe:///akSPbdqgaHaTY0_J01-dsfYK6JpMz2zn.sock, -E, path.data=C:\Program Files\Elastic\Agent\data\elastic-agent-8.13.1-379dfc\run\http\metrics-monitoring",23,"""C:\Program Files\Elastic\Agent\data\elastic-agent-8.13.1-379dfc\components\metricbeat.exe"" -E setup.ilm.enabled=false -E setup.template.enabled=false -E management.enabled=true -E management.restart_on_output_change=true -E logging.level=info -E logging.to_stderr=true -E gc_percent=${METRICBEAT_GOGC:100} -E metricbeat.config.modules.enabled=false -E http.enabled=true -E http.host=npipe:///akSPbdqgaHaTY0_J01-dsfYK6JpMz2zn.sock -E ""path.data=C:\Program Files\Elastic\Agent\data\elastic-agent-8.13.1-379dfc\run\http\metrics-monitoring""","""C:\Program Files\Elastic\Agent\data\elastic-agent-8.13.1-379dfc\components\metricbeat.exe"" -E setup.ilm.enabled=false -E setup.template.enabled=false -E management.enabled=true -E management.restart_on_output_change=true -E logging.level=info -E logging.to_stderr=true -E gc_percent=${METRICBEAT_GOGC:100} -E metricbeat.config.modules.enabled=false -E http.enabled=true -E http.host=npipe:///akSPbdqgaHaTY0_J01-dsfYK6JpMz2zn.sock -E ""path.data=C:\Program Files\Elastic\Agent\data\elastic-agent-8.13.1-379dfc\run\http\metrics-monitoring""",{2cb7582e-8a0b-6611-6400-000000000a00},C:\Program Files\Elastic\Agent\data\elastic-agent-8.13.1-379dfc\components\metricbeat.exe,C:\Program Files\Elastic\Agent\data\elastic-agent-8.13.1-379dfc\components\metricbeat.exe,metricbeat.exe,metricbeat.exe,"4,176",Microsoft Corporation,Console Window Host,10.0.19041.2546 (WinBuild.160101.0800),CONHOST.EXE,Microsoft® Windows® Operating System,"4,816",C:\Windows,C:\Windows,a26a1ffb81a61281ffa55cb7778cc3fb0ff981704de49f75f51f18b283fba7a2,SYSTEM,NT AUTHORITY,S-1-5-18,SYSTEM,SYSTEM,wineventlog,Microsoft-Windows-Sysmon/Operational,terminusk9,Microsoft Corporation,Console Window Host,10.0.19041.2546 (WinBuild.160101.0800),System,{2cb7582e-89ff-6611-e703-000000000000},0x3e7,NT AUTHORITY\SYSTEM,Microsoft® Windows® Operating System,0,1,Info,"3,228","3,820",{5770385f-c22a-43e0-bf4c-06f5698ffbd9},Microsoft-Windows-Sysmon,354,Process Create (rule: ProcessCreate),NT AUTHORITY,S-1-5-18,SYSTEM,User,5,,,,
