"Apr 6, 2024 @ 10:42:43.224",34a1b9d0-75a5-4267-9cb1-6ace1b693835,7ffeba03-3080-43c7-a167-2b63dd853127,terminusk9,terminusk9,filebeat,8.13.1,windows.sysmon_operational,default,logs,8.0.0,7ffeba03-3080-43c7-a167-2b63dd853127,FALSE,8.13.1,Process creation,verified,process,1,"Apr 6, 2024 @ 10:42:44.299",windows.sysmon_operational,"Apr 6, 2024 @ 10:42:44.000",event,windows,Microsoft-Windows-Sysmon,start,x86_64,terminusk9,2cb7582e-6ac9-4585-97cc-ae60502e4f16,"fe80::1754:ed5c:491b:5546, 10.0.2.15",08-00-27-BF-A9-3A,terminusk9,19045.2965,windows,10.0.19041.2965 (WinBuild.160101.0800),Windows 10 Home,Windows 10 Home,windows,windows,10,winlog,information,"Process Create:
RuleName: -
UtcTime: 2024-04-06 17:42:43.224
ProcessGuid: {2cb7582e-8993-6611-7a00-000000000900}
ProcessId: 4840
Image: C:\Windows\System32\svchost.exe
FileVersion: 10.0.19041.1806 (WinBuild.160101.0800)
Description: Host Process for Windows Services
Product: Microsoft® Windows® Operating System
Company: Microsoft Corporation
OriginalFileName: svchost.exe
CommandLine: C:\Windows\System32\svchost.exe -k swprv
CurrentDirectory: C:\Windows\system32\
User: NT AUTHORITY\SYSTEM
LogonGuid: {2cb7582e-8973-6611-e703-000000000000}
LogonId: 0x3E7
TerminalSessionId: 0
IntegrityLevel: System
Hashes: SHA256=ADD683A6910ABBBF0E28B557FAD0BA998166394932AE2ACA069D9AA19EA8FE88
ParentProcessGuid: {2cb7582e-8973-6611-0b00-000000000900}
ParentProcessId: 732
ParentImage: C:\Windows\System32\services.exe
ParentCommandLine: C:\Windows\system32\services.exe
ParentUser: NT AUTHORITY\SYSTEM","C:\Windows\System32\svchost.exe, -k, swprv",3,C:\Windows\System32\svchost.exe -k swprv,C:\Windows\System32\svchost.exe -k swprv,{2cb7582e-8993-6611-7a00-000000000900},C:\Windows\System32\svchost.exe,C:\Windows\System32\svchost.exe,add683a6910abbbf0e28b557fad0ba998166394932ae2aca069d9aa19ea8fe88,svchost.exe,svchost.exe,C:\Windows\system32\services.exe,1,C:\Windows\system32\services.exe,C:\Windows\system32\services.exe,{2cb7582e-8973-6611-0b00-000000000900},C:\Windows\System32\services.exe,C:\Windows\System32\services.exe,services.exe,services.exe,732,Microsoft Corporation,Host Process for Windows Services,10.0.19041.1806 (WinBuild.160101.0800),svchost.exe,Microsoft® Windows® Operating System,"4,840",C:\Windows\system32\,C:\Windows\system32\,add683a6910abbbf0e28b557fad0ba998166394932ae2aca069d9aa19ea8fe88,SYSTEM,NT AUTHORITY,S-1-5-18,SYSTEM,SYSTEM,wineventlog,Microsoft-Windows-Sysmon/Operational,terminusk9,Microsoft Corporation,Host Process for Windows Services,10.0.19041.1806 (WinBuild.160101.0800),System,{2cb7582e-8973-6611-e703-000000000000},0x3e7,NT AUTHORITY\SYSTEM,Microsoft® Windows® Operating System,0,1,Info,"3,340","3,664",{5770385f-c22a-43e0-bf4c-06f5698ffbd9},Microsoft-Windows-Sysmon,171,Process Create (rule: ProcessCreate),NT AUTHORITY,S-1-5-18,SYSTEM,User,5,-,-,-,-
"Apr 6, 2024 @ 10:42:42.106",34a1b9d0-75a5-4267-9cb1-6ace1b693835,7ffeba03-3080-43c7-a167-2b63dd853127,terminusk9,terminusk9,filebeat,8.13.1,windows.sysmon_operational,default,logs,8.0.0,7ffeba03-3080-43c7-a167-2b63dd853127,FALSE,8.13.1,Process creation,verified,process,1,"Apr 6, 2024 @ 10:42:44.299",windows.sysmon_operational,"Apr 6, 2024 @ 10:42:44.000",event,windows,Microsoft-Windows-Sysmon,start,x86_64,terminusk9,2cb7582e-6ac9-4585-97cc-ae60502e4f16,"fe80::1754:ed5c:491b:5546, 10.0.2.15",08-00-27-BF-A9-3A,terminusk9,19045.2965,windows,10.0.19041.2965 (WinBuild.160101.0800),Windows 10 Home,Windows 10 Home,windows,windows,10,winlog,information,"Process Create:
RuleName: -
UtcTime: 2024-04-06 17:42:42.106
ProcessGuid: {2cb7582e-8992-6611-7900-000000000900}
ProcessId: 4700
Image: C:\Windows\System32\VSSVC.exe
FileVersion: 10.0.19041.1741 (WinBuild.160101.0800)
Description: Microsoft® Volume Shadow Copy Service
Product: Microsoft® Windows® Operating System
Company: Microsoft Corporation
OriginalFileName: VSSVC.EXE
CommandLine: C:\Windows\system32\vssvc.exe
CurrentDirectory: C:\Windows\system32\
User: NT AUTHORITY\SYSTEM
LogonGuid: {2cb7582e-8973-6611-e703-000000000000}
LogonId: 0x3E7
TerminalSessionId: 0
IntegrityLevel: System
Hashes: SHA256=82459B7D6CEEFF22E6E81CA445F9134C3EE917BDC3DF185700813F23AC7DB77E
ParentProcessGuid: {2cb7582e-8973-6611-0b00-000000000900}
ParentProcessId: 732
ParentImage: C:\Windows\System32\services.exe
ParentCommandLine: C:\Windows\system32\services.exe
ParentUser: NT AUTHORITY\SYSTEM",C:\Windows\system32\vssvc.exe,1,C:\Windows\system32\vssvc.exe,C:\Windows\system32\vssvc.exe,{2cb7582e-8992-6611-7900-000000000900},C:\Windows\System32\VSSVC.exe,C:\Windows\System32\VSSVC.exe,82459b7d6ceeff22e6e81ca445f9134c3ee917bdc3df185700813f23ac7db77e,VSSVC.exe,VSSVC.exe,C:\Windows\system32\services.exe,1,C:\Windows\system32\services.exe,C:\Windows\system32\services.exe,{2cb7582e-8973-6611-0b00-000000000900},C:\Windows\System32\services.exe,C:\Windows\System32\services.exe,services.exe,services.exe,732,Microsoft Corporation,Microsoft® Volume Shadow Copy Service,10.0.19041.1741 (WinBuild.160101.0800),VSSVC.EXE,Microsoft® Windows® Operating System,"4,700",C:\Windows\system32\,C:\Windows\system32\,82459b7d6ceeff22e6e81ca445f9134c3ee917bdc3df185700813f23ac7db77e,SYSTEM,NT AUTHORITY,S-1-5-18,SYSTEM,SYSTEM,wineventlog,Microsoft-Windows-Sysmon/Operational,terminusk9,Microsoft Corporation,Microsoft® Volume Shadow Copy Service,10.0.19041.1741 (WinBuild.160101.0800),System,{2cb7582e-8973-6611-e703-000000000000},0x3e7,NT AUTHORITY\SYSTEM,Microsoft® Windows® Operating System,0,1,Info,"3,340","3,664",{5770385f-c22a-43e0-bf4c-06f5698ffbd9},Microsoft-Windows-Sysmon,170,Process Create (rule: ProcessCreate),NT AUTHORITY,S-1-5-18,SYSTEM,User,5,-,-,-,-
"Apr 6, 2024 @ 10:42:40.813",34a1b9d0-75a5-4267-9cb1-6ace1b693835,7ffeba03-3080-43c7-a167-2b63dd853127,terminusk9,terminusk9,filebeat,8.13.1,windows.sysmon_operational,default,logs,8.0.0,7ffeba03-3080-43c7-a167-2b63dd853127,FALSE,8.13.1,Process creation,verified,process,1,"Apr 6, 2024 @ 10:42:42.092",windows.sysmon_operational,"Apr 6, 2024 @ 10:42:44.000",event,windows,Microsoft-Windows-Sysmon,start,x86_64,terminusk9,2cb7582e-6ac9-4585-97cc-ae60502e4f16,"fe80::1754:ed5c:491b:5546, 10.0.2.15",08-00-27-BF-A9-3A,terminusk9,19045.2965,windows,10.0.19041.2965 (WinBuild.160101.0800),Windows 10 Home,Windows 10 Home,windows,windows,10,winlog,information,"Process Create:
RuleName: -
UtcTime: 2024-04-06 17:42:40.813
ProcessGuid: {2cb7582e-8990-6611-7800-000000000900}
ProcessId: 4632
Image: C:\ProgramData\Microsoft\Windows Defender\Platform\4.18.24030.9-0\NisSrv.exe
FileVersion: 4.18.24030.9 (cd8105518e5571788ee3b6a178bae8fbcdf461a8)
Description: Microsoft Network Realtime Inspection Service
Product: Microsoft® Windows® Operating System
Company: Microsoft Corporation
OriginalFileName: NisSrv.exe
CommandLine: ""C:\ProgramData\Microsoft\Windows Defender\platform\4.18.24030.9-0\NisSrv.exe""
CurrentDirectory: C:\Windows\system32\
User: NT AUTHORITY\LOCAL SERVICE
LogonGuid: {2cb7582e-8975-6611-e503-000000000000}
LogonId: 0x3E5
TerminalSessionId: 0
IntegrityLevel: System
Hashes: SHA256=3EE44E375C6D99CDEAB14081460ECD20D8DB658A4D4E1AB419E808CB54A11B3F
ParentProcessGuid: {2cb7582e-8973-6611-0b00-000000000900}
ParentProcessId: 732
ParentImage: C:\Windows\System32\services.exe
ParentCommandLine: C:\Windows\system32\services.exe
ParentUser: NT AUTHORITY\SYSTEM",C:\ProgramData\Microsoft\Windows Defender\platform\4.18.24030.9-0\NisSrv.exe,1,"""C:\ProgramData\Microsoft\Windows Defender\platform\4.18.24030.9-0\NisSrv.exe""","""C:\ProgramData\Microsoft\Windows Defender\platform\4.18.24030.9-0\NisSrv.exe""",{2cb7582e-8990-6611-7800-000000000900},C:\ProgramData\Microsoft\Windows Defender\Platform\4.18.24030.9-0\NisSrv.exe,C:\ProgramData\Microsoft\Windows Defender\Platform\4.18.24030.9-0\NisSrv.exe,3ee44e375c6d99cdeab14081460ecd20d8db658a4d4e1ab419e808cb54a11b3f,NisSrv.exe,NisSrv.exe,C:\Windows\system32\services.exe,1,C:\Windows\system32\services.exe,C:\Windows\system32\services.exe,{2cb7582e-8973-6611-0b00-000000000900},C:\Windows\System32\services.exe,C:\Windows\System32\services.exe,services.exe,services.exe,732,Microsoft Corporation,Microsoft Network Realtime Inspection Service,4.18.24030.9 (cd8105518e5571788ee3b6a178bae8fbcdf461a8),NisSrv.exe,Microsoft® Windows® Operating System,"4,632",C:\Windows\system32\,C:\Windows\system32\,3ee44e375c6d99cdeab14081460ecd20d8db658a4d4e1ab419e808cb54a11b3f,LOCAL SERVICE,NT AUTHORITY,S-1-5-18,LOCAL SERVICE,LOCAL SERVICE,wineventlog,Microsoft-Windows-Sysmon/Operational,terminusk9,Microsoft Corporation,Microsoft Network Realtime Inspection Service,4.18.24030.9 (cd8105518e5571788ee3b6a178bae8fbcdf461a8),System,{2cb7582e-8975-6611-e503-000000000000},0x3e5,NT AUTHORITY\SYSTEM,Microsoft® Windows® Operating System,0,1,Info,"3,340","3,664",{5770385f-c22a-43e0-bf4c-06f5698ffbd9},Microsoft-Windows-Sysmon,169,Process Create (rule: ProcessCreate),NT AUTHORITY,S-1-5-18,SYSTEM,User,5,-,-,-,-
"Apr 6, 2024 @ 10:42:31.739",34a1b9d0-75a5-4267-9cb1-6ace1b693835,7ffeba03-3080-43c7-a167-2b63dd853127,terminusk9,terminusk9,filebeat,8.13.1,windows.sysmon_operational,default,logs,8.0.0,7ffeba03-3080-43c7-a167-2b63dd853127,FALSE,8.13.1,Process creation,verified,process,1,"Apr 6, 2024 @ 10:42:35.302",windows.sysmon_operational,"Apr 6, 2024 @ 10:42:44.000",event,windows,Microsoft-Windows-Sysmon,start,x86_64,terminusk9,2cb7582e-6ac9-4585-97cc-ae60502e4f16,"fe80::1754:ed5c:491b:5546, 10.0.2.15",08-00-27-BF-A9-3A,terminusk9,19045.2965,windows,10.0.19041.2965 (WinBuild.160101.0800),Windows 10 Home,Windows 10 Home,windows,windows,10,winlog,information,"Process Create:
RuleName: -
UtcTime: 2024-04-06 17:42:31.739
ProcessGuid: {2cb7582e-8987-6611-7700-000000000900}
ProcessId: 4272
Image: C:\Windows\System32\conhost.exe
FileVersion: 10.0.19041.2546 (WinBuild.160101.0800)
Description: Console Window Host
Product: Microsoft® Windows® Operating System
Company: Microsoft Corporation
OriginalFileName: CONHOST.EXE
CommandLine: \??\C:\Windows\system32\conhost.exe 0xffffffff -ForceV1
CurrentDirectory: C:\Windows
User: NT AUTHORITY\SYSTEM
LogonGuid: {2cb7582e-8973-6611-e703-000000000000}
LogonId: 0x3E7
TerminalSessionId: 0
IntegrityLevel: System
Hashes: SHA256=A26A1FFB81A61281FFA55CB7778CC3FB0FF981704DE49F75F51F18B283FBA7A2
ParentProcessGuid: {2cb7582e-8984-6611-6b00-000000000900}
ParentProcessId: 3820
ParentImage: C:\Program Files\Elastic\Agent\data\elastic-agent-8.13.1-379dfc\components\metricbeat.exe
ParentCommandLine: ""C:\Program Files\Elastic\Agent\data\elastic-agent-8.13.1-379dfc\components\metricbeat.exe"" -E setup.ilm.enabled=false -E setup.template.enabled=false -E management.enabled=true -E management.restart_on_output_change=true -E logging.level=info -E logging.to_stderr=true -E gc_percent=${METRICBEAT_GOGC:100} -E metricbeat.config.modules.enabled=false -E http.enabled=true -E http.host=npipe:///akSPbdqgaHaTY0_J01-dsfYK6JpMz2zn.sock -E ""path.data=C:\Program Files\Elastic\Agent\data\elastic-agent-8.13.1-379dfc\run\http\metrics-monitoring""
ParentUser: NT AUTHORITY\SYSTEM","\??\C:\Windows\system32\conhost.exe, 0xffffffff, -ForceV1",3,\??\C:\Windows\system32\conhost.exe 0xffffffff -ForceV1,\??\C:\Windows\system32\conhost.exe 0xffffffff -ForceV1,{2cb7582e-8987-6611-7700-000000000900},C:\Windows\System32\conhost.exe,C:\Windows\System32\conhost.exe,a26a1ffb81a61281ffa55cb7778cc3fb0ff981704de49f75f51f18b283fba7a2,conhost.exe,conhost.exe,"C:\Program Files\Elastic\Agent\data\elastic-agent-8.13.1-379dfc\components\metricbeat.exe, -E, setup.ilm.enabled=false, -E, setup.template.enabled=false, -E, management.enabled=true, -E, management.restart_on_output_change=true, -E, logging.level=info, -E, logging.to_stderr=true, -E, gc_percent=${METRICBEAT_GOGC:100}, -E, metricbeat.config.modules.enabled=false, -E, http.enabled=true, -E, http.host=npipe:///akSPbdqgaHaTY0_J01-dsfYK6JpMz2zn.sock, -E, path.data=C:\Program Files\Elastic\Agent\data\elastic-agent-8.13.1-379dfc\run\http\metrics-monitoring",23,"""C:\Program Files\Elastic\Agent\data\elastic-agent-8.13.1-379dfc\components\metricbeat.exe"" -E setup.ilm.enabled=false -E setup.template.enabled=false -E management.enabled=true -E management.restart_on_output_change=true -E logging.level=info -E logging.to_stderr=true -E gc_percent=${METRICBEAT_GOGC:100} -E metricbeat.config.modules.enabled=false -E http.enabled=true -E http.host=npipe:///akSPbdqgaHaTY0_J01-dsfYK6JpMz2zn.sock -E ""path.data=C:\Program Files\Elastic\Agent\data\elastic-agent-8.13.1-379dfc\run\http\metrics-monitoring""","""C:\Program Files\Elastic\Agent\data\elastic-agent-8.13.1-379dfc\components\metricbeat.exe"" -E setup.ilm.enabled=false -E setup.template.enabled=false -E management.enabled=true -E management.restart_on_output_change=true -E logging.level=info -E logging.to_stderr=true -E gc_percent=${METRICBEAT_GOGC:100} -E metricbeat.config.modules.enabled=false -E http.enabled=true -E http.host=npipe:///akSPbdqgaHaTY0_J01-dsfYK6JpMz2zn.sock -E ""path.data=C:\Program Files\Elastic\Agent\data\elastic-agent-8.13.1-379dfc\run\http\metrics-monitoring""",{2cb7582e-8984-6611-6b00-000000000900},C:\Program Files\Elastic\Agent\data\elastic-agent-8.13.1-379dfc\components\metricbeat.exe,C:\Program Files\Elastic\Agent\data\elastic-agent-8.13.1-379dfc\components\metricbeat.exe,metricbeat.exe,metricbeat.exe,"3,820",Microsoft Corporation,Console Window Host,10.0.19041.2546 (WinBuild.160101.0800),CONHOST.EXE,Microsoft® Windows® Operating System,"4,272",C:\Windows,C:\Windows,a26a1ffb81a61281ffa55cb7778cc3fb0ff981704de49f75f51f18b283fba7a2,SYSTEM,NT AUTHORITY,S-1-5-18,SYSTEM,SYSTEM,wineventlog,Microsoft-Windows-Sysmon/Operational,terminusk9,Microsoft Corporation,Console Window Host,10.0.19041.2546 (WinBuild.160101.0800),System,{2cb7582e-8973-6611-e703-000000000000},0x3e7,NT AUTHORITY\SYSTEM,Microsoft® Windows® Operating System,0,1,Info,"3,340","3,664",{5770385f-c22a-43e0-bf4c-06f5698ffbd9},Microsoft-Windows-Sysmon,168,Process Create (rule: ProcessCreate),NT AUTHORITY,S-1-5-18,SYSTEM,User,5,-,-,-,-
"Apr 6, 2024 @ 10:42:31.717",34a1b9d0-75a5-4267-9cb1-6ace1b693835,7ffeba03-3080-43c7-a167-2b63dd853127,terminusk9,terminusk9,filebeat,8.13.1,windows.sysmon_operational,default,logs,8.0.0,7ffeba03-3080-43c7-a167-2b63dd853127,FALSE,8.13.1,Process creation,verified,process,1,"Apr 6, 2024 @ 10:42:35.302",windows.sysmon_operational,"Apr 6, 2024 @ 10:42:44.000",event,windows,Microsoft-Windows-Sysmon,start,x86_64,terminusk9,2cb7582e-6ac9-4585-97cc-ae60502e4f16,"fe80::1754:ed5c:491b:5546, 10.0.2.15",08-00-27-BF-A9-3A,terminusk9,19045.2965,windows,10.0.19041.2965 (WinBuild.160101.0800),Windows 10 Home,Windows 10 Home,windows,windows,10,winlog,information,"Process Create:
RuleName: -
UtcTime: 2024-04-06 17:42:31.717
ProcessGuid: {2cb7582e-8987-6611-7600-000000000900}
ProcessId: 4224
Image: C:\Windows\System32\conhost.exe
FileVersion: 10.0.19041.2546 (WinBuild.160101.0800)
Description: Console Window Host
Product: Microsoft® Windows® Operating System
Company: Microsoft Corporation
OriginalFileName: CONHOST.EXE
CommandLine: \??\C:\Windows\system32\conhost.exe 0xffffffff -ForceV1
CurrentDirectory: C:\Windows
User: NT AUTHORITY\SYSTEM
LogonGuid: {2cb7582e-8973-6611-e703-000000000000}
LogonId: 0x3E7
TerminalSessionId: 0
IntegrityLevel: System
Hashes: SHA256=A26A1FFB81A61281FFA55CB7778CC3FB0FF981704DE49F75F51F18B283FBA7A2
ParentProcessGuid: {2cb7582e-8982-6611-6000-000000000900}
ParentProcessId: 2740
ParentImage: C:\Program Files\Elastic\Agent\data\elastic-agent-8.13.1-379dfc\components\metricbeat.exe
ParentCommandLine: ""C:\Program Files\Elastic\Agent\data\elastic-agent-8.13.1-379dfc\components\metricbeat.exe"" -E setup.ilm.enabled=false -E setup.template.enabled=false -E management.enabled=true -E management.restart_on_output_change=true -E logging.level=info -E logging.to_stderr=true -E gc_percent=${METRICBEAT_GOGC:100} -E metricbeat.config.modules.enabled=false -E http.enabled=true -E http.host=npipe:///5pG4rrmLKpXYXLyJbATqevsNpBFC2JMZ.sock -E ""path.data=C:\Program Files\Elastic\Agent\data\elastic-agent-8.13.1-379dfc\run\windows\metrics-default""
ParentUser: NT AUTHORITY\SYSTEM","\??\C:\Windows\system32\conhost.exe, 0xffffffff, -ForceV1",3,\??\C:\Windows\system32\conhost.exe 0xffffffff -ForceV1,\??\C:\Windows\system32\conhost.exe 0xffffffff -ForceV1,{2cb7582e-8987-6611-7600-000000000900},C:\Windows\System32\conhost.exe,C:\Windows\System32\conhost.exe,a26a1ffb81a61281ffa55cb7778cc3fb0ff981704de49f75f51f18b283fba7a2,conhost.exe,conhost.exe,"C:\Program Files\Elastic\Agent\data\elastic-agent-8.13.1-379dfc\components\metricbeat.exe, -E, setup.ilm.enabled=false, -E, setup.template.enabled=false, -E, management.enabled=true, -E, management.restart_on_output_change=true, -E, logging.level=info, -E, logging.to_stderr=true, -E, gc_percent=${METRICBEAT_GOGC:100}, -E, metricbeat.config.modules.enabled=false, -E, http.enabled=true, -E, http.host=npipe:///5pG4rrmLKpXYXLyJbATqevsNpBFC2JMZ.sock, -E, path.data=C:\Program Files\Elastic\Agent\data\elastic-agent-8.13.1-379dfc\run\windows\metrics-default",23,"""C:\Program Files\Elastic\Agent\data\elastic-agent-8.13.1-379dfc\components\metricbeat.exe"" -E setup.ilm.enabled=false -E setup.template.enabled=false -E management.enabled=true -E management.restart_on_output_change=true -E logging.level=info -E logging.to_stderr=true -E gc_percent=${METRICBEAT_GOGC:100} -E metricbeat.config.modules.enabled=false -E http.enabled=true -E http.host=npipe:///5pG4rrmLKpXYXLyJbATqevsNpBFC2JMZ.sock -E ""path.data=C:\Program Files\Elastic\Agent\data\elastic-agent-8.13.1-379dfc\run\windows\metrics-default""","""C:\Program Files\Elastic\Agent\data\elastic-agent-8.13.1-379dfc\components\metricbeat.exe"" -E setup.ilm.enabled=false -E setup.template.enabled=false -E management.enabled=true -E management.restart_on_output_change=true -E logging.level=info -E logging.to_stderr=true -E gc_percent=${METRICBEAT_GOGC:100} -E metricbeat.config.modules.enabled=false -E http.enabled=true -E http.host=npipe:///5pG4rrmLKpXYXLyJbATqevsNpBFC2JMZ.sock -E ""path.data=C:\Program Files\Elastic\Agent\data\elastic-agent-8.13.1-379dfc\run\windows\metrics-default""",{2cb7582e-8982-6611-6000-000000000900},C:\Program Files\Elastic\Agent\data\elastic-agent-8.13.1-379dfc\components\metricbeat.exe,C:\Program Files\Elastic\Agent\data\elastic-agent-8.13.1-379dfc\components\metricbeat.exe,metricbeat.exe,metricbeat.exe,"2,740",Microsoft Corporation,Console Window Host,10.0.19041.2546 (WinBuild.160101.0800),CONHOST.EXE,Microsoft® Windows® Operating System,"4,224",C:\Windows,C:\Windows,a26a1ffb81a61281ffa55cb7778cc3fb0ff981704de49f75f51f18b283fba7a2,SYSTEM,NT AUTHORITY,S-1-5-18,SYSTEM,SYSTEM,wineventlog,Microsoft-Windows-Sysmon/Operational,terminusk9,Microsoft Corporation,Console Window Host,10.0.19041.2546 (WinBuild.160101.0800),System,{2cb7582e-8973-6611-e703-000000000000},0x3e7,NT AUTHORITY\SYSTEM,Microsoft® Windows® Operating System,0,1,Info,"3,340","3,664",{5770385f-c22a-43e0-bf4c-06f5698ffbd9},Microsoft-Windows-Sysmon,166,Process Create (rule: ProcessCreate),NT AUTHORITY,S-1-5-18,SYSTEM,User,5,-,-,-,-
"Apr 6, 2024 @ 10:42:31.691",34a1b9d0-75a5-4267-9cb1-6ace1b693835,7ffeba03-3080-43c7-a167-2b63dd853127,terminusk9,terminusk9,filebeat,8.13.1,windows.sysmon_operational,default,logs,8.0.0,7ffeba03-3080-43c7-a167-2b63dd853127,FALSE,8.13.1,Process creation,verified,process,1,"Apr 6, 2024 @ 10:42:35.300",windows.sysmon_operational,"Apr 6, 2024 @ 10:42:44.000",event,windows,Microsoft-Windows-Sysmon,start,x86_64,terminusk9,2cb7582e-6ac9-4585-97cc-ae60502e4f16,"fe80::1754:ed5c:491b:5546, 10.0.2.15",08-00-27-BF-A9-3A,terminusk9,19045.2965,windows,10.0.19041.2965 (WinBuild.160101.0800),Windows 10 Home,Windows 10 Home,windows,windows,10,winlog,information,"Process Create:
RuleName: -
UtcTime: 2024-04-06 17:42:31.691
ProcessGuid: {2cb7582e-8987-6611-7500-000000000900}
ProcessId: 4176
Image: C:\Windows\System32\conhost.exe
FileVersion: 10.0.19041.2546 (WinBuild.160101.0800)
Description: Console Window Host
Product: Microsoft® Windows® Operating System
Company: Microsoft Corporation
OriginalFileName: CONHOST.EXE
CommandLine: \??\C:\Windows\system32\conhost.exe 0xffffffff -ForceV1
CurrentDirectory: C:\Windows
User: NT AUTHORITY\SYSTEM
LogonGuid: {2cb7582e-8973-6611-e703-000000000000}
LogonId: 0x3E7
TerminalSessionId: 0
IntegrityLevel: System
Hashes: SHA256=A26A1FFB81A61281FFA55CB7778CC3FB0FF981704DE49F75F51F18B283FBA7A2
ParentProcessGuid: {2cb7582e-8984-6611-6800-000000000900}
ParentProcessId: 2744
ParentImage: C:\Program Files\Elastic\Agent\data\elastic-agent-8.13.1-379dfc\components\metricbeat.exe
ParentCommandLine: ""C:\Program Files\Elastic\Agent\data\elastic-agent-8.13.1-379dfc\components\metricbeat.exe"" -E setup.ilm.enabled=false -E setup.template.enabled=false -E management.enabled=true -E management.restart_on_output_change=true -E logging.level=info -E logging.to_stderr=true -E gc_percent=${METRICBEAT_GOGC:100} -E metricbeat.config.modules.enabled=false -E http.enabled=true -E http.host=npipe:///Hk6rvk9TDibMPcDvpl0jkLE-qDsHWVYL.sock -E ""path.data=C:\Program Files\Elastic\Agent\data\elastic-agent-8.13.1-379dfc\run\beat\metrics-monitoring""
ParentUser: NT AUTHORITY\SYSTEM","\??\C:\Windows\system32\conhost.exe, 0xffffffff, -ForceV1",3,\??\C:\Windows\system32\conhost.exe 0xffffffff -ForceV1,\??\C:\Windows\system32\conhost.exe 0xffffffff -ForceV1,{2cb7582e-8987-6611-7500-000000000900},C:\Windows\System32\conhost.exe,C:\Windows\System32\conhost.exe,a26a1ffb81a61281ffa55cb7778cc3fb0ff981704de49f75f51f18b283fba7a2,conhost.exe,conhost.exe,"C:\Program Files\Elastic\Agent\data\elastic-agent-8.13.1-379dfc\components\metricbeat.exe, -E, setup.ilm.enabled=false, -E, setup.template.enabled=false, -E, management.enabled=true, -E, management.restart_on_output_change=true, -E, logging.level=info, -E, logging.to_stderr=true, -E, gc_percent=${METRICBEAT_GOGC:100}, -E, metricbeat.config.modules.enabled=false, -E, http.enabled=true, -E, http.host=npipe:///Hk6rvk9TDibMPcDvpl0jkLE-qDsHWVYL.sock, -E, path.data=C:\Program Files\Elastic\Agent\data\elastic-agent-8.13.1-379dfc\run\beat\metrics-monitoring",23,"""C:\Program Files\Elastic\Agent\data\elastic-agent-8.13.1-379dfc\components\metricbeat.exe"" -E setup.ilm.enabled=false -E setup.template.enabled=false -E management.enabled=true -E management.restart_on_output_change=true -E logging.level=info -E logging.to_stderr=true -E gc_percent=${METRICBEAT_GOGC:100} -E metricbeat.config.modules.enabled=false -E http.enabled=true -E http.host=npipe:///Hk6rvk9TDibMPcDvpl0jkLE-qDsHWVYL.sock -E ""path.data=C:\Program Files\Elastic\Agent\data\elastic-agent-8.13.1-379dfc\run\beat\metrics-monitoring""","""C:\Program Files\Elastic\Agent\data\elastic-agent-8.13.1-379dfc\components\metricbeat.exe"" -E setup.ilm.enabled=false -E setup.template.enabled=false -E management.enabled=true -E management.restart_on_output_change=true -E logging.level=info -E logging.to_stderr=true -E gc_percent=${METRICBEAT_GOGC:100} -E metricbeat.config.modules.enabled=false -E http.enabled=true -E http.host=npipe:///Hk6rvk9TDibMPcDvpl0jkLE-qDsHWVYL.sock -E ""path.data=C:\Program Files\Elastic\Agent\data\elastic-agent-8.13.1-379dfc\run\beat\metrics-monitoring""",{2cb7582e-8984-6611-6800-000000000900},C:\Program Files\Elastic\Agent\data\elastic-agent-8.13.1-379dfc\components\metricbeat.exe,C:\Program Files\Elastic\Agent\data\elastic-agent-8.13.1-379dfc\components\metricbeat.exe,metricbeat.exe,metricbeat.exe,"2,744",Microsoft Corporation,Console Window Host,10.0.19041.2546 (WinBuild.160101.0800),CONHOST.EXE,Microsoft® Windows® Operating System,"4,176",C:\Windows,C:\Windows,a26a1ffb81a61281ffa55cb7778cc3fb0ff981704de49f75f51f18b283fba7a2,SYSTEM,NT AUTHORITY,S-1-5-18,SYSTEM,SYSTEM,wineventlog,Microsoft-Windows-Sysmon/Operational,terminusk9,Microsoft Corporation,Console Window Host,10.0.19041.2546 (WinBuild.160101.0800),System,{2cb7582e-8973-6611-e703-000000000000},0x3e7,NT AUTHORITY\SYSTEM,Microsoft® Windows® Operating System,0,1,Info,"3,340","3,664",{5770385f-c22a-43e0-bf4c-06f5698ffbd9},Microsoft-Windows-Sysmon,164,Process Create (rule: ProcessCreate),NT AUTHORITY,S-1-5-18,SYSTEM,User,5,-,-,-,-
"Apr 6, 2024 @ 10:42:31.678",34a1b9d0-75a5-4267-9cb1-6ace1b693835,7ffeba03-3080-43c7-a167-2b63dd853127,terminusk9,terminusk9,filebeat,8.13.1,windows.sysmon_operational,default,logs,8.0.0,7ffeba03-3080-43c7-a167-2b63dd853127,FALSE,8.13.1,Process creation,verified,process,1,"Apr 6, 2024 @ 10:42:35.300",windows.sysmon_operational,"Apr 6, 2024 @ 10:42:44.000",event,windows,Microsoft-Windows-Sysmon,start,x86_64,terminusk9,2cb7582e-6ac9-4585-97cc-ae60502e4f16,"fe80::1754:ed5c:491b:5546, 10.0.2.15",08-00-27-BF-A9-3A,terminusk9,19045.2965,windows,10.0.19041.2965 (WinBuild.160101.0800),Windows 10 Home,Windows 10 Home,windows,windows,10,winlog,information,"Process Create:
RuleName: -
UtcTime: 2024-04-06 17:42:31.678
ProcessGuid: {2cb7582e-8987-6611-7400-000000000900}
ProcessId: 4156
Image: C:\Windows\System32\conhost.exe
FileVersion: 10.0.19041.2546 (WinBuild.160101.0800)
Description: Console Window Host
Product: Microsoft® Windows® Operating System
Company: Microsoft Corporation
OriginalFileName: CONHOST.EXE
CommandLine: \??\C:\Windows\system32\conhost.exe 0xffffffff -ForceV1
CurrentDirectory: C:\Windows
User: NT AUTHORITY\SYSTEM
LogonGuid: {2cb7582e-8973-6611-e703-000000000000}
LogonId: 0x3E7
TerminalSessionId: 0
IntegrityLevel: System
Hashes: SHA256=A26A1FFB81A61281FFA55CB7778CC3FB0FF981704DE49F75F51F18B283FBA7A2
ParentProcessGuid: {2cb7582e-8982-6611-5f00-000000000900}
ParentProcessId: 4044
ParentImage: C:\Program Files\Elastic\Agent\data\elastic-agent-8.13.1-379dfc\components\metricbeat.exe
ParentCommandLine: ""C:\Program Files\Elastic\Agent\data\elastic-agent-8.13.1-379dfc\components\metricbeat.exe"" -E setup.ilm.enabled=false -E setup.template.enabled=false -E management.enabled=true -E management.restart_on_output_change=true -E logging.level=info -E logging.to_stderr=true -E gc_percent=${METRICBEAT_GOGC:100} -E metricbeat.config.modules.enabled=false -E http.enabled=true -E http.host=npipe:///iThI_df0cBKC6YUNGGlKscMkOfz3FBH3.sock -E ""path.data=C:\Program Files\Elastic\Agent\data\elastic-agent-8.13.1-379dfc\run\system\metrics-default""
ParentUser: NT AUTHORITY\SYSTEM","\??\C:\Windows\system32\conhost.exe, 0xffffffff, -ForceV1",3,\??\C:\Windows\system32\conhost.exe 0xffffffff -ForceV1,\??\C:\Windows\system32\conhost.exe 0xffffffff -ForceV1,{2cb7582e-8987-6611-7400-000000000900},C:\Windows\System32\conhost.exe,C:\Windows\System32\conhost.exe,a26a1ffb81a61281ffa55cb7778cc3fb0ff981704de49f75f51f18b283fba7a2,conhost.exe,conhost.exe,"C:\Program Files\Elastic\Agent\data\elastic-agent-8.13.1-379dfc\components\metricbeat.exe, -E, setup.ilm.enabled=false, -E, setup.template.enabled=false, -E, management.enabled=true, -E, management.restart_on_output_change=true, -E, logging.level=info, -E, logging.to_stderr=true, -E, gc_percent=${METRICBEAT_GOGC:100}, -E, metricbeat.config.modules.enabled=false, -E, http.enabled=true, -E, http.host=npipe:///iThI_df0cBKC6YUNGGlKscMkOfz3FBH3.sock, -E, path.data=C:\Program Files\Elastic\Agent\data\elastic-agent-8.13.1-379dfc\run\system\metrics-default",23,"""C:\Program Files\Elastic\Agent\data\elastic-agent-8.13.1-379dfc\components\metricbeat.exe"" -E setup.ilm.enabled=false -E setup.template.enabled=false -E management.enabled=true -E management.restart_on_output_change=true -E logging.level=info -E logging.to_stderr=true -E gc_percent=${METRICBEAT_GOGC:100} -E metricbeat.config.modules.enabled=false -E http.enabled=true -E http.host=npipe:///iThI_df0cBKC6YUNGGlKscMkOfz3FBH3.sock -E ""path.data=C:\Program Files\Elastic\Agent\data\elastic-agent-8.13.1-379dfc\run\system\metrics-default""","""C:\Program Files\Elastic\Agent\data\elastic-agent-8.13.1-379dfc\components\metricbeat.exe"" -E setup.ilm.enabled=false -E setup.template.enabled=false -E management.enabled=true -E management.restart_on_output_change=true -E logging.level=info -E logging.to_stderr=true -E gc_percent=${METRICBEAT_GOGC:100} -E metricbeat.config.modules.enabled=false -E http.enabled=true -E http.host=npipe:///iThI_df0cBKC6YUNGGlKscMkOfz3FBH3.sock -E ""path.data=C:\Program Files\Elastic\Agent\data\elastic-agent-8.13.1-379dfc\run\system\metrics-default""",{2cb7582e-8982-6611-5f00-000000000900},C:\Program Files\Elastic\Agent\data\elastic-agent-8.13.1-379dfc\components\metricbeat.exe,C:\Program Files\Elastic\Agent\data\elastic-agent-8.13.1-379dfc\components\metricbeat.exe,metricbeat.exe,metricbeat.exe,"4,044",Microsoft Corporation,Console Window Host,10.0.19041.2546 (WinBuild.160101.0800),CONHOST.EXE,Microsoft® Windows® Operating System,"4,156",C:\Windows,C:\Windows,a26a1ffb81a61281ffa55cb7778cc3fb0ff981704de49f75f51f18b283fba7a2,SYSTEM,NT AUTHORITY,S-1-5-18,SYSTEM,SYSTEM,wineventlog,Microsoft-Windows-Sysmon/Operational,terminusk9,Microsoft Corporation,Console Window Host,10.0.19041.2546 (WinBuild.160101.0800),System,{2cb7582e-8973-6611-e703-000000000000},0x3e7,NT AUTHORITY\SYSTEM,Microsoft® Windows® Operating System,0,1,Info,"3,340","3,664",{5770385f-c22a-43e0-bf4c-06f5698ffbd9},Microsoft-Windows-Sysmon,162,Process Create (rule: ProcessCreate),NT AUTHORITY,S-1-5-18,SYSTEM,User,5,-,-,-,-
"Apr 6, 2024 @ 10:42:30.166",34a1b9d0-75a5-4267-9cb1-6ace1b693835,7ffeba03-3080-43c7-a167-2b63dd853127,terminusk9,terminusk9,filebeat,8.13.1,windows.sysmon_operational,default,logs,8.0.0,7ffeba03-3080-43c7-a167-2b63dd853127,FALSE,8.13.1,Sysmon service state changed,verified,process,4,"Apr 6, 2024 @ 10:42:34.032",windows.sysmon_operational,"Apr 6, 2024 @ 10:42:44.000",event,windows,Microsoft-Windows-Sysmon,change,x86_64,terminusk9,2cb7582e-6ac9-4585-97cc-ae60502e4f16,"fe80::1754:ed5c:491b:5546, 10.0.2.15",08-00-27-BF-A9-3A,terminusk9,19045.2965,windows,10.0.19041.2965 (WinBuild.160101.0800),Windows 10 Home,Windows 10 Home,windows,windows,10,winlog,information,"Sysmon service state changed:
UtcTime: 2024-04-06 17:42:30.166
State: Started
Version: 15.14
SchemaVersion: 4.90",-,-,-,-,-,-,-,-,-,-,-,-,-,-,-,-,-,-,-,-,-,-,-,-,-,-,-,-,-,-,-,S-1-5-18,-,-,wineventlog,Microsoft-Windows-Sysmon/Operational,terminusk9,-,-,-,-,-,-,-,-,-,4,Info,"3,340","3,664",{5770385f-c22a-43e0-bf4c-06f5698ffbd9},Microsoft-Windows-Sysmon,16,Sysmon service state changed,NT AUTHORITY,S-1-5-18,SYSTEM,User,3,-,4.9,Started,15.14
"Apr 6, 2024 @ 10:42:29.951",34a1b9d0-75a5-4267-9cb1-6ace1b693835,7ffeba03-3080-43c7-a167-2b63dd853127,terminusk9,terminusk9,filebeat,8.13.1,windows.sysmon_operational,default,logs,8.0.0,7ffeba03-3080-43c7-a167-2b63dd853127,FALSE,8.13.1,Process creation,verified,process,1,"Apr 6, 2024 @ 10:42:35.300",windows.sysmon_operational,"Apr 6, 2024 @ 10:42:44.000",event,windows,Microsoft-Windows-Sysmon,start,x86_64,terminusk9,2cb7582e-6ac9-4585-97cc-ae60502e4f16,"fe80::1754:ed5c:491b:5546, 10.0.2.15",08-00-27-BF-A9-3A,terminusk9,19045.2965,windows,10.0.19041.2965 (WinBuild.160101.0800),Windows 10 Home,Windows 10 Home,windows,windows,10,winlog,information,"Process Create:
RuleName: -
UtcTime: 2024-04-06 17:42:29.951
ProcessGuid: {2cb7582e-8985-6611-7300-000000000900}
ProcessId: 3988
Image: C:\Windows\System32\conhost.exe
FileVersion: 10.0.19041.2546 (WinBuild.160101.0800)
Description: Console Window Host
Product: Microsoft® Windows® Operating System
Company: Microsoft Corporation
OriginalFileName: CONHOST.EXE
CommandLine: \??\C:\Windows\system32\conhost.exe 0xffffffff -ForceV1
CurrentDirectory: C:\Windows
User: NT AUTHORITY\SYSTEM
LogonGuid: {2cb7582e-8973-6611-e703-000000000000}
LogonId: 0x3E7
TerminalSessionId: 0
IntegrityLevel: System
Hashes: SHA256=A26A1FFB81A61281FFA55CB7778CC3FB0FF981704DE49F75F51F18B283FBA7A2
ParentProcessGuid: {2cb7582e-8981-6611-5800-000000000900}
ParentProcessId: 3864
ParentImage: C:\Program Files\Elastic\Agent\data\elastic-agent-8.13.1-379dfc\components\filebeat.exe
ParentCommandLine: ""C:\Program Files\Elastic\Agent\data\elastic-agent-8.13.1-379dfc\components\filebeat.exe"" -E setup.ilm.enabled=false -E setup.template.enabled=false -E management.enabled=true -E management.restart_on_output_change=true -E logging.level=info -E logging.to_stderr=true -E gc_percent=${FILEBEAT_GOGC:100} -E filebeat.config.modules.enabled=false -E http.enabled=true -E http.host=npipe:///PGwsYWcynGUYZEjD872Gs-npqbv-30jS.sock -E ""path.data=C:\Program Files\Elastic\Agent\data\elastic-agent-8.13.1-379dfc\run\log-default""
ParentUser: NT AUTHORITY\SYSTEM","\??\C:\Windows\system32\conhost.exe, 0xffffffff, -ForceV1",3,\??\C:\Windows\system32\conhost.exe 0xffffffff -ForceV1,\??\C:\Windows\system32\conhost.exe 0xffffffff -ForceV1,{2cb7582e-8985-6611-7300-000000000900},C:\Windows\System32\conhost.exe,C:\Windows\System32\conhost.exe,a26a1ffb81a61281ffa55cb7778cc3fb0ff981704de49f75f51f18b283fba7a2,conhost.exe,conhost.exe,"C:\Program Files\Elastic\Agent\data\elastic-agent-8.13.1-379dfc\components\filebeat.exe, -E, setup.ilm.enabled=false, -E, setup.template.enabled=false, -E, management.enabled=true, -E, management.restart_on_output_change=true, -E, logging.level=info, -E, logging.to_stderr=true, -E, gc_percent=${FILEBEAT_GOGC:100}, -E, filebeat.config.modules.enabled=false, -E, http.enabled=true, -E, http.host=npipe:///PGwsYWcynGUYZEjD872Gs-npqbv-30jS.sock, -E, path.data=C:\Program Files\Elastic\Agent\data\elastic-agent-8.13.1-379dfc\run\log-default",23,"""C:\Program Files\Elastic\Agent\data\elastic-agent-8.13.1-379dfc\components\filebeat.exe"" -E setup.ilm.enabled=false -E setup.template.enabled=false -E management.enabled=true -E management.restart_on_output_change=true -E logging.level=info -E logging.to_stderr=true -E gc_percent=${FILEBEAT_GOGC:100} -E filebeat.config.modules.enabled=false -E http.enabled=true -E http.host=npipe:///PGwsYWcynGUYZEjD872Gs-npqbv-30jS.sock -E ""path.data=C:\Program Files\Elastic\Agent\data\elastic-agent-8.13.1-379dfc\run\log-default""","""C:\Program Files\Elastic\Agent\data\elastic-agent-8.13.1-379dfc\components\filebeat.exe"" -E setup.ilm.enabled=false -E setup.template.enabled=false -E management.enabled=true -E management.restart_on_output_change=true -E logging.level=info -E logging.to_stderr=true -E gc_percent=${FILEBEAT_GOGC:100} -E filebeat.config.modules.enabled=false -E http.enabled=true -E http.host=npipe:///PGwsYWcynGUYZEjD872Gs-npqbv-30jS.sock -E ""path.data=C:\Program Files\Elastic\Agent\data\elastic-agent-8.13.1-379dfc\run\log-default""",{2cb7582e-8981-6611-5800-000000000900},C:\Program Files\Elastic\Agent\data\elastic-agent-8.13.1-379dfc\components\filebeat.exe,C:\Program Files\Elastic\Agent\data\elastic-agent-8.13.1-379dfc\components\filebeat.exe,filebeat.exe,filebeat.exe,"3,864",Microsoft Corporation,Console Window Host,10.0.19041.2546 (WinBuild.160101.0800),CONHOST.EXE,Microsoft® Windows® Operating System,"3,988",C:\Windows,C:\Windows,a26a1ffb81a61281ffa55cb7778cc3fb0ff981704de49f75f51f18b283fba7a2,SYSTEM,NT AUTHORITY,S-1-5-18,SYSTEM,SYSTEM,wineventlog,Microsoft-Windows-Sysmon/Operational,terminusk9,Microsoft Corporation,Console Window Host,10.0.19041.2546 (WinBuild.160101.0800),System,{2cb7582e-8973-6611-e703-000000000000},0x3e7,NT AUTHORITY\SYSTEM,Microsoft® Windows® Operating System,0,1,Info,"3,340","3,664",{5770385f-c22a-43e0-bf4c-06f5698ffbd9},Microsoft-Windows-Sysmon,160,Process Create (rule: ProcessCreate),NT AUTHORITY,S-1-5-18,SYSTEM,User,5,-,-,-,-
"Apr 6, 2024 @ 10:42:29.912",34a1b9d0-75a5-4267-9cb1-6ace1b693835,7ffeba03-3080-43c7-a167-2b63dd853127,terminusk9,terminusk9,filebeat,8.13.1,windows.sysmon_operational,default,logs,8.0.0,7ffeba03-3080-43c7-a167-2b63dd853127,FALSE,8.13.1,Process creation,verified,process,1,"Apr 6, 2024 @ 10:42:35.300",windows.sysmon_operational,"Apr 6, 2024 @ 10:42:44.000",event,windows,Microsoft-Windows-Sysmon,start,x86_64,terminusk9,2cb7582e-6ac9-4585-97cc-ae60502e4f16,"fe80::1754:ed5c:491b:5546, 10.0.2.15",08-00-27-BF-A9-3A,terminusk9,19045.2965,windows,10.0.19041.2965 (WinBuild.160101.0800),Windows 10 Home,Windows 10 Home,windows,windows,10,winlog,information,"Process Create:
RuleName: -
UtcTime: 2024-04-06 17:42:29.912
ProcessGuid: {2cb7582e-8985-6611-7200-000000000900}
ProcessId: 2440
Image: C:\Windows\System32\wbem\unsecapp.exe
FileVersion: 10.0.19041.1320 (WinBuild.160101.0800)
Description: Sink to receive asynchronous callbacks for WMI client application
Product: Microsoft® Windows® Operating System
Company: Microsoft Corporation
OriginalFileName: unsecapp.dll
CommandLine: C:\Windows\system32\wbem\unsecapp.exe -Embedding
CurrentDirectory: C:\Windows\system32\
User: NT AUTHORITY\SYSTEM
LogonGuid: {2cb7582e-8973-6611-e703-000000000000}
LogonId: 0x3E7
TerminalSessionId: 0
IntegrityLevel: System
Hashes: SHA256=FABB8CC6DE82A79F1EED0976E5CE741FF3B9D5B1B40D90146052F4393CCA80A3
ParentProcessGuid: {2cb7582e-8974-6611-0e00-000000000900}
ParentProcessId: 892
ParentImage: C:\Windows\System32\svchost.exe
ParentCommandLine: C:\Windows\system32\svchost.exe -k DcomLaunch -p
ParentUser: NT AUTHORITY\SYSTEM","C:\Windows\system32\wbem\unsecapp.exe, -Embedding",2,C:\Windows\system32\wbem\unsecapp.exe -Embedding,C:\Windows\system32\wbem\unsecapp.exe -Embedding,{2cb7582e-8985-6611-7200-000000000900},C:\Windows\System32\wbem\unsecapp.exe,C:\Windows\System32\wbem\unsecapp.exe,fabb8cc6de82a79f1eed0976e5ce741ff3b9d5b1b40d90146052f4393cca80a3,unsecapp.exe,unsecapp.exe,"C:\Windows\system32\svchost.exe, -k, DcomLaunch, -p",4,C:\Windows\system32\svchost.exe -k DcomLaunch -p,C:\Windows\system32\svchost.exe -k DcomLaunch -p,{2cb7582e-8974-6611-0e00-000000000900},C:\Windows\System32\svchost.exe,C:\Windows\System32\svchost.exe,svchost.exe,svchost.exe,892,Microsoft Corporation,Sink to receive asynchronous callbacks for WMI client application,10.0.19041.1320 (WinBuild.160101.0800),unsecapp.dll,Microsoft® Windows® Operating System,"2,440",C:\Windows\system32\,C:\Windows\system32\,fabb8cc6de82a79f1eed0976e5ce741ff3b9d5b1b40d90146052f4393cca80a3,SYSTEM,NT AUTHORITY,S-1-5-18,SYSTEM,SYSTEM,wineventlog,Microsoft-Windows-Sysmon/Operational,terminusk9,Microsoft Corporation,Sink to receive asynchronous callbacks for WMI client application,10.0.19041.1320 (WinBuild.160101.0800),System,{2cb7582e-8973-6611-e703-000000000000},0x3e7,NT AUTHORITY\SYSTEM,Microsoft® Windows® Operating System,0,1,Info,"3,340","3,664",{5770385f-c22a-43e0-bf4c-06f5698ffbd9},Microsoft-Windows-Sysmon,158,Process Create (rule: ProcessCreate),NT AUTHORITY,S-1-5-18,SYSTEM,User,5,-,-,-,-
"Apr 6, 2024 @ 10:42:29.903",34a1b9d0-75a5-4267-9cb1-6ace1b693835,7ffeba03-3080-43c7-a167-2b63dd853127,terminusk9,terminusk9,filebeat,8.13.1,windows.sysmon_operational,default,logs,8.0.0,7ffeba03-3080-43c7-a167-2b63dd853127,FALSE,8.13.1,Process terminated,verified,process,5,"Apr 6, 2024 @ 10:42:35.300",windows.sysmon_operational,"Apr 6, 2024 @ 10:42:44.000",event,windows,Microsoft-Windows-Sysmon,end,x86_64,terminusk9,2cb7582e-6ac9-4585-97cc-ae60502e4f16,"fe80::1754:ed5c:491b:5546, 10.0.2.15",08-00-27-BF-A9-3A,terminusk9,19045.2965,windows,10.0.19041.2965 (WinBuild.160101.0800),Windows 10 Home,Windows 10 Home,windows,windows,10,winlog,information,"Process terminated:
RuleName: -
UtcTime: 2024-04-06 17:42:29.903
ProcessGuid: {2cb7582e-8985-6611-6f00-000000000900}
ProcessId: 1692
Image: C:\Windows\System32\conhost.exe
User: NT AUTHORITY\SYSTEM",-,-,-,-,{2cb7582e-8985-6611-6f00-000000000900},C:\Windows\System32\conhost.exe,C:\Windows\System32\conhost.exe,-,conhost.exe,conhost.exe,-,-,-,-,-,-,-,-,-,-,-,-,-,-,-,"1,692",-,-,-,SYSTEM,NT AUTHORITY,S-1-5-18,SYSTEM,SYSTEM,wineventlog,Microsoft-Windows-Sysmon/Operational,terminusk9,-,-,-,-,-,-,-,-,-,5,Info,"3,340","3,664",{5770385f-c22a-43e0-bf4c-06f5698ffbd9},Microsoft-Windows-Sysmon,157,Process terminated (rule: ProcessTerminate),NT AUTHORITY,S-1-5-18,SYSTEM,User,3,-,-,-,-
"Apr 6, 2024 @ 10:42:29.868",34a1b9d0-75a5-4267-9cb1-6ace1b693835,7ffeba03-3080-43c7-a167-2b63dd853127,terminusk9,terminusk9,filebeat,8.13.1,windows.sysmon_operational,default,logs,8.0.0,7ffeba03-3080-43c7-a167-2b63dd853127,FALSE,8.13.1,Process creation,verified,process,1,"Apr 6, 2024 @ 10:42:35.298",windows.sysmon_operational,"Apr 6, 2024 @ 10:42:44.000",event,windows,Microsoft-Windows-Sysmon,start,x86_64,terminusk9,2cb7582e-6ac9-4585-97cc-ae60502e4f16,"fe80::1754:ed5c:491b:5546, 10.0.2.15",08-00-27-BF-A9-3A,terminusk9,19045.2965,windows,10.0.19041.2965 (WinBuild.160101.0800),Windows 10 Home,Windows 10 Home,windows,windows,10,winlog,information,"Process Create:
RuleName: -
UtcTime: 2024-04-06 17:42:29.868
ProcessGuid: {2cb7582e-8985-6611-7100-000000000900}
ProcessId: 884
Image: C:\Windows\System32\conhost.exe
FileVersion: 10.0.19041.2546 (WinBuild.160101.0800)
Description: Console Window Host
Product: Microsoft® Windows® Operating System
Company: Microsoft Corporation
OriginalFileName: CONHOST.EXE
CommandLine: \??\C:\Windows\system32\conhost.exe 0xffffffff -ForceV1
CurrentDirectory: C:\Windows
User: NT AUTHORITY\SYSTEM
LogonGuid: {2cb7582e-8973-6611-e703-000000000000}
LogonId: 0x3E7
TerminalSessionId: 0
IntegrityLevel: System
Hashes: SHA256=A26A1FFB81A61281FFA55CB7778CC3FB0FF981704DE49F75F51F18B283FBA7A2
ParentProcessGuid: {2cb7582e-8982-6611-5a00-000000000900}
ParentProcessId: 1168
ParentImage: C:\Program Files\Elastic\Agent\data\elastic-agent-8.13.1-379dfc\components\filebeat.exe
ParentCommandLine: ""C:\Program Files\Elastic\Agent\data\elastic-agent-8.13.1-379dfc\components\filebeat.exe"" -E setup.ilm.enabled=false -E setup.template.enabled=false -E management.enabled=true -E management.restart_on_output_change=true -E logging.level=info -E logging.to_stderr=true -E gc_percent=${FILEBEAT_GOGC:100} -E filebeat.config.modules.enabled=false -E http.enabled=true -E http.host=npipe:///ebvJ72JkKcLim6zl2Go79BFvDy6QqDTt.sock -E ""path.data=C:\Program Files\Elastic\Agent\data\elastic-agent-8.13.1-379dfc\run\winlog-default""
ParentUser: NT AUTHORITY\SYSTEM","\??\C:\Windows\system32\conhost.exe, 0xffffffff, -ForceV1",3,\??\C:\Windows\system32\conhost.exe 0xffffffff -ForceV1,\??\C:\Windows\system32\conhost.exe 0xffffffff -ForceV1,{2cb7582e-8985-6611-7100-000000000900},C:\Windows\System32\conhost.exe,C:\Windows\System32\conhost.exe,a26a1ffb81a61281ffa55cb7778cc3fb0ff981704de49f75f51f18b283fba7a2,conhost.exe,conhost.exe,"C:\Program Files\Elastic\Agent\data\elastic-agent-8.13.1-379dfc\components\filebeat.exe, -E, setup.ilm.enabled=false, -E, setup.template.enabled=false, -E, management.enabled=true, -E, management.restart_on_output_change=true, -E, logging.level=info, -E, logging.to_stderr=true, -E, gc_percent=${FILEBEAT_GOGC:100}, -E, filebeat.config.modules.enabled=false, -E, http.enabled=true, -E, http.host=npipe:///ebvJ72JkKcLim6zl2Go79BFvDy6QqDTt.sock, -E, path.data=C:\Program Files\Elastic\Agent\data\elastic-agent-8.13.1-379dfc\run\winlog-default",23,"""C:\Program Files\Elastic\Agent\data\elastic-agent-8.13.1-379dfc\components\filebeat.exe"" -E setup.ilm.enabled=false -E setup.template.enabled=false -E management.enabled=true -E management.restart_on_output_change=true -E logging.level=info -E logging.to_stderr=true -E gc_percent=${FILEBEAT_GOGC:100} -E filebeat.config.modules.enabled=false -E http.enabled=true -E http.host=npipe:///ebvJ72JkKcLim6zl2Go79BFvDy6QqDTt.sock -E ""path.data=C:\Program Files\Elastic\Agent\data\elastic-agent-8.13.1-379dfc\run\winlog-default""","""C:\Program Files\Elastic\Agent\data\elastic-agent-8.13.1-379dfc\components\filebeat.exe"" -E setup.ilm.enabled=false -E setup.template.enabled=false -E management.enabled=true -E management.restart_on_output_change=true -E logging.level=info -E logging.to_stderr=true -E gc_percent=${FILEBEAT_GOGC:100} -E filebeat.config.modules.enabled=false -E http.enabled=true -E http.host=npipe:///ebvJ72JkKcLim6zl2Go79BFvDy6QqDTt.sock -E ""path.data=C:\Program Files\Elastic\Agent\data\elastic-agent-8.13.1-379dfc\run\winlog-default""",{2cb7582e-8982-6611-5a00-000000000900},C:\Program Files\Elastic\Agent\data\elastic-agent-8.13.1-379dfc\components\filebeat.exe,C:\Program Files\Elastic\Agent\data\elastic-agent-8.13.1-379dfc\components\filebeat.exe,filebeat.exe,filebeat.exe,"1,168",Microsoft Corporation,Console Window Host,10.0.19041.2546 (WinBuild.160101.0800),CONHOST.EXE,Microsoft® Windows® Operating System,884,C:\Windows,C:\Windows,a26a1ffb81a61281ffa55cb7778cc3fb0ff981704de49f75f51f18b283fba7a2,SYSTEM,NT AUTHORITY,S-1-5-18,SYSTEM,SYSTEM,wineventlog,Microsoft-Windows-Sysmon/Operational,terminusk9,Microsoft Corporation,Console Window Host,10.0.19041.2546 (WinBuild.160101.0800),System,{2cb7582e-8973-6611-e703-000000000000},0x3e7,NT AUTHORITY\SYSTEM,Microsoft® Windows® Operating System,0,1,Info,"3,340","3,664",{5770385f-c22a-43e0-bf4c-06f5698ffbd9},Microsoft-Windows-Sysmon,156,Process Create (rule: ProcessCreate),NT AUTHORITY,S-1-5-18,SYSTEM,User,5,-,-,-,-
"Apr 6, 2024 @ 10:42:29.816",34a1b9d0-75a5-4267-9cb1-6ace1b693835,7ffeba03-3080-43c7-a167-2b63dd853127,terminusk9,terminusk9,filebeat,8.13.1,windows.sysmon_operational,default,logs,8.0.0,7ffeba03-3080-43c7-a167-2b63dd853127,FALSE,8.13.1,Process terminated,verified,process,5,"Apr 6, 2024 @ 10:42:35.298",windows.sysmon_operational,"Apr 6, 2024 @ 10:42:44.000",event,windows,Microsoft-Windows-Sysmon,end,x86_64,terminusk9,2cb7582e-6ac9-4585-97cc-ae60502e4f16,"fe80::1754:ed5c:491b:5546, 10.0.2.15",08-00-27-BF-A9-3A,terminusk9,19045.2965,windows,10.0.19041.2965 (WinBuild.160101.0800),Windows 10 Home,Windows 10 Home,windows,windows,10,winlog,information,"Process terminated:
RuleName: -
UtcTime: 2024-04-06 17:42:29.816
ProcessGuid: {2cb7582e-8985-6611-6e00-000000000900}
ProcessId: 2796
Image: C:\Windows\System32\wevtutil.exe
User: NT AUTHORITY\SYSTEM",-,-,-,-,{2cb7582e-8985-6611-6e00-000000000900},C:\Windows\System32\wevtutil.exe,C:\Windows\System32\wevtutil.exe,-,wevtutil.exe,wevtutil.exe,-,-,-,-,-,-,-,-,-,-,-,-,-,-,-,"2,796",-,-,-,SYSTEM,NT AUTHORITY,S-1-5-18,SYSTEM,SYSTEM,wineventlog,Microsoft-Windows-Sysmon/Operational,terminusk9,-,-,-,-,-,-,-,-,-,5,Info,"3,340","3,664",{5770385f-c22a-43e0-bf4c-06f5698ffbd9},Microsoft-Windows-Sysmon,155,Process terminated (rule: ProcessTerminate),NT AUTHORITY,S-1-5-18,SYSTEM,User,3,-,-,-,-
