"Apr 6, 2024 @ 10:44:44.897",7649c11b-3a00-4241-b375-20762f70ba8f,7ffeba03-3080-43c7-a167-2b63dd853127,terminusk9,terminusk9,filebeat,8.13.1,windows.sysmon_operational,default,logs,8.0.0,7ffeba03-3080-43c7-a167-2b63dd853127,FALSE,8.13.1,Process creation,verified,process,1,"Apr 6, 2024 @ 10:44:50.033",windows.sysmon_operational,"Apr 6, 2024 @ 10:45:00.000",event,windows,Microsoft-Windows-Sysmon,start,x86_64,terminusk9,2cb7582e-6ac9-4585-97cc-ae60502e4f16,"fe80::1754:ed5c:491b:5546, 10.0.2.15",08-00-27-BF-A9-3A,terminusk9,19045.2965,windows,10.0.19041.2965 (WinBuild.160101.0800),Windows 10 Home,Windows 10 Home,windows,windows,10,winlog,information,"Process Create:
RuleName: -
UtcTime: 2024-04-06 17:44:44.897
ProcessGuid: {2cb7582e-8a0c-6611-6d00-000000000a00}
ProcessId: 4364
Image: C:\Windows\System32\conhost.exe
FileVersion: 10.0.19041.2546 (WinBuild.160101.0800)
Description: Console Window Host
Product: Microsoft® Windows® Operating System
Company: Microsoft Corporation
OriginalFileName: CONHOST.EXE
CommandLine: \??\C:\Windows\system32\conhost.exe 0xffffffff -ForceV1
CurrentDirectory: C:\Windows
User: NT AUTHORITY\SYSTEM
LogonGuid: {2cb7582e-89ff-6611-e703-000000000000}
LogonId: 0x3E7
TerminalSessionId: 0
IntegrityLevel: System
Hashes: SHA256=A26A1FFB81A61281FFA55CB7778CC3FB0FF981704DE49F75F51F18B283FBA7A2
ParentProcessGuid: {2cb7582e-8a09-6611-5f00-000000000a00}
ParentProcessId: 756
ParentImage: C:\Program Files\Elastic\Agent\data\elastic-agent-8.13.1-379dfc\components\filebeat.exe
ParentCommandLine: ""C:\Program Files\Elastic\Agent\data\elastic-agent-8.13.1-379dfc\components\filebeat.exe"" -E setup.ilm.enabled=false -E setup.template.enabled=false -E management.enabled=true -E management.restart_on_output_change=true -E logging.level=info -E logging.to_stderr=true -E gc_percent=${FILEBEAT_GOGC:100} -E filebeat.config.modules.enabled=false -E http.enabled=true -E http.host=npipe:///PGwsYWcynGUYZEjD872Gs-npqbv-30jS.sock -E ""path.data=C:\Program Files\Elastic\Agent\data\elastic-agent-8.13.1-379dfc\run\log-default""
ParentUser: NT AUTHORITY\SYSTEM","\??\C:\Windows\system32\conhost.exe, 0xffffffff, -ForceV1",3,\??\C:\Windows\system32\conhost.exe 0xffffffff -ForceV1,\??\C:\Windows\system32\conhost.exe 0xffffffff -ForceV1,{2cb7582e-8a0c-6611-6d00-000000000a00},C:\Windows\System32\conhost.exe,C:\Windows\System32\conhost.exe,a26a1ffb81a61281ffa55cb7778cc3fb0ff981704de49f75f51f18b283fba7a2,conhost.exe,conhost.exe,"C:\Program Files\Elastic\Agent\data\elastic-agent-8.13.1-379dfc\components\filebeat.exe, -E, setup.ilm.enabled=false, -E, setup.template.enabled=false, -E, management.enabled=true, -E, management.restart_on_output_change=true, -E, logging.level=info, -E, logging.to_stderr=true, -E, gc_percent=${FILEBEAT_GOGC:100}, -E, filebeat.config.modules.enabled=false, -E, http.enabled=true, -E, http.host=npipe:///PGwsYWcynGUYZEjD872Gs-npqbv-30jS.sock, -E, path.data=C:\Program Files\Elastic\Agent\data\elastic-agent-8.13.1-379dfc\run\log-default",23,"""C:\Program Files\Elastic\Agent\data\elastic-agent-8.13.1-379dfc\components\filebeat.exe"" -E setup.ilm.enabled=false -E setup.template.enabled=false -E management.enabled=true -E management.restart_on_output_change=true -E logging.level=info -E logging.to_stderr=true -E gc_percent=${FILEBEAT_GOGC:100} -E filebeat.config.modules.enabled=false -E http.enabled=true -E http.host=npipe:///PGwsYWcynGUYZEjD872Gs-npqbv-30jS.sock -E ""path.data=C:\Program Files\Elastic\Agent\data\elastic-agent-8.13.1-379dfc\run\log-default""","""C:\Program Files\Elastic\Agent\data\elastic-agent-8.13.1-379dfc\components\filebeat.exe"" -E setup.ilm.enabled=false -E setup.template.enabled=false -E management.enabled=true -E management.restart_on_output_change=true -E logging.level=info -E logging.to_stderr=true -E gc_percent=${FILEBEAT_GOGC:100} -E filebeat.config.modules.enabled=false -E http.enabled=true -E http.host=npipe:///PGwsYWcynGUYZEjD872Gs-npqbv-30jS.sock -E ""path.data=C:\Program Files\Elastic\Agent\data\elastic-agent-8.13.1-379dfc\run\log-default""",{2cb7582e-8a09-6611-5f00-000000000a00},C:\Program Files\Elastic\Agent\data\elastic-agent-8.13.1-379dfc\components\filebeat.exe,C:\Program Files\Elastic\Agent\data\elastic-agent-8.13.1-379dfc\components\filebeat.exe,filebeat.exe,filebeat.exe,756,Microsoft Corporation,Console Window Host,10.0.19041.2546 (WinBuild.160101.0800),CONHOST.EXE,Microsoft® Windows® Operating System,"4,364",C:\Windows,C:\Windows,a26a1ffb81a61281ffa55cb7778cc3fb0ff981704de49f75f51f18b283fba7a2,SYSTEM,NT AUTHORITY,S-1-5-18,SYSTEM,SYSTEM,wineventlog,Microsoft-Windows-Sysmon/Operational,terminusk9,Microsoft Corporation,Console Window Host,10.0.19041.2546 (WinBuild.160101.0800),System,{2cb7582e-89ff-6611-e703-000000000000},0x3e7,NT AUTHORITY\SYSTEM,Microsoft® Windows® Operating System,0,1,Info,"3,228","3,820",{5770385f-c22a-43e0-bf4c-06f5698ffbd9},Microsoft-Windows-Sysmon,335,Process Create (rule: ProcessCreate),NT AUTHORITY,S-1-5-18,SYSTEM,User,5,,,,
"Apr 6, 2024 @ 10:44:44.799",7649c11b-3a00-4241-b375-20762f70ba8f,7ffeba03-3080-43c7-a167-2b63dd853127,terminusk9,terminusk9,filebeat,8.13.1,windows.sysmon_operational,default,logs,8.0.0,7ffeba03-3080-43c7-a167-2b63dd853127,FALSE,8.13.1,Process creation,verified,process,1,"Apr 6, 2024 @ 10:44:50.031",windows.sysmon_operational,"Apr 6, 2024 @ 10:45:00.000",event,windows,Microsoft-Windows-Sysmon,start,x86_64,terminusk9,2cb7582e-6ac9-4585-97cc-ae60502e4f16,"fe80::1754:ed5c:491b:5546, 10.0.2.15",08-00-27-BF-A9-3A,terminusk9,19045.2965,windows,10.0.19041.2965 (WinBuild.160101.0800),Windows 10 Home,Windows 10 Home,windows,windows,10,winlog,information,"Process Create:
RuleName: -
UtcTime: 2024-04-06 17:44:44.799
ProcessGuid: {2cb7582e-8a0c-6611-6c00-000000000a00}
ProcessId: 4324
Image: C:\Windows\System32\conhost.exe
FileVersion: 10.0.19041.2546 (WinBuild.160101.0800)
Description: Console Window Host
Product: Microsoft® Windows® Operating System
Company: Microsoft Corporation
OriginalFileName: CONHOST.EXE
CommandLine: \??\C:\Windows\system32\conhost.exe 0xffffffff -ForceV1
CurrentDirectory: C:\Windows
User: NT AUTHORITY\SYSTEM
LogonGuid: {2cb7582e-89ff-6611-e703-000000000000}
LogonId: 0x3E7
TerminalSessionId: 0
IntegrityLevel: System
Hashes: SHA256=A26A1FFB81A61281FFA55CB7778CC3FB0FF981704DE49F75F51F18B283FBA7A2
ParentProcessGuid: {2cb7582e-8a0c-6611-6b00-000000000a00}
ParentProcessId: 4316
ParentImage: C:\Windows\System32\wevtutil.exe
ParentCommandLine: C:\Windows\system32\wevtutil.exe uninstall-manifest ""C:\ProgramData\Microsoft\Windows Defender\platform\4.18.24030.9-0\Microsoft-Antimalware-NIS.man""
ParentUser: NT AUTHORITY\SYSTEM","\??\C:\Windows\system32\conhost.exe, 0xffffffff, -ForceV1",3,\??\C:\Windows\system32\conhost.exe 0xffffffff -ForceV1,\??\C:\Windows\system32\conhost.exe 0xffffffff -ForceV1,{2cb7582e-8a0c-6611-6c00-000000000a00},C:\Windows\System32\conhost.exe,C:\Windows\System32\conhost.exe,a26a1ffb81a61281ffa55cb7778cc3fb0ff981704de49f75f51f18b283fba7a2,conhost.exe,conhost.exe,"C:\Windows\system32\wevtutil.exe, uninstall-manifest, C:\ProgramData\Microsoft\Windows Defender\platform\4.18.24030.9-0\Microsoft-Antimalware-NIS.man",3,"C:\Windows\system32\wevtutil.exe uninstall-manifest ""C:\ProgramData\Microsoft\Windows Defender\platform\4.18.24030.9-0\Microsoft-Antimalware-NIS.man""","C:\Windows\system32\wevtutil.exe uninstall-manifest ""C:\ProgramData\Microsoft\Windows Defender\platform\4.18.24030.9-0\Microsoft-Antimalware-NIS.man""",{2cb7582e-8a0c-6611-6b00-000000000a00},C:\Windows\System32\wevtutil.exe,C:\Windows\System32\wevtutil.exe,wevtutil.exe,wevtutil.exe,"4,316",Microsoft Corporation,Console Window Host,10.0.19041.2546 (WinBuild.160101.0800),CONHOST.EXE,Microsoft® Windows® Operating System,"4,324",C:\Windows,C:\Windows,a26a1ffb81a61281ffa55cb7778cc3fb0ff981704de49f75f51f18b283fba7a2,SYSTEM,NT AUTHORITY,S-1-5-18,SYSTEM,SYSTEM,wineventlog,Microsoft-Windows-Sysmon/Operational,terminusk9,Microsoft Corporation,Console Window Host,10.0.19041.2546 (WinBuild.160101.0800),System,{2cb7582e-89ff-6611-e703-000000000000},0x3e7,NT AUTHORITY\SYSTEM,Microsoft® Windows® Operating System,0,1,Info,"3,228","3,820",{5770385f-c22a-43e0-bf4c-06f5698ffbd9},Microsoft-Windows-Sysmon,333,Process Create (rule: ProcessCreate),NT AUTHORITY,S-1-5-18,SYSTEM,User,5,,,,
"Apr 6, 2024 @ 10:44:44.778",7649c11b-3a00-4241-b375-20762f70ba8f,7ffeba03-3080-43c7-a167-2b63dd853127,terminusk9,terminusk9,filebeat,8.13.1,windows.sysmon_operational,default,logs,8.0.0,7ffeba03-3080-43c7-a167-2b63dd853127,FALSE,8.13.1,Process creation,verified,process,1,"Apr 6, 2024 @ 10:44:50.031",windows.sysmon_operational,"Apr 6, 2024 @ 10:45:00.000",event,windows,Microsoft-Windows-Sysmon,start,x86_64,terminusk9,2cb7582e-6ac9-4585-97cc-ae60502e4f16,"fe80::1754:ed5c:491b:5546, 10.0.2.15",08-00-27-BF-A9-3A,terminusk9,19045.2965,windows,10.0.19041.2965 (WinBuild.160101.0800),Windows 10 Home,Windows 10 Home,windows,windows,10,winlog,information,"Process Create:
RuleName: -
UtcTime: 2024-04-06 17:44:44.778
ProcessGuid: {2cb7582e-8a0c-6611-6b00-000000000a00}
ProcessId: 4316
Image: C:\Windows\System32\wevtutil.exe
FileVersion: 10.0.19041.2193 (WinBuild.160101.0800)
Description: Eventing Command Line Utility
Product: Microsoft® Windows® Operating System
Company: Microsoft Corporation
OriginalFileName: wevtutil.exe
CommandLine: C:\Windows\system32\wevtutil.exe uninstall-manifest ""C:\ProgramData\Microsoft\Windows Defender\platform\4.18.24030.9-0\Microsoft-Antimalware-NIS.man""
CurrentDirectory: C:\Windows\system32\
User: NT AUTHORITY\SYSTEM
LogonGuid: {2cb7582e-89ff-6611-e703-000000000000}
LogonId: 0x3E7
TerminalSessionId: 0
IntegrityLevel: System
Hashes: SHA256=20DB4ABF4539D2E054FBADDE48078452A5A4ADBCA9EAEFF66ABA89F2C9164055
ParentProcessGuid: {2cb7582e-8a03-6611-4800-000000000a00}
ParentProcessId: 3200
ParentImage: C:\ProgramData\Microsoft\Windows Defender\Platform\4.18.24030.9-0\MsMpEng.exe
ParentCommandLine: ""C:\ProgramData\Microsoft\Windows Defender\platform\4.18.24030.9-0\MsMpEng.exe""
ParentUser: NT AUTHORITY\SYSTEM","C:\Windows\system32\wevtutil.exe, uninstall-manifest, C:\ProgramData\Microsoft\Windows Defender\platform\4.18.24030.9-0\Microsoft-Antimalware-NIS.man",3,"C:\Windows\system32\wevtutil.exe uninstall-manifest ""C:\ProgramData\Microsoft\Windows Defender\platform\4.18.24030.9-0\Microsoft-Antimalware-NIS.man""","C:\Windows\system32\wevtutil.exe uninstall-manifest ""C:\ProgramData\Microsoft\Windows Defender\platform\4.18.24030.9-0\Microsoft-Antimalware-NIS.man""",{2cb7582e-8a0c-6611-6b00-000000000a00},C:\Windows\System32\wevtutil.exe,C:\Windows\System32\wevtutil.exe,20db4abf4539d2e054fbadde48078452a5a4adbca9eaeff66aba89f2c9164055,wevtutil.exe,wevtutil.exe,C:\ProgramData\Microsoft\Windows Defender\platform\4.18.24030.9-0\MsMpEng.exe,1,"""C:\ProgramData\Microsoft\Windows Defender\platform\4.18.24030.9-0\MsMpEng.exe""","""C:\ProgramData\Microsoft\Windows Defender\platform\4.18.24030.9-0\MsMpEng.exe""",{2cb7582e-8a03-6611-4800-000000000a00},C:\ProgramData\Microsoft\Windows Defender\Platform\4.18.24030.9-0\MsMpEng.exe,C:\ProgramData\Microsoft\Windows Defender\Platform\4.18.24030.9-0\MsMpEng.exe,MsMpEng.exe,MsMpEng.exe,"3,200",Microsoft Corporation,Eventing Command Line Utility,10.0.19041.2193 (WinBuild.160101.0800),wevtutil.exe,Microsoft® Windows® Operating System,"4,316",C:\Windows\system32\,C:\Windows\system32\,20db4abf4539d2e054fbadde48078452a5a4adbca9eaeff66aba89f2c9164055,SYSTEM,NT AUTHORITY,S-1-5-18,SYSTEM,SYSTEM,wineventlog,Microsoft-Windows-Sysmon/Operational,terminusk9,Microsoft Corporation,Eventing Command Line Utility,10.0.19041.2193 (WinBuild.160101.0800),System,{2cb7582e-89ff-6611-e703-000000000000},0x3e7,NT AUTHORITY\SYSTEM,Microsoft® Windows® Operating System,0,1,Info,"3,228","3,820",{5770385f-c22a-43e0-bf4c-06f5698ffbd9},Microsoft-Windows-Sysmon,332,Process Create (rule: ProcessCreate),NT AUTHORITY,S-1-5-18,SYSTEM,User,5,,,,
"Apr 6, 2024 @ 10:44:44.743",7649c11b-3a00-4241-b375-20762f70ba8f,7ffeba03-3080-43c7-a167-2b63dd853127,terminusk9,terminusk9,filebeat,8.13.1,windows.sysmon_operational,default,logs,8.0.0,7ffeba03-3080-43c7-a167-2b63dd853127,FALSE,8.13.1,Process terminated,verified,process,5,"Apr 6, 2024 @ 10:44:50.031",windows.sysmon_operational,"Apr 6, 2024 @ 10:45:00.000",event,windows,Microsoft-Windows-Sysmon,end,x86_64,terminusk9,2cb7582e-6ac9-4585-97cc-ae60502e4f16,"fe80::1754:ed5c:491b:5546, 10.0.2.15",08-00-27-BF-A9-3A,terminusk9,19045.2965,windows,10.0.19041.2965 (WinBuild.160101.0800),Windows 10 Home,Windows 10 Home,windows,windows,10,winlog,information,"Process terminated:
RuleName: -
UtcTime: 2024-04-06 17:44:44.743
ProcessGuid: {2cb7582e-8a0c-6611-6900-000000000a00}
ProcessId: 4260
Image: C:\Windows\System32\wevtutil.exe
User: NT AUTHORITY\SYSTEM",-,-,-,-,{2cb7582e-8a0c-6611-6900-000000000a00},C:\Windows\System32\wevtutil.exe,C:\Windows\System32\wevtutil.exe,-,wevtutil.exe,wevtutil.exe,-,-,-,-,-,-,-,-,-,-,-,-,-,-,-,"4,260",-,-,-,SYSTEM,NT AUTHORITY,S-1-5-18,SYSTEM,SYSTEM,wineventlog,Microsoft-Windows-Sysmon/Operational,terminusk9,-,-,-,-,-,-,-,-,-,5,Info,"3,228","3,820",{5770385f-c22a-43e0-bf4c-06f5698ffbd9},Microsoft-Windows-Sysmon,330,Process terminated (rule: ProcessTerminate),NT AUTHORITY,S-1-5-18,SYSTEM,User,3,,,,
"Apr 6, 2024 @ 10:44:44.743",7649c11b-3a00-4241-b375-20762f70ba8f,7ffeba03-3080-43c7-a167-2b63dd853127,terminusk9,terminusk9,filebeat,8.13.1,windows.sysmon_operational,default,logs,8.0.0,7ffeba03-3080-43c7-a167-2b63dd853127,FALSE,8.13.1,Process terminated,verified,process,5,"Apr 6, 2024 @ 10:44:50.031",windows.sysmon_operational,"Apr 6, 2024 @ 10:45:00.000",event,windows,Microsoft-Windows-Sysmon,end,x86_64,terminusk9,2cb7582e-6ac9-4585-97cc-ae60502e4f16,"fe80::1754:ed5c:491b:5546, 10.0.2.15",08-00-27-BF-A9-3A,terminusk9,19045.2965,windows,10.0.19041.2965 (WinBuild.160101.0800),Windows 10 Home,Windows 10 Home,windows,windows,10,winlog,information,"Process terminated:
RuleName: -
UtcTime: 2024-04-06 17:44:44.743
ProcessGuid: {2cb7582e-8a0c-6611-6a00-000000000a00}
ProcessId: 4268
Image: C:\Windows\System32\conhost.exe
User: NT AUTHORITY\SYSTEM",-,-,-,-,{2cb7582e-8a0c-6611-6a00-000000000a00},C:\Windows\System32\conhost.exe,C:\Windows\System32\conhost.exe,-,conhost.exe,conhost.exe,-,-,-,-,-,-,-,-,-,-,-,-,-,-,-,"4,268",-,-,-,SYSTEM,NT AUTHORITY,S-1-5-18,SYSTEM,SYSTEM,wineventlog,Microsoft-Windows-Sysmon/Operational,terminusk9,-,-,-,-,-,-,-,-,-,5,Info,"3,228","3,820",{5770385f-c22a-43e0-bf4c-06f5698ffbd9},Microsoft-Windows-Sysmon,331,Process terminated (rule: ProcessTerminate),NT AUTHORITY,S-1-5-18,SYSTEM,User,3,,,,
"Apr 6, 2024 @ 10:44:44.426",7649c11b-3a00-4241-b375-20762f70ba8f,7ffeba03-3080-43c7-a167-2b63dd853127,terminusk9,terminusk9,filebeat,8.13.1,windows.sysmon_operational,default,logs,8.0.0,7ffeba03-3080-43c7-a167-2b63dd853127,FALSE,8.13.1,Process creation,verified,process,1,"Apr 6, 2024 @ 10:44:50.030",windows.sysmon_operational,"Apr 6, 2024 @ 10:45:00.000",event,windows,Microsoft-Windows-Sysmon,start,x86_64,terminusk9,2cb7582e-6ac9-4585-97cc-ae60502e4f16,"fe80::1754:ed5c:491b:5546, 10.0.2.15",08-00-27-BF-A9-3A,terminusk9,19045.2965,windows,10.0.19041.2965 (WinBuild.160101.0800),Windows 10 Home,Windows 10 Home,windows,windows,10,winlog,information,"Process Create:
RuleName: -
UtcTime: 2024-04-06 17:44:44.426
ProcessGuid: {2cb7582e-8a0c-6611-6a00-000000000a00}
ProcessId: 4268
Image: C:\Windows\System32\conhost.exe
FileVersion: 10.0.19041.2546 (WinBuild.160101.0800)
Description: Console Window Host
Product: Microsoft® Windows® Operating System
Company: Microsoft Corporation
OriginalFileName: CONHOST.EXE
CommandLine: \??\C:\Windows\system32\conhost.exe 0xffffffff -ForceV1
CurrentDirectory: C:\Windows
User: NT AUTHORITY\SYSTEM
LogonGuid: {2cb7582e-89ff-6611-e703-000000000000}
LogonId: 0x3E7
TerminalSessionId: 0
IntegrityLevel: System
Hashes: SHA256=A26A1FFB81A61281FFA55CB7778CC3FB0FF981704DE49F75F51F18B283FBA7A2
ParentProcessGuid: {2cb7582e-8a0c-6611-6900-000000000a00}
ParentProcessId: 4260
ParentImage: C:\Windows\System32\wevtutil.exe
ParentCommandLine: C:\Windows\system32\wevtutil.exe install-manifest ""C:\ProgramData\Microsoft\Windows Defender\platform\4.18.24030.9-0\Microsoft-Antimalware-Service.man"" ""/resourceFilePath:C:\ProgramData\Microsoft\Windows Defender\platform\4.18.24030.9-0\MpSvc.dll"" ""/messageFilePath:C:\ProgramData\Microsoft\Windows Defender\platform\4.18.24030.9-0\MpSvc.dll"" ""/parameterFilePath:C:\ProgramData\Microsoft\Windows Defender\platform\4.18.24030.9-0\MpSvc.dll""
ParentUser: NT AUTHORITY\SYSTEM","\??\C:\Windows\system32\conhost.exe, 0xffffffff, -ForceV1",3,\??\C:\Windows\system32\conhost.exe 0xffffffff -ForceV1,\??\C:\Windows\system32\conhost.exe 0xffffffff -ForceV1,{2cb7582e-8a0c-6611-6a00-000000000a00},C:\Windows\System32\conhost.exe,C:\Windows\System32\conhost.exe,a26a1ffb81a61281ffa55cb7778cc3fb0ff981704de49f75f51f18b283fba7a2,conhost.exe,conhost.exe,"C:\Windows\system32\wevtutil.exe, install-manifest, C:\ProgramData\Microsoft\Windows Defender\platform\4.18.24030.9-0\Microsoft-Antimalware-Service.man, /resourceFilePath:C:\ProgramData\Microsoft\Windows Defender\platform\4.18.24030.9-0\MpSvc.dll, /messageFilePath:C:\ProgramData\Microsoft\Windows Defender\platform\4.18.24030.9-0\MpSvc.dll, /parameterFilePath:C:\ProgramData\Microsoft\Windows Defender\platform\4.18.24030.9-0\MpSvc.dll",6,"C:\Windows\system32\wevtutil.exe install-manifest ""C:\ProgramData\Microsoft\Windows Defender\platform\4.18.24030.9-0\Microsoft-Antimalware-Service.man"" ""/resourceFilePath:C:\ProgramData\Microsoft\Windows Defender\platform\4.18.24030.9-0\MpSvc.dll"" ""/messageFilePath:C:\ProgramData\Microsoft\Windows Defender\platform\4.18.24030.9-0\MpSvc.dll"" ""/parameterFilePath:C:\ProgramData\Microsoft\Windows Defender\platform\4.18.24030.9-0\MpSvc.dll""","C:\Windows\system32\wevtutil.exe install-manifest ""C:\ProgramData\Microsoft\Windows Defender\platform\4.18.24030.9-0\Microsoft-Antimalware-Service.man"" ""/resourceFilePath:C:\ProgramData\Microsoft\Windows Defender\platform\4.18.24030.9-0\MpSvc.dll"" ""/messageFilePath:C:\ProgramData\Microsoft\Windows Defender\platform\4.18.24030.9-0\MpSvc.dll"" ""/parameterFilePath:C:\ProgramData\Microsoft\Windows Defender\platform\4.18.24030.9-0\MpSvc.dll""",{2cb7582e-8a0c-6611-6900-000000000a00},C:\Windows\System32\wevtutil.exe,C:\Windows\System32\wevtutil.exe,wevtutil.exe,wevtutil.exe,"4,260",Microsoft Corporation,Console Window Host,10.0.19041.2546 (WinBuild.160101.0800),CONHOST.EXE,Microsoft® Windows® Operating System,"4,268",C:\Windows,C:\Windows,a26a1ffb81a61281ffa55cb7778cc3fb0ff981704de49f75f51f18b283fba7a2,SYSTEM,NT AUTHORITY,S-1-5-18,SYSTEM,SYSTEM,wineventlog,Microsoft-Windows-Sysmon/Operational,terminusk9,Microsoft Corporation,Console Window Host,10.0.19041.2546 (WinBuild.160101.0800),System,{2cb7582e-89ff-6611-e703-000000000000},0x3e7,NT AUTHORITY\SYSTEM,Microsoft® Windows® Operating System,0,1,Info,"3,228","3,820",{5770385f-c22a-43e0-bf4c-06f5698ffbd9},Microsoft-Windows-Sysmon,329,Process Create (rule: ProcessCreate),NT AUTHORITY,S-1-5-18,SYSTEM,User,5,,,,
"Apr 6, 2024 @ 10:44:44.411",7649c11b-3a00-4241-b375-20762f70ba8f,7ffeba03-3080-43c7-a167-2b63dd853127,terminusk9,terminusk9,filebeat,8.13.1,windows.sysmon_operational,default,logs,8.0.0,7ffeba03-3080-43c7-a167-2b63dd853127,FALSE,8.13.1,Process creation,verified,process,1,"Apr 6, 2024 @ 10:44:50.030",windows.sysmon_operational,"Apr 6, 2024 @ 10:45:00.000",event,windows,Microsoft-Windows-Sysmon,start,x86_64,terminusk9,2cb7582e-6ac9-4585-97cc-ae60502e4f16,"fe80::1754:ed5c:491b:5546, 10.0.2.15",08-00-27-BF-A9-3A,terminusk9,19045.2965,windows,10.0.19041.2965 (WinBuild.160101.0800),Windows 10 Home,Windows 10 Home,windows,windows,10,winlog,information,"Process Create:
RuleName: -
UtcTime: 2024-04-06 17:44:44.411
ProcessGuid: {2cb7582e-8a0c-6611-6900-000000000a00}
ProcessId: 4260
Image: C:\Windows\System32\wevtutil.exe
FileVersion: 10.0.19041.2193 (WinBuild.160101.0800)
Description: Eventing Command Line Utility
Product: Microsoft® Windows® Operating System
Company: Microsoft Corporation
OriginalFileName: wevtutil.exe
CommandLine: C:\Windows\system32\wevtutil.exe install-manifest ""C:\ProgramData\Microsoft\Windows Defender\platform\4.18.24030.9-0\Microsoft-Antimalware-Service.man"" ""/resourceFilePath:C:\ProgramData\Microsoft\Windows Defender\platform\4.18.24030.9-0\MpSvc.dll"" ""/messageFilePath:C:\ProgramData\Microsoft\Windows Defender\platform\4.18.24030.9-0\MpSvc.dll"" ""/parameterFilePath:C:\ProgramData\Microsoft\Windows Defender\platform\4.18.24030.9-0\MpSvc.dll""
CurrentDirectory: C:\Windows\system32\
User: NT AUTHORITY\SYSTEM
LogonGuid: {2cb7582e-89ff-6611-e703-000000000000}
LogonId: 0x3E7
TerminalSessionId: 0
IntegrityLevel: System
Hashes: SHA256=20DB4ABF4539D2E054FBADDE48078452A5A4ADBCA9EAEFF66ABA89F2C9164055
ParentProcessGuid: {2cb7582e-8a03-6611-4800-000000000a00}
ParentProcessId: 3200
ParentImage: C:\ProgramData\Microsoft\Windows Defender\Platform\4.18.24030.9-0\MsMpEng.exe
ParentCommandLine: ""C:\ProgramData\Microsoft\Windows Defender\platform\4.18.24030.9-0\MsMpEng.exe""
ParentUser: NT AUTHORITY\SYSTEM","C:\Windows\system32\wevtutil.exe, install-manifest, C:\ProgramData\Microsoft\Windows Defender\platform\4.18.24030.9-0\Microsoft-Antimalware-Service.man, /resourceFilePath:C:\ProgramData\Microsoft\Windows Defender\platform\4.18.24030.9-0\MpSvc.dll, /messageFilePath:C:\ProgramData\Microsoft\Windows Defender\platform\4.18.24030.9-0\MpSvc.dll, /parameterFilePath:C:\ProgramData\Microsoft\Windows Defender\platform\4.18.24030.9-0\MpSvc.dll",6,"C:\Windows\system32\wevtutil.exe install-manifest ""C:\ProgramData\Microsoft\Windows Defender\platform\4.18.24030.9-0\Microsoft-Antimalware-Service.man"" ""/resourceFilePath:C:\ProgramData\Microsoft\Windows Defender\platform\4.18.24030.9-0\MpSvc.dll"" ""/messageFilePath:C:\ProgramData\Microsoft\Windows Defender\platform\4.18.24030.9-0\MpSvc.dll"" ""/parameterFilePath:C:\ProgramData\Microsoft\Windows Defender\platform\4.18.24030.9-0\MpSvc.dll""","C:\Windows\system32\wevtutil.exe install-manifest ""C:\ProgramData\Microsoft\Windows Defender\platform\4.18.24030.9-0\Microsoft-Antimalware-Service.man"" ""/resourceFilePath:C:\ProgramData\Microsoft\Windows Defender\platform\4.18.24030.9-0\MpSvc.dll"" ""/messageFilePath:C:\ProgramData\Microsoft\Windows Defender\platform\4.18.24030.9-0\MpSvc.dll"" ""/parameterFilePath:C:\ProgramData\Microsoft\Windows Defender\platform\4.18.24030.9-0\MpSvc.dll""",{2cb7582e-8a0c-6611-6900-000000000a00},C:\Windows\System32\wevtutil.exe,C:\Windows\System32\wevtutil.exe,20db4abf4539d2e054fbadde48078452a5a4adbca9eaeff66aba89f2c9164055,wevtutil.exe,wevtutil.exe,C:\ProgramData\Microsoft\Windows Defender\platform\4.18.24030.9-0\MsMpEng.exe,1,"""C:\ProgramData\Microsoft\Windows Defender\platform\4.18.24030.9-0\MsMpEng.exe""","""C:\ProgramData\Microsoft\Windows Defender\platform\4.18.24030.9-0\MsMpEng.exe""",{2cb7582e-8a03-6611-4800-000000000a00},C:\ProgramData\Microsoft\Windows Defender\Platform\4.18.24030.9-0\MsMpEng.exe,C:\ProgramData\Microsoft\Windows Defender\Platform\4.18.24030.9-0\MsMpEng.exe,MsMpEng.exe,MsMpEng.exe,"3,200",Microsoft Corporation,Eventing Command Line Utility,10.0.19041.2193 (WinBuild.160101.0800),wevtutil.exe,Microsoft® Windows® Operating System,"4,260",C:\Windows\system32\,C:\Windows\system32\,20db4abf4539d2e054fbadde48078452a5a4adbca9eaeff66aba89f2c9164055,SYSTEM,NT AUTHORITY,S-1-5-18,SYSTEM,SYSTEM,wineventlog,Microsoft-Windows-Sysmon/Operational,terminusk9,Microsoft Corporation,Eventing Command Line Utility,10.0.19041.2193 (WinBuild.160101.0800),System,{2cb7582e-89ff-6611-e703-000000000000},0x3e7,NT AUTHORITY\SYSTEM,Microsoft® Windows® Operating System,0,1,Info,"3,228","3,820",{5770385f-c22a-43e0-bf4c-06f5698ffbd9},Microsoft-Windows-Sysmon,327,Process Create (rule: ProcessCreate),NT AUTHORITY,S-1-5-18,SYSTEM,User,5,,,,
"Apr 6, 2024 @ 10:44:44.397",7649c11b-3a00-4241-b375-20762f70ba8f,7ffeba03-3080-43c7-a167-2b63dd853127,terminusk9,terminusk9,filebeat,8.13.1,windows.sysmon_operational,default,logs,8.0.0,7ffeba03-3080-43c7-a167-2b63dd853127,FALSE,8.13.1,Process terminated,verified,process,5,"Apr 6, 2024 @ 10:44:50.030",windows.sysmon_operational,"Apr 6, 2024 @ 10:45:00.000",event,windows,Microsoft-Windows-Sysmon,end,x86_64,terminusk9,2cb7582e-6ac9-4585-97cc-ae60502e4f16,"fe80::1754:ed5c:491b:5546, 10.0.2.15",08-00-27-BF-A9-3A,terminusk9,19045.2965,windows,10.0.19041.2965 (WinBuild.160101.0800),Windows 10 Home,Windows 10 Home,windows,windows,10,winlog,information,"Process terminated:
RuleName: -
UtcTime: 2024-04-06 17:44:44.397
ProcessGuid: {2cb7582e-8a0c-6611-6700-000000000a00}
ProcessId: 4204
Image: C:\Windows\System32\wevtutil.exe
User: NT AUTHORITY\SYSTEM",-,-,-,-,{2cb7582e-8a0c-6611-6700-000000000a00},C:\Windows\System32\wevtutil.exe,C:\Windows\System32\wevtutil.exe,-,wevtutil.exe,wevtutil.exe,-,-,-,-,-,-,-,-,-,-,-,-,-,-,-,"4,204",-,-,-,SYSTEM,NT AUTHORITY,S-1-5-18,SYSTEM,SYSTEM,wineventlog,Microsoft-Windows-Sysmon/Operational,terminusk9,-,-,-,-,-,-,-,-,-,5,Info,"3,228","3,820",{5770385f-c22a-43e0-bf4c-06f5698ffbd9},Microsoft-Windows-Sysmon,326,Process terminated (rule: ProcessTerminate),NT AUTHORITY,S-1-5-18,SYSTEM,User,3,,,,
"Apr 6, 2024 @ 10:44:44.397",7649c11b-3a00-4241-b375-20762f70ba8f,7ffeba03-3080-43c7-a167-2b63dd853127,terminusk9,terminusk9,filebeat,8.13.1,windows.sysmon_operational,default,logs,8.0.0,7ffeba03-3080-43c7-a167-2b63dd853127,FALSE,8.13.1,Process terminated,verified,process,5,"Apr 6, 2024 @ 10:44:50.030",windows.sysmon_operational,"Apr 6, 2024 @ 10:45:00.000",event,windows,Microsoft-Windows-Sysmon,end,x86_64,terminusk9,2cb7582e-6ac9-4585-97cc-ae60502e4f16,"fe80::1754:ed5c:491b:5546, 10.0.2.15",08-00-27-BF-A9-3A,terminusk9,19045.2965,windows,10.0.19041.2965 (WinBuild.160101.0800),Windows 10 Home,Windows 10 Home,windows,windows,10,winlog,information,"Process terminated:
RuleName: -
UtcTime: 2024-04-06 17:44:44.397
ProcessGuid: {2cb7582e-8a0c-6611-6800-000000000a00}
ProcessId: 4212
Image: C:\Windows\System32\conhost.exe
User: NT AUTHORITY\SYSTEM",-,-,-,-,{2cb7582e-8a0c-6611-6800-000000000a00},C:\Windows\System32\conhost.exe,C:\Windows\System32\conhost.exe,-,conhost.exe,conhost.exe,-,-,-,-,-,-,-,-,-,-,-,-,-,-,-,"4,212",-,-,-,SYSTEM,NT AUTHORITY,S-1-5-18,SYSTEM,SYSTEM,wineventlog,Microsoft-Windows-Sysmon/Operational,terminusk9,-,-,-,-,-,-,-,-,-,5,Info,"3,228","3,820",{5770385f-c22a-43e0-bf4c-06f5698ffbd9},Microsoft-Windows-Sysmon,328,Process terminated (rule: ProcessTerminate),NT AUTHORITY,S-1-5-18,SYSTEM,User,3,,,,
"Apr 6, 2024 @ 10:44:44.201",7649c11b-3a00-4241-b375-20762f70ba8f,7ffeba03-3080-43c7-a167-2b63dd853127,terminusk9,terminusk9,filebeat,8.13.1,windows.sysmon_operational,default,logs,8.0.0,7ffeba03-3080-43c7-a167-2b63dd853127,FALSE,8.13.1,Process creation,verified,process,1,"Apr 6, 2024 @ 10:44:50.030",windows.sysmon_operational,"Apr 6, 2024 @ 10:45:00.000",event,windows,Microsoft-Windows-Sysmon,start,x86_64,terminusk9,2cb7582e-6ac9-4585-97cc-ae60502e4f16,"fe80::1754:ed5c:491b:5546, 10.0.2.15",08-00-27-BF-A9-3A,terminusk9,19045.2965,windows,10.0.19041.2965 (WinBuild.160101.0800),Windows 10 Home,Windows 10 Home,windows,windows,10,winlog,information,"Process Create:
RuleName: -
UtcTime: 2024-04-06 17:44:44.201
ProcessGuid: {2cb7582e-8a0c-6611-6800-000000000a00}
ProcessId: 4212
Image: C:\Windows\System32\conhost.exe
FileVersion: 10.0.19041.2546 (WinBuild.160101.0800)
Description: Console Window Host
Product: Microsoft® Windows® Operating System
Company: Microsoft Corporation
OriginalFileName: CONHOST.EXE
CommandLine: \??\C:\Windows\system32\conhost.exe 0xffffffff -ForceV1
CurrentDirectory: C:\Windows
User: NT AUTHORITY\SYSTEM
LogonGuid: {2cb7582e-89ff-6611-e703-000000000000}
LogonId: 0x3E7
TerminalSessionId: 0
IntegrityLevel: System
Hashes: SHA256=A26A1FFB81A61281FFA55CB7778CC3FB0FF981704DE49F75F51F18B283FBA7A2
ParentProcessGuid: {2cb7582e-8a0c-6611-6700-000000000a00}
ParentProcessId: 4204
ParentImage: C:\Windows\System32\wevtutil.exe
ParentCommandLine: C:\Windows\system32\wevtutil.exe uninstall-manifest ""C:\ProgramData\Microsoft\Windows Defender\platform\4.18.24030.9-0\Microsoft-Antimalware-Service.man""
ParentUser: NT AUTHORITY\SYSTEM","\??\C:\Windows\system32\conhost.exe, 0xffffffff, -ForceV1",3,\??\C:\Windows\system32\conhost.exe 0xffffffff -ForceV1,\??\C:\Windows\system32\conhost.exe 0xffffffff -ForceV1,{2cb7582e-8a0c-6611-6800-000000000a00},C:\Windows\System32\conhost.exe,C:\Windows\System32\conhost.exe,a26a1ffb81a61281ffa55cb7778cc3fb0ff981704de49f75f51f18b283fba7a2,conhost.exe,conhost.exe,"C:\Windows\system32\wevtutil.exe, uninstall-manifest, C:\ProgramData\Microsoft\Windows Defender\platform\4.18.24030.9-0\Microsoft-Antimalware-Service.man",3,"C:\Windows\system32\wevtutil.exe uninstall-manifest ""C:\ProgramData\Microsoft\Windows Defender\platform\4.18.24030.9-0\Microsoft-Antimalware-Service.man""","C:\Windows\system32\wevtutil.exe uninstall-manifest ""C:\ProgramData\Microsoft\Windows Defender\platform\4.18.24030.9-0\Microsoft-Antimalware-Service.man""",{2cb7582e-8a0c-6611-6700-000000000a00},C:\Windows\System32\wevtutil.exe,C:\Windows\System32\wevtutil.exe,wevtutil.exe,wevtutil.exe,"4,204",Microsoft Corporation,Console Window Host,10.0.19041.2546 (WinBuild.160101.0800),CONHOST.EXE,Microsoft® Windows® Operating System,"4,212",C:\Windows,C:\Windows,a26a1ffb81a61281ffa55cb7778cc3fb0ff981704de49f75f51f18b283fba7a2,SYSTEM,NT AUTHORITY,S-1-5-18,SYSTEM,SYSTEM,wineventlog,Microsoft-Windows-Sysmon/Operational,terminusk9,Microsoft Corporation,Console Window Host,10.0.19041.2546 (WinBuild.160101.0800),System,{2cb7582e-89ff-6611-e703-000000000000},0x3e7,NT AUTHORITY\SYSTEM,Microsoft® Windows® Operating System,0,1,Info,"3,228","3,820",{5770385f-c22a-43e0-bf4c-06f5698ffbd9},Microsoft-Windows-Sysmon,325,Process Create (rule: ProcessCreate),NT AUTHORITY,S-1-5-18,SYSTEM,User,5,,,,
"Apr 6, 2024 @ 10:44:44.175",7649c11b-3a00-4241-b375-20762f70ba8f,7ffeba03-3080-43c7-a167-2b63dd853127,terminusk9,terminusk9,filebeat,8.13.1,windows.sysmon_operational,default,logs,8.0.0,7ffeba03-3080-43c7-a167-2b63dd853127,FALSE,8.13.1,Process creation,verified,process,1,"Apr 6, 2024 @ 10:44:50.030",windows.sysmon_operational,"Apr 6, 2024 @ 10:45:00.000",event,windows,Microsoft-Windows-Sysmon,start,x86_64,terminusk9,2cb7582e-6ac9-4585-97cc-ae60502e4f16,"fe80::1754:ed5c:491b:5546, 10.0.2.15",08-00-27-BF-A9-3A,terminusk9,19045.2965,windows,10.0.19041.2965 (WinBuild.160101.0800),Windows 10 Home,Windows 10 Home,windows,windows,10,winlog,information,"Process Create:
RuleName: -
UtcTime: 2024-04-06 17:44:44.175
ProcessGuid: {2cb7582e-8a0c-6611-6700-000000000a00}
ProcessId: 4204
Image: C:\Windows\System32\wevtutil.exe
FileVersion: 10.0.19041.2193 (WinBuild.160101.0800)
Description: Eventing Command Line Utility
Product: Microsoft® Windows® Operating System
Company: Microsoft Corporation
OriginalFileName: wevtutil.exe
CommandLine: C:\Windows\system32\wevtutil.exe uninstall-manifest ""C:\ProgramData\Microsoft\Windows Defender\platform\4.18.24030.9-0\Microsoft-Antimalware-Service.man""
CurrentDirectory: C:\Windows\system32\
User: NT AUTHORITY\SYSTEM
LogonGuid: {2cb7582e-89ff-6611-e703-000000000000}
LogonId: 0x3E7
TerminalSessionId: 0
IntegrityLevel: System
Hashes: SHA256=20DB4ABF4539D2E054FBADDE48078452A5A4ADBCA9EAEFF66ABA89F2C9164055
ParentProcessGuid: {2cb7582e-8a03-6611-4800-000000000a00}
ParentProcessId: 3200
ParentImage: C:\ProgramData\Microsoft\Windows Defender\Platform\4.18.24030.9-0\MsMpEng.exe
ParentCommandLine: ""C:\ProgramData\Microsoft\Windows Defender\platform\4.18.24030.9-0\MsMpEng.exe""
ParentUser: NT AUTHORITY\SYSTEM","C:\Windows\system32\wevtutil.exe, uninstall-manifest, C:\ProgramData\Microsoft\Windows Defender\platform\4.18.24030.9-0\Microsoft-Antimalware-Service.man",3,"C:\Windows\system32\wevtutil.exe uninstall-manifest ""C:\ProgramData\Microsoft\Windows Defender\platform\4.18.24030.9-0\Microsoft-Antimalware-Service.man""","C:\Windows\system32\wevtutil.exe uninstall-manifest ""C:\ProgramData\Microsoft\Windows Defender\platform\4.18.24030.9-0\Microsoft-Antimalware-Service.man""",{2cb7582e-8a0c-6611-6700-000000000a00},C:\Windows\System32\wevtutil.exe,C:\Windows\System32\wevtutil.exe,20db4abf4539d2e054fbadde48078452a5a4adbca9eaeff66aba89f2c9164055,wevtutil.exe,wevtutil.exe,C:\ProgramData\Microsoft\Windows Defender\platform\4.18.24030.9-0\MsMpEng.exe,1,"""C:\ProgramData\Microsoft\Windows Defender\platform\4.18.24030.9-0\MsMpEng.exe""","""C:\ProgramData\Microsoft\Windows Defender\platform\4.18.24030.9-0\MsMpEng.exe""",{2cb7582e-8a03-6611-4800-000000000a00},C:\ProgramData\Microsoft\Windows Defender\Platform\4.18.24030.9-0\MsMpEng.exe,C:\ProgramData\Microsoft\Windows Defender\Platform\4.18.24030.9-0\MsMpEng.exe,MsMpEng.exe,MsMpEng.exe,"3,200",Microsoft Corporation,Eventing Command Line Utility,10.0.19041.2193 (WinBuild.160101.0800),wevtutil.exe,Microsoft® Windows® Operating System,"4,204",C:\Windows\system32\,C:\Windows\system32\,20db4abf4539d2e054fbadde48078452a5a4adbca9eaeff66aba89f2c9164055,SYSTEM,NT AUTHORITY,S-1-5-18,SYSTEM,SYSTEM,wineventlog,Microsoft-Windows-Sysmon/Operational,terminusk9,Microsoft Corporation,Eventing Command Line Utility,10.0.19041.2193 (WinBuild.160101.0800),System,{2cb7582e-89ff-6611-e703-000000000000},0x3e7,NT AUTHORITY\SYSTEM,Microsoft® Windows® Operating System,0,1,Info,"3,228","3,820",{5770385f-c22a-43e0-bf4c-06f5698ffbd9},Microsoft-Windows-Sysmon,324,Process Create (rule: ProcessCreate),NT AUTHORITY,S-1-5-18,SYSTEM,User,5,,,,
"Apr 6, 2024 @ 10:44:44.161",7649c11b-3a00-4241-b375-20762f70ba8f,7ffeba03-3080-43c7-a167-2b63dd853127,terminusk9,terminusk9,filebeat,8.13.1,windows.sysmon_operational,default,logs,8.0.0,7ffeba03-3080-43c7-a167-2b63dd853127,FALSE,8.13.1,Process terminated,verified,process,5,"Apr 6, 2024 @ 10:44:50.030",windows.sysmon_operational,"Apr 6, 2024 @ 10:45:00.000",event,windows,Microsoft-Windows-Sysmon,end,x86_64,terminusk9,2cb7582e-6ac9-4585-97cc-ae60502e4f16,"fe80::1754:ed5c:491b:5546, 10.0.2.15",08-00-27-BF-A9-3A,terminusk9,19045.2965,windows,10.0.19041.2965 (WinBuild.160101.0800),Windows 10 Home,Windows 10 Home,windows,windows,10,winlog,information,"Process terminated:
RuleName: -
UtcTime: 2024-04-06 17:44:44.161
ProcessGuid: {2cb7582e-8a08-6611-5e00-000000000a00}
ProcessId: 2716
Image: C:\Windows\System32\conhost.exe
User: NT AUTHORITY\SYSTEM",-,-,-,-,{2cb7582e-8a08-6611-5e00-000000000a00},C:\Windows\System32\conhost.exe,C:\Windows\System32\conhost.exe,-,conhost.exe,conhost.exe,-,-,-,-,-,-,-,-,-,-,-,-,-,-,-,"2,716",-,-,-,SYSTEM,NT AUTHORITY,S-1-5-18,SYSTEM,SYSTEM,wineventlog,Microsoft-Windows-Sysmon/Operational,terminusk9,-,-,-,-,-,-,-,-,-,5,Info,"3,228","3,820",{5770385f-c22a-43e0-bf4c-06f5698ffbd9},Microsoft-Windows-Sysmon,323,Process terminated (rule: ProcessTerminate),NT AUTHORITY,S-1-5-18,SYSTEM,User,3,,,,
"Apr 6, 2024 @ 10:44:44.135",7649c11b-3a00-4241-b375-20762f70ba8f,7ffeba03-3080-43c7-a167-2b63dd853127,terminusk9,terminusk9,filebeat,8.13.1,windows.sysmon_operational,default,logs,8.0.0,7ffeba03-3080-43c7-a167-2b63dd853127,FALSE,8.13.1,Process terminated,verified,process,5,"Apr 6, 2024 @ 10:44:50.029",windows.sysmon_operational,"Apr 6, 2024 @ 10:45:00.000",event,windows,Microsoft-Windows-Sysmon,end,x86_64,terminusk9,2cb7582e-6ac9-4585-97cc-ae60502e4f16,"fe80::1754:ed5c:491b:5546, 10.0.2.15",08-00-27-BF-A9-3A,terminusk9,19045.2965,windows,10.0.19041.2965 (WinBuild.160101.0800),Windows 10 Home,Windows 10 Home,windows,windows,10,winlog,information,"Process terminated:
RuleName: -
UtcTime: 2024-04-06 17:44:44.135
ProcessGuid: {2cb7582e-8a08-6611-5d00-000000000a00}
ProcessId: 3016
Image: C:\Windows\System32\wevtutil.exe
User: NT AUTHORITY\SYSTEM",-,-,-,-,{2cb7582e-8a08-6611-5d00-000000000a00},C:\Windows\System32\wevtutil.exe,C:\Windows\System32\wevtutil.exe,-,wevtutil.exe,wevtutil.exe,-,-,-,-,-,-,-,-,-,-,-,-,-,-,-,"3,016",-,-,-,SYSTEM,NT AUTHORITY,S-1-5-18,SYSTEM,SYSTEM,wineventlog,Microsoft-Windows-Sysmon/Operational,terminusk9,-,-,-,-,-,-,-,-,-,5,Info,"3,228","3,820",{5770385f-c22a-43e0-bf4c-06f5698ffbd9},Microsoft-Windows-Sysmon,322,Process terminated (rule: ProcessTerminate),NT AUTHORITY,S-1-5-18,SYSTEM,User,3,,,,
"Apr 6, 2024 @ 10:44:43.477",7649c11b-3a00-4241-b375-20762f70ba8f,7ffeba03-3080-43c7-a167-2b63dd853127,terminusk9,terminusk9,filebeat,8.13.1,windows.sysmon_operational,default,logs,8.0.0,7ffeba03-3080-43c7-a167-2b63dd853127,FALSE,8.13.1,Process creation,verified,process,1,"Apr 6, 2024 @ 10:44:50.034",windows.sysmon_operational,"Apr 6, 2024 @ 10:45:00.000",event,windows,Microsoft-Windows-Sysmon,start,x86_64,terminusk9,2cb7582e-6ac9-4585-97cc-ae60502e4f16,"fe80::1754:ed5c:491b:5546, 10.0.2.15",08-00-27-BF-A9-3A,terminusk9,19045.2965,windows,10.0.19041.2965 (WinBuild.160101.0800),Windows 10 Home,Windows 10 Home,windows,windows,10,winlog,information,"Process Create:
RuleName: -
UtcTime: 2024-04-06 17:44:43.477
ProcessGuid: {2cb7582e-8a0b-6611-6600-000000000a00}
ProcessId: 4196
Image: C:\Program Files\Elastic\Agent\data\elastic-agent-8.13.1-379dfc\components\metricbeat.exe
FileVersion: 8.13.1
Description: Metricbeat is a lightweight shipper for metrics.
Product: Metricbeat
Company: Elastic
OriginalFileName: metricbeat.exe
CommandLine: ""C:\Program Files\Elastic\Agent\data\elastic-agent-8.13.1-379dfc\components\metricbeat.exe"" -E setup.ilm.enabled=false -E setup.template.enabled=false -E management.enabled=true -E management.restart_on_output_change=true -E logging.level=info -E logging.to_stderr=true -E gc_percent=${METRICBEAT_GOGC:100} -E metricbeat.config.modules.enabled=false -E http.enabled=true -E http.host=npipe:///Hk6rvk9TDibMPcDvpl0jkLE-qDsHWVYL.sock -E ""path.data=C:\Program Files\Elastic\Agent\data\elastic-agent-8.13.1-379dfc\run\beat\metrics-monitoring""
CurrentDirectory: C:\Program Files\Elastic\Agent\data\elastic-agent-8.13.1-379dfc\run\beat\metrics-monitoring\
User: NT AUTHORITY\SYSTEM
LogonGuid: {2cb7582e-89ff-6611-e703-000000000000}
LogonId: 0x3E7
TerminalSessionId: 0
IntegrityLevel: System
Hashes: SHA256=351612409174E415E83547B8D9FC4AB9C986F7020952249420815596917BF33E
ParentProcessGuid: {2cb7582e-8a03-6611-4b00-000000000a00}
ParentProcessId: 3240
ParentImage: C:\Program Files\Elastic\Agent\data\elastic-agent-8.13.1-379dfc\elastic-agent.exe
ParentCommandLine: ""C:\Program Files\Elastic\Agent\elastic-agent.exe""
ParentUser: NT AUTHORITY\SYSTEM","C:\Program Files\Elastic\Agent\data\elastic-agent-8.13.1-379dfc\components\metricbeat.exe, -E, setup.ilm.enabled=false, -E, setup.template.enabled=false, -E, management.enabled=true, -E, management.restart_on_output_change=true, -E, logging.level=info, -E, logging.to_stderr=true, -E, gc_percent=${METRICBEAT_GOGC:100}, -E, metricbeat.config.modules.enabled=false, -E, http.enabled=true, -E, http.host=npipe:///Hk6rvk9TDibMPcDvpl0jkLE-qDsHWVYL.sock, -E, path.data=C:\Program Files\Elastic\Agent\data\elastic-agent-8.13.1-379dfc\run\beat\metrics-monitoring",23,"""C:\Program Files\Elastic\Agent\data\elastic-agent-8.13.1-379dfc\components\metricbeat.exe"" -E setup.ilm.enabled=false -E setup.template.enabled=false -E management.enabled=true -E management.restart_on_output_change=true -E logging.level=info -E logging.to_stderr=true -E gc_percent=${METRICBEAT_GOGC:100} -E metricbeat.config.modules.enabled=false -E http.enabled=true -E http.host=npipe:///Hk6rvk9TDibMPcDvpl0jkLE-qDsHWVYL.sock -E ""path.data=C:\Program Files\Elastic\Agent\data\elastic-agent-8.13.1-379dfc\run\beat\metrics-monitoring""","""C:\Program Files\Elastic\Agent\data\elastic-agent-8.13.1-379dfc\components\metricbeat.exe"" -E setup.ilm.enabled=false -E setup.template.enabled=false -E management.enabled=true -E management.restart_on_output_change=true -E logging.level=info -E logging.to_stderr=true -E gc_percent=${METRICBEAT_GOGC:100} -E metricbeat.config.modules.enabled=false -E http.enabled=true -E http.host=npipe:///Hk6rvk9TDibMPcDvpl0jkLE-qDsHWVYL.sock -E ""path.data=C:\Program Files\Elastic\Agent\data\elastic-agent-8.13.1-379dfc\run\beat\metrics-monitoring""",{2cb7582e-8a0b-6611-6600-000000000a00},C:\Program Files\Elastic\Agent\data\elastic-agent-8.13.1-379dfc\components\metricbeat.exe,C:\Program Files\Elastic\Agent\data\elastic-agent-8.13.1-379dfc\components\metricbeat.exe,351612409174e415e83547b8d9fc4ab9c986f7020952249420815596917bf33e,metricbeat.exe,metricbeat.exe,C:\Program Files\Elastic\Agent\elastic-agent.exe,1,"""C:\Program Files\Elastic\Agent\elastic-agent.exe""","""C:\Program Files\Elastic\Agent\elastic-agent.exe""",{2cb7582e-8a03-6611-4b00-000000000a00},C:\Program Files\Elastic\Agent\data\elastic-agent-8.13.1-379dfc\elastic-agent.exe,C:\Program Files\Elastic\Agent\data\elastic-agent-8.13.1-379dfc\elastic-agent.exe,elastic-agent.exe,elastic-agent.exe,"3,240",Elastic,Metricbeat is a lightweight shipper for metrics.,8.13.1,metricbeat.exe,Metricbeat,"4,196",C:\Program Files\Elastic\Agent\data\elastic-agent-8.13.1-379dfc\run\beat\metrics-monitoring\,C:\Program Files\Elastic\Agent\data\elastic-agent-8.13.1-379dfc\run\beat\metrics-monitoring\,351612409174e415e83547b8d9fc4ab9c986f7020952249420815596917bf33e,SYSTEM,NT AUTHORITY,S-1-5-18,SYSTEM,SYSTEM,wineventlog,Microsoft-Windows-Sysmon/Operational,terminusk9,Elastic,Metricbeat is a lightweight shipper for metrics.,8.13.1,System,{2cb7582e-89ff-6611-e703-000000000000},0x3e7,NT AUTHORITY\SYSTEM,Metricbeat,0,1,Info,"3,228","3,820",{5770385f-c22a-43e0-bf4c-06f5698ffbd9},Microsoft-Windows-Sysmon,355,Process Create (rule: ProcessCreate),NT AUTHORITY,S-1-5-18,SYSTEM,User,5,,,,
"Apr 6, 2024 @ 10:44:43.294",7649c11b-3a00-4241-b375-20762f70ba8f,7ffeba03-3080-43c7-a167-2b63dd853127,terminusk9,terminusk9,filebeat,8.13.1,windows.sysmon_operational,default,logs,8.0.0,7ffeba03-3080-43c7-a167-2b63dd853127,FALSE,8.13.1,Process creation,verified,process,1,"Apr 6, 2024 @ 10:44:50.033",windows.sysmon_operational,"Apr 6, 2024 @ 10:45:00.000",event,windows,Microsoft-Windows-Sysmon,start,x86_64,terminusk9,2cb7582e-6ac9-4585-97cc-ae60502e4f16,"fe80::1754:ed5c:491b:5546, 10.0.2.15",08-00-27-BF-A9-3A,terminusk9,19045.2965,windows,10.0.19041.2965 (WinBuild.160101.0800),Windows 10 Home,Windows 10 Home,windows,windows,10,winlog,information,"Process Create:
RuleName: -
UtcTime: 2024-04-06 17:44:43.294
ProcessGuid: {2cb7582e-8a0b-6611-6500-000000000a00}
ProcessId: 4188
Image: C:\Program Files\Elastic\Agent\data\elastic-agent-8.13.1-379dfc\components\filebeat.exe
FileVersion: 8.13.1
Description: Filebeat sends log files to Logstash or directly to Elasticsearch.
Product: Filebeat
Company: Elastic
OriginalFileName: filebeat.exe
CommandLine: ""C:\Program Files\Elastic\Agent\data\elastic-agent-8.13.1-379dfc\components\filebeat.exe"" -E setup.ilm.enabled=false -E setup.template.enabled=false -E management.enabled=true -E management.restart_on_output_change=true -E logging.level=info -E logging.to_stderr=true -E gc_percent=${FILEBEAT_GOGC:100} -E filebeat.config.modules.enabled=false -E http.enabled=true -E http.host=npipe:///xTEtpJ7117ppc6OYvJCaYHbDW8mLjXGe.sock -E ""path.data=C:\Program Files\Elastic\Agent\data\elastic-agent-8.13.1-379dfc\run\filestream-monitoring""
CurrentDirectory: C:\Program Files\Elastic\Agent\data\elastic-agent-8.13.1-379dfc\run\filestream-monitoring\
User: NT AUTHORITY\SYSTEM
LogonGuid: {2cb7582e-89ff-6611-e703-000000000000}
LogonId: 0x3E7
TerminalSessionId: 0
IntegrityLevel: System
Hashes: SHA256=C1785E1CC7DB81291EC6405DE40DA27E49ED42201D8BF0D20B0EEC2DCB236CD1
ParentProcessGuid: {2cb7582e-8a03-6611-4b00-000000000a00}
ParentProcessId: 3240
ParentImage: C:\Program Files\Elastic\Agent\data\elastic-agent-8.13.1-379dfc\elastic-agent.exe
ParentCommandLine: ""C:\Program Files\Elastic\Agent\elastic-agent.exe""
ParentUser: NT AUTHORITY\SYSTEM","C:\Program Files\Elastic\Agent\data\elastic-agent-8.13.1-379dfc\components\filebeat.exe, -E, setup.ilm.enabled=false, -E, setup.template.enabled=false, -E, management.enabled=true, -E, management.restart_on_output_change=true, -E, logging.level=info, -E, logging.to_stderr=true, -E, gc_percent=${FILEBEAT_GOGC:100}, -E, filebeat.config.modules.enabled=false, -E, http.enabled=true, -E, http.host=npipe:///xTEtpJ7117ppc6OYvJCaYHbDW8mLjXGe.sock, -E, path.data=C:\Program Files\Elastic\Agent\data\elastic-agent-8.13.1-379dfc\run\filestream-monitoring",23,"""C:\Program Files\Elastic\Agent\data\elastic-agent-8.13.1-379dfc\components\filebeat.exe"" -E setup.ilm.enabled=false -E setup.template.enabled=false -E management.enabled=true -E management.restart_on_output_change=true -E logging.level=info -E logging.to_stderr=true -E gc_percent=${FILEBEAT_GOGC:100} -E filebeat.config.modules.enabled=false -E http.enabled=true -E http.host=npipe:///xTEtpJ7117ppc6OYvJCaYHbDW8mLjXGe.sock -E ""path.data=C:\Program Files\Elastic\Agent\data\elastic-agent-8.13.1-379dfc\run\filestream-monitoring""","""C:\Program Files\Elastic\Agent\data\elastic-agent-8.13.1-379dfc\components\filebeat.exe"" -E setup.ilm.enabled=false -E setup.template.enabled=false -E management.enabled=true -E management.restart_on_output_change=true -E logging.level=info -E logging.to_stderr=true -E gc_percent=${FILEBEAT_GOGC:100} -E filebeat.config.modules.enabled=false -E http.enabled=true -E http.host=npipe:///xTEtpJ7117ppc6OYvJCaYHbDW8mLjXGe.sock -E ""path.data=C:\Program Files\Elastic\Agent\data\elastic-agent-8.13.1-379dfc\run\filestream-monitoring""",{2cb7582e-8a0b-6611-6500-000000000a00},C:\Program Files\Elastic\Agent\data\elastic-agent-8.13.1-379dfc\components\filebeat.exe,C:\Program Files\Elastic\Agent\data\elastic-agent-8.13.1-379dfc\components\filebeat.exe,c1785e1cc7db81291ec6405de40da27e49ed42201d8bf0d20b0eec2dcb236cd1,filebeat.exe,filebeat.exe,C:\Program Files\Elastic\Agent\elastic-agent.exe,1,"""C:\Program Files\Elastic\Agent\elastic-agent.exe""","""C:\Program Files\Elastic\Agent\elastic-agent.exe""",{2cb7582e-8a03-6611-4b00-000000000a00},C:\Program Files\Elastic\Agent\data\elastic-agent-8.13.1-379dfc\elastic-agent.exe,C:\Program Files\Elastic\Agent\data\elastic-agent-8.13.1-379dfc\elastic-agent.exe,elastic-agent.exe,elastic-agent.exe,"3,240",Elastic,Filebeat sends log files to Logstash or directly to Elasticsearch.,8.13.1,filebeat.exe,Filebeat,"4,188",C:\Program Files\Elastic\Agent\data\elastic-agent-8.13.1-379dfc\run\filestream-monitoring\,C:\Program Files\Elastic\Agent\data\elastic-agent-8.13.1-379dfc\run\filestream-monitoring\,c1785e1cc7db81291ec6405de40da27e49ed42201d8bf0d20b0eec2dcb236cd1,SYSTEM,NT AUTHORITY,S-1-5-18,SYSTEM,SYSTEM,wineventlog,Microsoft-Windows-Sysmon/Operational,terminusk9,Elastic,Filebeat sends log files to Logstash or directly to Elasticsearch.,8.13.1,System,{2cb7582e-89ff-6611-e703-000000000000},0x3e7,NT AUTHORITY\SYSTEM,Filebeat,0,1,Info,"3,228","3,820",{5770385f-c22a-43e0-bf4c-06f5698ffbd9},Microsoft-Windows-Sysmon,336,Process Create (rule: ProcessCreate),NT AUTHORITY,S-1-5-18,SYSTEM,User,5,,,,
