"Apr 6, 2024 @ 10:44:35.401",7649c11b-3a00-4241-b375-20762f70ba8f,7ffeba03-3080-43c7-a167-2b63dd853127,terminusk9,terminusk9,filebeat,8.13.1,windows.sysmon_operational,default,logs,8.0.0,7ffeba03-3080-43c7-a167-2b63dd853127,FALSE,8.13.1,Process creation,verified,process,1,"Apr 6, 2024 @ 10:44:50.010",windows.sysmon_operational,"Apr 6, 2024 @ 10:45:00.000",event,windows,Microsoft-Windows-Sysmon,start,x86_64,terminusk9,2cb7582e-6ac9-4585-97cc-ae60502e4f16,"fe80::1754:ed5c:491b:5546, 10.0.2.15",08-00-27-BF-A9-3A,terminusk9,19045.2965,windows,10.0.19041.2965 (WinBuild.160101.0800),Windows 10 Home,Windows 10 Home,windows,windows,10,winlog,information,"Process Create:
RuleName: -
UtcTime: 2024-04-06 17:44:35.401
ProcessGuid: {2cb7582e-8a03-6611-4000-000000000a00}
ProcessId: 3024
Image: C:\Windows\System32\sppsvc.exe
FileVersion: 10.0.19041.2965 (WinBuild.160101.0800)
Description: Microsoft Software Protection Platform Service
Product: Microsoft® Windows® Operating System
Company: Microsoft Corporation
OriginalFileName: sppsvc.exe
CommandLine: C:\Windows\system32\sppsvc.exe
CurrentDirectory: C:\Windows
User: NT AUTHORITY\NETWORK SERVICE
LogonGuid: {2cb7582e-8a00-6611-e403-000000000000}
LogonId: 0x3E4
TerminalSessionId: 0
IntegrityLevel: System
Hashes: SHA256=1A2EBF45F7055C014B7A982C1D3483522C0C7F7EB5E6308381EEF44A842DB416
ParentProcessGuid: {2cb7582e-89ff-6611-0b00-000000000a00}
ParentProcessId: 736
ParentImage: C:\Windows\System32\services.exe
ParentCommandLine: C:\Windows\system32\services.exe
ParentUser: NT AUTHORITY\SYSTEM",C:\Windows\system32\sppsvc.exe,1,C:\Windows\system32\sppsvc.exe,C:\Windows\system32\sppsvc.exe,{2cb7582e-8a03-6611-4000-000000000a00},C:\Windows\System32\sppsvc.exe,C:\Windows\System32\sppsvc.exe,1a2ebf45f7055c014b7a982c1d3483522c0c7f7eb5e6308381eef44a842db416,sppsvc.exe,sppsvc.exe,C:\Windows\system32\services.exe,1,C:\Windows\system32\services.exe,C:\Windows\system32\services.exe,{2cb7582e-89ff-6611-0b00-000000000a00},C:\Windows\System32\services.exe,C:\Windows\System32\services.exe,services.exe,services.exe,736,Microsoft Corporation,Microsoft Software Protection Platform Service,10.0.19041.2965 (WinBuild.160101.0800),sppsvc.exe,Microsoft® Windows® Operating System,"3,024",C:\Windows,C:\Windows,1a2ebf45f7055c014b7a982c1d3483522c0c7f7eb5e6308381eef44a842db416,NETWORK SERVICE,NT AUTHORITY,S-1-5-18,NETWORK SERVICE,NETWORK SERVICE,wineventlog,Microsoft-Windows-Sysmon/Operational,terminusk9,Microsoft Corporation,Microsoft Software Protection Platform Service,10.0.19041.2965 (WinBuild.160101.0800),System,{2cb7582e-8a00-6611-e403-000000000000},0x3e4,NT AUTHORITY\SYSTEM,Microsoft® Windows® Operating System,0,1,Info,"3,228","3,820",{5770385f-c22a-43e0-bf4c-06f5698ffbd9},Microsoft-Windows-Sysmon,279,Process Create (rule: ProcessCreate),NT AUTHORITY,S-1-5-18,SYSTEM,User,5,-,-,-,-
"Apr 6, 2024 @ 10:44:35.382",7649c11b-3a00-4241-b375-20762f70ba8f,7ffeba03-3080-43c7-a167-2b63dd853127,terminusk9,terminusk9,filebeat,8.13.1,windows.sysmon_operational,default,logs,8.0.0,7ffeba03-3080-43c7-a167-2b63dd853127,FALSE,8.13.1,Process creation,verified,process,1,"Apr 6, 2024 @ 10:44:50.010",windows.sysmon_operational,"Apr 6, 2024 @ 10:45:00.000",event,windows,Microsoft-Windows-Sysmon,start,x86_64,terminusk9,2cb7582e-6ac9-4585-97cc-ae60502e4f16,"fe80::1754:ed5c:491b:5546, 10.0.2.15",08-00-27-BF-A9-3A,terminusk9,19045.2965,windows,10.0.19041.2965 (WinBuild.160101.0800),Windows 10 Home,Windows 10 Home,windows,windows,10,winlog,information,"Process Create:
RuleName: -
UtcTime: 2024-04-06 17:44:35.382
ProcessGuid: {2cb7582e-8a03-6611-3f00-000000000a00}
ProcessId: 3016
Image: C:\Windows\System32\taskhostw.exe
FileVersion: 10.0.19041.1865 (WinBuild.160101.0800)
Description: Host Process for Windows Tasks
Product: Microsoft® Windows® Operating System
Company: Microsoft Corporation
OriginalFileName: taskhostw.exe
CommandLine: taskhostw.exe
CurrentDirectory: C:\Windows\system32\
User: NT AUTHORITY\SYSTEM
LogonGuid: {2cb7582e-89ff-6611-e703-000000000000}
LogonId: 0x3E7
TerminalSessionId: 0
IntegrityLevel: System
Hashes: SHA256=E63709209D09BC0247E785F075DDB28A98C348206109E2B8BA321AD958402728
ParentProcessGuid: {2cb7582e-8a01-6611-2100-000000000a00}
ParentProcessId: 1568
ParentImage: C:\Windows\System32\svchost.exe
ParentCommandLine: C:\Windows\system32\svchost.exe -k netsvcs -p -s Schedule
ParentUser: NT AUTHORITY\SYSTEM",taskhostw.exe,1,taskhostw.exe,taskhostw.exe,{2cb7582e-8a03-6611-3f00-000000000a00},C:\Windows\System32\taskhostw.exe,C:\Windows\System32\taskhostw.exe,e63709209d09bc0247e785f075ddb28a98c348206109e2b8ba321ad958402728,taskhostw.exe,taskhostw.exe,"C:\Windows\system32\svchost.exe, -k, netsvcs, -p, -s, Schedule",6,C:\Windows\system32\svchost.exe -k netsvcs -p -s Schedule,C:\Windows\system32\svchost.exe -k netsvcs -p -s Schedule,{2cb7582e-8a01-6611-2100-000000000a00},C:\Windows\System32\svchost.exe,C:\Windows\System32\svchost.exe,svchost.exe,svchost.exe,"1,568",Microsoft Corporation,Host Process for Windows Tasks,10.0.19041.1865 (WinBuild.160101.0800),taskhostw.exe,Microsoft® Windows® Operating System,"3,016",C:\Windows\system32\,C:\Windows\system32\,e63709209d09bc0247e785f075ddb28a98c348206109e2b8ba321ad958402728,SYSTEM,NT AUTHORITY,S-1-5-18,SYSTEM,SYSTEM,wineventlog,Microsoft-Windows-Sysmon/Operational,terminusk9,Microsoft Corporation,Host Process for Windows Tasks,10.0.19041.1865 (WinBuild.160101.0800),System,{2cb7582e-89ff-6611-e703-000000000000},0x3e7,NT AUTHORITY\SYSTEM,Microsoft® Windows® Operating System,0,1,Info,"3,228","3,820",{5770385f-c22a-43e0-bf4c-06f5698ffbd9},Microsoft-Windows-Sysmon,278,Process Create (rule: ProcessCreate),NT AUTHORITY,S-1-5-18,SYSTEM,User,5,-,-,-,-
"Apr 6, 2024 @ 10:44:35.296",7649c11b-3a00-4241-b375-20762f70ba8f,7ffeba03-3080-43c7-a167-2b63dd853127,terminusk9,terminusk9,filebeat,8.13.1,windows.sysmon_operational,default,logs,8.0.0,7ffeba03-3080-43c7-a167-2b63dd853127,FALSE,8.13.1,Process creation,verified,process,1,"Apr 6, 2024 @ 10:44:50.010",windows.sysmon_operational,"Apr 6, 2024 @ 10:45:00.000",event,windows,Microsoft-Windows-Sysmon,start,x86_64,terminusk9,2cb7582e-6ac9-4585-97cc-ae60502e4f16,"fe80::1754:ed5c:491b:5546, 10.0.2.15",08-00-27-BF-A9-3A,terminusk9,19045.2965,windows,10.0.19041.2965 (WinBuild.160101.0800),Windows 10 Home,Windows 10 Home,windows,windows,10,winlog,information,"Process Create:
RuleName: -
UtcTime: 2024-04-06 17:44:35.296
ProcessGuid: {2cb7582e-8a03-6611-3e00-000000000a00}
ProcessId: 2988
Image: C:\Windows\System32\svchost.exe
FileVersion: 10.0.19041.1806 (WinBuild.160101.0800)
Description: Host Process for Windows Services
Product: Microsoft® Windows® Operating System
Company: Microsoft Corporation
OriginalFileName: svchost.exe
CommandLine: C:\Windows\System32\svchost.exe -k NetworkService -p -s LanmanWorkstation
CurrentDirectory: C:\Windows\system32\
User: NT AUTHORITY\NETWORK SERVICE
LogonGuid: {2cb7582e-8a00-6611-e403-000000000000}
LogonId: 0x3E4
TerminalSessionId: 0
IntegrityLevel: System
Hashes: SHA256=ADD683A6910ABBBF0E28B557FAD0BA998166394932AE2ACA069D9AA19EA8FE88
ParentProcessGuid: {2cb7582e-89ff-6611-0b00-000000000a00}
ParentProcessId: 736
ParentImage: C:\Windows\System32\services.exe
ParentCommandLine: C:\Windows\system32\services.exe
ParentUser: NT AUTHORITY\SYSTEM","C:\Windows\System32\svchost.exe, -k, NetworkService, -p, -s, LanmanWorkstation",6,C:\Windows\System32\svchost.exe -k NetworkService -p -s LanmanWorkstation,C:\Windows\System32\svchost.exe -k NetworkService -p -s LanmanWorkstation,{2cb7582e-8a03-6611-3e00-000000000a00},C:\Windows\System32\svchost.exe,C:\Windows\System32\svchost.exe,add683a6910abbbf0e28b557fad0ba998166394932ae2aca069d9aa19ea8fe88,svchost.exe,svchost.exe,C:\Windows\system32\services.exe,1,C:\Windows\system32\services.exe,C:\Windows\system32\services.exe,{2cb7582e-89ff-6611-0b00-000000000a00},C:\Windows\System32\services.exe,C:\Windows\System32\services.exe,services.exe,services.exe,736,Microsoft Corporation,Host Process for Windows Services,10.0.19041.1806 (WinBuild.160101.0800),svchost.exe,Microsoft® Windows® Operating System,"2,988",C:\Windows\system32\,C:\Windows\system32\,add683a6910abbbf0e28b557fad0ba998166394932ae2aca069d9aa19ea8fe88,NETWORK SERVICE,NT AUTHORITY,S-1-5-18,NETWORK SERVICE,NETWORK SERVICE,wineventlog,Microsoft-Windows-Sysmon/Operational,terminusk9,Microsoft Corporation,Host Process for Windows Services,10.0.19041.1806 (WinBuild.160101.0800),System,{2cb7582e-8a00-6611-e403-000000000000},0x3e4,NT AUTHORITY\SYSTEM,Microsoft® Windows® Operating System,0,1,Info,"3,228","3,820",{5770385f-c22a-43e0-bf4c-06f5698ffbd9},Microsoft-Windows-Sysmon,277,Process Create (rule: ProcessCreate),NT AUTHORITY,S-1-5-18,SYSTEM,User,5,-,-,-,-
"Apr 6, 2024 @ 10:44:35.122",7649c11b-3a00-4241-b375-20762f70ba8f,7ffeba03-3080-43c7-a167-2b63dd853127,terminusk9,terminusk9,filebeat,8.13.1,windows.sysmon_operational,default,logs,8.0.0,7ffeba03-3080-43c7-a167-2b63dd853127,FALSE,8.13.1,Process creation,verified,process,1,"Apr 6, 2024 @ 10:44:50.010",windows.sysmon_operational,"Apr 6, 2024 @ 10:45:00.000",event,windows,Microsoft-Windows-Sysmon,start,x86_64,terminusk9,2cb7582e-6ac9-4585-97cc-ae60502e4f16,"fe80::1754:ed5c:491b:5546, 10.0.2.15",08-00-27-BF-A9-3A,terminusk9,19045.2965,windows,10.0.19041.2965 (WinBuild.160101.0800),Windows 10 Home,Windows 10 Home,windows,windows,10,winlog,information,"Process Create:
RuleName: -
UtcTime: 2024-04-06 17:44:35.122
ProcessGuid: {2cb7582e-8a03-6611-3d00-000000000a00}
ProcessId: 2940
Image: C:\Windows\System32\svchost.exe
FileVersion: 10.0.19041.1806 (WinBuild.160101.0800)
Description: Host Process for Windows Services
Product: Microsoft® Windows® Operating System
Company: Microsoft Corporation
OriginalFileName: svchost.exe
CommandLine: C:\Windows\system32\svchost.exe -k LocalServiceNoNetworkFirewall -p
CurrentDirectory: C:\Windows\system32\
User: NT AUTHORITY\LOCAL SERVICE
LogonGuid: {2cb7582e-8a00-6611-e503-000000000000}
LogonId: 0x3E5
TerminalSessionId: 0
IntegrityLevel: System
Hashes: SHA256=ADD683A6910ABBBF0E28B557FAD0BA998166394932AE2ACA069D9AA19EA8FE88
ParentProcessGuid: {2cb7582e-89ff-6611-0b00-000000000a00}
ParentProcessId: 736
ParentImage: C:\Windows\System32\services.exe
ParentCommandLine: C:\Windows\system32\services.exe
ParentUser: NT AUTHORITY\SYSTEM","C:\Windows\system32\svchost.exe, -k, LocalServiceNoNetworkFirewall, -p",4,C:\Windows\system32\svchost.exe -k LocalServiceNoNetworkFirewall -p,C:\Windows\system32\svchost.exe -k LocalServiceNoNetworkFirewall -p,{2cb7582e-8a03-6611-3d00-000000000a00},C:\Windows\System32\svchost.exe,C:\Windows\System32\svchost.exe,add683a6910abbbf0e28b557fad0ba998166394932ae2aca069d9aa19ea8fe88,svchost.exe,svchost.exe,C:\Windows\system32\services.exe,1,C:\Windows\system32\services.exe,C:\Windows\system32\services.exe,{2cb7582e-89ff-6611-0b00-000000000a00},C:\Windows\System32\services.exe,C:\Windows\System32\services.exe,services.exe,services.exe,736,Microsoft Corporation,Host Process for Windows Services,10.0.19041.1806 (WinBuild.160101.0800),svchost.exe,Microsoft® Windows® Operating System,"2,940",C:\Windows\system32\,C:\Windows\system32\,add683a6910abbbf0e28b557fad0ba998166394932ae2aca069d9aa19ea8fe88,LOCAL SERVICE,NT AUTHORITY,S-1-5-18,LOCAL SERVICE,LOCAL SERVICE,wineventlog,Microsoft-Windows-Sysmon/Operational,terminusk9,Microsoft Corporation,Host Process for Windows Services,10.0.19041.1806 (WinBuild.160101.0800),System,{2cb7582e-8a00-6611-e503-000000000000},0x3e5,NT AUTHORITY\SYSTEM,Microsoft® Windows® Operating System,0,1,Info,"3,228","3,820",{5770385f-c22a-43e0-bf4c-06f5698ffbd9},Microsoft-Windows-Sysmon,276,Process Create (rule: ProcessCreate),NT AUTHORITY,S-1-5-18,SYSTEM,User,5,-,-,-,-
"Apr 6, 2024 @ 10:44:34.990",7649c11b-3a00-4241-b375-20762f70ba8f,7ffeba03-3080-43c7-a167-2b63dd853127,terminusk9,terminusk9,filebeat,8.13.1,windows.sysmon_operational,default,logs,8.0.0,7ffeba03-3080-43c7-a167-2b63dd853127,FALSE,8.13.1,Process creation,verified,process,1,"Apr 6, 2024 @ 10:44:50.009",windows.sysmon_operational,"Apr 6, 2024 @ 10:45:00.000",event,windows,Microsoft-Windows-Sysmon,start,x86_64,terminusk9,2cb7582e-6ac9-4585-97cc-ae60502e4f16,"fe80::1754:ed5c:491b:5546, 10.0.2.15",08-00-27-BF-A9-3A,terminusk9,19045.2965,windows,10.0.19041.2965 (WinBuild.160101.0800),Windows 10 Home,Windows 10 Home,windows,windows,10,winlog,information,"Process Create:
RuleName: -
UtcTime: 2024-04-06 17:44:34.990
ProcessGuid: {2cb7582e-8a02-6611-3c00-000000000a00}
ProcessId: 2896
Image: C:\Windows\System32\spoolsv.exe
FileVersion: 10.0.19041.2788 (WinBuild.160101.0800)
Description: Spooler SubSystem App
Product: Microsoft® Windows® Operating System
Company: Microsoft Corporation
OriginalFileName: spoolsv.exe
CommandLine: C:\Windows\System32\spoolsv.exe
CurrentDirectory: C:\Windows\system32\
User: NT AUTHORITY\SYSTEM
LogonGuid: {2cb7582e-89ff-6611-e703-000000000000}
LogonId: 0x3E7
TerminalSessionId: 0
IntegrityLevel: System
Hashes: SHA256=BCEC1954F66821D77D990328827093CC309E7ADF1DBDE51AF3F79D09570DF92B
ParentProcessGuid: {2cb7582e-89ff-6611-0b00-000000000a00}
ParentProcessId: 736
ParentImage: C:\Windows\System32\services.exe
ParentCommandLine: C:\Windows\system32\services.exe
ParentUser: NT AUTHORITY\SYSTEM",C:\Windows\System32\spoolsv.exe,1,C:\Windows\System32\spoolsv.exe,C:\Windows\System32\spoolsv.exe,{2cb7582e-8a02-6611-3c00-000000000a00},C:\Windows\System32\spoolsv.exe,C:\Windows\System32\spoolsv.exe,bcec1954f66821d77d990328827093cc309e7adf1dbde51af3f79d09570df92b,spoolsv.exe,spoolsv.exe,C:\Windows\system32\services.exe,1,C:\Windows\system32\services.exe,C:\Windows\system32\services.exe,{2cb7582e-89ff-6611-0b00-000000000a00},C:\Windows\System32\services.exe,C:\Windows\System32\services.exe,services.exe,services.exe,736,Microsoft Corporation,Spooler SubSystem App,10.0.19041.2788 (WinBuild.160101.0800),spoolsv.exe,Microsoft® Windows® Operating System,"2,896",C:\Windows\system32\,C:\Windows\system32\,bcec1954f66821d77d990328827093cc309e7adf1dbde51af3f79d09570df92b,SYSTEM,NT AUTHORITY,S-1-5-18,SYSTEM,SYSTEM,wineventlog,Microsoft-Windows-Sysmon/Operational,terminusk9,Microsoft Corporation,Spooler SubSystem App,10.0.19041.2788 (WinBuild.160101.0800),System,{2cb7582e-89ff-6611-e703-000000000000},0x3e7,NT AUTHORITY\SYSTEM,Microsoft® Windows® Operating System,0,1,Info,"3,228","3,820",{5770385f-c22a-43e0-bf4c-06f5698ffbd9},Microsoft-Windows-Sysmon,275,Process Create (rule: ProcessCreate),NT AUTHORITY,S-1-5-18,SYSTEM,User,5,-,-,-,-
"Apr 6, 2024 @ 10:44:34.927",7649c11b-3a00-4241-b375-20762f70ba8f,7ffeba03-3080-43c7-a167-2b63dd853127,terminusk9,terminusk9,filebeat,8.13.1,windows.sysmon_operational,default,logs,8.0.0,7ffeba03-3080-43c7-a167-2b63dd853127,FALSE,8.13.1,Process terminated,verified,process,5,"Apr 6, 2024 @ 10:44:50.008",windows.sysmon_operational,"Apr 6, 2024 @ 10:45:00.000",event,windows,Microsoft-Windows-Sysmon,end,x86_64,terminusk9,2cb7582e-6ac9-4585-97cc-ae60502e4f16,"fe80::1754:ed5c:491b:5546, 10.0.2.15",08-00-27-BF-A9-3A,terminusk9,19045.2965,windows,10.0.19041.2965 (WinBuild.160101.0800),Windows 10 Home,Windows 10 Home,windows,windows,10,winlog,information,"Process terminated:
RuleName: -
UtcTime: 2024-04-06 17:44:34.927
ProcessGuid: {2cb7582e-8a02-6611-3500-000000000a00}
ProcessId: 2596
Image: C:\Windows\System32\wermgr.exe
User: NT AUTHORITY\SYSTEM",-,-,-,-,{2cb7582e-8a02-6611-3500-000000000a00},C:\Windows\System32\wermgr.exe,C:\Windows\System32\wermgr.exe,-,wermgr.exe,wermgr.exe,-,-,-,-,-,-,-,-,-,-,-,-,-,-,-,"2,596",-,-,-,SYSTEM,NT AUTHORITY,S-1-5-18,SYSTEM,SYSTEM,wineventlog,Microsoft-Windows-Sysmon/Operational,terminusk9,-,-,-,-,-,-,-,-,-,5,Info,"3,228","3,820",{5770385f-c22a-43e0-bf4c-06f5698ffbd9},Microsoft-Windows-Sysmon,274,Process terminated (rule: ProcessTerminate),NT AUTHORITY,S-1-5-18,SYSTEM,User,3,-,-,-,-
"Apr 6, 2024 @ 10:44:34.640",7649c11b-3a00-4241-b375-20762f70ba8f,7ffeba03-3080-43c7-a167-2b63dd853127,terminusk9,terminusk9,filebeat,8.13.1,windows.sysmon_operational,default,logs,8.0.0,7ffeba03-3080-43c7-a167-2b63dd853127,FALSE,8.13.1,Process creation,verified,process,1,"Apr 6, 2024 @ 10:44:49.501",windows.sysmon_operational,"Apr 6, 2024 @ 10:45:00.000",event,windows,Microsoft-Windows-Sysmon,start,x86_64,terminusk9,2cb7582e-6ac9-4585-97cc-ae60502e4f16,"fe80::1754:ed5c:491b:5546, 10.0.2.15",08-00-27-BF-A9-3A,terminusk9,19045.2965,windows,10.0.19041.2965 (WinBuild.160101.0800),Windows 10 Home,Windows 10 Home,windows,windows,10,winlog,information,"Process Create:
RuleName: -
UtcTime: 2024-04-06 17:44:34.640
ProcessGuid: {2cb7582e-8a02-6611-3b00-000000000a00}
ProcessId: 2740
Image: C:\Windows\System32\svchost.exe
FileVersion: 10.0.19041.1806 (WinBuild.160101.0800)
Description: Host Process for Windows Services
Product: Microsoft® Windows® Operating System
Company: Microsoft Corporation
OriginalFileName: svchost.exe
CommandLine: C:\Windows\System32\svchost.exe -k netsvcs -p -s ShellHWDetection
CurrentDirectory: C:\Windows\system32\
User: NT AUTHORITY\SYSTEM
LogonGuid: {2cb7582e-89ff-6611-e703-000000000000}
LogonId: 0x3E7
TerminalSessionId: 0
IntegrityLevel: System
Hashes: SHA256=ADD683A6910ABBBF0E28B557FAD0BA998166394932AE2ACA069D9AA19EA8FE88
ParentProcessGuid: {2cb7582e-89ff-6611-0b00-000000000a00}
ParentProcessId: 736
ParentImage: C:\Windows\System32\services.exe
ParentCommandLine: C:\Windows\system32\services.exe
ParentUser: NT AUTHORITY\SYSTEM","C:\Windows\System32\svchost.exe, -k, netsvcs, -p, -s, ShellHWDetection",6,C:\Windows\System32\svchost.exe -k netsvcs -p -s ShellHWDetection,C:\Windows\System32\svchost.exe -k netsvcs -p -s ShellHWDetection,{2cb7582e-8a02-6611-3b00-000000000a00},C:\Windows\System32\svchost.exe,C:\Windows\System32\svchost.exe,add683a6910abbbf0e28b557fad0ba998166394932ae2aca069d9aa19ea8fe88,svchost.exe,svchost.exe,C:\Windows\system32\services.exe,1,C:\Windows\system32\services.exe,C:\Windows\system32\services.exe,{2cb7582e-89ff-6611-0b00-000000000a00},C:\Windows\System32\services.exe,C:\Windows\System32\services.exe,services.exe,services.exe,736,Microsoft Corporation,Host Process for Windows Services,10.0.19041.1806 (WinBuild.160101.0800),svchost.exe,Microsoft® Windows® Operating System,"2,740",C:\Windows\system32\,C:\Windows\system32\,add683a6910abbbf0e28b557fad0ba998166394932ae2aca069d9aa19ea8fe88,SYSTEM,NT AUTHORITY,S-1-5-18,SYSTEM,SYSTEM,wineventlog,Microsoft-Windows-Sysmon/Operational,terminusk9,Microsoft Corporation,Host Process for Windows Services,10.0.19041.1806 (WinBuild.160101.0800),System,{2cb7582e-89ff-6611-e703-000000000000},0x3e7,NT AUTHORITY\SYSTEM,Microsoft® Windows® Operating System,0,1,Info,"3,228","3,820",{5770385f-c22a-43e0-bf4c-06f5698ffbd9},Microsoft-Windows-Sysmon,272,Process Create (rule: ProcessCreate),NT AUTHORITY,S-1-5-18,SYSTEM,User,5,-,-,-,-
"Apr 6, 2024 @ 10:44:34.636",7649c11b-3a00-4241-b375-20762f70ba8f,7ffeba03-3080-43c7-a167-2b63dd853127,terminusk9,terminusk9,filebeat,8.13.1,windows.sysmon_operational,default,logs,8.0.0,7ffeba03-3080-43c7-a167-2b63dd853127,FALSE,8.13.1,Process creation,verified,process,1,"Apr 6, 2024 @ 10:44:49.501",windows.sysmon_operational,"Apr 6, 2024 @ 10:45:00.000",event,windows,Microsoft-Windows-Sysmon,start,x86_64,terminusk9,2cb7582e-6ac9-4585-97cc-ae60502e4f16,"fe80::1754:ed5c:491b:5546, 10.0.2.15",08-00-27-BF-A9-3A,terminusk9,19045.2965,windows,10.0.19041.2965 (WinBuild.160101.0800),Windows 10 Home,Windows 10 Home,windows,windows,10,winlog,information,"Process Create:
RuleName: -
UtcTime: 2024-04-06 17:44:34.636
ProcessGuid: {2cb7582e-8a02-6611-3a00-000000000a00}
ProcessId: 2728
Image: C:\Windows\System32\taskhostw.exe
FileVersion: 10.0.19041.1865 (WinBuild.160101.0800)
Description: Host Process for Windows Tasks
Product: Microsoft® Windows® Operating System
Company: Microsoft Corporation
OriginalFileName: taskhostw.exe
CommandLine: taskhostw.exe network
CurrentDirectory: C:\Windows\system32\
User: NT AUTHORITY\NETWORK SERVICE
LogonGuid: {2cb7582e-8a00-6611-e403-000000000000}
LogonId: 0x3E4
TerminalSessionId: 0
IntegrityLevel: System
Hashes: SHA256=E63709209D09BC0247E785F075DDB28A98C348206109E2B8BA321AD958402728
ParentProcessGuid: {2cb7582e-8a01-6611-2100-000000000a00}
ParentProcessId: 1568
ParentImage: C:\Windows\System32\svchost.exe
ParentCommandLine: C:\Windows\system32\svchost.exe -k netsvcs -p -s Schedule
ParentUser: NT AUTHORITY\SYSTEM","taskhostw.exe, network",2,taskhostw.exe network,taskhostw.exe network,{2cb7582e-8a02-6611-3a00-000000000a00},C:\Windows\System32\taskhostw.exe,C:\Windows\System32\taskhostw.exe,e63709209d09bc0247e785f075ddb28a98c348206109e2b8ba321ad958402728,taskhostw.exe,taskhostw.exe,"C:\Windows\system32\svchost.exe, -k, netsvcs, -p, -s, Schedule",6,C:\Windows\system32\svchost.exe -k netsvcs -p -s Schedule,C:\Windows\system32\svchost.exe -k netsvcs -p -s Schedule,{2cb7582e-8a01-6611-2100-000000000a00},C:\Windows\System32\svchost.exe,C:\Windows\System32\svchost.exe,svchost.exe,svchost.exe,"1,568",Microsoft Corporation,Host Process for Windows Tasks,10.0.19041.1865 (WinBuild.160101.0800),taskhostw.exe,Microsoft® Windows® Operating System,"2,728",C:\Windows\system32\,C:\Windows\system32\,e63709209d09bc0247e785f075ddb28a98c348206109e2b8ba321ad958402728,NETWORK SERVICE,NT AUTHORITY,S-1-5-18,NETWORK SERVICE,NETWORK SERVICE,wineventlog,Microsoft-Windows-Sysmon/Operational,terminusk9,Microsoft Corporation,Host Process for Windows Tasks,10.0.19041.1865 (WinBuild.160101.0800),System,{2cb7582e-8a00-6611-e403-000000000000},0x3e4,NT AUTHORITY\SYSTEM,Microsoft® Windows® Operating System,0,1,Info,"3,228","3,820",{5770385f-c22a-43e0-bf4c-06f5698ffbd9},Microsoft-Windows-Sysmon,271,Process Create (rule: ProcessCreate),NT AUTHORITY,S-1-5-18,SYSTEM,User,5,-,-,-,-
"Apr 6, 2024 @ 10:44:34.627",7649c11b-3a00-4241-b375-20762f70ba8f,7ffeba03-3080-43c7-a167-2b63dd853127,terminusk9,terminusk9,filebeat,8.13.1,windows.sysmon_operational,default,logs,8.0.0,7ffeba03-3080-43c7-a167-2b63dd853127,FALSE,8.13.1,Process terminated,verified,process,5,"Apr 6, 2024 @ 10:44:50.006",windows.sysmon_operational,"Apr 6, 2024 @ 10:45:00.000",event,windows,Microsoft-Windows-Sysmon,end,x86_64,terminusk9,2cb7582e-6ac9-4585-97cc-ae60502e4f16,"fe80::1754:ed5c:491b:5546, 10.0.2.15",08-00-27-BF-A9-3A,terminusk9,19045.2965,windows,10.0.19041.2965 (WinBuild.160101.0800),Windows 10 Home,Windows 10 Home,windows,windows,10,winlog,information,"Process terminated:
RuleName: -
UtcTime: 2024-04-06 17:44:34.627
ProcessGuid: {2cb7582e-8a02-6611-3900-000000000a00}
ProcessId: 2700
Image: C:\Windows\System32\ClipRenew.exe
User: NT AUTHORITY\SYSTEM",-,-,-,-,{2cb7582e-8a02-6611-3900-000000000a00},C:\Windows\System32\ClipRenew.exe,C:\Windows\System32\ClipRenew.exe,-,ClipRenew.exe,ClipRenew.exe,-,-,-,-,-,-,-,-,-,-,-,-,-,-,-,"2,700",-,-,-,SYSTEM,NT AUTHORITY,S-1-5-18,SYSTEM,SYSTEM,wineventlog,Microsoft-Windows-Sysmon/Operational,terminusk9,-,-,-,-,-,-,-,-,-,5,Info,"3,228","3,820",{5770385f-c22a-43e0-bf4c-06f5698ffbd9},Microsoft-Windows-Sysmon,273,Process terminated (rule: ProcessTerminate),NT AUTHORITY,S-1-5-18,SYSTEM,User,3,-,-,-,-
"Apr 6, 2024 @ 10:44:34.575",7649c11b-3a00-4241-b375-20762f70ba8f,7ffeba03-3080-43c7-a167-2b63dd853127,terminusk9,terminusk9,filebeat,8.13.1,windows.sysmon_operational,default,logs,8.0.0,7ffeba03-3080-43c7-a167-2b63dd853127,FALSE,8.13.1,Process creation,verified,process,1,"Apr 6, 2024 @ 10:44:49.501",windows.sysmon_operational,"Apr 6, 2024 @ 10:45:00.000",event,windows,Microsoft-Windows-Sysmon,start,x86_64,terminusk9,2cb7582e-6ac9-4585-97cc-ae60502e4f16,"fe80::1754:ed5c:491b:5546, 10.0.2.15",08-00-27-BF-A9-3A,terminusk9,19045.2965,windows,10.0.19041.2965 (WinBuild.160101.0800),Windows 10 Home,Windows 10 Home,windows,windows,10,winlog,information,"Process Create:
RuleName: -
UtcTime: 2024-04-06 17:44:34.575
ProcessGuid: {2cb7582e-8a02-6611-3900-000000000a00}
ProcessId: 2700
Image: C:\Windows\System32\ClipRenew.exe
FileVersion: 10.0.19041.2788 (WinBuild.160101.0800)
Description: Acquire License From Store
Product: Microsoft® Windows® Operating System
Company: Microsoft Corporation
OriginalFileName: ClipRenew.exe
CommandLine: ""C:\Windows\system32\ClipRenew.exe"" -e
CurrentDirectory: C:\Windows\system32\
User: NT AUTHORITY\SYSTEM
LogonGuid: {2cb7582e-89ff-6611-e703-000000000000}
LogonId: 0x3E7
TerminalSessionId: 0
IntegrityLevel: System
Hashes: SHA256=554C1D741DD0A77140E1A9D4DC8E0A121F7BA6529B08E3B512AA1D65357F9EBC
ParentProcessGuid: {2cb7582e-8a01-6611-2100-000000000a00}
ParentProcessId: 1568
ParentImage: C:\Windows\System32\svchost.exe
ParentCommandLine: C:\Windows\system32\svchost.exe -k netsvcs -p -s Schedule
ParentUser: NT AUTHORITY\SYSTEM","C:\Windows\system32\ClipRenew.exe, -e",2,"""C:\Windows\system32\ClipRenew.exe"" -e","""C:\Windows\system32\ClipRenew.exe"" -e",{2cb7582e-8a02-6611-3900-000000000a00},C:\Windows\System32\ClipRenew.exe,C:\Windows\System32\ClipRenew.exe,554c1d741dd0a77140e1a9d4dc8e0a121f7ba6529b08e3b512aa1d65357f9ebc,ClipRenew.exe,ClipRenew.exe,"C:\Windows\system32\svchost.exe, -k, netsvcs, -p, -s, Schedule",6,C:\Windows\system32\svchost.exe -k netsvcs -p -s Schedule,C:\Windows\system32\svchost.exe -k netsvcs -p -s Schedule,{2cb7582e-8a01-6611-2100-000000000a00},C:\Windows\System32\svchost.exe,C:\Windows\System32\svchost.exe,svchost.exe,svchost.exe,"1,568",Microsoft Corporation,Acquire License From Store,10.0.19041.2788 (WinBuild.160101.0800),ClipRenew.exe,Microsoft® Windows® Operating System,"2,700",C:\Windows\system32\,C:\Windows\system32\,554c1d741dd0a77140e1a9d4dc8e0a121f7ba6529b08e3b512aa1d65357f9ebc,SYSTEM,NT AUTHORITY,S-1-5-18,SYSTEM,SYSTEM,wineventlog,Microsoft-Windows-Sysmon/Operational,terminusk9,Microsoft Corporation,Acquire License From Store,10.0.19041.2788 (WinBuild.160101.0800),System,{2cb7582e-89ff-6611-e703-000000000000},0x3e7,NT AUTHORITY\SYSTEM,Microsoft® Windows® Operating System,0,1,Info,"3,228","3,820",{5770385f-c22a-43e0-bf4c-06f5698ffbd9},Microsoft-Windows-Sysmon,270,Process Create (rule: ProcessCreate),NT AUTHORITY,S-1-5-18,SYSTEM,User,5,-,-,-,-
"Apr 6, 2024 @ 10:44:34.535",7649c11b-3a00-4241-b375-20762f70ba8f,7ffeba03-3080-43c7-a167-2b63dd853127,terminusk9,terminusk9,filebeat,8.13.1,windows.sysmon_operational,default,logs,8.0.0,7ffeba03-3080-43c7-a167-2b63dd853127,FALSE,8.13.1,Process creation,verified,process,1,"Apr 6, 2024 @ 10:44:49.501",windows.sysmon_operational,"Apr 6, 2024 @ 10:45:00.000",event,windows,Microsoft-Windows-Sysmon,start,x86_64,terminusk9,2cb7582e-6ac9-4585-97cc-ae60502e4f16,"fe80::1754:ed5c:491b:5546, 10.0.2.15",08-00-27-BF-A9-3A,terminusk9,19045.2965,windows,10.0.19041.2965 (WinBuild.160101.0800),Windows 10 Home,Windows 10 Home,windows,windows,10,winlog,information,"Process Create:
RuleName: -
UtcTime: 2024-04-06 17:44:34.535
ProcessGuid: {2cb7582e-8a02-6611-3800-000000000a00}
ProcessId: 2656
Image: C:\Windows\System32\svchost.exe
FileVersion: 10.0.19041.1806 (WinBuild.160101.0800)
Description: Host Process for Windows Services
Product: Microsoft® Windows® Operating System
Company: Microsoft Corporation
OriginalFileName: svchost.exe
CommandLine: C:\Windows\System32\svchost.exe -k LocalServiceNetworkRestricted -p
CurrentDirectory: C:\Windows\system32\
User: NT AUTHORITY\LOCAL SERVICE
LogonGuid: {2cb7582e-8a00-6611-e503-000000000000}
LogonId: 0x3E5
TerminalSessionId: 0
IntegrityLevel: System
Hashes: SHA256=ADD683A6910ABBBF0E28B557FAD0BA998166394932AE2ACA069D9AA19EA8FE88
ParentProcessGuid: {2cb7582e-89ff-6611-0b00-000000000a00}
ParentProcessId: 736
ParentImage: C:\Windows\System32\services.exe
ParentCommandLine: C:\Windows\system32\services.exe
ParentUser: NT AUTHORITY\SYSTEM","C:\Windows\System32\svchost.exe, -k, LocalServiceNetworkRestricted, -p",4,C:\Windows\System32\svchost.exe -k LocalServiceNetworkRestricted -p,C:\Windows\System32\svchost.exe -k LocalServiceNetworkRestricted -p,{2cb7582e-8a02-6611-3800-000000000a00},C:\Windows\System32\svchost.exe,C:\Windows\System32\svchost.exe,add683a6910abbbf0e28b557fad0ba998166394932ae2aca069d9aa19ea8fe88,svchost.exe,svchost.exe,C:\Windows\system32\services.exe,1,C:\Windows\system32\services.exe,C:\Windows\system32\services.exe,{2cb7582e-89ff-6611-0b00-000000000a00},C:\Windows\System32\services.exe,C:\Windows\System32\services.exe,services.exe,services.exe,736,Microsoft Corporation,Host Process for Windows Services,10.0.19041.1806 (WinBuild.160101.0800),svchost.exe,Microsoft® Windows® Operating System,"2,656",C:\Windows\system32\,C:\Windows\system32\,add683a6910abbbf0e28b557fad0ba998166394932ae2aca069d9aa19ea8fe88,LOCAL SERVICE,NT AUTHORITY,S-1-5-18,LOCAL SERVICE,LOCAL SERVICE,wineventlog,Microsoft-Windows-Sysmon/Operational,terminusk9,Microsoft Corporation,Host Process for Windows Services,10.0.19041.1806 (WinBuild.160101.0800),System,{2cb7582e-8a00-6611-e503-000000000000},0x3e5,NT AUTHORITY\SYSTEM,Microsoft® Windows® Operating System,0,1,Info,"3,228","3,820",{5770385f-c22a-43e0-bf4c-06f5698ffbd9},Microsoft-Windows-Sysmon,269,Process Create (rule: ProcessCreate),NT AUTHORITY,S-1-5-18,SYSTEM,User,5,-,-,-,-
"Apr 6, 2024 @ 10:44:34.533",7649c11b-3a00-4241-b375-20762f70ba8f,7ffeba03-3080-43c7-a167-2b63dd853127,terminusk9,terminusk9,filebeat,8.13.1,windows.sysmon_operational,default,logs,8.0.0,7ffeba03-3080-43c7-a167-2b63dd853127,FALSE,8.13.1,Process creation,verified,process,1,"Apr 6, 2024 @ 10:44:49.501",windows.sysmon_operational,"Apr 6, 2024 @ 10:45:00.000",event,windows,Microsoft-Windows-Sysmon,start,x86_64,terminusk9,2cb7582e-6ac9-4585-97cc-ae60502e4f16,"fe80::1754:ed5c:491b:5546, 10.0.2.15",08-00-27-BF-A9-3A,terminusk9,19045.2965,windows,10.0.19041.2965 (WinBuild.160101.0800),Windows 10 Home,Windows 10 Home,windows,windows,10,winlog,information,"Process Create:
RuleName: -
UtcTime: 2024-04-06 17:44:34.533
ProcessGuid: {2cb7582e-8a02-6611-3700-000000000a00}
ProcessId: 2648
Image: C:\Windows\System32\svchost.exe
FileVersion: 10.0.19041.1806 (WinBuild.160101.0800)
Description: Host Process for Windows Services
Product: Microsoft® Windows® Operating System
Company: Microsoft Corporation
OriginalFileName: svchost.exe
CommandLine: C:\Windows\system32\svchost.exe -k LocalServiceNetworkRestricted -p
CurrentDirectory: C:\Windows\system32\
User: NT AUTHORITY\LOCAL SERVICE
LogonGuid: {2cb7582e-8a00-6611-e503-000000000000}
LogonId: 0x3E5
TerminalSessionId: 0
IntegrityLevel: System
Hashes: SHA256=ADD683A6910ABBBF0E28B557FAD0BA998166394932AE2ACA069D9AA19EA8FE88
ParentProcessGuid: {2cb7582e-89ff-6611-0b00-000000000a00}
ParentProcessId: 736
ParentImage: C:\Windows\System32\services.exe
ParentCommandLine: C:\Windows\system32\services.exe
ParentUser: NT AUTHORITY\SYSTEM","C:\Windows\system32\svchost.exe, -k, LocalServiceNetworkRestricted, -p",4,C:\Windows\system32\svchost.exe -k LocalServiceNetworkRestricted -p,C:\Windows\system32\svchost.exe -k LocalServiceNetworkRestricted -p,{2cb7582e-8a02-6611-3700-000000000a00},C:\Windows\System32\svchost.exe,C:\Windows\System32\svchost.exe,add683a6910abbbf0e28b557fad0ba998166394932ae2aca069d9aa19ea8fe88,svchost.exe,svchost.exe,C:\Windows\system32\services.exe,1,C:\Windows\system32\services.exe,C:\Windows\system32\services.exe,{2cb7582e-89ff-6611-0b00-000000000a00},C:\Windows\System32\services.exe,C:\Windows\System32\services.exe,services.exe,services.exe,736,Microsoft Corporation,Host Process for Windows Services,10.0.19041.1806 (WinBuild.160101.0800),svchost.exe,Microsoft® Windows® Operating System,"2,648",C:\Windows\system32\,C:\Windows\system32\,add683a6910abbbf0e28b557fad0ba998166394932ae2aca069d9aa19ea8fe88,LOCAL SERVICE,NT AUTHORITY,S-1-5-18,LOCAL SERVICE,LOCAL SERVICE,wineventlog,Microsoft-Windows-Sysmon/Operational,terminusk9,Microsoft Corporation,Host Process for Windows Services,10.0.19041.1806 (WinBuild.160101.0800),System,{2cb7582e-8a00-6611-e503-000000000000},0x3e5,NT AUTHORITY\SYSTEM,Microsoft® Windows® Operating System,0,1,Info,"3,228","3,820",{5770385f-c22a-43e0-bf4c-06f5698ffbd9},Microsoft-Windows-Sysmon,268,Process Create (rule: ProcessCreate),NT AUTHORITY,S-1-5-18,SYSTEM,User,5,-,-,-,-
"Apr 6, 2024 @ 10:44:34.532",7649c11b-3a00-4241-b375-20762f70ba8f,7ffeba03-3080-43c7-a167-2b63dd853127,terminusk9,terminusk9,filebeat,8.13.1,windows.sysmon_operational,default,logs,8.0.0,7ffeba03-3080-43c7-a167-2b63dd853127,FALSE,8.13.1,Process creation,verified,process,1,"Apr 6, 2024 @ 10:44:49.501",windows.sysmon_operational,"Apr 6, 2024 @ 10:45:00.000",event,windows,Microsoft-Windows-Sysmon,start,x86_64,terminusk9,2cb7582e-6ac9-4585-97cc-ae60502e4f16,"fe80::1754:ed5c:491b:5546, 10.0.2.15",08-00-27-BF-A9-3A,terminusk9,19045.2965,windows,10.0.19041.2965 (WinBuild.160101.0800),Windows 10 Home,Windows 10 Home,windows,windows,10,winlog,information,"Process Create:
RuleName: -
UtcTime: 2024-04-06 17:44:34.532
ProcessGuid: {2cb7582e-8a02-6611-3600-000000000a00}
ProcessId: 2640
Image: C:\Windows\System32\svchost.exe
FileVersion: 10.0.19041.1806 (WinBuild.160101.0800)
Description: Host Process for Windows Services
Product: Microsoft® Windows® Operating System
Company: Microsoft Corporation
OriginalFileName: svchost.exe
CommandLine: C:\Windows\system32\svchost.exe -k appmodel -p -s StateRepository
CurrentDirectory: C:\Windows\system32\
User: NT AUTHORITY\SYSTEM
LogonGuid: {2cb7582e-89ff-6611-e703-000000000000}
LogonId: 0x3E7
TerminalSessionId: 0
IntegrityLevel: System
Hashes: SHA256=ADD683A6910ABBBF0E28B557FAD0BA998166394932AE2ACA069D9AA19EA8FE88
ParentProcessGuid: {2cb7582e-89ff-6611-0b00-000000000a00}
ParentProcessId: 736
ParentImage: C:\Windows\System32\services.exe
ParentCommandLine: C:\Windows\system32\services.exe
ParentUser: NT AUTHORITY\SYSTEM","C:\Windows\system32\svchost.exe, -k, appmodel, -p, -s, StateRepository",6,C:\Windows\system32\svchost.exe -k appmodel -p -s StateRepository,C:\Windows\system32\svchost.exe -k appmodel -p -s StateRepository,{2cb7582e-8a02-6611-3600-000000000a00},C:\Windows\System32\svchost.exe,C:\Windows\System32\svchost.exe,add683a6910abbbf0e28b557fad0ba998166394932ae2aca069d9aa19ea8fe88,svchost.exe,svchost.exe,C:\Windows\system32\services.exe,1,C:\Windows\system32\services.exe,C:\Windows\system32\services.exe,{2cb7582e-89ff-6611-0b00-000000000a00},C:\Windows\System32\services.exe,C:\Windows\System32\services.exe,services.exe,services.exe,736,Microsoft Corporation,Host Process for Windows Services,10.0.19041.1806 (WinBuild.160101.0800),svchost.exe,Microsoft® Windows® Operating System,"2,640",C:\Windows\system32\,C:\Windows\system32\,add683a6910abbbf0e28b557fad0ba998166394932ae2aca069d9aa19ea8fe88,SYSTEM,NT AUTHORITY,S-1-5-18,SYSTEM,SYSTEM,wineventlog,Microsoft-Windows-Sysmon/Operational,terminusk9,Microsoft Corporation,Host Process for Windows Services,10.0.19041.1806 (WinBuild.160101.0800),System,{2cb7582e-89ff-6611-e703-000000000000},0x3e7,NT AUTHORITY\SYSTEM,Microsoft® Windows® Operating System,0,1,Info,"3,228","3,820",{5770385f-c22a-43e0-bf4c-06f5698ffbd9},Microsoft-Windows-Sysmon,267,Process Create (rule: ProcessCreate),NT AUTHORITY,S-1-5-18,SYSTEM,User,5,-,-,-,-
"Apr 6, 2024 @ 10:44:34.384",7649c11b-3a00-4241-b375-20762f70ba8f,7ffeba03-3080-43c7-a167-2b63dd853127,terminusk9,terminusk9,filebeat,8.13.1,windows.sysmon_operational,default,logs,8.0.0,7ffeba03-3080-43c7-a167-2b63dd853127,FALSE,8.13.1,Process creation,verified,process,1,"Apr 6, 2024 @ 10:44:49.501",windows.sysmon_operational,"Apr 6, 2024 @ 10:45:00.000",event,windows,Microsoft-Windows-Sysmon,start,x86_64,terminusk9,2cb7582e-6ac9-4585-97cc-ae60502e4f16,"fe80::1754:ed5c:491b:5546, 10.0.2.15",08-00-27-BF-A9-3A,terminusk9,19045.2965,windows,10.0.19041.2965 (WinBuild.160101.0800),Windows 10 Home,Windows 10 Home,windows,windows,10,winlog,information,"Process Create:
RuleName: -
UtcTime: 2024-04-06 17:44:34.384
ProcessGuid: {2cb7582e-8a02-6611-3500-000000000a00}
ProcessId: 2596
Image: C:\Windows\System32\wermgr.exe
FileVersion: 10.0.19041.2913 (WinBuild.160101.0800)
Description: Windows Problem Reporting
Product: Microsoft® Windows® Operating System
Company: Microsoft Corporation
OriginalFileName: WerMgr
CommandLine: ""C:\Windows\system32\wermgr.exe"" -upload
CurrentDirectory: C:\Windows\system32\
User: NT AUTHORITY\SYSTEM
LogonGuid: {2cb7582e-89ff-6611-e703-000000000000}
LogonId: 0x3E7
TerminalSessionId: 0
IntegrityLevel: System
Hashes: SHA256=9254301B0689AF4450A40039BE981E4CFEAEAE3DEFE0F570FC1AB439BE6C9006
ParentProcessGuid: {2cb7582e-8a01-6611-2100-000000000a00}
ParentProcessId: 1568
ParentImage: C:\Windows\System32\svchost.exe
ParentCommandLine: C:\Windows\system32\svchost.exe -k netsvcs -p -s Schedule
ParentUser: NT AUTHORITY\SYSTEM","C:\Windows\system32\wermgr.exe, -upload",2,"""C:\Windows\system32\wermgr.exe"" -upload","""C:\Windows\system32\wermgr.exe"" -upload",{2cb7582e-8a02-6611-3500-000000000a00},C:\Windows\System32\wermgr.exe,C:\Windows\System32\wermgr.exe,9254301b0689af4450a40039be981e4cfeaeae3defe0f570fc1ab439be6c9006,wermgr.exe,wermgr.exe,"C:\Windows\system32\svchost.exe, -k, netsvcs, -p, -s, Schedule",6,C:\Windows\system32\svchost.exe -k netsvcs -p -s Schedule,C:\Windows\system32\svchost.exe -k netsvcs -p -s Schedule,{2cb7582e-8a01-6611-2100-000000000a00},C:\Windows\System32\svchost.exe,C:\Windows\System32\svchost.exe,svchost.exe,svchost.exe,"1,568",Microsoft Corporation,Windows Problem Reporting,10.0.19041.2913 (WinBuild.160101.0800),WerMgr,Microsoft® Windows® Operating System,"2,596",C:\Windows\system32\,C:\Windows\system32\,9254301b0689af4450a40039be981e4cfeaeae3defe0f570fc1ab439be6c9006,SYSTEM,NT AUTHORITY,S-1-5-18,SYSTEM,SYSTEM,wineventlog,Microsoft-Windows-Sysmon/Operational,terminusk9,Microsoft Corporation,Windows Problem Reporting,10.0.19041.2913 (WinBuild.160101.0800),System,{2cb7582e-89ff-6611-e703-000000000000},0x3e7,NT AUTHORITY\SYSTEM,Microsoft® Windows® Operating System,0,1,Info,"3,228","3,820",{5770385f-c22a-43e0-bf4c-06f5698ffbd9},Microsoft-Windows-Sysmon,266,Process Create (rule: ProcessCreate),NT AUTHORITY,S-1-5-18,SYSTEM,User,5,-,-,-,-
"Apr 6, 2024 @ 10:44:34.160",7649c11b-3a00-4241-b375-20762f70ba8f,7ffeba03-3080-43c7-a167-2b63dd853127,terminusk9,terminusk9,filebeat,8.13.1,windows.sysmon_operational,default,logs,8.0.0,7ffeba03-3080-43c7-a167-2b63dd853127,FALSE,8.13.1,Process creation,verified,process,1,"Apr 6, 2024 @ 10:44:49.501",windows.sysmon_operational,"Apr 6, 2024 @ 10:45:00.000",event,windows,Microsoft-Windows-Sysmon,start,x86_64,terminusk9,2cb7582e-6ac9-4585-97cc-ae60502e4f16,"fe80::1754:ed5c:491b:5546, 10.0.2.15",08-00-27-BF-A9-3A,terminusk9,19045.2965,windows,10.0.19041.2965 (WinBuild.160101.0800),Windows 10 Home,Windows 10 Home,windows,windows,10,winlog,information,"Process Create:
RuleName: -
UtcTime: 2024-04-06 17:44:34.160
ProcessGuid: {2cb7582e-8a02-6611-3400-000000000a00}
ProcessId: 2460
Image: C:\Windows\System32\svchost.exe
FileVersion: 10.0.19041.1806 (WinBuild.160101.0800)
Description: Host Process for Windows Services
Product: Microsoft® Windows® Operating System
Company: Microsoft Corporation
OriginalFileName: svchost.exe
CommandLine: C:\Windows\System32\svchost.exe -k LocalServiceNetworkRestricted -p
CurrentDirectory: C:\Windows\system32\
User: NT AUTHORITY\LOCAL SERVICE
LogonGuid: {2cb7582e-8a00-6611-e503-000000000000}
LogonId: 0x3E5
TerminalSessionId: 0
IntegrityLevel: System
Hashes: SHA256=ADD683A6910ABBBF0E28B557FAD0BA998166394932AE2ACA069D9AA19EA8FE88
ParentProcessGuid: {2cb7582e-89ff-6611-0b00-000000000a00}
ParentProcessId: 736
ParentImage: C:\Windows\System32\services.exe
ParentCommandLine: C:\Windows\system32\services.exe
ParentUser: NT AUTHORITY\SYSTEM","C:\Windows\System32\svchost.exe, -k, LocalServiceNetworkRestricted, -p",4,C:\Windows\System32\svchost.exe -k LocalServiceNetworkRestricted -p,C:\Windows\System32\svchost.exe -k LocalServiceNetworkRestricted -p,{2cb7582e-8a02-6611-3400-000000000a00},C:\Windows\System32\svchost.exe,C:\Windows\System32\svchost.exe,add683a6910abbbf0e28b557fad0ba998166394932ae2aca069d9aa19ea8fe88,svchost.exe,svchost.exe,C:\Windows\system32\services.exe,1,C:\Windows\system32\services.exe,C:\Windows\system32\services.exe,{2cb7582e-89ff-6611-0b00-000000000a00},C:\Windows\System32\services.exe,C:\Windows\System32\services.exe,services.exe,services.exe,736,Microsoft Corporation,Host Process for Windows Services,10.0.19041.1806 (WinBuild.160101.0800),svchost.exe,Microsoft® Windows® Operating System,"2,460",C:\Windows\system32\,C:\Windows\system32\,add683a6910abbbf0e28b557fad0ba998166394932ae2aca069d9aa19ea8fe88,LOCAL SERVICE,NT AUTHORITY,S-1-5-18,LOCAL SERVICE,LOCAL SERVICE,wineventlog,Microsoft-Windows-Sysmon/Operational,terminusk9,Microsoft Corporation,Host Process for Windows Services,10.0.19041.1806 (WinBuild.160101.0800),System,{2cb7582e-8a00-6611-e503-000000000000},0x3e5,NT AUTHORITY\SYSTEM,Microsoft® Windows® Operating System,0,1,Info,"3,228","3,820",{5770385f-c22a-43e0-bf4c-06f5698ffbd9},Microsoft-Windows-Sysmon,265,Process Create (rule: ProcessCreate),NT AUTHORITY,S-1-5-18,SYSTEM,User,5,-,-,-,-
"Apr 6, 2024 @ 10:44:34.131",7649c11b-3a00-4241-b375-20762f70ba8f,7ffeba03-3080-43c7-a167-2b63dd853127,terminusk9,terminusk9,filebeat,8.13.1,windows.sysmon_operational,default,logs,8.0.0,7ffeba03-3080-43c7-a167-2b63dd853127,FALSE,8.13.1,Process creation,verified,process,1,"Apr 6, 2024 @ 10:44:49.501",windows.sysmon_operational,"Apr 6, 2024 @ 10:45:00.000",event,windows,Microsoft-Windows-Sysmon,start,x86_64,terminusk9,2cb7582e-6ac9-4585-97cc-ae60502e4f16,"fe80::1754:ed5c:491b:5546, 10.0.2.15",08-00-27-BF-A9-3A,terminusk9,19045.2965,windows,10.0.19041.2965 (WinBuild.160101.0800),Windows 10 Home,Windows 10 Home,windows,windows,10,winlog,information,"Process Create:
RuleName: -
UtcTime: 2024-04-06 17:44:34.131
ProcessGuid: {2cb7582e-8a02-6611-3300-000000000a00}
ProcessId: 2432
Image: C:\Windows\System32\svchost.exe
FileVersion: 10.0.19041.1806 (WinBuild.160101.0800)
Description: Host Process for Windows Services
Product: Microsoft® Windows® Operating System
Company: Microsoft Corporation
OriginalFileName: svchost.exe
CommandLine: C:\Windows\system32\svchost.exe -k NetworkService -p -s Dnscache
CurrentDirectory: C:\Windows\system32\
User: NT AUTHORITY\NETWORK SERVICE
LogonGuid: {2cb7582e-8a00-6611-e403-000000000000}
LogonId: 0x3E4
TerminalSessionId: 0
IntegrityLevel: System
Hashes: SHA256=ADD683A6910ABBBF0E28B557FAD0BA998166394932AE2ACA069D9AA19EA8FE88
ParentProcessGuid: {2cb7582e-89ff-6611-0b00-000000000a00}
ParentProcessId: 736
ParentImage: C:\Windows\System32\services.exe
ParentCommandLine: C:\Windows\system32\services.exe
ParentUser: NT AUTHORITY\SYSTEM","C:\Windows\system32\svchost.exe, -k, NetworkService, -p, -s, Dnscache",6,C:\Windows\system32\svchost.exe -k NetworkService -p -s Dnscache,C:\Windows\system32\svchost.exe -k NetworkService -p -s Dnscache,{2cb7582e-8a02-6611-3300-000000000a00},C:\Windows\System32\svchost.exe,C:\Windows\System32\svchost.exe,add683a6910abbbf0e28b557fad0ba998166394932ae2aca069d9aa19ea8fe88,svchost.exe,svchost.exe,C:\Windows\system32\services.exe,1,C:\Windows\system32\services.exe,C:\Windows\system32\services.exe,{2cb7582e-89ff-6611-0b00-000000000a00},C:\Windows\System32\services.exe,C:\Windows\System32\services.exe,services.exe,services.exe,736,Microsoft Corporation,Host Process for Windows Services,10.0.19041.1806 (WinBuild.160101.0800),svchost.exe,Microsoft® Windows® Operating System,"2,432",C:\Windows\system32\,C:\Windows\system32\,add683a6910abbbf0e28b557fad0ba998166394932ae2aca069d9aa19ea8fe88,NETWORK SERVICE,NT AUTHORITY,S-1-5-18,NETWORK SERVICE,NETWORK SERVICE,wineventlog,Microsoft-Windows-Sysmon/Operational,terminusk9,Microsoft Corporation,Host Process for Windows Services,10.0.19041.1806 (WinBuild.160101.0800),System,{2cb7582e-8a00-6611-e403-000000000000},0x3e4,NT AUTHORITY\SYSTEM,Microsoft® Windows® Operating System,0,1,Info,"3,228","3,820",{5770385f-c22a-43e0-bf4c-06f5698ffbd9},Microsoft-Windows-Sysmon,262,Process Create (rule: ProcessCreate),NT AUTHORITY,S-1-5-18,SYSTEM,User,5,-,-,-,-
"Apr 6, 2024 @ 10:44:34.127",7649c11b-3a00-4241-b375-20762f70ba8f,7ffeba03-3080-43c7-a167-2b63dd853127,terminusk9,terminusk9,filebeat,8.13.1,windows.sysmon_operational,default,logs,8.0.0,7ffeba03-3080-43c7-a167-2b63dd853127,FALSE,8.13.1,Process terminated,verified,process,5,"Apr 6, 2024 @ 10:44:49.501",windows.sysmon_operational,"Apr 6, 2024 @ 10:45:00.000",event,windows,Microsoft-Windows-Sysmon,end,x86_64,terminusk9,2cb7582e-6ac9-4585-97cc-ae60502e4f16,"fe80::1754:ed5c:491b:5546, 10.0.2.15",08-00-27-BF-A9-3A,terminusk9,19045.2965,windows,10.0.19041.2965 (WinBuild.160101.0800),Windows 10 Home,Windows 10 Home,windows,windows,10,winlog,information,"Process terminated:
RuleName: -
UtcTime: 2024-04-06 17:44:34.127
ProcessGuid: {2cb7582e-8a01-6611-2c00-000000000a00}
ProcessId: 1336
Image: C:\Windows\System32\taskhostw.exe
User: NT AUTHORITY\SYSTEM",-,-,-,-,{2cb7582e-8a01-6611-2c00-000000000a00},C:\Windows\System32\taskhostw.exe,C:\Windows\System32\taskhostw.exe,-,taskhostw.exe,taskhostw.exe,-,-,-,-,-,-,-,-,-,-,-,-,-,-,-,"1,336",-,-,-,SYSTEM,NT AUTHORITY,S-1-5-18,SYSTEM,SYSTEM,wineventlog,Microsoft-Windows-Sysmon/Operational,terminusk9,-,-,-,-,-,-,-,-,-,5,Info,"3,228","3,820",{5770385f-c22a-43e0-bf4c-06f5698ffbd9},Microsoft-Windows-Sysmon,264,Process terminated (rule: ProcessTerminate),NT AUTHORITY,S-1-5-18,SYSTEM,User,3,-,-,-,-
"Apr 6, 2024 @ 10:44:34.118",7649c11b-3a00-4241-b375-20762f70ba8f,7ffeba03-3080-43c7-a167-2b63dd853127,terminusk9,terminusk9,filebeat,8.13.1,windows.sysmon_operational,default,logs,8.0.0,7ffeba03-3080-43c7-a167-2b63dd853127,FALSE,8.13.1,Process creation,verified,process,1,"Apr 6, 2024 @ 10:44:49.501",windows.sysmon_operational,"Apr 6, 2024 @ 10:45:00.000",event,windows,Microsoft-Windows-Sysmon,start,x86_64,terminusk9,2cb7582e-6ac9-4585-97cc-ae60502e4f16,"fe80::1754:ed5c:491b:5546, 10.0.2.15",08-00-27-BF-A9-3A,terminusk9,19045.2965,windows,10.0.19041.2965 (WinBuild.160101.0800),Windows 10 Home,Windows 10 Home,windows,windows,10,winlog,information,"Process Create:
RuleName: -
UtcTime: 2024-04-06 17:44:34.118
ProcessGuid: {2cb7582e-8a02-6611-3200-000000000a00}
ProcessId: 2420
Image: C:\Windows\System32\dxgiadaptercache.exe
FileVersion: 10.0.19041.2075 (WinBuild.160101.0800)
Description: DXGI Adapter Cache
Product: Microsoft® Windows® Operating System
Company: Microsoft Corporation
OriginalFileName: DXGIAdapterCache.exe
CommandLine: ""C:\Windows\system32\dxgiadaptercache.exe""
CurrentDirectory: C:\Windows\system32\
User: NT AUTHORITY\SYSTEM
LogonGuid: {2cb7582e-89ff-6611-e703-000000000000}
LogonId: 0x3E7
TerminalSessionId: 0
IntegrityLevel: System
Hashes: SHA256=FEB8D49B75D51E8A812DDA19F41F90F393C0065A3894CD57C86387EE52B60880
ParentProcessGuid: {2cb7582e-8a01-6611-2100-000000000a00}
ParentProcessId: 1568
ParentImage: C:\Windows\System32\svchost.exe
ParentCommandLine: C:\Windows\system32\svchost.exe -k netsvcs -p -s Schedule
ParentUser: NT AUTHORITY\SYSTEM",C:\Windows\system32\dxgiadaptercache.exe,1,"""C:\Windows\system32\dxgiadaptercache.exe""","""C:\Windows\system32\dxgiadaptercache.exe""",{2cb7582e-8a02-6611-3200-000000000a00},C:\Windows\System32\dxgiadaptercache.exe,C:\Windows\System32\dxgiadaptercache.exe,feb8d49b75d51e8a812dda19f41f90f393c0065a3894cd57c86387ee52b60880,dxgiadaptercache.exe,dxgiadaptercache.exe,"C:\Windows\system32\svchost.exe, -k, netsvcs, -p, -s, Schedule",6,C:\Windows\system32\svchost.exe -k netsvcs -p -s Schedule,C:\Windows\system32\svchost.exe -k netsvcs -p -s Schedule,{2cb7582e-8a01-6611-2100-000000000a00},C:\Windows\System32\svchost.exe,C:\Windows\System32\svchost.exe,svchost.exe,svchost.exe,"1,568",Microsoft Corporation,DXGI Adapter Cache,10.0.19041.2075 (WinBuild.160101.0800),DXGIAdapterCache.exe,Microsoft® Windows® Operating System,"2,420",C:\Windows\system32\,C:\Windows\system32\,feb8d49b75d51e8a812dda19f41f90f393c0065a3894cd57c86387ee52b60880,SYSTEM,NT AUTHORITY,S-1-5-18,SYSTEM,SYSTEM,wineventlog,Microsoft-Windows-Sysmon/Operational,terminusk9,Microsoft Corporation,DXGI Adapter Cache,10.0.19041.2075 (WinBuild.160101.0800),System,{2cb7582e-89ff-6611-e703-000000000000},0x3e7,NT AUTHORITY\SYSTEM,Microsoft® Windows® Operating System,0,1,Info,"3,228","3,820",{5770385f-c22a-43e0-bf4c-06f5698ffbd9},Microsoft-Windows-Sysmon,263,Process Create (rule: ProcessCreate),NT AUTHORITY,S-1-5-18,SYSTEM,User,5,-,-,-,-
