"Apr 6, 2024 @ 11:01:50.659",7649c11b-3a00-4241-b375-20762f70ba8f,7ffeba03-3080-43c7-a167-2b63dd853127,terminusk9,terminusk9,filebeat,8.13.1,windows.sysmon_operational,default,logs,8.0.0,7ffeba03-3080-43c7-a167-2b63dd853127,FALSE,8.13.1,Process creation,verified,process,1,"Apr 6, 2024 @ 11:01:52.486",windows.sysmon_operational,"Apr 6, 2024 @ 11:01:56.000",event,windows,Microsoft-Windows-Sysmon,start,x86_64,terminusk9,2cb7582e-6ac9-4585-97cc-ae60502e4f16,"fe80::1754:ed5c:491b:5546, 10.0.2.15",08-00-27-BF-A9-3A,terminusk9,19045.2965,windows,10.0.19041.2965 (WinBuild.160101.0800),Windows 10 Home,Windows 10 Home,windows,windows,10,winlog,information,"Process Create:
RuleName: -
UtcTime: 2024-04-06 18:01:50.659
ProcessGuid: {2cb7582e-8e0e-6611-5f01-000000000a00}
ProcessId: 1156
Image: C:\Windows\servicing\TrustedInstaller.exe
FileVersion: 10.0.19041.1741 (WinBuild.160101.0800)
Description: Windows Modules Installer
Product: Microsoft® Windows® Operating System
Company: Microsoft Corporation
OriginalFileName: TrustedInstaller.exe
CommandLine: C:\Windows\servicing\TrustedInstaller.exe
CurrentDirectory: C:\Windows\system32\
User: NT AUTHORITY\SYSTEM
LogonGuid: {2cb7582e-89ff-6611-e703-000000000000}
LogonId: 0x3E7
TerminalSessionId: 0
IntegrityLevel: System
Hashes: SHA256=7F0E3E2682A24A6B27484226CC0C7B30F837EA08B01F82C7B7AC094BF0A88CE5
ParentProcessGuid: {2cb7582e-89ff-6611-0b00-000000000a00}
ParentProcessId: 736
ParentImage: C:\Windows\System32\services.exe
ParentCommandLine: C:\Windows\system32\services.exe
ParentUser: NT AUTHORITY\SYSTEM",C:\Windows\servicing\TrustedInstaller.exe,1,C:\Windows\servicing\TrustedInstaller.exe,C:\Windows\servicing\TrustedInstaller.exe,{2cb7582e-8e0e-6611-5f01-000000000a00},C:\Windows\servicing\TrustedInstaller.exe,C:\Windows\servicing\TrustedInstaller.exe,7f0e3e2682a24a6b27484226cc0c7b30f837ea08b01f82c7b7ac094bf0a88ce5,TrustedInstaller.exe,TrustedInstaller.exe,C:\Windows\system32\services.exe,1,C:\Windows\system32\services.exe,C:\Windows\system32\services.exe,{2cb7582e-89ff-6611-0b00-000000000a00},C:\Windows\System32\services.exe,C:\Windows\System32\services.exe,services.exe,services.exe,736,Microsoft Corporation,Windows Modules Installer,10.0.19041.1741 (WinBuild.160101.0800),TrustedInstaller.exe,Microsoft® Windows® Operating System,"1,156",C:\Windows\system32\,C:\Windows\system32\,7f0e3e2682a24a6b27484226cc0c7b30f837ea08b01f82c7b7ac094bf0a88ce5,SYSTEM,NT AUTHORITY,S-1-5-18,SYSTEM,SYSTEM,wineventlog,Microsoft-Windows-Sysmon/Operational,terminusk9,Microsoft Corporation,Windows Modules Installer,10.0.19041.1741 (WinBuild.160101.0800),System,{2cb7582e-89ff-6611-e703-000000000000},0x3e7,NT AUTHORITY\SYSTEM,Microsoft® Windows® Operating System,0,1,Info,"3,228","3,820",{5770385f-c22a-43e0-bf4c-06f5698ffbd9},Microsoft-Windows-Sysmon,768,Process Create (rule: ProcessCreate),NT AUTHORITY,S-1-5-18,SYSTEM,User,5,,,,
"Apr 6, 2024 @ 11:01:50.479",7649c11b-3a00-4241-b375-20762f70ba8f,7ffeba03-3080-43c7-a167-2b63dd853127,terminusk9,terminusk9,filebeat,8.13.1,windows.sysmon_operational,default,logs,8.0.0,7ffeba03-3080-43c7-a167-2b63dd853127,FALSE,8.13.1,Process creation,verified,process,1,"Apr 6, 2024 @ 11:01:52.486",windows.sysmon_operational,"Apr 6, 2024 @ 11:01:56.000",event,windows,Microsoft-Windows-Sysmon,start,x86_64,terminusk9,2cb7582e-6ac9-4585-97cc-ae60502e4f16,"fe80::1754:ed5c:491b:5546, 10.0.2.15",08-00-27-BF-A9-3A,terminusk9,19045.2965,windows,10.0.19041.2965 (WinBuild.160101.0800),Windows 10 Home,Windows 10 Home,windows,windows,10,winlog,information,"Process Create:
RuleName: -
UtcTime: 2024-04-06 18:01:50.479
ProcessGuid: {2cb7582e-8e0e-6611-5e01-000000000a00}
ProcessId: 7372
Image: C:\Windows\System32\taskhostw.exe
FileVersion: 10.0.19041.1865 (WinBuild.160101.0800)
Description: Host Process for Windows Tasks
Product: Microsoft® Windows® Operating System
Company: Microsoft Corporation
OriginalFileName: taskhostw.exe
CommandLine: taskhostw.exe Install $(Arg0)
CurrentDirectory: C:\Windows\system32\
User: TERMINUSK9\terminusk9
LogonGuid: {2cb7582e-8a87-6611-2bd8-0b0000000000}
LogonId: 0xBD82B
TerminalSessionId: 1
IntegrityLevel: Medium
Hashes: SHA256=E63709209D09BC0247E785F075DDB28A98C348206109E2B8BA321AD958402728
ParentProcessGuid: {2cb7582e-8a01-6611-2100-000000000a00}
ParentProcessId: 1568
ParentImage: C:\Windows\System32\svchost.exe
ParentCommandLine: C:\Windows\system32\svchost.exe -k netsvcs -p -s Schedule
ParentUser: NT AUTHORITY\SYSTEM","taskhostw.exe, Install, $(Arg0)",3,taskhostw.exe Install $(Arg0),taskhostw.exe Install $(Arg0),{2cb7582e-8e0e-6611-5e01-000000000a00},C:\Windows\System32\taskhostw.exe,C:\Windows\System32\taskhostw.exe,e63709209d09bc0247e785f075ddb28a98c348206109e2b8ba321ad958402728,taskhostw.exe,taskhostw.exe,"C:\Windows\system32\svchost.exe, -k, netsvcs, -p, -s, Schedule",6,C:\Windows\system32\svchost.exe -k netsvcs -p -s Schedule,C:\Windows\system32\svchost.exe -k netsvcs -p -s Schedule,{2cb7582e-8a01-6611-2100-000000000a00},C:\Windows\System32\svchost.exe,C:\Windows\System32\svchost.exe,svchost.exe,svchost.exe,"1,568",Microsoft Corporation,Host Process for Windows Tasks,10.0.19041.1865 (WinBuild.160101.0800),taskhostw.exe,Microsoft® Windows® Operating System,"7,372",C:\Windows\system32\,C:\Windows\system32\,e63709209d09bc0247e785f075ddb28a98c348206109e2b8ba321ad958402728,terminusk9,TERMINUSK9,S-1-5-18,terminusk9,terminusk9,wineventlog,Microsoft-Windows-Sysmon/Operational,terminusk9,Microsoft Corporation,Host Process for Windows Tasks,10.0.19041.1865 (WinBuild.160101.0800),Medium,{2cb7582e-8a87-6611-2bd8-0b0000000000},0xbd82b,NT AUTHORITY\SYSTEM,Microsoft® Windows® Operating System,1,1,Info,"3,228","3,820",{5770385f-c22a-43e0-bf4c-06f5698ffbd9},Microsoft-Windows-Sysmon,767,Process Create (rule: ProcessCreate),NT AUTHORITY,S-1-5-18,SYSTEM,User,5,,,,
"Apr 6, 2024 @ 11:01:48.869",7649c11b-3a00-4241-b375-20762f70ba8f,7ffeba03-3080-43c7-a167-2b63dd853127,terminusk9,terminusk9,filebeat,8.13.1,windows.sysmon_operational,default,logs,8.0.0,7ffeba03-3080-43c7-a167-2b63dd853127,FALSE,8.13.1,Process terminated,verified,process,5,"Apr 6, 2024 @ 11:01:50.444",windows.sysmon_operational,"Apr 6, 2024 @ 11:01:56.000",event,windows,Microsoft-Windows-Sysmon,end,x86_64,terminusk9,2cb7582e-6ac9-4585-97cc-ae60502e4f16,"fe80::1754:ed5c:491b:5546, 10.0.2.15",08-00-27-BF-A9-3A,terminusk9,19045.2965,windows,10.0.19041.2965 (WinBuild.160101.0800),Windows 10 Home,Windows 10 Home,windows,windows,10,winlog,information,"Process terminated:
RuleName: -
UtcTime: 2024-04-06 18:01:48.869
ProcessGuid: {2cb7582e-8dee-6611-5801-000000000a00}
ProcessId: 7828
Image: C:\Program Files (x86)\Microsoft\Edge\Application\msedge.exe
User: TERMINUSK9\terminusk9",-,-,-,-,{2cb7582e-8dee-6611-5801-000000000a00},C:\Program Files (x86)\Microsoft\Edge\Application\msedge.exe,C:\Program Files (x86)\Microsoft\Edge\Application\msedge.exe,-,msedge.exe,msedge.exe,-,-,-,-,-,-,-,-,-,-,-,-,-,-,-,"7,828",-,-,-,terminusk9,TERMINUSK9,S-1-5-18,terminusk9,terminusk9,wineventlog,Microsoft-Windows-Sysmon/Operational,terminusk9,-,-,-,-,-,-,-,-,-,5,Info,"3,228","3,820",{5770385f-c22a-43e0-bf4c-06f5698ffbd9},Microsoft-Windows-Sysmon,766,Process terminated (rule: ProcessTerminate),NT AUTHORITY,S-1-5-18,SYSTEM,User,3,,,,
"Apr 6, 2024 @ 11:01:45.133",7649c11b-3a00-4241-b375-20762f70ba8f,7ffeba03-3080-43c7-a167-2b63dd853127,terminusk9,terminusk9,filebeat,8.13.1,windows.sysmon_operational,default,logs,8.0.0,7ffeba03-3080-43c7-a167-2b63dd853127,FALSE,8.13.1,Process terminated,verified,process,5,"Apr 6, 2024 @ 11:01:46.408",windows.sysmon_operational,"Apr 6, 2024 @ 11:01:56.000",event,windows,Microsoft-Windows-Sysmon,end,x86_64,terminusk9,2cb7582e-6ac9-4585-97cc-ae60502e4f16,"fe80::1754:ed5c:491b:5546, 10.0.2.15",08-00-27-BF-A9-3A,terminusk9,19045.2965,windows,10.0.19041.2965 (WinBuild.160101.0800),Windows 10 Home,Windows 10 Home,windows,windows,10,winlog,information,"Process terminated:
RuleName: -
UtcTime: 2024-04-06 18:01:45.133
ProcessGuid: {2cb7582e-8c83-6611-2201-000000000a00}
ProcessId: 5308
Image: C:\Users\eraui\3D Objects\keylogger.exe
User: TERMINUSK9\terminusk9",-,-,-,-,{2cb7582e-8c83-6611-2201-000000000a00},C:\Users\eraui\3D Objects\keylogger.exe,C:\Users\eraui\3D Objects\keylogger.exe,-,keylogger.exe,keylogger.exe,-,-,-,-,-,-,-,-,-,-,-,-,-,-,-,"5,308",-,-,-,terminusk9,TERMINUSK9,S-1-5-18,terminusk9,terminusk9,wineventlog,Microsoft-Windows-Sysmon/Operational,terminusk9,-,-,-,-,-,-,-,-,-,5,Info,"3,228","3,820",{5770385f-c22a-43e0-bf4c-06f5698ffbd9},Microsoft-Windows-Sysmon,765,Process terminated (rule: ProcessTerminate),NT AUTHORITY,S-1-5-18,SYSTEM,User,3,,,,
"Apr 6, 2024 @ 11:01:45.072",7649c11b-3a00-4241-b375-20762f70ba8f,7ffeba03-3080-43c7-a167-2b63dd853127,terminusk9,terminusk9,filebeat,8.13.1,windows.sysmon_operational,default,logs,8.0.0,7ffeba03-3080-43c7-a167-2b63dd853127,FALSE,8.13.1,Process terminated,verified,process,5,"Apr 6, 2024 @ 11:01:46.407",windows.sysmon_operational,"Apr 6, 2024 @ 11:01:56.000",event,windows,Microsoft-Windows-Sysmon,end,x86_64,terminusk9,2cb7582e-6ac9-4585-97cc-ae60502e4f16,"fe80::1754:ed5c:491b:5546, 10.0.2.15",08-00-27-BF-A9-3A,terminusk9,19045.2965,windows,10.0.19041.2965 (WinBuild.160101.0800),Windows 10 Home,Windows 10 Home,windows,windows,10,winlog,information,"Process terminated:
RuleName: -
UtcTime: 2024-04-06 18:01:45.072
ProcessGuid: {2cb7582e-8c84-6611-2301-000000000a00}
ProcessId: 7260
Image: C:\Users\eraui\3D Objects\keylogger.exe
User: TERMINUSK9\terminusk9",-,-,-,-,{2cb7582e-8c84-6611-2301-000000000a00},C:\Users\eraui\3D Objects\keylogger.exe,C:\Users\eraui\3D Objects\keylogger.exe,-,keylogger.exe,keylogger.exe,-,-,-,-,-,-,-,-,-,-,-,-,-,-,-,"7,260",-,-,-,terminusk9,TERMINUSK9,S-1-5-18,terminusk9,terminusk9,wineventlog,Microsoft-Windows-Sysmon/Operational,terminusk9,-,-,-,-,-,-,-,-,-,5,Info,"3,228","3,820",{5770385f-c22a-43e0-bf4c-06f5698ffbd9},Microsoft-Windows-Sysmon,764,Process terminated (rule: ProcessTerminate),NT AUTHORITY,S-1-5-18,SYSTEM,User,3,,,,
"Apr 6, 2024 @ 11:01:41.789",7649c11b-3a00-4241-b375-20762f70ba8f,7ffeba03-3080-43c7-a167-2b63dd853127,terminusk9,terminusk9,filebeat,8.13.1,windows.sysmon_operational,default,logs,8.0.0,7ffeba03-3080-43c7-a167-2b63dd853127,FALSE,8.13.1,Process terminated,verified,process,5,"Apr 6, 2024 @ 11:01:43.348",windows.sysmon_operational,"Apr 6, 2024 @ 11:01:46.000",event,windows,Microsoft-Windows-Sysmon,end,x86_64,terminusk9,2cb7582e-6ac9-4585-97cc-ae60502e4f16,"fe80::1754:ed5c:491b:5546, 10.0.2.15",08-00-27-BF-A9-3A,terminusk9,19045.2965,windows,10.0.19041.2965 (WinBuild.160101.0800),Windows 10 Home,Windows 10 Home,windows,windows,10,winlog,information,"Process terminated:
RuleName: -
UtcTime: 2024-04-06 18:01:41.789
ProcessGuid: {2cb7582e-8dfe-6611-5901-000000000a00}
ProcessId: 4276
Image: C:\Windows\System32\dllhost.exe
User: TERMINUSK9\terminusk9",-,-,-,-,{2cb7582e-8dfe-6611-5901-000000000a00},C:\Windows\System32\dllhost.exe,C:\Windows\System32\dllhost.exe,-,dllhost.exe,dllhost.exe,-,-,-,-,-,-,-,-,-,-,-,-,-,-,-,"4,276",-,-,-,terminusk9,TERMINUSK9,S-1-5-18,terminusk9,terminusk9,wineventlog,Microsoft-Windows-Sysmon/Operational,terminusk9,-,-,-,-,-,-,-,-,-,5,Info,"3,228","3,820",{5770385f-c22a-43e0-bf4c-06f5698ffbd9},Microsoft-Windows-Sysmon,763,Process terminated (rule: ProcessTerminate),NT AUTHORITY,S-1-5-18,SYSTEM,User,3,,,,
"Apr 6, 2024 @ 11:01:35.907",7649c11b-3a00-4241-b375-20762f70ba8f,7ffeba03-3080-43c7-a167-2b63dd853127,terminusk9,terminusk9,filebeat,8.13.1,windows.sysmon_operational,default,logs,8.0.0,7ffeba03-3080-43c7-a167-2b63dd853127,FALSE,8.13.1,Process creation,verified,process,1,"Apr 6, 2024 @ 11:01:37.243",windows.sysmon_operational,"Apr 6, 2024 @ 11:01:46.000",event,windows,Microsoft-Windows-Sysmon,start,x86_64,terminusk9,2cb7582e-6ac9-4585-97cc-ae60502e4f16,"fe80::1754:ed5c:491b:5546, 10.0.2.15",08-00-27-BF-A9-3A,terminusk9,19045.2965,windows,10.0.19041.2965 (WinBuild.160101.0800),Windows 10 Home,Windows 10 Home,windows,windows,10,winlog,information,"Process Create:
RuleName: -
UtcTime: 2024-04-06 18:01:35.907
ProcessGuid: {2cb7582e-8dff-6611-5d01-000000000a00}
ProcessId: 8000
Image: C:\Windows\System32\Taskmgr.exe
FileVersion: 10.0.19041.1202 (WinBuild.160101.0800)
Description: Task Manager
Product: Microsoft® Windows® Operating System
Company: Microsoft Corporation
OriginalFileName: Taskmgr.exe
CommandLine: ""C:\Windows\system32\taskmgr.exe"" /7
CurrentDirectory: C:\Windows\system32\
User: TERMINUSK9\terminusk9
LogonGuid: {2cb7582e-8a87-6611-fad7-0b0000000000}
LogonId: 0xBD7FA
TerminalSessionId: 1
IntegrityLevel: High
Hashes: SHA256=4E305198F15BAFD5728B5FB8E7FF48D9F312399C744ECFEA0ECAC79D93C5E478
ParentProcessGuid: {2cb7582e-8a8a-6611-8f00-000000000a00}
ParentProcessId: 928
ParentImage: C:\Windows\explorer.exe
ParentCommandLine: C:\Windows\Explorer.EXE
ParentUser: TERMINUSK9\terminusk9","C:\Windows\system32\taskmgr.exe, /7",2,"""C:\Windows\system32\taskmgr.exe"" /7","""C:\Windows\system32\taskmgr.exe"" /7",{2cb7582e-8dff-6611-5d01-000000000a00},C:\Windows\System32\Taskmgr.exe,C:\Windows\System32\Taskmgr.exe,4e305198f15bafd5728b5fb8e7ff48d9f312399c744ecfea0ecac79d93c5e478,Taskmgr.exe,Taskmgr.exe,C:\Windows\Explorer.EXE,1,C:\Windows\Explorer.EXE,C:\Windows\Explorer.EXE,{2cb7582e-8a8a-6611-8f00-000000000a00},C:\Windows\explorer.exe,C:\Windows\explorer.exe,explorer.exe,explorer.exe,928,Microsoft Corporation,Task Manager,10.0.19041.1202 (WinBuild.160101.0800),Taskmgr.exe,Microsoft® Windows® Operating System,"8,000",C:\Windows\system32\,C:\Windows\system32\,4e305198f15bafd5728b5fb8e7ff48d9f312399c744ecfea0ecac79d93c5e478,terminusk9,TERMINUSK9,S-1-5-18,terminusk9,terminusk9,wineventlog,Microsoft-Windows-Sysmon/Operational,terminusk9,Microsoft Corporation,Task Manager,10.0.19041.1202 (WinBuild.160101.0800),High,{2cb7582e-8a87-6611-fad7-0b0000000000},0xbd7fa,TERMINUSK9\terminusk9,Microsoft® Windows® Operating System,1,1,Info,"3,228","3,820",{5770385f-c22a-43e0-bf4c-06f5698ffbd9},Microsoft-Windows-Sysmon,762,Process Create (rule: ProcessCreate),NT AUTHORITY,S-1-5-18,SYSTEM,User,5,,,,
"Apr 6, 2024 @ 11:01:35.890",7649c11b-3a00-4241-b375-20762f70ba8f,7ffeba03-3080-43c7-a167-2b63dd853127,terminusk9,terminusk9,filebeat,8.13.1,windows.sysmon_operational,default,logs,8.0.0,7ffeba03-3080-43c7-a167-2b63dd853127,FALSE,8.13.1,Process terminated,verified,process,5,"Apr 6, 2024 @ 11:01:37.243",windows.sysmon_operational,"Apr 6, 2024 @ 11:01:46.000",event,windows,Microsoft-Windows-Sysmon,end,x86_64,terminusk9,2cb7582e-6ac9-4585-97cc-ae60502e4f16,"fe80::1754:ed5c:491b:5546, 10.0.2.15",08-00-27-BF-A9-3A,terminusk9,19045.2965,windows,10.0.19041.2965 (WinBuild.160101.0800),Windows 10 Home,Windows 10 Home,windows,windows,10,winlog,information,"Process terminated:
RuleName: -
UtcTime: 2024-04-06 18:01:35.890
ProcessGuid: {2cb7582e-8dff-6611-5c01-000000000a00}
ProcessId: 3004
Image: C:\Windows\System32\consent.exe
User: NT AUTHORITY\SYSTEM",-,-,-,-,{2cb7582e-8dff-6611-5c01-000000000a00},C:\Windows\System32\consent.exe,C:\Windows\System32\consent.exe,-,consent.exe,consent.exe,-,-,-,-,-,-,-,-,-,-,-,-,-,-,-,"3,004",-,-,-,SYSTEM,NT AUTHORITY,S-1-5-18,SYSTEM,SYSTEM,wineventlog,Microsoft-Windows-Sysmon/Operational,terminusk9,-,-,-,-,-,-,-,-,-,5,Info,"3,228","3,820",{5770385f-c22a-43e0-bf4c-06f5698ffbd9},Microsoft-Windows-Sysmon,761,Process terminated (rule: ProcessTerminate),NT AUTHORITY,S-1-5-18,SYSTEM,User,3,,,,
"Apr 6, 2024 @ 11:01:35.607",7649c11b-3a00-4241-b375-20762f70ba8f,7ffeba03-3080-43c7-a167-2b63dd853127,terminusk9,terminusk9,filebeat,8.13.1,windows.sysmon_operational,default,logs,8.0.0,7ffeba03-3080-43c7-a167-2b63dd853127,FALSE,8.13.1,Process creation,verified,process,1,"Apr 6, 2024 @ 11:01:37.243",windows.sysmon_operational,"Apr 6, 2024 @ 11:01:46.000",event,windows,Microsoft-Windows-Sysmon,start,x86_64,terminusk9,2cb7582e-6ac9-4585-97cc-ae60502e4f16,"fe80::1754:ed5c:491b:5546, 10.0.2.15",08-00-27-BF-A9-3A,terminusk9,19045.2965,windows,10.0.19041.2965 (WinBuild.160101.0800),Windows 10 Home,Windows 10 Home,windows,windows,10,winlog,information,"Process Create:
RuleName: -
UtcTime: 2024-04-06 18:01:35.607
ProcessGuid: {2cb7582e-8dff-6611-5c01-000000000a00}
ProcessId: 3004
Image: C:\Windows\System32\consent.exe
FileVersion: 10.0.19041.1865 (WinBuild.160101.0800)
Description: Consent UI for administrative applications
Product: Microsoft® Windows® Operating System
Company: Microsoft Corporation
OriginalFileName: consent.exe
CommandLine: consent.exe 1472 316 0000021E12C381B0
CurrentDirectory: C:\Windows\system32\
User: NT AUTHORITY\SYSTEM
LogonGuid: {2cb7582e-89ff-6611-e703-000000000000}
LogonId: 0x3E7
TerminalSessionId: 1
IntegrityLevel: System
Hashes: SHA256=7FF00DE6D57E83E0A3D566935C7557F11F9B12270529582987FF14EE65502EA6
ParentProcessGuid: {2cb7582e-8ac9-6611-d300-000000000a00}
ParentProcessId: 1472
ParentImage: C:\Windows\System32\svchost.exe
ParentCommandLine: C:\Windows\system32\svchost.exe -k netsvcs -p -s Appinfo
ParentUser: NT AUTHORITY\SYSTEM","consent.exe, 1472, 316, 0000021E12C381B0",4,consent.exe 1472 316 0000021E12C381B0,consent.exe 1472 316 0000021E12C381B0,{2cb7582e-8dff-6611-5c01-000000000a00},C:\Windows\System32\consent.exe,C:\Windows\System32\consent.exe,7ff00de6d57e83e0a3d566935c7557f11f9b12270529582987ff14ee65502ea6,consent.exe,consent.exe,"C:\Windows\system32\svchost.exe, -k, netsvcs, -p, -s, Appinfo",6,C:\Windows\system32\svchost.exe -k netsvcs -p -s Appinfo,C:\Windows\system32\svchost.exe -k netsvcs -p -s Appinfo,{2cb7582e-8ac9-6611-d300-000000000a00},C:\Windows\System32\svchost.exe,C:\Windows\System32\svchost.exe,svchost.exe,svchost.exe,"1,472",Microsoft Corporation,Consent UI for administrative applications,10.0.19041.1865 (WinBuild.160101.0800),consent.exe,Microsoft® Windows® Operating System,"3,004",C:\Windows\system32\,C:\Windows\system32\,7ff00de6d57e83e0a3d566935c7557f11f9b12270529582987ff14ee65502ea6,SYSTEM,NT AUTHORITY,S-1-5-18,SYSTEM,SYSTEM,wineventlog,Microsoft-Windows-Sysmon/Operational,terminusk9,Microsoft Corporation,Consent UI for administrative applications,10.0.19041.1865 (WinBuild.160101.0800),System,{2cb7582e-89ff-6611-e703-000000000000},0x3e7,NT AUTHORITY\SYSTEM,Microsoft® Windows® Operating System,1,1,Info,"3,228","3,820",{5770385f-c22a-43e0-bf4c-06f5698ffbd9},Microsoft-Windows-Sysmon,760,Process Create (rule: ProcessCreate),NT AUTHORITY,S-1-5-18,SYSTEM,User,5,,,,
"Apr 6, 2024 @ 11:01:35.595",7649c11b-3a00-4241-b375-20762f70ba8f,7ffeba03-3080-43c7-a167-2b63dd853127,terminusk9,terminusk9,filebeat,8.13.1,windows.sysmon_operational,default,logs,8.0.0,7ffeba03-3080-43c7-a167-2b63dd853127,FALSE,8.13.1,Process terminated,verified,process,5,"Apr 6, 2024 @ 11:01:37.243",windows.sysmon_operational,"Apr 6, 2024 @ 11:01:46.000",event,windows,Microsoft-Windows-Sysmon,end,x86_64,terminusk9,2cb7582e-6ac9-4585-97cc-ae60502e4f16,"fe80::1754:ed5c:491b:5546, 10.0.2.15",08-00-27-BF-A9-3A,terminusk9,19045.2965,windows,10.0.19041.2965 (WinBuild.160101.0800),Windows 10 Home,Windows 10 Home,windows,windows,10,winlog,information,"Process terminated:
RuleName: -
UtcTime: 2024-04-06 18:01:35.595
ProcessGuid: {2cb7582e-8d77-6611-5001-000000000a00}
ProcessId: 5608
Image: C:\Windows\System32\svchost.exe
User: NT AUTHORITY\SYSTEM",-,-,-,-,{2cb7582e-8d77-6611-5001-000000000a00},C:\Windows\System32\svchost.exe,C:\Windows\System32\svchost.exe,-,svchost.exe,svchost.exe,-,-,-,-,-,-,-,-,-,-,-,-,-,-,-,"5,608",-,-,-,SYSTEM,NT AUTHORITY,S-1-5-18,SYSTEM,SYSTEM,wineventlog,Microsoft-Windows-Sysmon/Operational,terminusk9,-,-,-,-,-,-,-,-,-,5,Info,"3,228","3,820",{5770385f-c22a-43e0-bf4c-06f5698ffbd9},Microsoft-Windows-Sysmon,759,Process terminated (rule: ProcessTerminate),NT AUTHORITY,S-1-5-18,SYSTEM,User,3,,,,
"Apr 6, 2024 @ 11:01:35.522",7649c11b-3a00-4241-b375-20762f70ba8f,7ffeba03-3080-43c7-a167-2b63dd853127,terminusk9,terminusk9,filebeat,8.13.1,windows.sysmon_operational,default,logs,8.0.0,7ffeba03-3080-43c7-a167-2b63dd853127,FALSE,8.13.1,Process terminated,verified,process,5,"Apr 6, 2024 @ 11:01:37.243",windows.sysmon_operational,"Apr 6, 2024 @ 11:01:46.000",event,windows,Microsoft-Windows-Sysmon,end,x86_64,terminusk9,2cb7582e-6ac9-4585-97cc-ae60502e4f16,"fe80::1754:ed5c:491b:5546, 10.0.2.15",08-00-27-BF-A9-3A,terminusk9,19045.2965,windows,10.0.19041.2965 (WinBuild.160101.0800),Windows 10 Home,Windows 10 Home,windows,windows,10,winlog,information,"Process terminated:
RuleName: -
UtcTime: 2024-04-06 18:01:35.522
ProcessGuid: {2cb7582e-8dff-6611-5b01-000000000a00}
ProcessId: 5876
Image: C:\Windows\System32\Taskmgr.exe
User: TERMINUSK9\terminusk9",-,-,-,-,{2cb7582e-8dff-6611-5b01-000000000a00},C:\Windows\System32\Taskmgr.exe,C:\Windows\System32\Taskmgr.exe,-,Taskmgr.exe,Taskmgr.exe,-,-,-,-,-,-,-,-,-,-,-,-,-,-,-,"5,876",-,-,-,terminusk9,TERMINUSK9,S-1-5-18,terminusk9,terminusk9,wineventlog,Microsoft-Windows-Sysmon/Operational,terminusk9,-,-,-,-,-,-,-,-,-,5,Info,"3,228","3,820",{5770385f-c22a-43e0-bf4c-06f5698ffbd9},Microsoft-Windows-Sysmon,758,Process terminated (rule: ProcessTerminate),NT AUTHORITY,S-1-5-18,SYSTEM,User,3,,,,
"Apr 6, 2024 @ 11:01:35.495",7649c11b-3a00-4241-b375-20762f70ba8f,7ffeba03-3080-43c7-a167-2b63dd853127,terminusk9,terminusk9,filebeat,8.13.1,windows.sysmon_operational,default,logs,8.0.0,7ffeba03-3080-43c7-a167-2b63dd853127,FALSE,8.13.1,Process creation,verified,process,1,"Apr 6, 2024 @ 11:01:37.243",windows.sysmon_operational,"Apr 6, 2024 @ 11:01:46.000",event,windows,Microsoft-Windows-Sysmon,start,x86_64,terminusk9,2cb7582e-6ac9-4585-97cc-ae60502e4f16,"fe80::1754:ed5c:491b:5546, 10.0.2.15",08-00-27-BF-A9-3A,terminusk9,19045.2965,windows,10.0.19041.2965 (WinBuild.160101.0800),Windows 10 Home,Windows 10 Home,windows,windows,10,winlog,information,"Process Create:
RuleName: -
UtcTime: 2024-04-06 18:01:35.495
ProcessGuid: {2cb7582e-8dff-6611-5b01-000000000a00}
ProcessId: 5876
Image: C:\Windows\System32\Taskmgr.exe
FileVersion: 10.0.19041.1202 (WinBuild.160101.0800)
Description: Task Manager
Product: Microsoft® Windows® Operating System
Company: Microsoft Corporation
OriginalFileName: Taskmgr.exe
CommandLine: ""C:\Windows\system32\taskmgr.exe"" /7
CurrentDirectory: C:\Windows\system32\
User: TERMINUSK9\terminusk9
LogonGuid: {2cb7582e-8a87-6611-2bd8-0b0000000000}
LogonId: 0xBD82B
TerminalSessionId: 1
IntegrityLevel: Medium
Hashes: SHA256=4E305198F15BAFD5728B5FB8E7FF48D9F312399C744ECFEA0ECAC79D93C5E478
ParentProcessGuid: {2cb7582e-8a8a-6611-8f00-000000000a00}
ParentProcessId: 928
ParentImage: C:\Windows\explorer.exe
ParentCommandLine: C:\Windows\Explorer.EXE
ParentUser: TERMINUSK9\terminusk9","C:\Windows\system32\taskmgr.exe, /7",2,"""C:\Windows\system32\taskmgr.exe"" /7","""C:\Windows\system32\taskmgr.exe"" /7",{2cb7582e-8dff-6611-5b01-000000000a00},C:\Windows\System32\Taskmgr.exe,C:\Windows\System32\Taskmgr.exe,4e305198f15bafd5728b5fb8e7ff48d9f312399c744ecfea0ecac79d93c5e478,Taskmgr.exe,Taskmgr.exe,C:\Windows\Explorer.EXE,1,C:\Windows\Explorer.EXE,C:\Windows\Explorer.EXE,{2cb7582e-8a8a-6611-8f00-000000000a00},C:\Windows\explorer.exe,C:\Windows\explorer.exe,explorer.exe,explorer.exe,928,Microsoft Corporation,Task Manager,10.0.19041.1202 (WinBuild.160101.0800),Taskmgr.exe,Microsoft® Windows® Operating System,"5,876",C:\Windows\system32\,C:\Windows\system32\,4e305198f15bafd5728b5fb8e7ff48d9f312399c744ecfea0ecac79d93c5e478,terminusk9,TERMINUSK9,S-1-5-18,terminusk9,terminusk9,wineventlog,Microsoft-Windows-Sysmon/Operational,terminusk9,Microsoft Corporation,Task Manager,10.0.19041.1202 (WinBuild.160101.0800),Medium,{2cb7582e-8a87-6611-2bd8-0b0000000000},0xbd82b,TERMINUSK9\terminusk9,Microsoft® Windows® Operating System,1,1,Info,"3,228","3,820",{5770385f-c22a-43e0-bf4c-06f5698ffbd9},Microsoft-Windows-Sysmon,757,Process Create (rule: ProcessCreate),NT AUTHORITY,S-1-5-18,SYSTEM,User,5,,,,
"Apr 6, 2024 @ 11:01:34.541",7649c11b-3a00-4241-b375-20762f70ba8f,7ffeba03-3080-43c7-a167-2b63dd853127,terminusk9,terminusk9,filebeat,8.13.1,windows.sysmon_operational,default,logs,8.0.0,7ffeba03-3080-43c7-a167-2b63dd853127,FALSE,8.13.1,Process creation,verified,process,1,"Apr 6, 2024 @ 11:01:36.218",windows.sysmon_operational,"Apr 6, 2024 @ 11:01:46.000",event,windows,Microsoft-Windows-Sysmon,start,x86_64,terminusk9,2cb7582e-6ac9-4585-97cc-ae60502e4f16,"fe80::1754:ed5c:491b:5546, 10.0.2.15",08-00-27-BF-A9-3A,terminusk9,19045.2965,windows,10.0.19041.2965 (WinBuild.160101.0800),Windows 10 Home,Windows 10 Home,windows,windows,10,winlog,information,"Process Create:
RuleName: -
UtcTime: 2024-04-06 18:01:34.541
ProcessGuid: {2cb7582e-8dfe-6611-5a01-000000000a00}
ProcessId: 7012
Image: C:\Windows\System32\svchost.exe
FileVersion: 10.0.19041.1806 (WinBuild.160101.0800)
Description: Host Process for Windows Services
Product: Microsoft® Windows® Operating System
Company: Microsoft Corporation
OriginalFileName: svchost.exe
CommandLine: C:\Windows\system32\svchost.exe -k netsvcs -p -s wlidsvc
CurrentDirectory: C:\Windows\system32\
User: NT AUTHORITY\SYSTEM
LogonGuid: {2cb7582e-89ff-6611-e703-000000000000}
LogonId: 0x3E7
TerminalSessionId: 0
IntegrityLevel: System
Hashes: SHA256=ADD683A6910ABBBF0E28B557FAD0BA998166394932AE2ACA069D9AA19EA8FE88
ParentProcessGuid: {2cb7582e-89ff-6611-0b00-000000000a00}
ParentProcessId: 736
ParentImage: C:\Windows\System32\services.exe
ParentCommandLine: C:\Windows\system32\services.exe
ParentUser: NT AUTHORITY\SYSTEM","C:\Windows\system32\svchost.exe, -k, netsvcs, -p, -s, wlidsvc",6,C:\Windows\system32\svchost.exe -k netsvcs -p -s wlidsvc,C:\Windows\system32\svchost.exe -k netsvcs -p -s wlidsvc,{2cb7582e-8dfe-6611-5a01-000000000a00},C:\Windows\System32\svchost.exe,C:\Windows\System32\svchost.exe,add683a6910abbbf0e28b557fad0ba998166394932ae2aca069d9aa19ea8fe88,svchost.exe,svchost.exe,C:\Windows\system32\services.exe,1,C:\Windows\system32\services.exe,C:\Windows\system32\services.exe,{2cb7582e-89ff-6611-0b00-000000000a00},C:\Windows\System32\services.exe,C:\Windows\System32\services.exe,services.exe,services.exe,736,Microsoft Corporation,Host Process for Windows Services,10.0.19041.1806 (WinBuild.160101.0800),svchost.exe,Microsoft® Windows® Operating System,"7,012",C:\Windows\system32\,C:\Windows\system32\,add683a6910abbbf0e28b557fad0ba998166394932ae2aca069d9aa19ea8fe88,SYSTEM,NT AUTHORITY,S-1-5-18,SYSTEM,SYSTEM,wineventlog,Microsoft-Windows-Sysmon/Operational,terminusk9,Microsoft Corporation,Host Process for Windows Services,10.0.19041.1806 (WinBuild.160101.0800),System,{2cb7582e-89ff-6611-e703-000000000000},0x3e7,NT AUTHORITY\SYSTEM,Microsoft® Windows® Operating System,0,1,Info,"3,228","3,820",{5770385f-c22a-43e0-bf4c-06f5698ffbd9},Microsoft-Windows-Sysmon,756,Process Create (rule: ProcessCreate),NT AUTHORITY,S-1-5-18,SYSTEM,User,5,,,,
"Apr 6, 2024 @ 11:01:34.272",7649c11b-3a00-4241-b375-20762f70ba8f,7ffeba03-3080-43c7-a167-2b63dd853127,terminusk9,terminusk9,filebeat,8.13.1,windows.sysmon_operational,default,logs,8.0.0,7ffeba03-3080-43c7-a167-2b63dd853127,FALSE,8.13.1,Process creation,verified,process,1,"Apr 6, 2024 @ 11:01:36.218",windows.sysmon_operational,"Apr 6, 2024 @ 11:01:46.000",event,windows,Microsoft-Windows-Sysmon,start,x86_64,terminusk9,2cb7582e-6ac9-4585-97cc-ae60502e4f16,"fe80::1754:ed5c:491b:5546, 10.0.2.15",08-00-27-BF-A9-3A,terminusk9,19045.2965,windows,10.0.19041.2965 (WinBuild.160101.0800),Windows 10 Home,Windows 10 Home,windows,windows,10,winlog,information,"Process Create:
RuleName: -
UtcTime: 2024-04-06 18:01:34.272
ProcessGuid: {2cb7582e-8dfe-6611-5901-000000000a00}
ProcessId: 4276
Image: C:\Windows\System32\dllhost.exe
FileVersion: 10.0.19041.546 (WinBuild.160101.0800)
Description: COM Surrogate
Product: Microsoft® Windows® Operating System
Company: Microsoft Corporation
OriginalFileName: dllhost.exe
CommandLine: C:\Windows\system32\DllHost.exe /Processid:{AB8902B4-09CA-4BB6-B78D-A8F59079A8D5}
CurrentDirectory: C:\Windows\system32\
User: TERMINUSK9\terminusk9
LogonGuid: {2cb7582e-8a87-6611-2bd8-0b0000000000}
LogonId: 0xBD82B
TerminalSessionId: 1
IntegrityLevel: Medium
Hashes: SHA256=E7FC40B41AA8B83841A0B96D169EAF0800AA784733E636935374D56536253F10
ParentProcessGuid: {2cb7582e-8a00-6611-0d00-000000000a00}
ParentProcessId: 880
ParentImage: C:\Windows\System32\svchost.exe
ParentCommandLine: C:\Windows\system32\svchost.exe -k DcomLaunch -p
ParentUser: NT AUTHORITY\SYSTEM","C:\Windows\system32\DllHost.exe, /Processid:{AB8902B4-09CA-4BB6-B78D-A8F59079A8D5}",2,C:\Windows\system32\DllHost.exe /Processid:{AB8902B4-09CA-4BB6-B78D-A8F59079A8D5},C:\Windows\system32\DllHost.exe /Processid:{AB8902B4-09CA-4BB6-B78D-A8F59079A8D5},{2cb7582e-8dfe-6611-5901-000000000a00},C:\Windows\System32\dllhost.exe,C:\Windows\System32\dllhost.exe,e7fc40b41aa8b83841a0b96d169eaf0800aa784733e636935374d56536253f10,dllhost.exe,dllhost.exe,"C:\Windows\system32\svchost.exe, -k, DcomLaunch, -p",4,C:\Windows\system32\svchost.exe -k DcomLaunch -p,C:\Windows\system32\svchost.exe -k DcomLaunch -p,{2cb7582e-8a00-6611-0d00-000000000a00},C:\Windows\System32\svchost.exe,C:\Windows\System32\svchost.exe,svchost.exe,svchost.exe,880,Microsoft Corporation,COM Surrogate,10.0.19041.546 (WinBuild.160101.0800),dllhost.exe,Microsoft® Windows® Operating System,"4,276",C:\Windows\system32\,C:\Windows\system32\,e7fc40b41aa8b83841a0b96d169eaf0800aa784733e636935374d56536253f10,terminusk9,TERMINUSK9,S-1-5-18,terminusk9,terminusk9,wineventlog,Microsoft-Windows-Sysmon/Operational,terminusk9,Microsoft Corporation,COM Surrogate,10.0.19041.546 (WinBuild.160101.0800),Medium,{2cb7582e-8a87-6611-2bd8-0b0000000000},0xbd82b,NT AUTHORITY\SYSTEM,Microsoft® Windows® Operating System,1,1,Info,"3,228","3,820",{5770385f-c22a-43e0-bf4c-06f5698ffbd9},Microsoft-Windows-Sysmon,755,Process Create (rule: ProcessCreate),NT AUTHORITY,S-1-5-18,SYSTEM,User,5,,,,
"Apr 6, 2024 @ 11:01:19.673",7649c11b-3a00-4241-b375-20762f70ba8f,7ffeba03-3080-43c7-a167-2b63dd853127,terminusk9,terminusk9,filebeat,8.13.1,windows.sysmon_operational,default,logs,8.0.0,7ffeba03-3080-43c7-a167-2b63dd853127,FALSE,8.13.1,Process terminated,verified,process,5,"Apr 6, 2024 @ 11:01:19.969",windows.sysmon_operational,"Apr 6, 2024 @ 11:01:30.000",event,windows,Microsoft-Windows-Sysmon,end,x86_64,terminusk9,2cb7582e-6ac9-4585-97cc-ae60502e4f16,"fe80::1754:ed5c:491b:5546, 10.0.2.15",08-00-27-BF-A9-3A,terminusk9,19045.2965,windows,10.0.19041.2965 (WinBuild.160101.0800),Windows 10 Home,Windows 10 Home,windows,windows,10,winlog,information,"Process terminated:
RuleName: -
UtcTime: 2024-04-06 18:01:19.673
ProcessGuid: {2cb7582e-8bf3-6611-fb00-000000000a00}
ProcessId: 5696
Image: C:\Windows\System32\svchost.exe
User: NT AUTHORITY\SYSTEM",-,-,-,-,{2cb7582e-8bf3-6611-fb00-000000000a00},C:\Windows\System32\svchost.exe,C:\Windows\System32\svchost.exe,-,svchost.exe,svchost.exe,-,-,-,-,-,-,-,-,-,-,-,-,-,-,-,"5,696",-,-,-,SYSTEM,NT AUTHORITY,S-1-5-18,SYSTEM,SYSTEM,wineventlog,Microsoft-Windows-Sysmon/Operational,terminusk9,-,-,-,-,-,-,-,-,-,5,Info,"3,228","3,820",{5770385f-c22a-43e0-bf4c-06f5698ffbd9},Microsoft-Windows-Sysmon,754,Process terminated (rule: ProcessTerminate),NT AUTHORITY,S-1-5-18,SYSTEM,User,3,,,,
"Apr 6, 2024 @ 11:01:18.741",7649c11b-3a00-4241-b375-20762f70ba8f,7ffeba03-3080-43c7-a167-2b63dd853127,terminusk9,terminusk9,filebeat,8.13.1,windows.sysmon_operational,default,logs,8.0.0,7ffeba03-3080-43c7-a167-2b63dd853127,FALSE,8.13.1,Process creation,verified,process,1,"Apr 6, 2024 @ 11:01:19.969",windows.sysmon_operational,"Apr 6, 2024 @ 11:01:30.000",event,windows,Microsoft-Windows-Sysmon,start,x86_64,terminusk9,2cb7582e-6ac9-4585-97cc-ae60502e4f16,"fe80::1754:ed5c:491b:5546, 10.0.2.15",08-00-27-BF-A9-3A,terminusk9,19045.2965,windows,10.0.19041.2965 (WinBuild.160101.0800),Windows 10 Home,Windows 10 Home,windows,windows,10,winlog,information,"Process Create:
RuleName: -
UtcTime: 2024-04-06 18:01:18.741
ProcessGuid: {2cb7582e-8dee-6611-5801-000000000a00}
ProcessId: 7828
Image: C:\Program Files (x86)\Microsoft\Edge\Application\msedge.exe
FileVersion: 123.0.2420.81
Description: Microsoft Edge
Product: Microsoft Edge
Company: Microsoft Corporation
OriginalFileName: msedge.exe
CommandLine: ""C:\Program Files (x86)\Microsoft\Edge\Application\msedge.exe"" --type=utility --utility-sub-type=asset_store.mojom.AssetStoreService --lang=en-US --service-sandbox-type=asset_store_service --no-appcompat-clear --field-trial-handle=3928,i,2782784867307941259,14197069418319585625,262144 --variations-seed-version --mojo-platform-channel-handle=1456 /prefetch:8
CurrentDirectory: C:\Program Files (x86)\Microsoft\Edge\Application\123.0.2420.81\
User: TERMINUSK9\terminusk9
LogonGuid: {2cb7582e-8a87-6611-2bd8-0b0000000000}
LogonId: 0xBD82B
TerminalSessionId: 1
IntegrityLevel: Low
Hashes: SHA256=BB27DF3E3EF67746C4D2082E018A4F73067A80C0F126B0DAEE10F7CB7B2E16A8
ParentProcessGuid: {2cb7582e-8d3a-6611-3301-000000000a00}
ParentProcessId: 8712
ParentImage: C:\Program Files (x86)\Microsoft\Edge\Application\msedge.exe
ParentCommandLine: ""C:\Program Files (x86)\Microsoft\Edge\Application\msedge.exe"" --no-startup-window
ParentUser: TERMINUSK9\terminusk9","C:\Program Files (x86)\Microsoft\Edge\Application\msedge.exe, --type=utility, --utility-sub-type=asset_store.mojom.AssetStoreService, --lang=en-US, --service-sandbox-type=asset_store_service, --no-appcompat-clear, --field-trial-handle=3928,i,2782784867307941259,14197069418319585625,262144, --variations-seed-version, --mojo-platform-channel-handle=1456, /prefetch:8",10,"""C:\Program Files (x86)\Microsoft\Edge\Application\msedge.exe"" --type=utility --utility-sub-type=asset_store.mojom.AssetStoreService --lang=en-US --service-sandbox-type=asset_store_service --no-appcompat-clear --field-trial-handle=3928,i,2782784867307941259,14197069418319585625,262144 --variations-seed-version --mojo-platform-channel-handle=1456 /prefetch:8","""C:\Program Files (x86)\Microsoft\Edge\Application\msedge.exe"" --type=utility --utility-sub-type=asset_store.mojom.AssetStoreService --lang=en-US --service-sandbox-type=asset_store_service --no-appcompat-clear --field-trial-handle=3928,i,2782784867307941259,14197069418319585625,262144 --variations-seed-version --mojo-platform-channel-handle=1456 /prefetch:8",{2cb7582e-8dee-6611-5801-000000000a00},C:\Program Files (x86)\Microsoft\Edge\Application\msedge.exe,C:\Program Files (x86)\Microsoft\Edge\Application\msedge.exe,bb27df3e3ef67746c4d2082e018a4f73067a80c0f126b0daee10f7cb7b2e16a8,msedge.exe,msedge.exe,"C:\Program Files (x86)\Microsoft\Edge\Application\msedge.exe, --no-startup-window",2,"""C:\Program Files (x86)\Microsoft\Edge\Application\msedge.exe"" --no-startup-window","""C:\Program Files (x86)\Microsoft\Edge\Application\msedge.exe"" --no-startup-window",{2cb7582e-8d3a-6611-3301-000000000a00},C:\Program Files (x86)\Microsoft\Edge\Application\msedge.exe,C:\Program Files (x86)\Microsoft\Edge\Application\msedge.exe,msedge.exe,msedge.exe,"8,712",Microsoft Corporation,Microsoft Edge,123.0.2420.81,msedge.exe,Microsoft Edge,"7,828",C:\Program Files (x86)\Microsoft\Edge\Application\123.0.2420.81\,C:\Program Files (x86)\Microsoft\Edge\Application\123.0.2420.81\,bb27df3e3ef67746c4d2082e018a4f73067a80c0f126b0daee10f7cb7b2e16a8,terminusk9,TERMINUSK9,S-1-5-18,terminusk9,terminusk9,wineventlog,Microsoft-Windows-Sysmon/Operational,terminusk9,Microsoft Corporation,Microsoft Edge,123.0.2420.81,Low,{2cb7582e-8a87-6611-2bd8-0b0000000000},0xbd82b,TERMINUSK9\terminusk9,Microsoft Edge,1,1,Info,"3,228","3,820",{5770385f-c22a-43e0-bf4c-06f5698ffbd9},Microsoft-Windows-Sysmon,753,Process Create (rule: ProcessCreate),NT AUTHORITY,S-1-5-18,SYSTEM,User,5,,,,
"Apr 6, 2024 @ 11:01:09.172",7649c11b-3a00-4241-b375-20762f70ba8f,7ffeba03-3080-43c7-a167-2b63dd853127,terminusk9,terminusk9,filebeat,8.13.1,windows.sysmon_operational,default,logs,8.0.0,7ffeba03-3080-43c7-a167-2b63dd853127,FALSE,8.13.1,Process terminated,verified,process,5,"Apr 6, 2024 @ 11:01:10.848",windows.sysmon_operational,"Apr 6, 2024 @ 11:01:14.000",event,windows,Microsoft-Windows-Sysmon,end,x86_64,terminusk9,2cb7582e-6ac9-4585-97cc-ae60502e4f16,"fe80::1754:ed5c:491b:5546, 10.0.2.15",08-00-27-BF-A9-3A,terminusk9,19045.2965,windows,10.0.19041.2965 (WinBuild.160101.0800),Windows 10 Home,Windows 10 Home,windows,windows,10,winlog,information,"Process terminated:
RuleName: -
UtcTime: 2024-04-06 18:01:09.172
ProcessGuid: {2cb7582e-8dde-6611-5701-000000000a00}
ProcessId: 2620
Image: C:\Windows\System32\dllhost.exe
User: TERMINUSK9\terminusk9",-,-,-,-,{2cb7582e-8dde-6611-5701-000000000a00},C:\Windows\System32\dllhost.exe,C:\Windows\System32\dllhost.exe,-,dllhost.exe,dllhost.exe,-,-,-,-,-,-,-,-,-,-,-,-,-,-,-,"2,620",-,-,-,terminusk9,TERMINUSK9,S-1-5-18,terminusk9,terminusk9,wineventlog,Microsoft-Windows-Sysmon/Operational,terminusk9,-,-,-,-,-,-,-,-,-,5,Info,"3,228","3,820",{5770385f-c22a-43e0-bf4c-06f5698ffbd9},Microsoft-Windows-Sysmon,752,Process terminated (rule: ProcessTerminate),NT AUTHORITY,S-1-5-18,SYSTEM,User,3,,,,
"Apr 6, 2024 @ 11:01:02.167",7649c11b-3a00-4241-b375-20762f70ba8f,7ffeba03-3080-43c7-a167-2b63dd853127,terminusk9,terminusk9,filebeat,8.13.1,windows.sysmon_operational,default,logs,8.0.0,7ffeba03-3080-43c7-a167-2b63dd853127,FALSE,8.13.1,Process creation,verified,process,1,"Apr 6, 2024 @ 11:01:03.722",windows.sysmon_operational,"Apr 6, 2024 @ 11:01:14.000",event,windows,Microsoft-Windows-Sysmon,start,x86_64,terminusk9,2cb7582e-6ac9-4585-97cc-ae60502e4f16,"fe80::1754:ed5c:491b:5546, 10.0.2.15",08-00-27-BF-A9-3A,terminusk9,19045.2965,windows,10.0.19041.2965 (WinBuild.160101.0800),Windows 10 Home,Windows 10 Home,windows,windows,10,winlog,information,"Process Create:
RuleName: -
UtcTime: 2024-04-06 18:01:02.167
ProcessGuid: {2cb7582e-8dde-6611-5701-000000000a00}
ProcessId: 2620
Image: C:\Windows\System32\dllhost.exe
FileVersion: 10.0.19041.546 (WinBuild.160101.0800)
Description: COM Surrogate
Product: Microsoft® Windows® Operating System
Company: Microsoft Corporation
OriginalFileName: dllhost.exe
CommandLine: C:\Windows\system32\DllHost.exe /Processid:{AB8902B4-09CA-4BB6-B78D-A8F59079A8D5}
CurrentDirectory: C:\Windows\system32\
User: TERMINUSK9\terminusk9
LogonGuid: {2cb7582e-8a87-6611-2bd8-0b0000000000}
LogonId: 0xBD82B
TerminalSessionId: 1
IntegrityLevel: Medium
Hashes: SHA256=E7FC40B41AA8B83841A0B96D169EAF0800AA784733E636935374D56536253F10
ParentProcessGuid: {2cb7582e-8a00-6611-0d00-000000000a00}
ParentProcessId: 880
ParentImage: C:\Windows\System32\svchost.exe
ParentCommandLine: C:\Windows\system32\svchost.exe -k DcomLaunch -p
ParentUser: NT AUTHORITY\SYSTEM","C:\Windows\system32\DllHost.exe, /Processid:{AB8902B4-09CA-4BB6-B78D-A8F59079A8D5}",2,C:\Windows\system32\DllHost.exe /Processid:{AB8902B4-09CA-4BB6-B78D-A8F59079A8D5},C:\Windows\system32\DllHost.exe /Processid:{AB8902B4-09CA-4BB6-B78D-A8F59079A8D5},{2cb7582e-8dde-6611-5701-000000000a00},C:\Windows\System32\dllhost.exe,C:\Windows\System32\dllhost.exe,e7fc40b41aa8b83841a0b96d169eaf0800aa784733e636935374d56536253f10,dllhost.exe,dllhost.exe,"C:\Windows\system32\svchost.exe, -k, DcomLaunch, -p",4,C:\Windows\system32\svchost.exe -k DcomLaunch -p,C:\Windows\system32\svchost.exe -k DcomLaunch -p,{2cb7582e-8a00-6611-0d00-000000000a00},C:\Windows\System32\svchost.exe,C:\Windows\System32\svchost.exe,svchost.exe,svchost.exe,880,Microsoft Corporation,COM Surrogate,10.0.19041.546 (WinBuild.160101.0800),dllhost.exe,Microsoft® Windows® Operating System,"2,620",C:\Windows\system32\,C:\Windows\system32\,e7fc40b41aa8b83841a0b96d169eaf0800aa784733e636935374d56536253f10,terminusk9,TERMINUSK9,S-1-5-18,terminusk9,terminusk9,wineventlog,Microsoft-Windows-Sysmon/Operational,terminusk9,Microsoft Corporation,COM Surrogate,10.0.19041.546 (WinBuild.160101.0800),Medium,{2cb7582e-8a87-6611-2bd8-0b0000000000},0xbd82b,NT AUTHORITY\SYSTEM,Microsoft® Windows® Operating System,1,1,Info,"3,228","3,820",{5770385f-c22a-43e0-bf4c-06f5698ffbd9},Microsoft-Windows-Sysmon,751,Process Create (rule: ProcessCreate),NT AUTHORITY,S-1-5-18,SYSTEM,User,5,,,,
"Apr 6, 2024 @ 11:00:29.767",7649c11b-3a00-4241-b375-20762f70ba8f,7ffeba03-3080-43c7-a167-2b63dd853127,terminusk9,terminusk9,filebeat,8.13.1,windows.sysmon_operational,default,logs,8.0.0,7ffeba03-3080-43c7-a167-2b63dd853127,FALSE,8.13.1,Process terminated,verified,process,5,"Apr 6, 2024 @ 11:00:31.245",windows.sysmon_operational,"Apr 6, 2024 @ 11:00:41.000",event,windows,Microsoft-Windows-Sysmon,end,x86_64,terminusk9,2cb7582e-6ac9-4585-97cc-ae60502e4f16,"fe80::1754:ed5c:491b:5546, 10.0.2.15",08-00-27-BF-A9-3A,terminusk9,19045.2965,windows,10.0.19041.2965 (WinBuild.160101.0800),Windows 10 Home,Windows 10 Home,windows,windows,10,winlog,information,"Process terminated:
RuleName: -
UtcTime: 2024-04-06 18:00:29.767
ProcessGuid: {2cb7582e-8db6-6611-5601-000000000a00}
ProcessId: 5312
Image: C:\Windows\System32\dllhost.exe
User: TERMINUSK9\terminusk9",-,-,-,-,{2cb7582e-8db6-6611-5601-000000000a00},C:\Windows\System32\dllhost.exe,C:\Windows\System32\dllhost.exe,-,dllhost.exe,dllhost.exe,-,-,-,-,-,-,-,-,-,-,-,-,-,-,-,"5,312",-,-,-,terminusk9,TERMINUSK9,S-1-5-18,terminusk9,terminusk9,wineventlog,Microsoft-Windows-Sysmon/Operational,terminusk9,-,-,-,-,-,-,-,-,-,5,Info,"3,228","3,820",{5770385f-c22a-43e0-bf4c-06f5698ffbd9},Microsoft-Windows-Sysmon,750,Process terminated (rule: ProcessTerminate),NT AUTHORITY,S-1-5-18,SYSTEM,User,3,,,,
"Apr 6, 2024 @ 11:00:22.406",7649c11b-3a00-4241-b375-20762f70ba8f,7ffeba03-3080-43c7-a167-2b63dd853127,terminusk9,terminusk9,filebeat,8.13.1,windows.sysmon_operational,default,logs,8.0.0,7ffeba03-3080-43c7-a167-2b63dd853127,FALSE,8.13.1,Process creation,verified,process,1,"Apr 6, 2024 @ 11:00:24.160",windows.sysmon_operational,"Apr 6, 2024 @ 11:00:30.000",event,windows,Microsoft-Windows-Sysmon,start,x86_64,terminusk9,2cb7582e-6ac9-4585-97cc-ae60502e4f16,"fe80::1754:ed5c:491b:5546, 10.0.2.15",08-00-27-BF-A9-3A,terminusk9,19045.2965,windows,10.0.19041.2965 (WinBuild.160101.0800),Windows 10 Home,Windows 10 Home,windows,windows,10,winlog,information,"Process Create:
RuleName: -
UtcTime: 2024-04-06 18:00:22.406
ProcessGuid: {2cb7582e-8db6-6611-5601-000000000a00}
ProcessId: 5312
Image: C:\Windows\System32\dllhost.exe
FileVersion: 10.0.19041.546 (WinBuild.160101.0800)
Description: COM Surrogate
Product: Microsoft® Windows® Operating System
Company: Microsoft Corporation
OriginalFileName: dllhost.exe
CommandLine: C:\Windows\system32\DllHost.exe /Processid:{AB8902B4-09CA-4BB6-B78D-A8F59079A8D5}
CurrentDirectory: C:\Windows\system32\
User: TERMINUSK9\terminusk9
LogonGuid: {2cb7582e-8a87-6611-2bd8-0b0000000000}
LogonId: 0xBD82B
TerminalSessionId: 1
IntegrityLevel: Medium
Hashes: SHA256=E7FC40B41AA8B83841A0B96D169EAF0800AA784733E636935374D56536253F10
ParentProcessGuid: {2cb7582e-8a00-6611-0d00-000000000a00}
ParentProcessId: 880
ParentImage: C:\Windows\System32\svchost.exe
ParentCommandLine: C:\Windows\system32\svchost.exe -k DcomLaunch -p
ParentUser: NT AUTHORITY\SYSTEM","C:\Windows\system32\DllHost.exe, /Processid:{AB8902B4-09CA-4BB6-B78D-A8F59079A8D5}",2,C:\Windows\system32\DllHost.exe /Processid:{AB8902B4-09CA-4BB6-B78D-A8F59079A8D5},C:\Windows\system32\DllHost.exe /Processid:{AB8902B4-09CA-4BB6-B78D-A8F59079A8D5},{2cb7582e-8db6-6611-5601-000000000a00},C:\Windows\System32\dllhost.exe,C:\Windows\System32\dllhost.exe,e7fc40b41aa8b83841a0b96d169eaf0800aa784733e636935374d56536253f10,dllhost.exe,dllhost.exe,"C:\Windows\system32\svchost.exe, -k, DcomLaunch, -p",4,C:\Windows\system32\svchost.exe -k DcomLaunch -p,C:\Windows\system32\svchost.exe -k DcomLaunch -p,{2cb7582e-8a00-6611-0d00-000000000a00},C:\Windows\System32\svchost.exe,C:\Windows\System32\svchost.exe,svchost.exe,svchost.exe,880,Microsoft Corporation,COM Surrogate,10.0.19041.546 (WinBuild.160101.0800),dllhost.exe,Microsoft® Windows® Operating System,"5,312",C:\Windows\system32\,C:\Windows\system32\,e7fc40b41aa8b83841a0b96d169eaf0800aa784733e636935374d56536253f10,terminusk9,TERMINUSK9,S-1-5-18,terminusk9,terminusk9,wineventlog,Microsoft-Windows-Sysmon/Operational,terminusk9,Microsoft Corporation,COM Surrogate,10.0.19041.546 (WinBuild.160101.0800),Medium,{2cb7582e-8a87-6611-2bd8-0b0000000000},0xbd82b,NT AUTHORITY\SYSTEM,Microsoft® Windows® Operating System,1,1,Info,"3,228","3,820",{5770385f-c22a-43e0-bf4c-06f5698ffbd9},Microsoft-Windows-Sysmon,749,Process Create (rule: ProcessCreate),NT AUTHORITY,S-1-5-18,SYSTEM,User,5,,,,
"Apr 6, 2024 @ 11:00:22.335",7649c11b-3a00-4241-b375-20762f70ba8f,7ffeba03-3080-43c7-a167-2b63dd853127,terminusk9,terminusk9,filebeat,8.13.1,windows.sysmon_operational,default,logs,8.0.0,7ffeba03-3080-43c7-a167-2b63dd853127,FALSE,8.13.1,Process creation,verified,process,1,"Apr 6, 2024 @ 11:00:24.160",windows.sysmon_operational,"Apr 6, 2024 @ 11:00:30.000",event,windows,Microsoft-Windows-Sysmon,start,x86_64,terminusk9,2cb7582e-6ac9-4585-97cc-ae60502e4f16,"fe80::1754:ed5c:491b:5546, 10.0.2.15",08-00-27-BF-A9-3A,terminusk9,19045.2965,windows,10.0.19041.2965 (WinBuild.160101.0800),Windows 10 Home,Windows 10 Home,windows,windows,10,winlog,information,"Process Create:
RuleName: -
UtcTime: 2024-04-06 18:00:22.335
ProcessGuid: {2cb7582e-8db6-6611-5501-000000000a00}
ProcessId: 5404
Image: C:\Windows\System32\SearchFilterHost.exe
FileVersion: 7.0.19041.2673 (WinBuild.160101.0800)
Description: Microsoft Windows Search Filter Host
Product: Windows® Search
Company: Microsoft Corporation
OriginalFileName: SearchFilterHost.exe
CommandLine: ""C:\Windows\system32\SearchFilterHost.exe"" 0 804 808 816 8192 812 788 
CurrentDirectory: C:\Windows\system32\
User: NT AUTHORITY\SYSTEM
LogonGuid: {2cb7582e-89ff-6611-e703-000000000000}
LogonId: 0x3E7
TerminalSessionId: 0
IntegrityLevel: Medium
Hashes: SHA256=289E599C32D569A4F5993B2E0D78F07415B8B32AC8B31B9D35EB63BBEAE45D55
ParentProcessGuid: {2cb7582e-8a92-6611-a800-000000000a00}
ParentProcessId: 6276
ParentImage: C:\Windows\System32\SearchIndexer.exe
ParentCommandLine: C:\Windows\system32\SearchIndexer.exe /Embedding
ParentUser: NT AUTHORITY\SYSTEM","C:\Windows\system32\SearchFilterHost.exe, 0, 804, 808, 816, 8192, 812, 788",8,"""C:\Windows\system32\SearchFilterHost.exe"" 0 804 808 816 8192 812 788 ","""C:\Windows\system32\SearchFilterHost.exe"" 0 804 808 816 8192 812 788 ",{2cb7582e-8db6-6611-5501-000000000a00},C:\Windows\System32\SearchFilterHost.exe,C:\Windows\System32\SearchFilterHost.exe,289e599c32d569a4f5993b2e0d78f07415b8b32ac8b31b9d35eb63bbeae45d55,SearchFilterHost.exe,SearchFilterHost.exe,"C:\Windows\system32\SearchIndexer.exe, /Embedding",2,C:\Windows\system32\SearchIndexer.exe /Embedding,C:\Windows\system32\SearchIndexer.exe /Embedding,{2cb7582e-8a92-6611-a800-000000000a00},C:\Windows\System32\SearchIndexer.exe,C:\Windows\System32\SearchIndexer.exe,SearchIndexer.exe,SearchIndexer.exe,"6,276",Microsoft Corporation,Microsoft Windows Search Filter Host,7.0.19041.2673 (WinBuild.160101.0800),SearchFilterHost.exe,Windows® Search,"5,404",C:\Windows\system32\,C:\Windows\system32\,289e599c32d569a4f5993b2e0d78f07415b8b32ac8b31b9d35eb63bbeae45d55,SYSTEM,NT AUTHORITY,S-1-5-18,SYSTEM,SYSTEM,wineventlog,Microsoft-Windows-Sysmon/Operational,terminusk9,Microsoft Corporation,Microsoft Windows Search Filter Host,7.0.19041.2673 (WinBuild.160101.0800),Medium,{2cb7582e-89ff-6611-e703-000000000000},0x3e7,NT AUTHORITY\SYSTEM,Windows® Search,0,1,Info,"3,228","3,820",{5770385f-c22a-43e0-bf4c-06f5698ffbd9},Microsoft-Windows-Sysmon,748,Process Create (rule: ProcessCreate),NT AUTHORITY,S-1-5-18,SYSTEM,User,5,,,,
"Apr 6, 2024 @ 11:00:18.712",7649c11b-3a00-4241-b375-20762f70ba8f,7ffeba03-3080-43c7-a167-2b63dd853127,terminusk9,terminusk9,filebeat,8.13.1,windows.sysmon_operational,default,logs,8.0.0,7ffeba03-3080-43c7-a167-2b63dd853127,FALSE,8.13.1,Process terminated,verified,process,5,"Apr 6, 2024 @ 11:00:20.130",windows.sysmon_operational,"Apr 6, 2024 @ 11:00:30.000",event,windows,Microsoft-Windows-Sysmon,end,x86_64,terminusk9,2cb7582e-6ac9-4585-97cc-ae60502e4f16,"fe80::1754:ed5c:491b:5546, 10.0.2.15",08-00-27-BF-A9-3A,terminusk9,19045.2965,windows,10.0.19041.2965 (WinBuild.160101.0800),Windows 10 Home,Windows 10 Home,windows,windows,10,winlog,information,"Process terminated:
RuleName: -
UtcTime: 2024-04-06 18:00:18.712
ProcessGuid: {2cb7582e-8db2-6611-5401-000000000a00}
ProcessId: 3436
Image: C:\Program Files (x86)\Microsoft\Edge\Application\msedge.exe
User: TERMINUSK9\terminusk9",-,-,-,-,{2cb7582e-8db2-6611-5401-000000000a00},C:\Program Files (x86)\Microsoft\Edge\Application\msedge.exe,C:\Program Files (x86)\Microsoft\Edge\Application\msedge.exe,-,msedge.exe,msedge.exe,-,-,-,-,-,-,-,-,-,-,-,-,-,-,-,"3,436",-,-,-,terminusk9,TERMINUSK9,S-1-5-18,terminusk9,terminusk9,wineventlog,Microsoft-Windows-Sysmon/Operational,terminusk9,-,-,-,-,-,-,-,-,-,5,Info,"3,228","3,820",{5770385f-c22a-43e0-bf4c-06f5698ffbd9},Microsoft-Windows-Sysmon,747,Process terminated (rule: ProcessTerminate),NT AUTHORITY,S-1-5-18,SYSTEM,User,3,,,,
