"Apr 6, 2024 @ 10:58:19.241",7649c11b-3a00-4241-b375-20762f70ba8f,7ffeba03-3080-43c7-a167-2b63dd853127,terminusk9,terminusk9,filebeat,8.13.1,windows.sysmon_operational,default,logs,8.0.0,7ffeba03-3080-43c7-a167-2b63dd853127,FALSE,8.13.1,Process creation,verified,process,1,"Apr 6, 2024 @ 10:58:20.291",windows.sysmon_operational,"Apr 6, 2024 @ 10:58:22.000",event,windows,Microsoft-Windows-Sysmon,start,x86_64,terminusk9,2cb7582e-6ac9-4585-97cc-ae60502e4f16,"fe80::1754:ed5c:491b:5546, 10.0.2.15",08-00-27-BF-A9-3A,terminusk9,19045.2965,windows,10.0.19041.2965 (WinBuild.160101.0800),Windows 10 Home,Windows 10 Home,windows,windows,10,winlog,information,"Process Create:
RuleName: -
UtcTime: 2024-04-06 17:58:19.241
ProcessGuid: {2cb7582e-8d3b-6611-4501-000000000a00}
ProcessId: 5612
Image: C:\Program Files (x86)\Microsoft\Edge\Application\msedge.exe
FileVersion: 123.0.2420.81
Description: Microsoft Edge
Product: Microsoft Edge
Company: Microsoft Corporation
OriginalFileName: msedge.exe
CommandLine: ""C:\Program Files (x86)\Microsoft\Edge\Application\msedge.exe"" --type=utility --utility-sub-type=data_decoder.mojom.DataDecoderService --lang=en-US --service-sandbox-type=service --no-appcompat-clear --field-trial-handle=5448,i,2782784867307941259,14197069418319585625,262144 --variations-seed-version --mojo-platform-channel-handle=5612 /prefetch:8
CurrentDirectory: C:\Program Files (x86)\Microsoft\Edge\Application\123.0.2420.81\
User: TERMINUSK9\terminusk9
LogonGuid: {2cb7582e-8a87-6611-2bd8-0b0000000000}
LogonId: 0xBD82B
TerminalSessionId: 1
IntegrityLevel: Low
Hashes: SHA256=BB27DF3E3EF67746C4D2082E018A4F73067A80C0F126B0DAEE10F7CB7B2E16A8
ParentProcessGuid: {2cb7582e-8d3a-6611-3301-000000000a00}
ParentProcessId: 8712
ParentImage: C:\Program Files (x86)\Microsoft\Edge\Application\msedge.exe
ParentCommandLine: ""C:\Program Files (x86)\Microsoft\Edge\Application\msedge.exe"" --no-startup-window
ParentUser: TERMINUSK9\terminusk9","C:\Program Files (x86)\Microsoft\Edge\Application\msedge.exe, --type=utility, --utility-sub-type=data_decoder.mojom.DataDecoderService, --lang=en-US, --service-sandbox-type=service, --no-appcompat-clear, --field-trial-handle=5448,i,2782784867307941259,14197069418319585625,262144, --variations-seed-version, --mojo-platform-channel-handle=5612, /prefetch:8",10,"""C:\Program Files (x86)\Microsoft\Edge\Application\msedge.exe"" --type=utility --utility-sub-type=data_decoder.mojom.DataDecoderService --lang=en-US --service-sandbox-type=service --no-appcompat-clear --field-trial-handle=5448,i,2782784867307941259,14197069418319585625,262144 --variations-seed-version --mojo-platform-channel-handle=5612 /prefetch:8","""C:\Program Files (x86)\Microsoft\Edge\Application\msedge.exe"" --type=utility --utility-sub-type=data_decoder.mojom.DataDecoderService --lang=en-US --service-sandbox-type=service --no-appcompat-clear --field-trial-handle=5448,i,2782784867307941259,14197069418319585625,262144 --variations-seed-version --mojo-platform-channel-handle=5612 /prefetch:8",{2cb7582e-8d3b-6611-4501-000000000a00},C:\Program Files (x86)\Microsoft\Edge\Application\msedge.exe,C:\Program Files (x86)\Microsoft\Edge\Application\msedge.exe,bb27df3e3ef67746c4d2082e018a4f73067a80c0f126b0daee10f7cb7b2e16a8,msedge.exe,msedge.exe,"C:\Program Files (x86)\Microsoft\Edge\Application\msedge.exe, --no-startup-window",2,"""C:\Program Files (x86)\Microsoft\Edge\Application\msedge.exe"" --no-startup-window","""C:\Program Files (x86)\Microsoft\Edge\Application\msedge.exe"" --no-startup-window",{2cb7582e-8d3a-6611-3301-000000000a00},C:\Program Files (x86)\Microsoft\Edge\Application\msedge.exe,C:\Program Files (x86)\Microsoft\Edge\Application\msedge.exe,msedge.exe,msedge.exe,"8,712",Microsoft Corporation,Microsoft Edge,123.0.2420.81,msedge.exe,Microsoft Edge,"5,612",C:\Program Files (x86)\Microsoft\Edge\Application\123.0.2420.81\,C:\Program Files (x86)\Microsoft\Edge\Application\123.0.2420.81\,bb27df3e3ef67746c4d2082e018a4f73067a80c0f126b0daee10f7cb7b2e16a8,terminusk9,TERMINUSK9,S-1-5-18,terminusk9,terminusk9,wineventlog,Microsoft-Windows-Sysmon/Operational,terminusk9,Microsoft Corporation,Microsoft Edge,123.0.2420.81,Low,{2cb7582e-8a87-6611-2bd8-0b0000000000},0xbd82b,TERMINUSK9\terminusk9,Microsoft Edge,1,1,Info,"3,228","3,820",{5770385f-c22a-43e0-bf4c-06f5698ffbd9},Microsoft-Windows-Sysmon,707,Process Create (rule: ProcessCreate),NT AUTHORITY,S-1-5-18,SYSTEM,User,5,,,,
"Apr 6, 2024 @ 10:58:19.232",7649c11b-3a00-4241-b375-20762f70ba8f,7ffeba03-3080-43c7-a167-2b63dd853127,terminusk9,terminusk9,filebeat,8.13.1,windows.sysmon_operational,default,logs,8.0.0,7ffeba03-3080-43c7-a167-2b63dd853127,FALSE,8.13.1,Process creation,verified,process,1,"Apr 6, 2024 @ 10:58:20.291",windows.sysmon_operational,"Apr 6, 2024 @ 10:58:22.000",event,windows,Microsoft-Windows-Sysmon,start,x86_64,terminusk9,2cb7582e-6ac9-4585-97cc-ae60502e4f16,"fe80::1754:ed5c:491b:5546, 10.0.2.15",08-00-27-BF-A9-3A,terminusk9,19045.2965,windows,10.0.19041.2965 (WinBuild.160101.0800),Windows 10 Home,Windows 10 Home,windows,windows,10,winlog,information,"Process Create:
RuleName: -
UtcTime: 2024-04-06 17:58:19.232
ProcessGuid: {2cb7582e-8d3b-6611-4401-000000000a00}
ProcessId: 6284
Image: C:\Program Files (x86)\Microsoft\Edge\Application\msedge.exe
FileVersion: 123.0.2420.81
Description: Microsoft Edge
Product: Microsoft Edge
Company: Microsoft Corporation
OriginalFileName: msedge.exe
CommandLine: ""C:\Program Files (x86)\Microsoft\Edge\Application\msedge.exe"" --type=utility --utility-sub-type=data_decoder.mojom.DataDecoderService --lang=en-US --service-sandbox-type=service --no-appcompat-clear --field-trial-handle=5416,i,2782784867307941259,14197069418319585625,262144 --variations-seed-version --mojo-platform-channel-handle=5568 /prefetch:8
CurrentDirectory: C:\Program Files (x86)\Microsoft\Edge\Application\123.0.2420.81\
User: TERMINUSK9\terminusk9
LogonGuid: {2cb7582e-8a87-6611-2bd8-0b0000000000}
LogonId: 0xBD82B
TerminalSessionId: 1
IntegrityLevel: Low
Hashes: SHA256=BB27DF3E3EF67746C4D2082E018A4F73067A80C0F126B0DAEE10F7CB7B2E16A8
ParentProcessGuid: {2cb7582e-8d3a-6611-3301-000000000a00}
ParentProcessId: 8712
ParentImage: C:\Program Files (x86)\Microsoft\Edge\Application\msedge.exe
ParentCommandLine: ""C:\Program Files (x86)\Microsoft\Edge\Application\msedge.exe"" --no-startup-window
ParentUser: TERMINUSK9\terminusk9","C:\Program Files (x86)\Microsoft\Edge\Application\msedge.exe, --type=utility, --utility-sub-type=data_decoder.mojom.DataDecoderService, --lang=en-US, --service-sandbox-type=service, --no-appcompat-clear, --field-trial-handle=5416,i,2782784867307941259,14197069418319585625,262144, --variations-seed-version, --mojo-platform-channel-handle=5568, /prefetch:8",10,"""C:\Program Files (x86)\Microsoft\Edge\Application\msedge.exe"" --type=utility --utility-sub-type=data_decoder.mojom.DataDecoderService --lang=en-US --service-sandbox-type=service --no-appcompat-clear --field-trial-handle=5416,i,2782784867307941259,14197069418319585625,262144 --variations-seed-version --mojo-platform-channel-handle=5568 /prefetch:8","""C:\Program Files (x86)\Microsoft\Edge\Application\msedge.exe"" --type=utility --utility-sub-type=data_decoder.mojom.DataDecoderService --lang=en-US --service-sandbox-type=service --no-appcompat-clear --field-trial-handle=5416,i,2782784867307941259,14197069418319585625,262144 --variations-seed-version --mojo-platform-channel-handle=5568 /prefetch:8",{2cb7582e-8d3b-6611-4401-000000000a00},C:\Program Files (x86)\Microsoft\Edge\Application\msedge.exe,C:\Program Files (x86)\Microsoft\Edge\Application\msedge.exe,bb27df3e3ef67746c4d2082e018a4f73067a80c0f126b0daee10f7cb7b2e16a8,msedge.exe,msedge.exe,"C:\Program Files (x86)\Microsoft\Edge\Application\msedge.exe, --no-startup-window",2,"""C:\Program Files (x86)\Microsoft\Edge\Application\msedge.exe"" --no-startup-window","""C:\Program Files (x86)\Microsoft\Edge\Application\msedge.exe"" --no-startup-window",{2cb7582e-8d3a-6611-3301-000000000a00},C:\Program Files (x86)\Microsoft\Edge\Application\msedge.exe,C:\Program Files (x86)\Microsoft\Edge\Application\msedge.exe,msedge.exe,msedge.exe,"8,712",Microsoft Corporation,Microsoft Edge,123.0.2420.81,msedge.exe,Microsoft Edge,"6,284",C:\Program Files (x86)\Microsoft\Edge\Application\123.0.2420.81\,C:\Program Files (x86)\Microsoft\Edge\Application\123.0.2420.81\,bb27df3e3ef67746c4d2082e018a4f73067a80c0f126b0daee10f7cb7b2e16a8,terminusk9,TERMINUSK9,S-1-5-18,terminusk9,terminusk9,wineventlog,Microsoft-Windows-Sysmon/Operational,terminusk9,Microsoft Corporation,Microsoft Edge,123.0.2420.81,Low,{2cb7582e-8a87-6611-2bd8-0b0000000000},0xbd82b,TERMINUSK9\terminusk9,Microsoft Edge,1,1,Info,"3,228","3,820",{5770385f-c22a-43e0-bf4c-06f5698ffbd9},Microsoft-Windows-Sysmon,706,Process Create (rule: ProcessCreate),NT AUTHORITY,S-1-5-18,SYSTEM,User,5,,,,
"Apr 6, 2024 @ 10:58:19.224",7649c11b-3a00-4241-b375-20762f70ba8f,7ffeba03-3080-43c7-a167-2b63dd853127,terminusk9,terminusk9,filebeat,8.13.1,windows.sysmon_operational,default,logs,8.0.0,7ffeba03-3080-43c7-a167-2b63dd853127,FALSE,8.13.1,Process creation,verified,process,1,"Apr 6, 2024 @ 10:58:20.291",windows.sysmon_operational,"Apr 6, 2024 @ 10:58:22.000",event,windows,Microsoft-Windows-Sysmon,start,x86_64,terminusk9,2cb7582e-6ac9-4585-97cc-ae60502e4f16,"fe80::1754:ed5c:491b:5546, 10.0.2.15",08-00-27-BF-A9-3A,terminusk9,19045.2965,windows,10.0.19041.2965 (WinBuild.160101.0800),Windows 10 Home,Windows 10 Home,windows,windows,10,winlog,information,"Process Create:
RuleName: -
UtcTime: 2024-04-06 17:58:19.224
ProcessGuid: {2cb7582e-8d3b-6611-4301-000000000a00}
ProcessId: 7572
Image: C:\Program Files (x86)\Microsoft\Edge\Application\msedge.exe
FileVersion: 123.0.2420.81
Description: Microsoft Edge
Product: Microsoft Edge
Company: Microsoft Corporation
OriginalFileName: msedge.exe
CommandLine: ""C:\Program Files (x86)\Microsoft\Edge\Application\msedge.exe"" --type=utility --utility-sub-type=data_decoder.mojom.DataDecoderService --lang=en-US --service-sandbox-type=service --no-appcompat-clear --field-trial-handle=4712,i,2782784867307941259,14197069418319585625,262144 --variations-seed-version --mojo-platform-channel-handle=5424 /prefetch:8
CurrentDirectory: C:\Program Files (x86)\Microsoft\Edge\Application\123.0.2420.81\
User: TERMINUSK9\terminusk9
LogonGuid: {2cb7582e-8a87-6611-2bd8-0b0000000000}
LogonId: 0xBD82B
TerminalSessionId: 1
IntegrityLevel: Low
Hashes: SHA256=BB27DF3E3EF67746C4D2082E018A4F73067A80C0F126B0DAEE10F7CB7B2E16A8
ParentProcessGuid: {2cb7582e-8d3a-6611-3301-000000000a00}
ParentProcessId: 8712
ParentImage: C:\Program Files (x86)\Microsoft\Edge\Application\msedge.exe
ParentCommandLine: ""C:\Program Files (x86)\Microsoft\Edge\Application\msedge.exe"" --no-startup-window
ParentUser: TERMINUSK9\terminusk9","C:\Program Files (x86)\Microsoft\Edge\Application\msedge.exe, --type=utility, --utility-sub-type=data_decoder.mojom.DataDecoderService, --lang=en-US, --service-sandbox-type=service, --no-appcompat-clear, --field-trial-handle=4712,i,2782784867307941259,14197069418319585625,262144, --variations-seed-version, --mojo-platform-channel-handle=5424, /prefetch:8",10,"""C:\Program Files (x86)\Microsoft\Edge\Application\msedge.exe"" --type=utility --utility-sub-type=data_decoder.mojom.DataDecoderService --lang=en-US --service-sandbox-type=service --no-appcompat-clear --field-trial-handle=4712,i,2782784867307941259,14197069418319585625,262144 --variations-seed-version --mojo-platform-channel-handle=5424 /prefetch:8","""C:\Program Files (x86)\Microsoft\Edge\Application\msedge.exe"" --type=utility --utility-sub-type=data_decoder.mojom.DataDecoderService --lang=en-US --service-sandbox-type=service --no-appcompat-clear --field-trial-handle=4712,i,2782784867307941259,14197069418319585625,262144 --variations-seed-version --mojo-platform-channel-handle=5424 /prefetch:8",{2cb7582e-8d3b-6611-4301-000000000a00},C:\Program Files (x86)\Microsoft\Edge\Application\msedge.exe,C:\Program Files (x86)\Microsoft\Edge\Application\msedge.exe,bb27df3e3ef67746c4d2082e018a4f73067a80c0f126b0daee10f7cb7b2e16a8,msedge.exe,msedge.exe,"C:\Program Files (x86)\Microsoft\Edge\Application\msedge.exe, --no-startup-window",2,"""C:\Program Files (x86)\Microsoft\Edge\Application\msedge.exe"" --no-startup-window","""C:\Program Files (x86)\Microsoft\Edge\Application\msedge.exe"" --no-startup-window",{2cb7582e-8d3a-6611-3301-000000000a00},C:\Program Files (x86)\Microsoft\Edge\Application\msedge.exe,C:\Program Files (x86)\Microsoft\Edge\Application\msedge.exe,msedge.exe,msedge.exe,"8,712",Microsoft Corporation,Microsoft Edge,123.0.2420.81,msedge.exe,Microsoft Edge,"7,572",C:\Program Files (x86)\Microsoft\Edge\Application\123.0.2420.81\,C:\Program Files (x86)\Microsoft\Edge\Application\123.0.2420.81\,bb27df3e3ef67746c4d2082e018a4f73067a80c0f126b0daee10f7cb7b2e16a8,terminusk9,TERMINUSK9,S-1-5-18,terminusk9,terminusk9,wineventlog,Microsoft-Windows-Sysmon/Operational,terminusk9,Microsoft Corporation,Microsoft Edge,123.0.2420.81,Low,{2cb7582e-8a87-6611-2bd8-0b0000000000},0xbd82b,TERMINUSK9\terminusk9,Microsoft Edge,1,1,Info,"3,228","3,820",{5770385f-c22a-43e0-bf4c-06f5698ffbd9},Microsoft-Windows-Sysmon,705,Process Create (rule: ProcessCreate),NT AUTHORITY,S-1-5-18,SYSTEM,User,5,,,,
"Apr 6, 2024 @ 10:58:19.193",7649c11b-3a00-4241-b375-20762f70ba8f,7ffeba03-3080-43c7-a167-2b63dd853127,terminusk9,terminusk9,filebeat,8.13.1,windows.sysmon_operational,default,logs,8.0.0,7ffeba03-3080-43c7-a167-2b63dd853127,FALSE,8.13.1,Process creation,verified,process,1,"Apr 6, 2024 @ 10:58:20.291",windows.sysmon_operational,"Apr 6, 2024 @ 10:58:22.000",event,windows,Microsoft-Windows-Sysmon,start,x86_64,terminusk9,2cb7582e-6ac9-4585-97cc-ae60502e4f16,"fe80::1754:ed5c:491b:5546, 10.0.2.15",08-00-27-BF-A9-3A,terminusk9,19045.2965,windows,10.0.19041.2965 (WinBuild.160101.0800),Windows 10 Home,Windows 10 Home,windows,windows,10,winlog,information,"Process Create:
RuleName: -
UtcTime: 2024-04-06 17:58:19.193
ProcessGuid: {2cb7582e-8d3b-6611-4201-000000000a00}
ProcessId: 5984
Image: C:\Program Files (x86)\Microsoft\Edge\Application\msedge.exe
FileVersion: 123.0.2420.81
Description: Microsoft Edge
Product: Microsoft Edge
Company: Microsoft Corporation
OriginalFileName: msedge.exe
CommandLine: ""C:\Program Files (x86)\Microsoft\Edge\Application\msedge.exe"" --type=utility --utility-sub-type=data_decoder.mojom.DataDecoderService --lang=en-US --service-sandbox-type=service --no-appcompat-clear --field-trial-handle=4556,i,2782784867307941259,14197069418319585625,262144 --variations-seed-version --mojo-platform-channel-handle=4796 /prefetch:8
CurrentDirectory: C:\Program Files (x86)\Microsoft\Edge\Application\123.0.2420.81\
User: TERMINUSK9\terminusk9
LogonGuid: {2cb7582e-8a87-6611-2bd8-0b0000000000}
LogonId: 0xBD82B
TerminalSessionId: 1
IntegrityLevel: Low
Hashes: SHA256=BB27DF3E3EF67746C4D2082E018A4F73067A80C0F126B0DAEE10F7CB7B2E16A8
ParentProcessGuid: {2cb7582e-8d3a-6611-3301-000000000a00}
ParentProcessId: 8712
ParentImage: C:\Program Files (x86)\Microsoft\Edge\Application\msedge.exe
ParentCommandLine: ""C:\Program Files (x86)\Microsoft\Edge\Application\msedge.exe"" --no-startup-window
ParentUser: TERMINUSK9\terminusk9","C:\Program Files (x86)\Microsoft\Edge\Application\msedge.exe, --type=utility, --utility-sub-type=data_decoder.mojom.DataDecoderService, --lang=en-US, --service-sandbox-type=service, --no-appcompat-clear, --field-trial-handle=4556,i,2782784867307941259,14197069418319585625,262144, --variations-seed-version, --mojo-platform-channel-handle=4796, /prefetch:8",10,"""C:\Program Files (x86)\Microsoft\Edge\Application\msedge.exe"" --type=utility --utility-sub-type=data_decoder.mojom.DataDecoderService --lang=en-US --service-sandbox-type=service --no-appcompat-clear --field-trial-handle=4556,i,2782784867307941259,14197069418319585625,262144 --variations-seed-version --mojo-platform-channel-handle=4796 /prefetch:8","""C:\Program Files (x86)\Microsoft\Edge\Application\msedge.exe"" --type=utility --utility-sub-type=data_decoder.mojom.DataDecoderService --lang=en-US --service-sandbox-type=service --no-appcompat-clear --field-trial-handle=4556,i,2782784867307941259,14197069418319585625,262144 --variations-seed-version --mojo-platform-channel-handle=4796 /prefetch:8",{2cb7582e-8d3b-6611-4201-000000000a00},C:\Program Files (x86)\Microsoft\Edge\Application\msedge.exe,C:\Program Files (x86)\Microsoft\Edge\Application\msedge.exe,bb27df3e3ef67746c4d2082e018a4f73067a80c0f126b0daee10f7cb7b2e16a8,msedge.exe,msedge.exe,"C:\Program Files (x86)\Microsoft\Edge\Application\msedge.exe, --no-startup-window",2,"""C:\Program Files (x86)\Microsoft\Edge\Application\msedge.exe"" --no-startup-window","""C:\Program Files (x86)\Microsoft\Edge\Application\msedge.exe"" --no-startup-window",{2cb7582e-8d3a-6611-3301-000000000a00},C:\Program Files (x86)\Microsoft\Edge\Application\msedge.exe,C:\Program Files (x86)\Microsoft\Edge\Application\msedge.exe,msedge.exe,msedge.exe,"8,712",Microsoft Corporation,Microsoft Edge,123.0.2420.81,msedge.exe,Microsoft Edge,"5,984",C:\Program Files (x86)\Microsoft\Edge\Application\123.0.2420.81\,C:\Program Files (x86)\Microsoft\Edge\Application\123.0.2420.81\,bb27df3e3ef67746c4d2082e018a4f73067a80c0f126b0daee10f7cb7b2e16a8,terminusk9,TERMINUSK9,S-1-5-18,terminusk9,terminusk9,wineventlog,Microsoft-Windows-Sysmon/Operational,terminusk9,Microsoft Corporation,Microsoft Edge,123.0.2420.81,Low,{2cb7582e-8a87-6611-2bd8-0b0000000000},0xbd82b,TERMINUSK9\terminusk9,Microsoft Edge,1,1,Info,"3,228","3,820",{5770385f-c22a-43e0-bf4c-06f5698ffbd9},Microsoft-Windows-Sysmon,704,Process Create (rule: ProcessCreate),NT AUTHORITY,S-1-5-18,SYSTEM,User,5,,,,
"Apr 6, 2024 @ 10:58:19.189",7649c11b-3a00-4241-b375-20762f70ba8f,7ffeba03-3080-43c7-a167-2b63dd853127,terminusk9,terminusk9,filebeat,8.13.1,windows.sysmon_operational,default,logs,8.0.0,7ffeba03-3080-43c7-a167-2b63dd853127,FALSE,8.13.1,Process creation,verified,process,1,"Apr 6, 2024 @ 10:58:20.291",windows.sysmon_operational,"Apr 6, 2024 @ 10:58:22.000",event,windows,Microsoft-Windows-Sysmon,start,x86_64,terminusk9,2cb7582e-6ac9-4585-97cc-ae60502e4f16,"fe80::1754:ed5c:491b:5546, 10.0.2.15",08-00-27-BF-A9-3A,terminusk9,19045.2965,windows,10.0.19041.2965 (WinBuild.160101.0800),Windows 10 Home,Windows 10 Home,windows,windows,10,winlog,information,"Process Create:
RuleName: -
UtcTime: 2024-04-06 17:58:19.189
ProcessGuid: {2cb7582e-8d3b-6611-4101-000000000a00}
ProcessId: 4080
Image: C:\Program Files (x86)\Microsoft\Edge\Application\msedge.exe
FileVersion: 123.0.2420.81
Description: Microsoft Edge
Product: Microsoft Edge
Company: Microsoft Corporation
OriginalFileName: msedge.exe
CommandLine: ""C:\Program Files (x86)\Microsoft\Edge\Application\msedge.exe"" --type=utility --utility-sub-type=data_decoder.mojom.DataDecoderService --lang=en-US --service-sandbox-type=service --no-appcompat-clear --field-trial-handle=3600,i,2782784867307941259,14197069418319585625,262144 --variations-seed-version --mojo-platform-channel-handle=4708 /prefetch:8
CurrentDirectory: C:\Program Files (x86)\Microsoft\Edge\Application\123.0.2420.81\
User: TERMINUSK9\terminusk9
LogonGuid: {2cb7582e-8a87-6611-2bd8-0b0000000000}
LogonId: 0xBD82B
TerminalSessionId: 1
IntegrityLevel: Low
Hashes: SHA256=BB27DF3E3EF67746C4D2082E018A4F73067A80C0F126B0DAEE10F7CB7B2E16A8
ParentProcessGuid: {2cb7582e-8d3a-6611-3301-000000000a00}
ParentProcessId: 8712
ParentImage: C:\Program Files (x86)\Microsoft\Edge\Application\msedge.exe
ParentCommandLine: ""C:\Program Files (x86)\Microsoft\Edge\Application\msedge.exe"" --no-startup-window
ParentUser: TERMINUSK9\terminusk9","C:\Program Files (x86)\Microsoft\Edge\Application\msedge.exe, --type=utility, --utility-sub-type=data_decoder.mojom.DataDecoderService, --lang=en-US, --service-sandbox-type=service, --no-appcompat-clear, --field-trial-handle=3600,i,2782784867307941259,14197069418319585625,262144, --variations-seed-version, --mojo-platform-channel-handle=4708, /prefetch:8",10,"""C:\Program Files (x86)\Microsoft\Edge\Application\msedge.exe"" --type=utility --utility-sub-type=data_decoder.mojom.DataDecoderService --lang=en-US --service-sandbox-type=service --no-appcompat-clear --field-trial-handle=3600,i,2782784867307941259,14197069418319585625,262144 --variations-seed-version --mojo-platform-channel-handle=4708 /prefetch:8","""C:\Program Files (x86)\Microsoft\Edge\Application\msedge.exe"" --type=utility --utility-sub-type=data_decoder.mojom.DataDecoderService --lang=en-US --service-sandbox-type=service --no-appcompat-clear --field-trial-handle=3600,i,2782784867307941259,14197069418319585625,262144 --variations-seed-version --mojo-platform-channel-handle=4708 /prefetch:8",{2cb7582e-8d3b-6611-4101-000000000a00},C:\Program Files (x86)\Microsoft\Edge\Application\msedge.exe,C:\Program Files (x86)\Microsoft\Edge\Application\msedge.exe,bb27df3e3ef67746c4d2082e018a4f73067a80c0f126b0daee10f7cb7b2e16a8,msedge.exe,msedge.exe,"C:\Program Files (x86)\Microsoft\Edge\Application\msedge.exe, --no-startup-window",2,"""C:\Program Files (x86)\Microsoft\Edge\Application\msedge.exe"" --no-startup-window","""C:\Program Files (x86)\Microsoft\Edge\Application\msedge.exe"" --no-startup-window",{2cb7582e-8d3a-6611-3301-000000000a00},C:\Program Files (x86)\Microsoft\Edge\Application\msedge.exe,C:\Program Files (x86)\Microsoft\Edge\Application\msedge.exe,msedge.exe,msedge.exe,"8,712",Microsoft Corporation,Microsoft Edge,123.0.2420.81,msedge.exe,Microsoft Edge,"4,080",C:\Program Files (x86)\Microsoft\Edge\Application\123.0.2420.81\,C:\Program Files (x86)\Microsoft\Edge\Application\123.0.2420.81\,bb27df3e3ef67746c4d2082e018a4f73067a80c0f126b0daee10f7cb7b2e16a8,terminusk9,TERMINUSK9,S-1-5-18,terminusk9,terminusk9,wineventlog,Microsoft-Windows-Sysmon/Operational,terminusk9,Microsoft Corporation,Microsoft Edge,123.0.2420.81,Low,{2cb7582e-8a87-6611-2bd8-0b0000000000},0xbd82b,TERMINUSK9\terminusk9,Microsoft Edge,1,1,Info,"3,228","3,820",{5770385f-c22a-43e0-bf4c-06f5698ffbd9},Microsoft-Windows-Sysmon,703,Process Create (rule: ProcessCreate),NT AUTHORITY,S-1-5-18,SYSTEM,User,5,,,,
"Apr 6, 2024 @ 10:58:19.169",7649c11b-3a00-4241-b375-20762f70ba8f,7ffeba03-3080-43c7-a167-2b63dd853127,terminusk9,terminusk9,filebeat,8.13.1,windows.sysmon_operational,default,logs,8.0.0,7ffeba03-3080-43c7-a167-2b63dd853127,FALSE,8.13.1,Process terminated,verified,process,5,"Apr 6, 2024 @ 10:58:20.290",windows.sysmon_operational,"Apr 6, 2024 @ 10:58:22.000",event,windows,Microsoft-Windows-Sysmon,end,x86_64,terminusk9,2cb7582e-6ac9-4585-97cc-ae60502e4f16,"fe80::1754:ed5c:491b:5546, 10.0.2.15",08-00-27-BF-A9-3A,terminusk9,19045.2965,windows,10.0.19041.2965 (WinBuild.160101.0800),Windows 10 Home,Windows 10 Home,windows,windows,10,winlog,information,"Process terminated:
RuleName: -
UtcTime: 2024-04-06 17:58:19.169
ProcessGuid: {2cb7582e-8d3b-6611-3c01-000000000a00}
ProcessId: 3728
Image: C:\Program Files (x86)\Microsoft\Edge\Application\msedge.exe
User: TERMINUSK9\terminusk9",-,-,-,-,{2cb7582e-8d3b-6611-3c01-000000000a00},C:\Program Files (x86)\Microsoft\Edge\Application\msedge.exe,C:\Program Files (x86)\Microsoft\Edge\Application\msedge.exe,-,msedge.exe,msedge.exe,-,-,-,-,-,-,-,-,-,-,-,-,-,-,-,"3,728",-,-,-,terminusk9,TERMINUSK9,S-1-5-18,terminusk9,terminusk9,wineventlog,Microsoft-Windows-Sysmon/Operational,terminusk9,-,-,-,-,-,-,-,-,-,5,Info,"3,228","3,820",{5770385f-c22a-43e0-bf4c-06f5698ffbd9},Microsoft-Windows-Sysmon,702,Process terminated (rule: ProcessTerminate),NT AUTHORITY,S-1-5-18,SYSTEM,User,3,,,,
"Apr 6, 2024 @ 10:58:19.164",7649c11b-3a00-4241-b375-20762f70ba8f,7ffeba03-3080-43c7-a167-2b63dd853127,terminusk9,terminusk9,filebeat,8.13.1,windows.sysmon_operational,default,logs,8.0.0,7ffeba03-3080-43c7-a167-2b63dd853127,FALSE,8.13.1,Process creation,verified,process,1,"Apr 6, 2024 @ 10:58:20.290",windows.sysmon_operational,"Apr 6, 2024 @ 10:58:22.000",event,windows,Microsoft-Windows-Sysmon,start,x86_64,terminusk9,2cb7582e-6ac9-4585-97cc-ae60502e4f16,"fe80::1754:ed5c:491b:5546, 10.0.2.15",08-00-27-BF-A9-3A,terminusk9,19045.2965,windows,10.0.19041.2965 (WinBuild.160101.0800),Windows 10 Home,Windows 10 Home,windows,windows,10,winlog,information,"Process Create:
RuleName: -
UtcTime: 2024-04-06 17:58:19.164
ProcessGuid: {2cb7582e-8d3b-6611-4001-000000000a00}
ProcessId: 1812
Image: C:\Program Files (x86)\Microsoft\Edge\Application\msedge.exe
FileVersion: 123.0.2420.81
Description: Microsoft Edge
Product: Microsoft Edge
Company: Microsoft Corporation
OriginalFileName: msedge.exe
CommandLine: ""C:\Program Files (x86)\Microsoft\Edge\Application\msedge.exe"" --type=utility --utility-sub-type=data_decoder.mojom.DataDecoderService --lang=en-US --service-sandbox-type=service --no-appcompat-clear --field-trial-handle=4964,i,2782784867307941259,14197069418319585625,262144 --variations-seed-version --mojo-platform-channel-handle=4980 /prefetch:8
CurrentDirectory: C:\Program Files (x86)\Microsoft\Edge\Application\123.0.2420.81\
User: TERMINUSK9\terminusk9
LogonGuid: {2cb7582e-8a87-6611-2bd8-0b0000000000}
LogonId: 0xBD82B
TerminalSessionId: 1
IntegrityLevel: Low
Hashes: SHA256=BB27DF3E3EF67746C4D2082E018A4F73067A80C0F126B0DAEE10F7CB7B2E16A8
ParentProcessGuid: {2cb7582e-8d3a-6611-3301-000000000a00}
ParentProcessId: 8712
ParentImage: C:\Program Files (x86)\Microsoft\Edge\Application\msedge.exe
ParentCommandLine: ""C:\Program Files (x86)\Microsoft\Edge\Application\msedge.exe"" --no-startup-window
ParentUser: TERMINUSK9\terminusk9","C:\Program Files (x86)\Microsoft\Edge\Application\msedge.exe, --type=utility, --utility-sub-type=data_decoder.mojom.DataDecoderService, --lang=en-US, --service-sandbox-type=service, --no-appcompat-clear, --field-trial-handle=4964,i,2782784867307941259,14197069418319585625,262144, --variations-seed-version, --mojo-platform-channel-handle=4980, /prefetch:8",10,"""C:\Program Files (x86)\Microsoft\Edge\Application\msedge.exe"" --type=utility --utility-sub-type=data_decoder.mojom.DataDecoderService --lang=en-US --service-sandbox-type=service --no-appcompat-clear --field-trial-handle=4964,i,2782784867307941259,14197069418319585625,262144 --variations-seed-version --mojo-platform-channel-handle=4980 /prefetch:8","""C:\Program Files (x86)\Microsoft\Edge\Application\msedge.exe"" --type=utility --utility-sub-type=data_decoder.mojom.DataDecoderService --lang=en-US --service-sandbox-type=service --no-appcompat-clear --field-trial-handle=4964,i,2782784867307941259,14197069418319585625,262144 --variations-seed-version --mojo-platform-channel-handle=4980 /prefetch:8",{2cb7582e-8d3b-6611-4001-000000000a00},C:\Program Files (x86)\Microsoft\Edge\Application\msedge.exe,C:\Program Files (x86)\Microsoft\Edge\Application\msedge.exe,bb27df3e3ef67746c4d2082e018a4f73067a80c0f126b0daee10f7cb7b2e16a8,msedge.exe,msedge.exe,"C:\Program Files (x86)\Microsoft\Edge\Application\msedge.exe, --no-startup-window",2,"""C:\Program Files (x86)\Microsoft\Edge\Application\msedge.exe"" --no-startup-window","""C:\Program Files (x86)\Microsoft\Edge\Application\msedge.exe"" --no-startup-window",{2cb7582e-8d3a-6611-3301-000000000a00},C:\Program Files (x86)\Microsoft\Edge\Application\msedge.exe,C:\Program Files (x86)\Microsoft\Edge\Application\msedge.exe,msedge.exe,msedge.exe,"8,712",Microsoft Corporation,Microsoft Edge,123.0.2420.81,msedge.exe,Microsoft Edge,"1,812",C:\Program Files (x86)\Microsoft\Edge\Application\123.0.2420.81\,C:\Program Files (x86)\Microsoft\Edge\Application\123.0.2420.81\,bb27df3e3ef67746c4d2082e018a4f73067a80c0f126b0daee10f7cb7b2e16a8,terminusk9,TERMINUSK9,S-1-5-18,terminusk9,terminusk9,wineventlog,Microsoft-Windows-Sysmon/Operational,terminusk9,Microsoft Corporation,Microsoft Edge,123.0.2420.81,Low,{2cb7582e-8a87-6611-2bd8-0b0000000000},0xbd82b,TERMINUSK9\terminusk9,Microsoft Edge,1,1,Info,"3,228","3,820",{5770385f-c22a-43e0-bf4c-06f5698ffbd9},Microsoft-Windows-Sysmon,701,Process Create (rule: ProcessCreate),NT AUTHORITY,S-1-5-18,SYSTEM,User,5,,,,
"Apr 6, 2024 @ 10:58:19.158",7649c11b-3a00-4241-b375-20762f70ba8f,7ffeba03-3080-43c7-a167-2b63dd853127,terminusk9,terminusk9,filebeat,8.13.1,windows.sysmon_operational,default,logs,8.0.0,7ffeba03-3080-43c7-a167-2b63dd853127,FALSE,8.13.1,Process creation,verified,process,1,"Apr 6, 2024 @ 10:58:20.290",windows.sysmon_operational,"Apr 6, 2024 @ 10:58:22.000",event,windows,Microsoft-Windows-Sysmon,start,x86_64,terminusk9,2cb7582e-6ac9-4585-97cc-ae60502e4f16,"fe80::1754:ed5c:491b:5546, 10.0.2.15",08-00-27-BF-A9-3A,terminusk9,19045.2965,windows,10.0.19041.2965 (WinBuild.160101.0800),Windows 10 Home,Windows 10 Home,windows,windows,10,winlog,information,"Process Create:
RuleName: -
UtcTime: 2024-04-06 17:58:19.158
ProcessGuid: {2cb7582e-8d3b-6611-3f01-000000000a00}
ProcessId: 4148
Image: C:\Program Files (x86)\Microsoft\Edge\Application\msedge.exe
FileVersion: 123.0.2420.81
Description: Microsoft Edge
Product: Microsoft Edge
Company: Microsoft Corporation
OriginalFileName: msedge.exe
CommandLine: ""C:\Program Files (x86)\Microsoft\Edge\Application\msedge.exe"" --type=utility --utility-sub-type=data_decoder.mojom.DataDecoderService --lang=en-US --service-sandbox-type=service --no-appcompat-clear --field-trial-handle=4944,i,2782784867307941259,14197069418319585625,262144 --variations-seed-version --mojo-platform-channel-handle=4956 /prefetch:8
CurrentDirectory: C:\Program Files (x86)\Microsoft\Edge\Application\123.0.2420.81\
User: TERMINUSK9\terminusk9
LogonGuid: {2cb7582e-8a87-6611-2bd8-0b0000000000}
LogonId: 0xBD82B
TerminalSessionId: 1
IntegrityLevel: Low
Hashes: SHA256=BB27DF3E3EF67746C4D2082E018A4F73067A80C0F126B0DAEE10F7CB7B2E16A8
ParentProcessGuid: {2cb7582e-8d3a-6611-3301-000000000a00}
ParentProcessId: 8712
ParentImage: C:\Program Files (x86)\Microsoft\Edge\Application\msedge.exe
ParentCommandLine: ""C:\Program Files (x86)\Microsoft\Edge\Application\msedge.exe"" --no-startup-window
ParentUser: TERMINUSK9\terminusk9","C:\Program Files (x86)\Microsoft\Edge\Application\msedge.exe, --type=utility, --utility-sub-type=data_decoder.mojom.DataDecoderService, --lang=en-US, --service-sandbox-type=service, --no-appcompat-clear, --field-trial-handle=4944,i,2782784867307941259,14197069418319585625,262144, --variations-seed-version, --mojo-platform-channel-handle=4956, /prefetch:8",10,"""C:\Program Files (x86)\Microsoft\Edge\Application\msedge.exe"" --type=utility --utility-sub-type=data_decoder.mojom.DataDecoderService --lang=en-US --service-sandbox-type=service --no-appcompat-clear --field-trial-handle=4944,i,2782784867307941259,14197069418319585625,262144 --variations-seed-version --mojo-platform-channel-handle=4956 /prefetch:8","""C:\Program Files (x86)\Microsoft\Edge\Application\msedge.exe"" --type=utility --utility-sub-type=data_decoder.mojom.DataDecoderService --lang=en-US --service-sandbox-type=service --no-appcompat-clear --field-trial-handle=4944,i,2782784867307941259,14197069418319585625,262144 --variations-seed-version --mojo-platform-channel-handle=4956 /prefetch:8",{2cb7582e-8d3b-6611-3f01-000000000a00},C:\Program Files (x86)\Microsoft\Edge\Application\msedge.exe,C:\Program Files (x86)\Microsoft\Edge\Application\msedge.exe,bb27df3e3ef67746c4d2082e018a4f73067a80c0f126b0daee10f7cb7b2e16a8,msedge.exe,msedge.exe,"C:\Program Files (x86)\Microsoft\Edge\Application\msedge.exe, --no-startup-window",2,"""C:\Program Files (x86)\Microsoft\Edge\Application\msedge.exe"" --no-startup-window","""C:\Program Files (x86)\Microsoft\Edge\Application\msedge.exe"" --no-startup-window",{2cb7582e-8d3a-6611-3301-000000000a00},C:\Program Files (x86)\Microsoft\Edge\Application\msedge.exe,C:\Program Files (x86)\Microsoft\Edge\Application\msedge.exe,msedge.exe,msedge.exe,"8,712",Microsoft Corporation,Microsoft Edge,123.0.2420.81,msedge.exe,Microsoft Edge,"4,148",C:\Program Files (x86)\Microsoft\Edge\Application\123.0.2420.81\,C:\Program Files (x86)\Microsoft\Edge\Application\123.0.2420.81\,bb27df3e3ef67746c4d2082e018a4f73067a80c0f126b0daee10f7cb7b2e16a8,terminusk9,TERMINUSK9,S-1-5-18,terminusk9,terminusk9,wineventlog,Microsoft-Windows-Sysmon/Operational,terminusk9,Microsoft Corporation,Microsoft Edge,123.0.2420.81,Low,{2cb7582e-8a87-6611-2bd8-0b0000000000},0xbd82b,TERMINUSK9\terminusk9,Microsoft Edge,1,1,Info,"3,228","3,820",{5770385f-c22a-43e0-bf4c-06f5698ffbd9},Microsoft-Windows-Sysmon,700,Process Create (rule: ProcessCreate),NT AUTHORITY,S-1-5-18,SYSTEM,User,5,,,,
"Apr 6, 2024 @ 10:58:19.133",7649c11b-3a00-4241-b375-20762f70ba8f,7ffeba03-3080-43c7-a167-2b63dd853127,terminusk9,terminusk9,filebeat,8.13.1,windows.sysmon_operational,default,logs,8.0.0,7ffeba03-3080-43c7-a167-2b63dd853127,FALSE,8.13.1,Process creation,verified,process,1,"Apr 6, 2024 @ 10:58:20.290",windows.sysmon_operational,"Apr 6, 2024 @ 10:58:22.000",event,windows,Microsoft-Windows-Sysmon,start,x86_64,terminusk9,2cb7582e-6ac9-4585-97cc-ae60502e4f16,"fe80::1754:ed5c:491b:5546, 10.0.2.15",08-00-27-BF-A9-3A,terminusk9,19045.2965,windows,10.0.19041.2965 (WinBuild.160101.0800),Windows 10 Home,Windows 10 Home,windows,windows,10,winlog,information,"Process Create:
RuleName: -
UtcTime: 2024-04-06 17:58:19.133
ProcessGuid: {2cb7582e-8d3b-6611-3e01-000000000a00}
ProcessId: 8204
Image: C:\Program Files (x86)\Microsoft\Edge\Application\msedge.exe
FileVersion: 123.0.2420.81
Description: Microsoft Edge
Product: Microsoft Edge
Company: Microsoft Corporation
OriginalFileName: msedge.exe
CommandLine: ""C:\Program Files (x86)\Microsoft\Edge\Application\msedge.exe"" --type=utility --utility-sub-type=data_decoder.mojom.DataDecoderService --lang=en-US --service-sandbox-type=service --no-appcompat-clear --field-trial-handle=3968,i,2782784867307941259,14197069418319585625,262144 --variations-seed-version --mojo-platform-channel-handle=4644 /prefetch:8
CurrentDirectory: C:\Program Files (x86)\Microsoft\Edge\Application\123.0.2420.81\
User: TERMINUSK9\terminusk9
LogonGuid: {2cb7582e-8a87-6611-2bd8-0b0000000000}
LogonId: 0xBD82B
TerminalSessionId: 1
IntegrityLevel: Low
Hashes: SHA256=BB27DF3E3EF67746C4D2082E018A4F73067A80C0F126B0DAEE10F7CB7B2E16A8
ParentProcessGuid: {2cb7582e-8d3a-6611-3301-000000000a00}
ParentProcessId: 8712
ParentImage: C:\Program Files (x86)\Microsoft\Edge\Application\msedge.exe
ParentCommandLine: ""C:\Program Files (x86)\Microsoft\Edge\Application\msedge.exe"" --no-startup-window
ParentUser: TERMINUSK9\terminusk9","C:\Program Files (x86)\Microsoft\Edge\Application\msedge.exe, --type=utility, --utility-sub-type=data_decoder.mojom.DataDecoderService, --lang=en-US, --service-sandbox-type=service, --no-appcompat-clear, --field-trial-handle=3968,i,2782784867307941259,14197069418319585625,262144, --variations-seed-version, --mojo-platform-channel-handle=4644, /prefetch:8",10,"""C:\Program Files (x86)\Microsoft\Edge\Application\msedge.exe"" --type=utility --utility-sub-type=data_decoder.mojom.DataDecoderService --lang=en-US --service-sandbox-type=service --no-appcompat-clear --field-trial-handle=3968,i,2782784867307941259,14197069418319585625,262144 --variations-seed-version --mojo-platform-channel-handle=4644 /prefetch:8","""C:\Program Files (x86)\Microsoft\Edge\Application\msedge.exe"" --type=utility --utility-sub-type=data_decoder.mojom.DataDecoderService --lang=en-US --service-sandbox-type=service --no-appcompat-clear --field-trial-handle=3968,i,2782784867307941259,14197069418319585625,262144 --variations-seed-version --mojo-platform-channel-handle=4644 /prefetch:8",{2cb7582e-8d3b-6611-3e01-000000000a00},C:\Program Files (x86)\Microsoft\Edge\Application\msedge.exe,C:\Program Files (x86)\Microsoft\Edge\Application\msedge.exe,bb27df3e3ef67746c4d2082e018a4f73067a80c0f126b0daee10f7cb7b2e16a8,msedge.exe,msedge.exe,"C:\Program Files (x86)\Microsoft\Edge\Application\msedge.exe, --no-startup-window",2,"""C:\Program Files (x86)\Microsoft\Edge\Application\msedge.exe"" --no-startup-window","""C:\Program Files (x86)\Microsoft\Edge\Application\msedge.exe"" --no-startup-window",{2cb7582e-8d3a-6611-3301-000000000a00},C:\Program Files (x86)\Microsoft\Edge\Application\msedge.exe,C:\Program Files (x86)\Microsoft\Edge\Application\msedge.exe,msedge.exe,msedge.exe,"8,712",Microsoft Corporation,Microsoft Edge,123.0.2420.81,msedge.exe,Microsoft Edge,"8,204",C:\Program Files (x86)\Microsoft\Edge\Application\123.0.2420.81\,C:\Program Files (x86)\Microsoft\Edge\Application\123.0.2420.81\,bb27df3e3ef67746c4d2082e018a4f73067a80c0f126b0daee10f7cb7b2e16a8,terminusk9,TERMINUSK9,S-1-5-18,terminusk9,terminusk9,wineventlog,Microsoft-Windows-Sysmon/Operational,terminusk9,Microsoft Corporation,Microsoft Edge,123.0.2420.81,Low,{2cb7582e-8a87-6611-2bd8-0b0000000000},0xbd82b,TERMINUSK9\terminusk9,Microsoft Edge,1,1,Info,"3,228","3,820",{5770385f-c22a-43e0-bf4c-06f5698ffbd9},Microsoft-Windows-Sysmon,699,Process Create (rule: ProcessCreate),NT AUTHORITY,S-1-5-18,SYSTEM,User,5,,,,
"Apr 6, 2024 @ 10:58:19.104",7649c11b-3a00-4241-b375-20762f70ba8f,7ffeba03-3080-43c7-a167-2b63dd853127,terminusk9,terminusk9,filebeat,8.13.1,windows.sysmon_operational,default,logs,8.0.0,7ffeba03-3080-43c7-a167-2b63dd853127,FALSE,8.13.1,Process creation,verified,process,1,"Apr 6, 2024 @ 10:58:20.290",windows.sysmon_operational,"Apr 6, 2024 @ 10:58:22.000",event,windows,Microsoft-Windows-Sysmon,start,x86_64,terminusk9,2cb7582e-6ac9-4585-97cc-ae60502e4f16,"fe80::1754:ed5c:491b:5546, 10.0.2.15",08-00-27-BF-A9-3A,terminusk9,19045.2965,windows,10.0.19041.2965 (WinBuild.160101.0800),Windows 10 Home,Windows 10 Home,windows,windows,10,winlog,information,"Process Create:
RuleName: -
UtcTime: 2024-04-06 17:58:19.104
ProcessGuid: {2cb7582e-8d3b-6611-3d01-000000000a00}
ProcessId: 3464
Image: C:\Program Files (x86)\Microsoft\Edge\Application\123.0.2420.81\identity_helper.exe
FileVersion: 123.0.2420.81
Description: PWA Identity Proxy Host
Product: Microsoft Edge
Company: Microsoft Corporation
OriginalFileName: identity_helper.exe
CommandLine: ""C:\Program Files (x86)\Microsoft\Edge\Application\123.0.2420.81\identity_helper.exe"" --type=utility --utility-sub-type=winrt_app_id.mojom.WinrtAppIdService --lang=en-US --service-sandbox-type=none --no-appcompat-clear --field-trial-handle=3580,i,2782784867307941259,14197069418319585625,262144 --variations-seed-version --mojo-platform-channel-handle=3204 /prefetch:8
CurrentDirectory: C:\Program Files (x86)\Microsoft\Edge\Application\123.0.2420.81\
User: TERMINUSK9\terminusk9
LogonGuid: {2cb7582e-8a87-6611-2bd8-0b0000000000}
LogonId: 0xBD82B
TerminalSessionId: 1
IntegrityLevel: Medium
Hashes: SHA256=D31778908540D88B7603D146E0D009A24654CA4541382F89A064385EEEC0391E
ParentProcessGuid: {2cb7582e-8d3a-6611-3301-000000000a00}
ParentProcessId: 8712
ParentImage: C:\Program Files (x86)\Microsoft\Edge\Application\msedge.exe
ParentCommandLine: ""C:\Program Files (x86)\Microsoft\Edge\Application\msedge.exe"" --no-startup-window
ParentUser: TERMINUSK9\terminusk9","C:\Program Files (x86)\Microsoft\Edge\Application\123.0.2420.81\identity_helper.exe, --type=utility, --utility-sub-type=winrt_app_id.mojom.WinrtAppIdService, --lang=en-US, --service-sandbox-type=none, --no-appcompat-clear, --field-trial-handle=3580,i,2782784867307941259,14197069418319585625,262144, --variations-seed-version, --mojo-platform-channel-handle=3204, /prefetch:8",10,"""C:\Program Files (x86)\Microsoft\Edge\Application\123.0.2420.81\identity_helper.exe"" --type=utility --utility-sub-type=winrt_app_id.mojom.WinrtAppIdService --lang=en-US --service-sandbox-type=none --no-appcompat-clear --field-trial-handle=3580,i,2782784867307941259,14197069418319585625,262144 --variations-seed-version --mojo-platform-channel-handle=3204 /prefetch:8","""C:\Program Files (x86)\Microsoft\Edge\Application\123.0.2420.81\identity_helper.exe"" --type=utility --utility-sub-type=winrt_app_id.mojom.WinrtAppIdService --lang=en-US --service-sandbox-type=none --no-appcompat-clear --field-trial-handle=3580,i,2782784867307941259,14197069418319585625,262144 --variations-seed-version --mojo-platform-channel-handle=3204 /prefetch:8",{2cb7582e-8d3b-6611-3d01-000000000a00},C:\Program Files (x86)\Microsoft\Edge\Application\123.0.2420.81\identity_helper.exe,C:\Program Files (x86)\Microsoft\Edge\Application\123.0.2420.81\identity_helper.exe,d31778908540d88b7603d146e0d009a24654ca4541382f89a064385eeec0391e,identity_helper.exe,identity_helper.exe,"C:\Program Files (x86)\Microsoft\Edge\Application\msedge.exe, --no-startup-window",2,"""C:\Program Files (x86)\Microsoft\Edge\Application\msedge.exe"" --no-startup-window","""C:\Program Files (x86)\Microsoft\Edge\Application\msedge.exe"" --no-startup-window",{2cb7582e-8d3a-6611-3301-000000000a00},C:\Program Files (x86)\Microsoft\Edge\Application\msedge.exe,C:\Program Files (x86)\Microsoft\Edge\Application\msedge.exe,msedge.exe,msedge.exe,"8,712",Microsoft Corporation,PWA Identity Proxy Host,123.0.2420.81,identity_helper.exe,Microsoft Edge,"3,464",C:\Program Files (x86)\Microsoft\Edge\Application\123.0.2420.81\,C:\Program Files (x86)\Microsoft\Edge\Application\123.0.2420.81\,d31778908540d88b7603d146e0d009a24654ca4541382f89a064385eeec0391e,terminusk9,TERMINUSK9,S-1-5-18,terminusk9,terminusk9,wineventlog,Microsoft-Windows-Sysmon/Operational,terminusk9,Microsoft Corporation,PWA Identity Proxy Host,123.0.2420.81,Medium,{2cb7582e-8a87-6611-2bd8-0b0000000000},0xbd82b,TERMINUSK9\terminusk9,Microsoft Edge,1,1,Info,"3,228","3,820",{5770385f-c22a-43e0-bf4c-06f5698ffbd9},Microsoft-Windows-Sysmon,698,Process Create (rule: ProcessCreate),NT AUTHORITY,S-1-5-18,SYSTEM,User,5,,,,
"Apr 6, 2024 @ 10:58:19.092",7649c11b-3a00-4241-b375-20762f70ba8f,7ffeba03-3080-43c7-a167-2b63dd853127,terminusk9,terminusk9,filebeat,8.13.1,windows.sysmon_operational,default,logs,8.0.0,7ffeba03-3080-43c7-a167-2b63dd853127,FALSE,8.13.1,Process terminated,verified,process,5,"Apr 6, 2024 @ 10:58:20.290",windows.sysmon_operational,"Apr 6, 2024 @ 10:58:22.000",event,windows,Microsoft-Windows-Sysmon,end,x86_64,terminusk9,2cb7582e-6ac9-4585-97cc-ae60502e4f16,"fe80::1754:ed5c:491b:5546, 10.0.2.15",08-00-27-BF-A9-3A,terminusk9,19045.2965,windows,10.0.19041.2965 (WinBuild.160101.0800),Windows 10 Home,Windows 10 Home,windows,windows,10,winlog,information,"Process terminated:
RuleName: -
UtcTime: 2024-04-06 17:58:19.092
ProcessGuid: {2cb7582e-8d3b-6611-3b01-000000000a00}
ProcessId: 7524
Image: C:\Program Files (x86)\Microsoft\Edge\Application\123.0.2420.81\identity_helper.exe
User: TERMINUSK9\terminusk9",-,-,-,-,{2cb7582e-8d3b-6611-3b01-000000000a00},C:\Program Files (x86)\Microsoft\Edge\Application\123.0.2420.81\identity_helper.exe,C:\Program Files (x86)\Microsoft\Edge\Application\123.0.2420.81\identity_helper.exe,-,identity_helper.exe,identity_helper.exe,-,-,-,-,-,-,-,-,-,-,-,-,-,-,-,"7,524",-,-,-,terminusk9,TERMINUSK9,S-1-5-18,terminusk9,terminusk9,wineventlog,Microsoft-Windows-Sysmon/Operational,terminusk9,-,-,-,-,-,-,-,-,-,5,Info,"3,228","3,820",{5770385f-c22a-43e0-bf4c-06f5698ffbd9},Microsoft-Windows-Sysmon,697,Process terminated (rule: ProcessTerminate),NT AUTHORITY,S-1-5-18,SYSTEM,User,3,,,,
"Apr 6, 2024 @ 10:58:19.083",7649c11b-3a00-4241-b375-20762f70ba8f,7ffeba03-3080-43c7-a167-2b63dd853127,terminusk9,terminusk9,filebeat,8.13.1,windows.sysmon_operational,default,logs,8.0.0,7ffeba03-3080-43c7-a167-2b63dd853127,FALSE,8.13.1,Process creation,verified,process,1,"Apr 6, 2024 @ 10:58:20.290",windows.sysmon_operational,"Apr 6, 2024 @ 10:58:22.000",event,windows,Microsoft-Windows-Sysmon,start,x86_64,terminusk9,2cb7582e-6ac9-4585-97cc-ae60502e4f16,"fe80::1754:ed5c:491b:5546, 10.0.2.15",08-00-27-BF-A9-3A,terminusk9,19045.2965,windows,10.0.19041.2965 (WinBuild.160101.0800),Windows 10 Home,Windows 10 Home,windows,windows,10,winlog,information,"Process Create:
RuleName: -
UtcTime: 2024-04-06 17:58:19.083
ProcessGuid: {2cb7582e-8d3b-6611-3c01-000000000a00}
ProcessId: 3728
Image: C:\Program Files (x86)\Microsoft\Edge\Application\msedge.exe
FileVersion: 123.0.2420.81
Description: Microsoft Edge
Product: Microsoft Edge
Company: Microsoft Corporation
OriginalFileName: msedge.exe
CommandLine: ""C:\Program Files (x86)\Microsoft\Edge\Application\msedge.exe"" --type=utility --utility-sub-type=data_decoder.mojom.DataDecoderService --lang=en-US --service-sandbox-type=service --no-appcompat-clear --field-trial-handle=3572,i,2782784867307941259,14197069418319585625,262144 --variations-seed-version --mojo-platform-channel-handle=4696 /prefetch:8
CurrentDirectory: C:\Program Files (x86)\Microsoft\Edge\Application\123.0.2420.81\
User: TERMINUSK9\terminusk9
LogonGuid: {2cb7582e-8a87-6611-2bd8-0b0000000000}
LogonId: 0xBD82B
TerminalSessionId: 1
IntegrityLevel: Low
Hashes: SHA256=BB27DF3E3EF67746C4D2082E018A4F73067A80C0F126B0DAEE10F7CB7B2E16A8
ParentProcessGuid: {2cb7582e-8d3a-6611-3301-000000000a00}
ParentProcessId: 8712
ParentImage: C:\Program Files (x86)\Microsoft\Edge\Application\msedge.exe
ParentCommandLine: ""C:\Program Files (x86)\Microsoft\Edge\Application\msedge.exe"" --no-startup-window
ParentUser: TERMINUSK9\terminusk9","C:\Program Files (x86)\Microsoft\Edge\Application\msedge.exe, --type=utility, --utility-sub-type=data_decoder.mojom.DataDecoderService, --lang=en-US, --service-sandbox-type=service, --no-appcompat-clear, --field-trial-handle=3572,i,2782784867307941259,14197069418319585625,262144, --variations-seed-version, --mojo-platform-channel-handle=4696, /prefetch:8",10,"""C:\Program Files (x86)\Microsoft\Edge\Application\msedge.exe"" --type=utility --utility-sub-type=data_decoder.mojom.DataDecoderService --lang=en-US --service-sandbox-type=service --no-appcompat-clear --field-trial-handle=3572,i,2782784867307941259,14197069418319585625,262144 --variations-seed-version --mojo-platform-channel-handle=4696 /prefetch:8","""C:\Program Files (x86)\Microsoft\Edge\Application\msedge.exe"" --type=utility --utility-sub-type=data_decoder.mojom.DataDecoderService --lang=en-US --service-sandbox-type=service --no-appcompat-clear --field-trial-handle=3572,i,2782784867307941259,14197069418319585625,262144 --variations-seed-version --mojo-platform-channel-handle=4696 /prefetch:8",{2cb7582e-8d3b-6611-3c01-000000000a00},C:\Program Files (x86)\Microsoft\Edge\Application\msedge.exe,C:\Program Files (x86)\Microsoft\Edge\Application\msedge.exe,bb27df3e3ef67746c4d2082e018a4f73067a80c0f126b0daee10f7cb7b2e16a8,msedge.exe,msedge.exe,"C:\Program Files (x86)\Microsoft\Edge\Application\msedge.exe, --no-startup-window",2,"""C:\Program Files (x86)\Microsoft\Edge\Application\msedge.exe"" --no-startup-window","""C:\Program Files (x86)\Microsoft\Edge\Application\msedge.exe"" --no-startup-window",{2cb7582e-8d3a-6611-3301-000000000a00},C:\Program Files (x86)\Microsoft\Edge\Application\msedge.exe,C:\Program Files (x86)\Microsoft\Edge\Application\msedge.exe,msedge.exe,msedge.exe,"8,712",Microsoft Corporation,Microsoft Edge,123.0.2420.81,msedge.exe,Microsoft Edge,"3,728",C:\Program Files (x86)\Microsoft\Edge\Application\123.0.2420.81\,C:\Program Files (x86)\Microsoft\Edge\Application\123.0.2420.81\,bb27df3e3ef67746c4d2082e018a4f73067a80c0f126b0daee10f7cb7b2e16a8,terminusk9,TERMINUSK9,S-1-5-18,terminusk9,terminusk9,wineventlog,Microsoft-Windows-Sysmon/Operational,terminusk9,Microsoft Corporation,Microsoft Edge,123.0.2420.81,Low,{2cb7582e-8a87-6611-2bd8-0b0000000000},0xbd82b,TERMINUSK9\terminusk9,Microsoft Edge,1,1,Info,"3,228","3,820",{5770385f-c22a-43e0-bf4c-06f5698ffbd9},Microsoft-Windows-Sysmon,696,Process Create (rule: ProcessCreate),NT AUTHORITY,S-1-5-18,SYSTEM,User,5,,,,
