"Apr 6, 2024 @ 10:47:32.274",7649c11b-3a00-4241-b375-20762f70ba8f,7ffeba03-3080-43c7-a167-2b63dd853127,terminusk9,terminusk9,filebeat,8.13.1,windows.sysmon_operational,default,logs,8.0.0,7ffeba03-3080-43c7-a167-2b63dd853127,FALSE,8.13.1,Process creation,verified,process,1,"Apr 6, 2024 @ 10:47:34.012",windows.sysmon_operational,"Apr 6, 2024 @ 10:47:38.000",event,windows,Microsoft-Windows-Sysmon,start,x86_64,terminusk9,2cb7582e-6ac9-4585-97cc-ae60502e4f16,"fe80::1754:ed5c:491b:5546, 10.0.2.15",08-00-27-BF-A9-3A,terminusk9,19045.2965,windows,10.0.19041.2965 (WinBuild.160101.0800),Windows 10 Home,Windows 10 Home,windows,windows,10,winlog,information,"Process Create:
RuleName: -
UtcTime: 2024-04-06 17:47:32.274
ProcessGuid: {2cb7582e-8ab4-6611-b500-000000000a00}
ProcessId: 8080
Image: C:\Windows\System32\conhost.exe
FileVersion: 10.0.19041.2546 (WinBuild.160101.0800)
Description: Console Window Host
Product: Microsoft® Windows® Operating System
Company: Microsoft Corporation
OriginalFileName: CONHOST.EXE
CommandLine: \??\C:\Windows\system32\conhost.exe 0xffffffff -ForceV1
CurrentDirectory: C:\Windows
User: NT AUTHORITY\SYSTEM
LogonGuid: {2cb7582e-89ff-6611-e703-000000000000}
LogonId: 0x3E7
TerminalSessionId: 0
IntegrityLevel: System
Hashes: SHA256=A26A1FFB81A61281FFA55CB7778CC3FB0FF981704DE49F75F51F18B283FBA7A2
ParentProcessGuid: {2cb7582e-8ab4-6611-b400-000000000a00}
ParentProcessId: 8072
ParentImage: C:\Windows\System32\sc.exe
ParentCommandLine: ""C:\Windows\system32\sc.exe"" start pushtoinstall registration
ParentUser: NT AUTHORITY\SYSTEM","\??\C:\Windows\system32\conhost.exe, 0xffffffff, -ForceV1",3,\??\C:\Windows\system32\conhost.exe 0xffffffff -ForceV1,\??\C:\Windows\system32\conhost.exe 0xffffffff -ForceV1,{2cb7582e-8ab4-6611-b500-000000000a00},C:\Windows\System32\conhost.exe,C:\Windows\System32\conhost.exe,a26a1ffb81a61281ffa55cb7778cc3fb0ff981704de49f75f51f18b283fba7a2,conhost.exe,conhost.exe,"C:\Windows\system32\sc.exe, start, pushtoinstall, registration",4,"""C:\Windows\system32\sc.exe"" start pushtoinstall registration","""C:\Windows\system32\sc.exe"" start pushtoinstall registration",{2cb7582e-8ab4-6611-b400-000000000a00},C:\Windows\System32\sc.exe,C:\Windows\System32\sc.exe,sc.exe,sc.exe,"8,072",Microsoft Corporation,Console Window Host,10.0.19041.2546 (WinBuild.160101.0800),CONHOST.EXE,Microsoft® Windows® Operating System,"8,080",C:\Windows,C:\Windows,a26a1ffb81a61281ffa55cb7778cc3fb0ff981704de49f75f51f18b283fba7a2,SYSTEM,NT AUTHORITY,S-1-5-18,SYSTEM,SYSTEM,wineventlog,Microsoft-Windows-Sysmon/Operational,terminusk9,Microsoft Corporation,Console Window Host,10.0.19041.2546 (WinBuild.160101.0800),System,{2cb7582e-89ff-6611-e703-000000000000},0x3e7,NT AUTHORITY\SYSTEM,Microsoft® Windows® Operating System,0,1,Info,"3,228","3,820",{5770385f-c22a-43e0-bf4c-06f5698ffbd9},Microsoft-Windows-Sysmon,449,Process Create (rule: ProcessCreate),NT AUTHORITY,S-1-5-18,SYSTEM,User,5,,,,
"Apr 6, 2024 @ 10:47:32.248",7649c11b-3a00-4241-b375-20762f70ba8f,7ffeba03-3080-43c7-a167-2b63dd853127,terminusk9,terminusk9,filebeat,8.13.1,windows.sysmon_operational,default,logs,8.0.0,7ffeba03-3080-43c7-a167-2b63dd853127,FALSE,8.13.1,Process creation,verified,process,1,"Apr 6, 2024 @ 10:47:34.011",windows.sysmon_operational,"Apr 6, 2024 @ 10:47:38.000",event,windows,Microsoft-Windows-Sysmon,start,x86_64,terminusk9,2cb7582e-6ac9-4585-97cc-ae60502e4f16,"fe80::1754:ed5c:491b:5546, 10.0.2.15",08-00-27-BF-A9-3A,terminusk9,19045.2965,windows,10.0.19041.2965 (WinBuild.160101.0800),Windows 10 Home,Windows 10 Home,windows,windows,10,winlog,information,"Process Create:
RuleName: -
UtcTime: 2024-04-06 17:47:32.248
ProcessGuid: {2cb7582e-8ab4-6611-b400-000000000a00}
ProcessId: 8072
Image: C:\Windows\System32\sc.exe
FileVersion: 10.0.19041.1 (WinBuild.160101.0800)
Description: Service Control Manager Configuration Tool
Product: Microsoft® Windows® Operating System
Company: Microsoft Corporation
OriginalFileName: sc.exe
CommandLine: ""C:\Windows\system32\sc.exe"" start pushtoinstall registration
CurrentDirectory: C:\Windows\system32\
User: NT AUTHORITY\SYSTEM
LogonGuid: {2cb7582e-89ff-6611-e703-000000000000}
LogonId: 0x3E7
TerminalSessionId: 0
IntegrityLevel: System
Hashes: SHA256=41F067C3A11B02FE39947F9EBA68AE5C7CB5BD1872A6009A4CD1506554A9ABA9
ParentProcessGuid: {2cb7582e-8a01-6611-2100-000000000a00}
ParentProcessId: 1568
ParentImage: C:\Windows\System32\svchost.exe
ParentCommandLine: C:\Windows\system32\svchost.exe -k netsvcs -p -s Schedule
ParentUser: NT AUTHORITY\SYSTEM","C:\Windows\system32\sc.exe, start, pushtoinstall, registration",4,"""C:\Windows\system32\sc.exe"" start pushtoinstall registration","""C:\Windows\system32\sc.exe"" start pushtoinstall registration",{2cb7582e-8ab4-6611-b400-000000000a00},C:\Windows\System32\sc.exe,C:\Windows\System32\sc.exe,41f067c3a11b02fe39947f9eba68ae5c7cb5bd1872a6009a4cd1506554a9aba9,sc.exe,sc.exe,"C:\Windows\system32\svchost.exe, -k, netsvcs, -p, -s, Schedule",6,C:\Windows\system32\svchost.exe -k netsvcs -p -s Schedule,C:\Windows\system32\svchost.exe -k netsvcs -p -s Schedule,{2cb7582e-8a01-6611-2100-000000000a00},C:\Windows\System32\svchost.exe,C:\Windows\System32\svchost.exe,svchost.exe,svchost.exe,"1,568",Microsoft Corporation,Service Control Manager Configuration Tool,10.0.19041.1 (WinBuild.160101.0800),sc.exe,Microsoft® Windows® Operating System,"8,072",C:\Windows\system32\,C:\Windows\system32\,41f067c3a11b02fe39947f9eba68ae5c7cb5bd1872a6009a4cd1506554a9aba9,SYSTEM,NT AUTHORITY,S-1-5-18,SYSTEM,SYSTEM,wineventlog,Microsoft-Windows-Sysmon/Operational,terminusk9,Microsoft Corporation,Service Control Manager Configuration Tool,10.0.19041.1 (WinBuild.160101.0800),System,{2cb7582e-89ff-6611-e703-000000000000},0x3e7,NT AUTHORITY\SYSTEM,Microsoft® Windows® Operating System,0,1,Info,"3,228","3,820",{5770385f-c22a-43e0-bf4c-06f5698ffbd9},Microsoft-Windows-Sysmon,448,Process Create (rule: ProcessCreate),NT AUTHORITY,S-1-5-18,SYSTEM,User,5,,,,
"Apr 6, 2024 @ 10:47:31.324",7649c11b-3a00-4241-b375-20762f70ba8f,7ffeba03-3080-43c7-a167-2b63dd853127,terminusk9,terminusk9,filebeat,8.13.1,windows.sysmon_operational,default,logs,8.0.0,7ffeba03-3080-43c7-a167-2b63dd853127,FALSE,8.13.1,Process creation,verified,process,1,"Apr 6, 2024 @ 10:47:32.013",windows.sysmon_operational,"Apr 6, 2024 @ 10:47:38.000",event,windows,Microsoft-Windows-Sysmon,start,x86_64,terminusk9,2cb7582e-6ac9-4585-97cc-ae60502e4f16,"fe80::1754:ed5c:491b:5546, 10.0.2.15",08-00-27-BF-A9-3A,terminusk9,19045.2965,windows,10.0.19041.2965 (WinBuild.160101.0800),Windows 10 Home,Windows 10 Home,windows,windows,10,winlog,information,"Process Create:
RuleName: -
UtcTime: 2024-04-06 17:47:31.324
ProcessGuid: {2cb7582e-8ab3-6611-b300-000000000a00}
ProcessId: 8028
Image: C:\Windows\System32\MusNotificationUx.exe
FileVersion: 10.0.19041.3635 (WinBuild.160101.0800)
Description: MusNotificationUx.exe
Product: Microsoft® Windows® Operating System
Company: Microsoft Corporation
OriginalFileName: MusNotificationUx.exe
CommandLine: %%systemroot%%\system32\MusNotificationUx.exe ClearActiveNotifications
CurrentDirectory: C:\Windows\system32\
User: TERMINUSK9\terminusk9
LogonGuid: {2cb7582e-8a87-6611-2bd8-0b0000000000}
LogonId: 0xBD82B
TerminalSessionId: 1
IntegrityLevel: Medium
Hashes: SHA256=268601F6B226DD77B7C457D1C9065B735B6CBD3B1FEBF3988A5D805789FFBBE7
ParentProcessGuid: {2cb7582e-8aaf-6611-b000-000000000a00}
ParentProcessId: 7720
ParentImage: C:\Windows\System32\MusNotification.exe
ParentCommandLine: ""C:\Windows\system32\MusNotification.exe""
ParentUser: NT AUTHORITY\SYSTEM","%%systemroot%%\system32\MusNotificationUx.exe, ClearActiveNotifications",2,%%systemroot%%\system32\MusNotificationUx.exe ClearActiveNotifications,%%systemroot%%\system32\MusNotificationUx.exe ClearActiveNotifications,{2cb7582e-8ab3-6611-b300-000000000a00},C:\Windows\System32\MusNotificationUx.exe,C:\Windows\System32\MusNotificationUx.exe,268601f6b226dd77b7c457d1c9065b735b6cbd3b1febf3988a5d805789ffbbe7,MusNotificationUx.exe,MusNotificationUx.exe,C:\Windows\system32\MusNotification.exe,1,"""C:\Windows\system32\MusNotification.exe""","""C:\Windows\system32\MusNotification.exe""",{2cb7582e-8aaf-6611-b000-000000000a00},C:\Windows\System32\MusNotification.exe,C:\Windows\System32\MusNotification.exe,MusNotification.exe,MusNotification.exe,"7,720",Microsoft Corporation,MusNotificationUx.exe,10.0.19041.3635 (WinBuild.160101.0800),MusNotificationUx.exe,Microsoft® Windows® Operating System,"8,028",C:\Windows\system32\,C:\Windows\system32\,268601f6b226dd77b7c457d1c9065b735b6cbd3b1febf3988a5d805789ffbbe7,terminusk9,TERMINUSK9,S-1-5-18,terminusk9,terminusk9,wineventlog,Microsoft-Windows-Sysmon/Operational,terminusk9,Microsoft Corporation,MusNotificationUx.exe,10.0.19041.3635 (WinBuild.160101.0800),Medium,{2cb7582e-8a87-6611-2bd8-0b0000000000},0xbd82b,NT AUTHORITY\SYSTEM,Microsoft® Windows® Operating System,1,1,Info,"3,228","3,820",{5770385f-c22a-43e0-bf4c-06f5698ffbd9},Microsoft-Windows-Sysmon,447,Process Create (rule: ProcessCreate),NT AUTHORITY,S-1-5-18,SYSTEM,User,5,,,,
"Apr 6, 2024 @ 10:47:30.557",7649c11b-3a00-4241-b375-20762f70ba8f,7ffeba03-3080-43c7-a167-2b63dd853127,terminusk9,terminusk9,filebeat,8.13.1,windows.sysmon_operational,default,logs,8.0.0,7ffeba03-3080-43c7-a167-2b63dd853127,FALSE,8.13.1,Process terminated,verified,process,5,"Apr 6, 2024 @ 10:47:32.013",windows.sysmon_operational,"Apr 6, 2024 @ 10:47:38.000",event,windows,Microsoft-Windows-Sysmon,end,x86_64,terminusk9,2cb7582e-6ac9-4585-97cc-ae60502e4f16,"fe80::1754:ed5c:491b:5546, 10.0.2.15",08-00-27-BF-A9-3A,terminusk9,19045.2965,windows,10.0.19041.2965 (WinBuild.160101.0800),Windows 10 Home,Windows 10 Home,windows,windows,10,winlog,information,"Process terminated:
RuleName: -
UtcTime: 2024-04-06 17:47:30.557
ProcessGuid: {2cb7582e-8ab0-6611-b100-000000000a00}
ProcessId: 7832
Image: C:\Program Files\WindowsApps\Microsoft.XboxGamingOverlay_2.34.28001.0_x64__8wekyb3d8bbwe\GameBar.exe
User: TERMINUSK9\terminusk9",-,-,-,-,{2cb7582e-8ab0-6611-b100-000000000a00},C:\Program Files\WindowsApps\Microsoft.XboxGamingOverlay_2.34.28001.0_x64__8wekyb3d8bbwe\GameBar.exe,C:\Program Files\WindowsApps\Microsoft.XboxGamingOverlay_2.34.28001.0_x64__8wekyb3d8bbwe\GameBar.exe,-,GameBar.exe,GameBar.exe,-,-,-,-,-,-,-,-,-,-,-,-,-,-,-,"7,832",-,-,-,terminusk9,TERMINUSK9,S-1-5-18,terminusk9,terminusk9,wineventlog,Microsoft-Windows-Sysmon/Operational,terminusk9,-,-,-,-,-,-,-,-,-,5,Info,"3,228","3,820",{5770385f-c22a-43e0-bf4c-06f5698ffbd9},Microsoft-Windows-Sysmon,446,Process terminated (rule: ProcessTerminate),NT AUTHORITY,S-1-5-18,SYSTEM,User,3,,,,
"Apr 6, 2024 @ 10:47:29.068",7649c11b-3a00-4241-b375-20762f70ba8f,7ffeba03-3080-43c7-a167-2b63dd853127,terminusk9,terminusk9,filebeat,8.13.1,windows.sysmon_operational,default,logs,8.0.0,7ffeba03-3080-43c7-a167-2b63dd853127,FALSE,8.13.1,Process creation,verified,process,1,"Apr 6, 2024 @ 10:47:29.246",windows.sysmon_operational,"Apr 6, 2024 @ 10:47:38.000",event,windows,Microsoft-Windows-Sysmon,start,x86_64,terminusk9,2cb7582e-6ac9-4585-97cc-ae60502e4f16,"fe80::1754:ed5c:491b:5546, 10.0.2.15",08-00-27-BF-A9-3A,terminusk9,19045.2965,windows,10.0.19041.2965 (WinBuild.160101.0800),Windows 10 Home,Windows 10 Home,windows,windows,10,winlog,information,"Process Create:
RuleName: -
UtcTime: 2024-04-06 17:47:29.068
ProcessGuid: {2cb7582e-8ab1-6611-b200-000000000a00}
ProcessId: 7872
Image: C:\Windows\System32\svchost.exe
FileVersion: 10.0.19041.1806 (WinBuild.160101.0800)
Description: Host Process for Windows Services
Product: Microsoft® Windows® Operating System
Company: Microsoft Corporation
OriginalFileName: svchost.exe
CommandLine: C:\Windows\system32\svchost.exe -k wusvcs -p -s WaaSMedicSvc
CurrentDirectory: C:\Windows\system32\
User: NT AUTHORITY\SYSTEM
LogonGuid: {2cb7582e-89ff-6611-e703-000000000000}
LogonId: 0x3E7
TerminalSessionId: 0
IntegrityLevel: System
Hashes: SHA256=ADD683A6910ABBBF0E28B557FAD0BA998166394932AE2ACA069D9AA19EA8FE88
ParentProcessGuid: {2cb7582e-89ff-6611-0b00-000000000a00}
ParentProcessId: 736
ParentImage: C:\Windows\System32\services.exe
ParentCommandLine: C:\Windows\system32\services.exe
ParentUser: NT AUTHORITY\SYSTEM","C:\Windows\system32\svchost.exe, -k, wusvcs, -p, -s, WaaSMedicSvc",6,C:\Windows\system32\svchost.exe -k wusvcs -p -s WaaSMedicSvc,C:\Windows\system32\svchost.exe -k wusvcs -p -s WaaSMedicSvc,{2cb7582e-8ab1-6611-b200-000000000a00},C:\Windows\System32\svchost.exe,C:\Windows\System32\svchost.exe,add683a6910abbbf0e28b557fad0ba998166394932ae2aca069d9aa19ea8fe88,svchost.exe,svchost.exe,C:\Windows\system32\services.exe,1,C:\Windows\system32\services.exe,C:\Windows\system32\services.exe,{2cb7582e-89ff-6611-0b00-000000000a00},C:\Windows\System32\services.exe,C:\Windows\System32\services.exe,services.exe,services.exe,736,Microsoft Corporation,Host Process for Windows Services,10.0.19041.1806 (WinBuild.160101.0800),svchost.exe,Microsoft® Windows® Operating System,"7,872",C:\Windows\system32\,C:\Windows\system32\,add683a6910abbbf0e28b557fad0ba998166394932ae2aca069d9aa19ea8fe88,SYSTEM,NT AUTHORITY,S-1-5-18,SYSTEM,SYSTEM,wineventlog,Microsoft-Windows-Sysmon/Operational,terminusk9,Microsoft Corporation,Host Process for Windows Services,10.0.19041.1806 (WinBuild.160101.0800),System,{2cb7582e-89ff-6611-e703-000000000000},0x3e7,NT AUTHORITY\SYSTEM,Microsoft® Windows® Operating System,0,1,Info,"3,228","3,820",{5770385f-c22a-43e0-bf4c-06f5698ffbd9},Microsoft-Windows-Sysmon,445,Process Create (rule: ProcessCreate),NT AUTHORITY,S-1-5-18,SYSTEM,User,5,,,,
"Apr 6, 2024 @ 10:47:28.140",7649c11b-3a00-4241-b375-20762f70ba8f,7ffeba03-3080-43c7-a167-2b63dd853127,terminusk9,terminusk9,filebeat,8.13.1,windows.sysmon_operational,default,logs,8.0.0,7ffeba03-3080-43c7-a167-2b63dd853127,FALSE,8.13.1,Process creation,verified,process,1,"Apr 6, 2024 @ 10:47:29.245",windows.sysmon_operational,"Apr 6, 2024 @ 10:47:38.000",event,windows,Microsoft-Windows-Sysmon,start,x86_64,terminusk9,2cb7582e-6ac9-4585-97cc-ae60502e4f16,"fe80::1754:ed5c:491b:5546, 10.0.2.15",08-00-27-BF-A9-3A,terminusk9,19045.2965,windows,10.0.19041.2965 (WinBuild.160101.0800),Windows 10 Home,Windows 10 Home,windows,windows,10,winlog,information,"Process Create:
RuleName: -
UtcTime: 2024-04-06 17:47:28.140
ProcessGuid: {2cb7582e-8ab0-6611-b100-000000000a00}
ProcessId: 7832
Image: C:\Program Files\WindowsApps\Microsoft.XboxGamingOverlay_2.34.28001.0_x64__8wekyb3d8bbwe\GameBar.exe
FileVersion: -
Description: -
Product: -
Company: -
OriginalFileName: -
CommandLine: ""C:\Program Files\WindowsApps\Microsoft.XboxGamingOverlay_2.34.28001.0_x64__8wekyb3d8bbwe\GameBar.exe"" -ServerName:App.AppXbdkk0yrkwpcgeaem8zk81k8py1eaahny.mca
CurrentDirectory: C:\Program Files\WindowsApps\Microsoft.XboxGamingOverlay_2.34.28001.0_x64__8wekyb3d8bbwe\
User: TERMINUSK9\terminusk9
LogonGuid: {2cb7582e-8a87-6611-2bd8-0b0000000000}
LogonId: 0xBD82B
TerminalSessionId: 1
IntegrityLevel: AppContainer
Hashes: SHA256=09D9023BB6C8E9E48BBDB236B3C15FC535C0EBD5915D1490EC6D987DA75688B6
ParentProcessGuid: {2cb7582e-8a00-6611-0d00-000000000a00}
ParentProcessId: 880
ParentImage: C:\Windows\System32\svchost.exe
ParentCommandLine: C:\Windows\system32\svchost.exe -k DcomLaunch -p
ParentUser: NT AUTHORITY\SYSTEM","C:\Program Files\WindowsApps\Microsoft.XboxGamingOverlay_2.34.28001.0_x64__8wekyb3d8bbwe\GameBar.exe, -ServerName:App.AppXbdkk0yrkwpcgeaem8zk81k8py1eaahny.mca",2,"""C:\Program Files\WindowsApps\Microsoft.XboxGamingOverlay_2.34.28001.0_x64__8wekyb3d8bbwe\GameBar.exe"" -ServerName:App.AppXbdkk0yrkwpcgeaem8zk81k8py1eaahny.mca","""C:\Program Files\WindowsApps\Microsoft.XboxGamingOverlay_2.34.28001.0_x64__8wekyb3d8bbwe\GameBar.exe"" -ServerName:App.AppXbdkk0yrkwpcgeaem8zk81k8py1eaahny.mca",{2cb7582e-8ab0-6611-b100-000000000a00},C:\Program Files\WindowsApps\Microsoft.XboxGamingOverlay_2.34.28001.0_x64__8wekyb3d8bbwe\GameBar.exe,C:\Program Files\WindowsApps\Microsoft.XboxGamingOverlay_2.34.28001.0_x64__8wekyb3d8bbwe\GameBar.exe,09d9023bb6c8e9e48bbdb236b3c15fc535c0ebd5915d1490ec6d987da75688b6,GameBar.exe,GameBar.exe,"C:\Windows\system32\svchost.exe, -k, DcomLaunch, -p",4,C:\Windows\system32\svchost.exe -k DcomLaunch -p,C:\Windows\system32\svchost.exe -k DcomLaunch -p,{2cb7582e-8a00-6611-0d00-000000000a00},C:\Windows\System32\svchost.exe,C:\Windows\System32\svchost.exe,svchost.exe,svchost.exe,880,-,-,-,-,-,"7,832",C:\Program Files\WindowsApps\Microsoft.XboxGamingOverlay_2.34.28001.0_x64__8wekyb3d8bbwe\,C:\Program Files\WindowsApps\Microsoft.XboxGamingOverlay_2.34.28001.0_x64__8wekyb3d8bbwe\,09d9023bb6c8e9e48bbdb236b3c15fc535c0ebd5915d1490ec6d987da75688b6,terminusk9,TERMINUSK9,S-1-5-18,terminusk9,terminusk9,wineventlog,Microsoft-Windows-Sysmon/Operational,terminusk9,-,-,-,AppContainer,{2cb7582e-8a87-6611-2bd8-0b0000000000},0xbd82b,NT AUTHORITY\SYSTEM,-,1,1,Info,"3,228","3,820",{5770385f-c22a-43e0-bf4c-06f5698ffbd9},Microsoft-Windows-Sysmon,444,Process Create (rule: ProcessCreate),NT AUTHORITY,S-1-5-18,SYSTEM,User,5,,,,
"Apr 6, 2024 @ 10:47:27.418",7649c11b-3a00-4241-b375-20762f70ba8f,7ffeba03-3080-43c7-a167-2b63dd853127,terminusk9,terminusk9,filebeat,8.13.1,windows.sysmon_operational,default,logs,8.0.0,7ffeba03-3080-43c7-a167-2b63dd853127,FALSE,8.13.1,Process creation,verified,process,1,"Apr 6, 2024 @ 10:47:28.289",windows.sysmon_operational,"Apr 6, 2024 @ 10:47:38.000",event,windows,Microsoft-Windows-Sysmon,start,x86_64,terminusk9,2cb7582e-6ac9-4585-97cc-ae60502e4f16,"fe80::1754:ed5c:491b:5546, 10.0.2.15",08-00-27-BF-A9-3A,terminusk9,19045.2965,windows,10.0.19041.2965 (WinBuild.160101.0800),Windows 10 Home,Windows 10 Home,windows,windows,10,winlog,information,"Process Create:
RuleName: -
UtcTime: 2024-04-06 17:47:27.418
ProcessGuid: {2cb7582e-8aaf-6611-b000-000000000a00}
ProcessId: 7720
Image: C:\Windows\System32\MusNotification.exe
FileVersion: 10.0.19041.3635 (WinBuild.160101.0800)
Description: MusNotificationBroker
Product: Microsoft® Windows® Operating System
Company: Microsoft Corporation
OriginalFileName: MusNotification.exe
CommandLine: ""C:\Windows\system32\MusNotification.exe""
CurrentDirectory: C:\Windows\system32\
User: NT AUTHORITY\SYSTEM
LogonGuid: {2cb7582e-89ff-6611-e703-000000000000}
LogonId: 0x3E7
TerminalSessionId: 0
IntegrityLevel: System
Hashes: SHA256=65CA6C0D16328357177BD0AD7F2C82F4F579F9D0DE34CAF8DCC118AA1A4E1D66
ParentProcessGuid: {2cb7582e-8a01-6611-2100-000000000a00}
ParentProcessId: 1568
ParentImage: C:\Windows\System32\svchost.exe
ParentCommandLine: C:\Windows\system32\svchost.exe -k netsvcs -p -s Schedule
ParentUser: NT AUTHORITY\SYSTEM",C:\Windows\system32\MusNotification.exe,1,"""C:\Windows\system32\MusNotification.exe""","""C:\Windows\system32\MusNotification.exe""",{2cb7582e-8aaf-6611-b000-000000000a00},C:\Windows\System32\MusNotification.exe,C:\Windows\System32\MusNotification.exe,65ca6c0d16328357177bd0ad7f2c82f4f579f9d0de34caf8dcc118aa1a4e1d66,MusNotification.exe,MusNotification.exe,"C:\Windows\system32\svchost.exe, -k, netsvcs, -p, -s, Schedule",6,C:\Windows\system32\svchost.exe -k netsvcs -p -s Schedule,C:\Windows\system32\svchost.exe -k netsvcs -p -s Schedule,{2cb7582e-8a01-6611-2100-000000000a00},C:\Windows\System32\svchost.exe,C:\Windows\System32\svchost.exe,svchost.exe,svchost.exe,"1,568",Microsoft Corporation,MusNotificationBroker,10.0.19041.3635 (WinBuild.160101.0800),MusNotification.exe,Microsoft® Windows® Operating System,"7,720",C:\Windows\system32\,C:\Windows\system32\,65ca6c0d16328357177bd0ad7f2c82f4f579f9d0de34caf8dcc118aa1a4e1d66,SYSTEM,NT AUTHORITY,S-1-5-18,SYSTEM,SYSTEM,wineventlog,Microsoft-Windows-Sysmon/Operational,terminusk9,Microsoft Corporation,MusNotificationBroker,10.0.19041.3635 (WinBuild.160101.0800),System,{2cb7582e-89ff-6611-e703-000000000000},0x3e7,NT AUTHORITY\SYSTEM,Microsoft® Windows® Operating System,0,1,Info,"3,228","3,820",{5770385f-c22a-43e0-bf4c-06f5698ffbd9},Microsoft-Windows-Sysmon,443,Process Create (rule: ProcessCreate),NT AUTHORITY,S-1-5-18,SYSTEM,User,5,,,,
"Apr 6, 2024 @ 10:47:27.157",7649c11b-3a00-4241-b375-20762f70ba8f,7ffeba03-3080-43c7-a167-2b63dd853127,terminusk9,terminusk9,filebeat,8.13.1,windows.sysmon_operational,default,logs,8.0.0,7ffeba03-3080-43c7-a167-2b63dd853127,FALSE,8.13.1,Process creation,verified,process,1,"Apr 6, 2024 @ 10:47:28.288",windows.sysmon_operational,"Apr 6, 2024 @ 10:47:38.000",event,windows,Microsoft-Windows-Sysmon,start,x86_64,terminusk9,2cb7582e-6ac9-4585-97cc-ae60502e4f16,"fe80::1754:ed5c:491b:5546, 10.0.2.15",08-00-27-BF-A9-3A,terminusk9,19045.2965,windows,10.0.19041.2965 (WinBuild.160101.0800),Windows 10 Home,Windows 10 Home,windows,windows,10,winlog,information,"Process Create:
RuleName: -
UtcTime: 2024-04-06 17:47:27.157
ProcessGuid: {2cb7582e-8aaf-6611-af00-000000000a00}
ProcessId: 7656
Image: C:\Program Files\WindowsApps\Microsoft.SkypeApp_14.53.77.0_x64__kzf8qxf38zg5c\SkypeBackgroundHost.exe
FileVersion: 8.53.0.77
Description: Microsoft Skype
Product: Microsoft® Skype
Company: Microsoft Corporation
OriginalFileName: SkypeBackgroundHost.exe
CommandLine: ""C:\Program Files\WindowsApps\Microsoft.SkypeApp_14.53.77.0_x64__kzf8qxf38zg5c\SkypeBackgroundHost.exe"" -ServerName:SkypeBackgroundHost
CurrentDirectory: C:\Program Files\WindowsApps\Microsoft.SkypeApp_14.53.77.0_x64__kzf8qxf38zg5c\
User: TERMINUSK9\terminusk9
LogonGuid: {2cb7582e-8a87-6611-2bd8-0b0000000000}
LogonId: 0xBD82B
TerminalSessionId: 1
IntegrityLevel: AppContainer
Hashes: SHA256=076EA6F96AEA911A0175BE091D4028F71BC4570D4AAC20E2681C35CE992A66D7
ParentProcessGuid: {2cb7582e-8a00-6611-0d00-000000000a00}
ParentProcessId: 880
ParentImage: C:\Windows\System32\svchost.exe
ParentCommandLine: C:\Windows\system32\svchost.exe -k DcomLaunch -p
ParentUser: NT AUTHORITY\SYSTEM","C:\Program Files\WindowsApps\Microsoft.SkypeApp_14.53.77.0_x64__kzf8qxf38zg5c\SkypeBackgroundHost.exe, -ServerName:SkypeBackgroundHost",2,"""C:\Program Files\WindowsApps\Microsoft.SkypeApp_14.53.77.0_x64__kzf8qxf38zg5c\SkypeBackgroundHost.exe"" -ServerName:SkypeBackgroundHost","""C:\Program Files\WindowsApps\Microsoft.SkypeApp_14.53.77.0_x64__kzf8qxf38zg5c\SkypeBackgroundHost.exe"" -ServerName:SkypeBackgroundHost",{2cb7582e-8aaf-6611-af00-000000000a00},C:\Program Files\WindowsApps\Microsoft.SkypeApp_14.53.77.0_x64__kzf8qxf38zg5c\SkypeBackgroundHost.exe,C:\Program Files\WindowsApps\Microsoft.SkypeApp_14.53.77.0_x64__kzf8qxf38zg5c\SkypeBackgroundHost.exe,076ea6f96aea911a0175be091d4028f71bc4570d4aac20e2681c35ce992a66d7,SkypeBackgroundHost.exe,SkypeBackgroundHost.exe,"C:\Windows\system32\svchost.exe, -k, DcomLaunch, -p",4,C:\Windows\system32\svchost.exe -k DcomLaunch -p,C:\Windows\system32\svchost.exe -k DcomLaunch -p,{2cb7582e-8a00-6611-0d00-000000000a00},C:\Windows\System32\svchost.exe,C:\Windows\System32\svchost.exe,svchost.exe,svchost.exe,880,Microsoft Corporation,Microsoft Skype,8.53.0.77,SkypeBackgroundHost.exe,Microsoft® Skype,"7,656",C:\Program Files\WindowsApps\Microsoft.SkypeApp_14.53.77.0_x64__kzf8qxf38zg5c\,C:\Program Files\WindowsApps\Microsoft.SkypeApp_14.53.77.0_x64__kzf8qxf38zg5c\,076ea6f96aea911a0175be091d4028f71bc4570d4aac20e2681c35ce992a66d7,terminusk9,TERMINUSK9,S-1-5-18,terminusk9,terminusk9,wineventlog,Microsoft-Windows-Sysmon/Operational,terminusk9,Microsoft Corporation,Microsoft Skype,8.53.0.77,AppContainer,{2cb7582e-8a87-6611-2bd8-0b0000000000},0xbd82b,NT AUTHORITY\SYSTEM,Microsoft® Skype,1,1,Info,"3,228","3,820",{5770385f-c22a-43e0-bf4c-06f5698ffbd9},Microsoft-Windows-Sysmon,442,Process Create (rule: ProcessCreate),NT AUTHORITY,S-1-5-18,SYSTEM,User,5,,,,
"Apr 6, 2024 @ 10:47:27.149",7649c11b-3a00-4241-b375-20762f70ba8f,7ffeba03-3080-43c7-a167-2b63dd853127,terminusk9,terminusk9,filebeat,8.13.1,windows.sysmon_operational,default,logs,8.0.0,7ffeba03-3080-43c7-a167-2b63dd853127,FALSE,8.13.1,Process creation,verified,process,1,"Apr 6, 2024 @ 10:47:28.288",windows.sysmon_operational,"Apr 6, 2024 @ 10:47:38.000",event,windows,Microsoft-Windows-Sysmon,start,x86_64,terminusk9,2cb7582e-6ac9-4585-97cc-ae60502e4f16,"fe80::1754:ed5c:491b:5546, 10.0.2.15",08-00-27-BF-A9-3A,terminusk9,19045.2965,windows,10.0.19041.2965 (WinBuild.160101.0800),Windows 10 Home,Windows 10 Home,windows,windows,10,winlog,information,"Process Create:
RuleName: -
UtcTime: 2024-04-06 17:47:27.149
ProcessGuid: {2cb7582e-8aaf-6611-ae00-000000000a00}
ProcessId: 7632
Image: C:\Program Files\WindowsApps\Microsoft.SkypeApp_14.53.77.0_x64__kzf8qxf38zg5c\SkypeApp.exe
FileVersion: 8.53.0.77
Description: SkypeApp
Product: Microsoft Skype
Company: Microsoft Corporation
OriginalFileName: SkypeApp.exe
CommandLine: ""C:\Program Files\WindowsApps\Microsoft.SkypeApp_14.53.77.0_x64__kzf8qxf38zg5c\SkypeApp.exe"" -ServerName:App.AppXffn3yxqvgawq9fpmnhy90fr3y01d1t5b.mca
CurrentDirectory: C:\Program Files\WindowsApps\Microsoft.SkypeApp_14.53.77.0_x64__kzf8qxf38zg5c\
User: TERMINUSK9\terminusk9
LogonGuid: {2cb7582e-8a87-6611-2bd8-0b0000000000}
LogonId: 0xBD82B
TerminalSessionId: 1
IntegrityLevel: AppContainer
Hashes: SHA256=6DA131827B1E8BD452DB68CD67CE58717B3BA5D753FB4963DE8AFBEA6C78D402
ParentProcessGuid: {2cb7582e-8a00-6611-0d00-000000000a00}
ParentProcessId: 880
ParentImage: C:\Windows\System32\svchost.exe
ParentCommandLine: C:\Windows\system32\svchost.exe -k DcomLaunch -p
ParentUser: NT AUTHORITY\SYSTEM","C:\Program Files\WindowsApps\Microsoft.SkypeApp_14.53.77.0_x64__kzf8qxf38zg5c\SkypeApp.exe, -ServerName:App.AppXffn3yxqvgawq9fpmnhy90fr3y01d1t5b.mca",2,"""C:\Program Files\WindowsApps\Microsoft.SkypeApp_14.53.77.0_x64__kzf8qxf38zg5c\SkypeApp.exe"" -ServerName:App.AppXffn3yxqvgawq9fpmnhy90fr3y01d1t5b.mca","""C:\Program Files\WindowsApps\Microsoft.SkypeApp_14.53.77.0_x64__kzf8qxf38zg5c\SkypeApp.exe"" -ServerName:App.AppXffn3yxqvgawq9fpmnhy90fr3y01d1t5b.mca",{2cb7582e-8aaf-6611-ae00-000000000a00},C:\Program Files\WindowsApps\Microsoft.SkypeApp_14.53.77.0_x64__kzf8qxf38zg5c\SkypeApp.exe,C:\Program Files\WindowsApps\Microsoft.SkypeApp_14.53.77.0_x64__kzf8qxf38zg5c\SkypeApp.exe,6da131827b1e8bd452db68cd67ce58717b3ba5d753fb4963de8afbea6c78d402,SkypeApp.exe,SkypeApp.exe,"C:\Windows\system32\svchost.exe, -k, DcomLaunch, -p",4,C:\Windows\system32\svchost.exe -k DcomLaunch -p,C:\Windows\system32\svchost.exe -k DcomLaunch -p,{2cb7582e-8a00-6611-0d00-000000000a00},C:\Windows\System32\svchost.exe,C:\Windows\System32\svchost.exe,svchost.exe,svchost.exe,880,Microsoft Corporation,SkypeApp,8.53.0.77,SkypeApp.exe,Microsoft Skype,"7,632",C:\Program Files\WindowsApps\Microsoft.SkypeApp_14.53.77.0_x64__kzf8qxf38zg5c\,C:\Program Files\WindowsApps\Microsoft.SkypeApp_14.53.77.0_x64__kzf8qxf38zg5c\,6da131827b1e8bd452db68cd67ce58717b3ba5d753fb4963de8afbea6c78d402,terminusk9,TERMINUSK9,S-1-5-18,terminusk9,terminusk9,wineventlog,Microsoft-Windows-Sysmon/Operational,terminusk9,Microsoft Corporation,SkypeApp,8.53.0.77,AppContainer,{2cb7582e-8a87-6611-2bd8-0b0000000000},0xbd82b,NT AUTHORITY\SYSTEM,Microsoft Skype,1,1,Info,"3,228","3,820",{5770385f-c22a-43e0-bf4c-06f5698ffbd9},Microsoft-Windows-Sysmon,441,Process Create (rule: ProcessCreate),NT AUTHORITY,S-1-5-18,SYSTEM,User,5,,,,
"Apr 6, 2024 @ 10:47:24.627",7649c11b-3a00-4241-b375-20762f70ba8f,7ffeba03-3080-43c7-a167-2b63dd853127,terminusk9,terminusk9,filebeat,8.13.1,windows.sysmon_operational,default,logs,8.0.0,7ffeba03-3080-43c7-a167-2b63dd853127,FALSE,8.13.1,Process terminated,verified,process,5,"Apr 6, 2024 @ 10:47:26.411",windows.sysmon_operational,"Apr 6, 2024 @ 10:47:38.000",event,windows,Microsoft-Windows-Sysmon,end,x86_64,terminusk9,2cb7582e-6ac9-4585-97cc-ae60502e4f16,"fe80::1754:ed5c:491b:5546, 10.0.2.15",08-00-27-BF-A9-3A,terminusk9,19045.2965,windows,10.0.19041.2965 (WinBuild.160101.0800),Windows 10 Home,Windows 10 Home,windows,windows,10,winlog,information,"Process terminated:
RuleName: -
UtcTime: 2024-04-06 17:47:24.627
ProcessGuid: {2cb7582e-8a8b-6611-9500-000000000a00}
ProcessId: 5328
Image: C:\Windows\System32\slui.exe
User: NT AUTHORITY\NETWORK SERVICE",-,-,-,-,{2cb7582e-8a8b-6611-9500-000000000a00},C:\Windows\System32\slui.exe,C:\Windows\System32\slui.exe,-,slui.exe,slui.exe,-,-,-,-,-,-,-,-,-,-,-,-,-,-,-,"5,328",-,-,-,NETWORK SERVICE,NT AUTHORITY,S-1-5-18,NETWORK SERVICE,NETWORK SERVICE,wineventlog,Microsoft-Windows-Sysmon/Operational,terminusk9,-,-,-,-,-,-,-,-,-,5,Info,"3,228","3,820",{5770385f-c22a-43e0-bf4c-06f5698ffbd9},Microsoft-Windows-Sysmon,440,Process terminated (rule: ProcessTerminate),NT AUTHORITY,S-1-5-18,SYSTEM,User,3,,,,
"Apr 6, 2024 @ 10:47:24.606",7649c11b-3a00-4241-b375-20762f70ba8f,7ffeba03-3080-43c7-a167-2b63dd853127,terminusk9,terminusk9,filebeat,8.13.1,windows.sysmon_operational,default,logs,8.0.0,7ffeba03-3080-43c7-a167-2b63dd853127,FALSE,8.13.1,Process terminated,verified,process,5,"Apr 6, 2024 @ 10:47:26.411",windows.sysmon_operational,"Apr 6, 2024 @ 10:47:38.000",event,windows,Microsoft-Windows-Sysmon,end,x86_64,terminusk9,2cb7582e-6ac9-4585-97cc-ae60502e4f16,"fe80::1754:ed5c:491b:5546, 10.0.2.15",08-00-27-BF-A9-3A,terminusk9,19045.2965,windows,10.0.19041.2965 (WinBuild.160101.0800),Windows 10 Home,Windows 10 Home,windows,windows,10,winlog,information,"Process terminated:
RuleName: -
UtcTime: 2024-04-06 17:47:24.606
ProcessGuid: {2cb7582e-8a8b-6611-9600-000000000a00}
ProcessId: 5452
Image: C:\Windows\System32\slui.exe
User: TERMINUSK9\terminusk9",-,-,-,-,{2cb7582e-8a8b-6611-9600-000000000a00},C:\Windows\System32\slui.exe,C:\Windows\System32\slui.exe,-,slui.exe,slui.exe,-,-,-,-,-,-,-,-,-,-,-,-,-,-,-,"5,452",-,-,-,terminusk9,TERMINUSK9,S-1-5-18,terminusk9,terminusk9,wineventlog,Microsoft-Windows-Sysmon/Operational,terminusk9,-,-,-,-,-,-,-,-,-,5,Info,"3,228","3,820",{5770385f-c22a-43e0-bf4c-06f5698ffbd9},Microsoft-Windows-Sysmon,439,Process terminated (rule: ProcessTerminate),NT AUTHORITY,S-1-5-18,SYSTEM,User,3,,,,
"Apr 6, 2024 @ 10:47:15.954",7649c11b-3a00-4241-b375-20762f70ba8f,7ffeba03-3080-43c7-a167-2b63dd853127,terminusk9,terminusk9,filebeat,8.13.1,windows.sysmon_operational,default,logs,8.0.0,7ffeba03-3080-43c7-a167-2b63dd853127,FALSE,8.13.1,Process terminated,verified,process,5,"Apr 6, 2024 @ 10:47:16.878",windows.sysmon_operational,"Apr 6, 2024 @ 10:47:27.000",event,windows,Microsoft-Windows-Sysmon,end,x86_64,terminusk9,2cb7582e-6ac9-4585-97cc-ae60502e4f16,"fe80::1754:ed5c:491b:5546, 10.0.2.15",08-00-27-BF-A9-3A,terminusk9,19045.2965,windows,10.0.19041.2965 (WinBuild.160101.0800),Windows 10 Home,Windows 10 Home,windows,windows,10,winlog,information,"Process terminated:
RuleName: -
UtcTime: 2024-04-06 17:47:15.954
ProcessGuid: {2cb7582e-8aa3-6611-ad00-000000000a00}
ProcessId: 7296
Image: C:\Windows\System32\wlrmdr.exe
User: TERMINUSK9\terminusk9",-,-,-,-,{2cb7582e-8aa3-6611-ad00-000000000a00},C:\Windows\System32\wlrmdr.exe,C:\Windows\System32\wlrmdr.exe,-,wlrmdr.exe,wlrmdr.exe,-,-,-,-,-,-,-,-,-,-,-,-,-,-,-,"7,296",-,-,-,terminusk9,TERMINUSK9,S-1-5-18,terminusk9,terminusk9,wineventlog,Microsoft-Windows-Sysmon/Operational,terminusk9,-,-,-,-,-,-,-,-,-,5,Info,"3,228","3,820",{5770385f-c22a-43e0-bf4c-06f5698ffbd9},Microsoft-Windows-Sysmon,438,Process terminated (rule: ProcessTerminate),NT AUTHORITY,S-1-5-18,SYSTEM,User,3,,,,
"Apr 6, 2024 @ 10:47:15.900",7649c11b-3a00-4241-b375-20762f70ba8f,7ffeba03-3080-43c7-a167-2b63dd853127,terminusk9,terminusk9,filebeat,8.13.1,windows.sysmon_operational,default,logs,8.0.0,7ffeba03-3080-43c7-a167-2b63dd853127,FALSE,8.13.1,Process creation,verified,process,1,"Apr 6, 2024 @ 10:47:16.878",windows.sysmon_operational,"Apr 6, 2024 @ 10:47:27.000",event,windows,Microsoft-Windows-Sysmon,start,x86_64,terminusk9,2cb7582e-6ac9-4585-97cc-ae60502e4f16,"fe80::1754:ed5c:491b:5546, 10.0.2.15",08-00-27-BF-A9-3A,terminusk9,19045.2965,windows,10.0.19041.2965 (WinBuild.160101.0800),Windows 10 Home,Windows 10 Home,windows,windows,10,winlog,information,"Process Create:
RuleName: -
UtcTime: 2024-04-06 17:47:15.900
ProcessGuid: {2cb7582e-8aa3-6611-ad00-000000000a00}
ProcessId: 7296
Image: C:\Windows\System32\wlrmdr.exe
FileVersion: 10.0.19041.746 (WinBuild.160101.0800)
Description: Windows logon reminder
Product: Microsoft® Windows® Operating System
Company: Microsoft Corporation
OriginalFileName: WLRMNDR.EXE
CommandLine:  -c -s 0 -f 0 -t Empty -m Empty -a 0 -u Empty
CurrentDirectory: C:\Windows\system32\
User: TERMINUSK9\terminusk9
LogonGuid: {2cb7582e-8a87-6611-2bd8-0b0000000000}
LogonId: 0xBD82B
TerminalSessionId: 1
IntegrityLevel: Medium
Hashes: SHA256=2FDA95AAFB2E9284C730BF912B93F60A75B151941ADC14445ED1E056140325B1
ParentProcessGuid: {2cb7582e-89ff-6611-0a00-000000000a00}
ParentProcessId: 668
ParentImage: C:\Windows\System32\winlogon.exe
ParentCommandLine: winlogon.exe
ParentUser: NT AUTHORITY\SYSTEM","-c, -s, 0, -f, 0, -t, Empty, -m, Empty, -a, 0, -u, Empty",13, -c -s 0 -f 0 -t Empty -m Empty -a 0 -u Empty, -c -s 0 -f 0 -t Empty -m Empty -a 0 -u Empty,{2cb7582e-8aa3-6611-ad00-000000000a00},C:\Windows\System32\wlrmdr.exe,C:\Windows\System32\wlrmdr.exe,2fda95aafb2e9284c730bf912b93f60a75b151941adc14445ed1e056140325b1,wlrmdr.exe,wlrmdr.exe,winlogon.exe,1,winlogon.exe,winlogon.exe,{2cb7582e-89ff-6611-0a00-000000000a00},C:\Windows\System32\winlogon.exe,C:\Windows\System32\winlogon.exe,winlogon.exe,winlogon.exe,668,Microsoft Corporation,Windows logon reminder,10.0.19041.746 (WinBuild.160101.0800),WLRMNDR.EXE,Microsoft® Windows® Operating System,"7,296",C:\Windows\system32\,C:\Windows\system32\,2fda95aafb2e9284c730bf912b93f60a75b151941adc14445ed1e056140325b1,terminusk9,TERMINUSK9,S-1-5-18,terminusk9,terminusk9,wineventlog,Microsoft-Windows-Sysmon/Operational,terminusk9,Microsoft Corporation,Windows logon reminder,10.0.19041.746 (WinBuild.160101.0800),Medium,{2cb7582e-8a87-6611-2bd8-0b0000000000},0xbd82b,NT AUTHORITY\SYSTEM,Microsoft® Windows® Operating System,1,1,Info,"3,228","3,820",{5770385f-c22a-43e0-bf4c-06f5698ffbd9},Microsoft-Windows-Sysmon,437,Process Create (rule: ProcessCreate),NT AUTHORITY,S-1-5-18,SYSTEM,User,5,,,,
"Apr 6, 2024 @ 10:47:14.442",7649c11b-3a00-4241-b375-20762f70ba8f,7ffeba03-3080-43c7-a167-2b63dd853127,terminusk9,terminusk9,filebeat,8.13.1,windows.sysmon_operational,default,logs,8.0.0,7ffeba03-3080-43c7-a167-2b63dd853127,FALSE,8.13.1,Process terminated,verified,process,5,"Apr 6, 2024 @ 10:47:16.029",windows.sysmon_operational,"Apr 6, 2024 @ 10:47:27.000",event,windows,Microsoft-Windows-Sysmon,end,x86_64,terminusk9,2cb7582e-6ac9-4585-97cc-ae60502e4f16,"fe80::1754:ed5c:491b:5546, 10.0.2.15",08-00-27-BF-A9-3A,terminusk9,19045.2965,windows,10.0.19041.2965 (WinBuild.160101.0800),Windows 10 Home,Windows 10 Home,windows,windows,10,winlog,information,"Process terminated:
RuleName: -
UtcTime: 2024-04-06 17:47:14.442
ProcessGuid: {2cb7582e-8a00-6611-1200-000000000a00}
ProcessId: 496
Image: C:\Windows\System32\LogonUI.exe
User: NT AUTHORITY\SYSTEM",-,-,-,-,{2cb7582e-8a00-6611-1200-000000000a00},C:\Windows\System32\LogonUI.exe,C:\Windows\System32\LogonUI.exe,-,LogonUI.exe,LogonUI.exe,-,-,-,-,-,-,-,-,-,-,-,-,-,-,-,496,-,-,-,SYSTEM,NT AUTHORITY,S-1-5-18,SYSTEM,SYSTEM,wineventlog,Microsoft-Windows-Sysmon/Operational,terminusk9,-,-,-,-,-,-,-,-,-,5,Info,"3,228","3,820",{5770385f-c22a-43e0-bf4c-06f5698ffbd9},Microsoft-Windows-Sysmon,436,Process terminated (rule: ProcessTerminate),NT AUTHORITY,S-1-5-18,SYSTEM,User,3,,,,
"Apr 6, 2024 @ 10:47:13.372",7649c11b-3a00-4241-b375-20762f70ba8f,7ffeba03-3080-43c7-a167-2b63dd853127,terminusk9,terminusk9,filebeat,8.13.1,windows.sysmon_operational,default,logs,8.0.0,7ffeba03-3080-43c7-a167-2b63dd853127,FALSE,8.13.1,Process terminated,verified,process,5,"Apr 6, 2024 @ 10:47:14.372",windows.sysmon_operational,"Apr 6, 2024 @ 10:47:16.000",event,windows,Microsoft-Windows-Sysmon,end,x86_64,terminusk9,2cb7582e-6ac9-4585-97cc-ae60502e4f16,"fe80::1754:ed5c:491b:5546, 10.0.2.15",08-00-27-BF-A9-3A,terminusk9,19045.2965,windows,10.0.19041.2965 (WinBuild.160101.0800),Windows 10 Home,Windows 10 Home,windows,windows,10,winlog,information,"Process terminated:
RuleName: -
UtcTime: 2024-04-06 17:47:13.372
ProcessGuid: {2cb7582e-8a8a-6611-8d00-000000000a00}
ProcessId: 2032
Image: C:\Windows\System32\userinit.exe
User: TERMINUSK9\terminusk9",-,-,-,-,{2cb7582e-8a8a-6611-8d00-000000000a00},C:\Windows\System32\userinit.exe,C:\Windows\System32\userinit.exe,-,userinit.exe,userinit.exe,-,-,-,-,-,-,-,-,-,-,-,-,-,-,-,"2,032",-,-,-,terminusk9,TERMINUSK9,S-1-5-18,terminusk9,terminusk9,wineventlog,Microsoft-Windows-Sysmon/Operational,terminusk9,-,-,-,-,-,-,-,-,-,5,Info,"3,228","3,820",{5770385f-c22a-43e0-bf4c-06f5698ffbd9},Microsoft-Windows-Sysmon,435,Process terminated (rule: ProcessTerminate),NT AUTHORITY,S-1-5-18,SYSTEM,User,3,,,,
"Apr 6, 2024 @ 10:47:06.151",7649c11b-3a00-4241-b375-20762f70ba8f,7ffeba03-3080-43c7-a167-2b63dd853127,terminusk9,terminusk9,filebeat,8.13.1,windows.sysmon_operational,default,logs,8.0.0,7ffeba03-3080-43c7-a167-2b63dd853127,FALSE,8.13.1,Process terminated,verified,process,5,"Apr 6, 2024 @ 10:47:07.474",windows.sysmon_operational,"Apr 6, 2024 @ 10:47:16.000",event,windows,Microsoft-Windows-Sysmon,end,x86_64,terminusk9,2cb7582e-6ac9-4585-97cc-ae60502e4f16,"fe80::1754:ed5c:491b:5546, 10.0.2.15",08-00-27-BF-A9-3A,terminusk9,19045.2965,windows,10.0.19041.2965 (WinBuild.160101.0800),Windows 10 Home,Windows 10 Home,windows,windows,10,winlog,information,"Process terminated:
RuleName: -
UtcTime: 2024-04-06 17:47:06.151
ProcessGuid: {2cb7582e-8a8a-6611-9100-000000000a00}
ProcessId: 5136
Image: C:\Program Files\RUXIM\PLUGScheduler.exe
User: NT AUTHORITY\SYSTEM",-,-,-,-,{2cb7582e-8a8a-6611-9100-000000000a00},C:\Program Files\RUXIM\PLUGScheduler.exe,C:\Program Files\RUXIM\PLUGScheduler.exe,-,PLUGScheduler.exe,PLUGScheduler.exe,-,-,-,-,-,-,-,-,-,-,-,-,-,-,-,"5,136",-,-,-,SYSTEM,NT AUTHORITY,S-1-5-18,SYSTEM,SYSTEM,wineventlog,Microsoft-Windows-Sysmon/Operational,terminusk9,-,-,-,-,-,-,-,-,-,5,Info,"3,228","3,820",{5770385f-c22a-43e0-bf4c-06f5698ffbd9},Microsoft-Windows-Sysmon,434,Process terminated (rule: ProcessTerminate),NT AUTHORITY,S-1-5-18,SYSTEM,User,3,,,,
"Apr 6, 2024 @ 10:47:05.916",7649c11b-3a00-4241-b375-20762f70ba8f,7ffeba03-3080-43c7-a167-2b63dd853127,terminusk9,terminusk9,filebeat,8.13.1,windows.sysmon_operational,default,logs,8.0.0,7ffeba03-3080-43c7-a167-2b63dd853127,FALSE,8.13.1,Process terminated,verified,process,5,"Apr 6, 2024 @ 10:47:07.474",windows.sysmon_operational,"Apr 6, 2024 @ 10:47:16.000",event,windows,Microsoft-Windows-Sysmon,end,x86_64,terminusk9,2cb7582e-6ac9-4585-97cc-ae60502e4f16,"fe80::1754:ed5c:491b:5546, 10.0.2.15",08-00-27-BF-A9-3A,terminusk9,19045.2965,windows,10.0.19041.2965 (WinBuild.160101.0800),Windows 10 Home,Windows 10 Home,windows,windows,10,winlog,information,"Process terminated:
RuleName: -
UtcTime: 2024-04-06 17:47:05.916
ProcessGuid: {2cb7582e-8a99-6611-ac00-000000000a00}
ProcessId: 7208
Image: C:\Program Files\RUXIM\RUXIMICS.exe
User: NT AUTHORITY\SYSTEM",-,-,-,-,{2cb7582e-8a99-6611-ac00-000000000a00},C:\Program Files\RUXIM\RUXIMICS.exe,C:\Program Files\RUXIM\RUXIMICS.exe,-,RUXIMICS.exe,RUXIMICS.exe,-,-,-,-,-,-,-,-,-,-,-,-,-,-,-,"7,208",-,-,-,SYSTEM,NT AUTHORITY,S-1-5-18,SYSTEM,SYSTEM,wineventlog,Microsoft-Windows-Sysmon/Operational,terminusk9,-,-,-,-,-,-,-,-,-,5,Info,"3,228","3,820",{5770385f-c22a-43e0-bf4c-06f5698ffbd9},Microsoft-Windows-Sysmon,433,Process terminated (rule: ProcessTerminate),NT AUTHORITY,S-1-5-18,SYSTEM,User,3,,,,
"Apr 6, 2024 @ 10:47:05.852",7649c11b-3a00-4241-b375-20762f70ba8f,7ffeba03-3080-43c7-a167-2b63dd853127,terminusk9,terminusk9,filebeat,8.13.1,windows.sysmon_operational,default,logs,8.0.0,7ffeba03-3080-43c7-a167-2b63dd853127,FALSE,8.13.1,Process creation,verified,process,1,"Apr 6, 2024 @ 10:47:07.474",windows.sysmon_operational,"Apr 6, 2024 @ 10:47:16.000",event,windows,Microsoft-Windows-Sysmon,start,x86_64,terminusk9,2cb7582e-6ac9-4585-97cc-ae60502e4f16,"fe80::1754:ed5c:491b:5546, 10.0.2.15",08-00-27-BF-A9-3A,terminusk9,19045.2965,windows,10.0.19041.2965 (WinBuild.160101.0800),Windows 10 Home,Windows 10 Home,windows,windows,10,winlog,information,"Process Create:
RuleName: -
UtcTime: 2024-04-06 17:47:05.852
ProcessGuid: {2cb7582e-8a99-6611-ac00-000000000a00}
ProcessId: 7208
Image: C:\Program Files\RUXIM\RUXIMICS.exe
FileVersion: 10.0.19041.4230 (WinBuild.160101.0800)
Description: Reusable UX Interaction Manager
Product: Microsoft® Windows® Operating System
Company: Microsoft Corporation
OriginalFileName: RUXIMICS.exe
CommandLine: %%ProgramFiles%%\RUXIM\RUXIMICS.EXE /nonetwork
CurrentDirectory: C:\Program Files\RUXIM\
User: NT AUTHORITY\SYSTEM
LogonGuid: {2cb7582e-89ff-6611-e703-000000000000}
LogonId: 0x3E7
TerminalSessionId: 0
IntegrityLevel: System
Hashes: SHA256=CDEFC2B1068F65B54003AD3C1AC4545071BF97BCBE3B80D3BE0B721194EE61EC
ParentProcessGuid: {2cb7582e-8a8a-6611-9100-000000000a00}
ParentProcessId: 5136
ParentImage: C:\Program Files\RUXIM\PLUGScheduler.exe
ParentCommandLine: ""C:\Program Files\RUXIM\PLUGscheduler.exe""
ParentUser: NT AUTHORITY\SYSTEM","%%ProgramFiles%%\RUXIM\RUXIMICS.EXE, /nonetwork",2,%%ProgramFiles%%\RUXIM\RUXIMICS.EXE /nonetwork,%%ProgramFiles%%\RUXIM\RUXIMICS.EXE /nonetwork,{2cb7582e-8a99-6611-ac00-000000000a00},C:\Program Files\RUXIM\RUXIMICS.exe,C:\Program Files\RUXIM\RUXIMICS.exe,cdefc2b1068f65b54003ad3c1ac4545071bf97bcbe3b80d3be0b721194ee61ec,RUXIMICS.exe,RUXIMICS.exe,C:\Program Files\RUXIM\PLUGscheduler.exe,1,"""C:\Program Files\RUXIM\PLUGscheduler.exe""","""C:\Program Files\RUXIM\PLUGscheduler.exe""",{2cb7582e-8a8a-6611-9100-000000000a00},C:\Program Files\RUXIM\PLUGScheduler.exe,C:\Program Files\RUXIM\PLUGScheduler.exe,PLUGScheduler.exe,PLUGScheduler.exe,"5,136",Microsoft Corporation,Reusable UX Interaction Manager,10.0.19041.4230 (WinBuild.160101.0800),RUXIMICS.exe,Microsoft® Windows® Operating System,"7,208",C:\Program Files\RUXIM\,C:\Program Files\RUXIM\,cdefc2b1068f65b54003ad3c1ac4545071bf97bcbe3b80d3be0b721194ee61ec,SYSTEM,NT AUTHORITY,S-1-5-18,SYSTEM,SYSTEM,wineventlog,Microsoft-Windows-Sysmon/Operational,terminusk9,Microsoft Corporation,Reusable UX Interaction Manager,10.0.19041.4230 (WinBuild.160101.0800),System,{2cb7582e-89ff-6611-e703-000000000000},0x3e7,NT AUTHORITY\SYSTEM,Microsoft® Windows® Operating System,0,1,Info,"3,228","3,820",{5770385f-c22a-43e0-bf4c-06f5698ffbd9},Microsoft-Windows-Sysmon,432,Process Create (rule: ProcessCreate),NT AUTHORITY,S-1-5-18,SYSTEM,User,5,,,,
"Apr 6, 2024 @ 10:47:05.845",7649c11b-3a00-4241-b375-20762f70ba8f,7ffeba03-3080-43c7-a167-2b63dd853127,terminusk9,terminusk9,filebeat,8.13.1,windows.sysmon_operational,default,logs,8.0.0,7ffeba03-3080-43c7-a167-2b63dd853127,FALSE,8.13.1,Process terminated,verified,process,5,"Apr 6, 2024 @ 10:47:07.474",windows.sysmon_operational,"Apr 6, 2024 @ 10:47:16.000",event,windows,Microsoft-Windows-Sysmon,end,x86_64,terminusk9,2cb7582e-6ac9-4585-97cc-ae60502e4f16,"fe80::1754:ed5c:491b:5546, 10.0.2.15",08-00-27-BF-A9-3A,terminusk9,19045.2965,windows,10.0.19041.2965 (WinBuild.160101.0800),Windows 10 Home,Windows 10 Home,windows,windows,10,winlog,information,"Process terminated:
RuleName: -
UtcTime: 2024-04-06 17:47:05.845
ProcessGuid: {2cb7582e-8a8d-6611-9a00-000000000a00}
ProcessId: 5744
Image: C:\Program Files\RUXIM\RUXIMICS.exe
User: NT AUTHORITY\SYSTEM",-,-,-,-,{2cb7582e-8a8d-6611-9a00-000000000a00},C:\Program Files\RUXIM\RUXIMICS.exe,C:\Program Files\RUXIM\RUXIMICS.exe,-,RUXIMICS.exe,RUXIMICS.exe,-,-,-,-,-,-,-,-,-,-,-,-,-,-,-,"5,744",-,-,-,SYSTEM,NT AUTHORITY,S-1-5-18,SYSTEM,SYSTEM,wineventlog,Microsoft-Windows-Sysmon/Operational,terminusk9,-,-,-,-,-,-,-,-,-,5,Info,"3,228","3,820",{5770385f-c22a-43e0-bf4c-06f5698ffbd9},Microsoft-Windows-Sysmon,431,Process terminated (rule: ProcessTerminate),NT AUTHORITY,S-1-5-18,SYSTEM,User,3,,,,
"Apr 6, 2024 @ 10:47:05.814",7649c11b-3a00-4241-b375-20762f70ba8f,7ffeba03-3080-43c7-a167-2b63dd853127,terminusk9,terminusk9,filebeat,8.13.1,windows.sysmon_operational,default,logs,8.0.0,7ffeba03-3080-43c7-a167-2b63dd853127,FALSE,8.13.1,Process terminated,verified,process,5,"Apr 6, 2024 @ 10:47:07.474",windows.sysmon_operational,"Apr 6, 2024 @ 10:47:16.000",event,windows,Microsoft-Windows-Sysmon,end,x86_64,terminusk9,2cb7582e-6ac9-4585-97cc-ae60502e4f16,"fe80::1754:ed5c:491b:5546, 10.0.2.15",08-00-27-BF-A9-3A,terminusk9,19045.2965,windows,10.0.19041.2965 (WinBuild.160101.0800),Windows 10 Home,Windows 10 Home,windows,windows,10,winlog,information,"Process terminated:
RuleName: -
UtcTime: 2024-04-06 17:47:05.814
ProcessGuid: {2cb7582e-8a8d-6611-9c00-000000000a00}
ProcessId: 5828
Image: C:\Windows\System32\svchost.exe
User: NT AUTHORITY\NETWORK SERVICE",-,-,-,-,{2cb7582e-8a8d-6611-9c00-000000000a00},C:\Windows\System32\svchost.exe,C:\Windows\System32\svchost.exe,-,svchost.exe,svchost.exe,-,-,-,-,-,-,-,-,-,-,-,-,-,-,-,"5,828",-,-,-,NETWORK SERVICE,NT AUTHORITY,S-1-5-18,NETWORK SERVICE,NETWORK SERVICE,wineventlog,Microsoft-Windows-Sysmon/Operational,terminusk9,-,-,-,-,-,-,-,-,-,5,Info,"3,228","3,820",{5770385f-c22a-43e0-bf4c-06f5698ffbd9},Microsoft-Windows-Sysmon,430,Process terminated (rule: ProcessTerminate),NT AUTHORITY,S-1-5-18,SYSTEM,User,3,,,,
"Apr 6, 2024 @ 10:47:01.939",7649c11b-3a00-4241-b375-20762f70ba8f,7ffeba03-3080-43c7-a167-2b63dd853127,terminusk9,terminusk9,filebeat,8.13.1,windows.sysmon_operational,default,logs,8.0.0,7ffeba03-3080-43c7-a167-2b63dd853127,FALSE,8.13.1,Process creation,verified,process,1,"Apr 6, 2024 @ 10:47:03.206",windows.sysmon_operational,"Apr 6, 2024 @ 10:47:02.000",event,windows,Microsoft-Windows-Sysmon,start,x86_64,terminusk9,2cb7582e-6ac9-4585-97cc-ae60502e4f16,"fe80::1754:ed5c:491b:5546, 10.0.2.15",08-00-27-BF-A9-3A,terminusk9,19045.2965,windows,10.0.19041.2965 (WinBuild.160101.0800),Windows 10 Home,Windows 10 Home,windows,windows,10,winlog,information,"Process Create:
RuleName: -
UtcTime: 2024-04-06 17:47:01.939
ProcessGuid: {2cb7582e-8a95-6611-ab00-000000000a00}
ProcessId: 7072
Image: C:\Windows\System32\SearchFilterHost.exe
FileVersion: 7.0.19041.2673 (WinBuild.160101.0800)
Description: Microsoft Windows Search Filter Host
Product: Windows® Search
Company: Microsoft Corporation
OriginalFileName: SearchFilterHost.exe
CommandLine: ""C:\Windows\system32\SearchFilterHost.exe"" 0 804 808 816 8192 812 788 
CurrentDirectory: C:\Windows\system32\
User: NT AUTHORITY\SYSTEM
LogonGuid: {2cb7582e-89ff-6611-e703-000000000000}
LogonId: 0x3E7
TerminalSessionId: 0
IntegrityLevel: Medium
Hashes: SHA256=289E599C32D569A4F5993B2E0D78F07415B8B32AC8B31B9D35EB63BBEAE45D55
ParentProcessGuid: {2cb7582e-8a92-6611-a800-000000000a00}
ParentProcessId: 6276
ParentImage: C:\Windows\System32\SearchIndexer.exe
ParentCommandLine: C:\Windows\system32\SearchIndexer.exe /Embedding
ParentUser: NT AUTHORITY\SYSTEM","C:\Windows\system32\SearchFilterHost.exe, 0, 804, 808, 816, 8192, 812, 788",8,"""C:\Windows\system32\SearchFilterHost.exe"" 0 804 808 816 8192 812 788 ","""C:\Windows\system32\SearchFilterHost.exe"" 0 804 808 816 8192 812 788 ",{2cb7582e-8a95-6611-ab00-000000000a00},C:\Windows\System32\SearchFilterHost.exe,C:\Windows\System32\SearchFilterHost.exe,289e599c32d569a4f5993b2e0d78f07415b8b32ac8b31b9d35eb63bbeae45d55,SearchFilterHost.exe,SearchFilterHost.exe,"C:\Windows\system32\SearchIndexer.exe, /Embedding",2,C:\Windows\system32\SearchIndexer.exe /Embedding,C:\Windows\system32\SearchIndexer.exe /Embedding,{2cb7582e-8a92-6611-a800-000000000a00},C:\Windows\System32\SearchIndexer.exe,C:\Windows\System32\SearchIndexer.exe,SearchIndexer.exe,SearchIndexer.exe,"6,276",Microsoft Corporation,Microsoft Windows Search Filter Host,7.0.19041.2673 (WinBuild.160101.0800),SearchFilterHost.exe,Windows® Search,"7,072",C:\Windows\system32\,C:\Windows\system32\,289e599c32d569a4f5993b2e0d78f07415b8b32ac8b31b9d35eb63bbeae45d55,SYSTEM,NT AUTHORITY,S-1-5-18,SYSTEM,SYSTEM,wineventlog,Microsoft-Windows-Sysmon/Operational,terminusk9,Microsoft Corporation,Microsoft Windows Search Filter Host,7.0.19041.2673 (WinBuild.160101.0800),Medium,{2cb7582e-89ff-6611-e703-000000000000},0x3e7,NT AUTHORITY\SYSTEM,Windows® Search,0,1,Info,"3,228","3,820",{5770385f-c22a-43e0-bf4c-06f5698ffbd9},Microsoft-Windows-Sysmon,429,Process Create (rule: ProcessCreate),NT AUTHORITY,S-1-5-18,SYSTEM,User,5,,,,
