"Apr 6, 2024 @ 10:42:29.786",34a1b9d0-75a5-4267-9cb1-6ace1b693835,7ffeba03-3080-43c7-a167-2b63dd853127,terminusk9,terminusk9,filebeat,8.13.1,windows.sysmon_operational,default,logs,8.0.0,7ffeba03-3080-43c7-a167-2b63dd853127,FALSE,8.13.1,Process creation,verified,process,1,"Apr 6, 2024 @ 10:42:35.298",windows.sysmon_operational,"Apr 6, 2024 @ 10:42:44.000",event,windows,Microsoft-Windows-Sysmon,start,x86_64,terminusk9,2cb7582e-6ac9-4585-97cc-ae60502e4f16,"fe80::1754:ed5c:491b:5546, 10.0.2.15",08-00-27-BF-A9-3A,terminusk9,19045.2965,windows,10.0.19041.2965 (WinBuild.160101.0800),Windows 10 Home,Windows 10 Home,windows,windows,10,winlog,information,"Process Create:
RuleName: -
UtcTime: 2024-04-06 17:42:29.786
ProcessGuid: {2cb7582e-8985-6611-7000-000000000900}
ProcessId: 3936
Image: C:\Windows\System32\conhost.exe
FileVersion: 10.0.19041.2546 (WinBuild.160101.0800)
Description: Console Window Host
Product: Microsoft® Windows® Operating System
Company: Microsoft Corporation
OriginalFileName: CONHOST.EXE
CommandLine: \??\C:\Windows\system32\conhost.exe 0xffffffff -ForceV1
CurrentDirectory: C:\Windows
User: NT AUTHORITY\SYSTEM
LogonGuid: {2cb7582e-8973-6611-e703-000000000000}
LogonId: 0x3E7
TerminalSessionId: 0
IntegrityLevel: System
Hashes: SHA256=A26A1FFB81A61281FFA55CB7778CC3FB0FF981704DE49F75F51F18B283FBA7A2
ParentProcessGuid: {2cb7582e-8983-6611-6500-000000000900}
ParentProcessId: 4068
ParentImage: C:\Program Files\Elastic\Agent\data\elastic-agent-8.13.1-379dfc\components\filebeat.exe
ParentCommandLine: ""C:\Program Files\Elastic\Agent\data\elastic-agent-8.13.1-379dfc\components\filebeat.exe"" -E setup.ilm.enabled=false -E setup.template.enabled=false -E management.enabled=true -E management.restart_on_output_change=true -E logging.level=info -E logging.to_stderr=true -E gc_percent=${FILEBEAT_GOGC:100} -E filebeat.config.modules.enabled=false -E http.enabled=true -E http.host=npipe:///xTEtpJ7117ppc6OYvJCaYHbDW8mLjXGe.sock -E ""path.data=C:\Program Files\Elastic\Agent\data\elastic-agent-8.13.1-379dfc\run\filestream-monitoring""
ParentUser: NT AUTHORITY\SYSTEM","\??\C:\Windows\system32\conhost.exe, 0xffffffff, -ForceV1",3,\??\C:\Windows\system32\conhost.exe 0xffffffff -ForceV1,\??\C:\Windows\system32\conhost.exe 0xffffffff -ForceV1,{2cb7582e-8985-6611-7000-000000000900},C:\Windows\System32\conhost.exe,C:\Windows\System32\conhost.exe,a26a1ffb81a61281ffa55cb7778cc3fb0ff981704de49f75f51f18b283fba7a2,conhost.exe,conhost.exe,"C:\Program Files\Elastic\Agent\data\elastic-agent-8.13.1-379dfc\components\filebeat.exe, -E, setup.ilm.enabled=false, -E, setup.template.enabled=false, -E, management.enabled=true, -E, management.restart_on_output_change=true, -E, logging.level=info, -E, logging.to_stderr=true, -E, gc_percent=${FILEBEAT_GOGC:100}, -E, filebeat.config.modules.enabled=false, -E, http.enabled=true, -E, http.host=npipe:///xTEtpJ7117ppc6OYvJCaYHbDW8mLjXGe.sock, -E, path.data=C:\Program Files\Elastic\Agent\data\elastic-agent-8.13.1-379dfc\run\filestream-monitoring",23,"""C:\Program Files\Elastic\Agent\data\elastic-agent-8.13.1-379dfc\components\filebeat.exe"" -E setup.ilm.enabled=false -E setup.template.enabled=false -E management.enabled=true -E management.restart_on_output_change=true -E logging.level=info -E logging.to_stderr=true -E gc_percent=${FILEBEAT_GOGC:100} -E filebeat.config.modules.enabled=false -E http.enabled=true -E http.host=npipe:///xTEtpJ7117ppc6OYvJCaYHbDW8mLjXGe.sock -E ""path.data=C:\Program Files\Elastic\Agent\data\elastic-agent-8.13.1-379dfc\run\filestream-monitoring""","""C:\Program Files\Elastic\Agent\data\elastic-agent-8.13.1-379dfc\components\filebeat.exe"" -E setup.ilm.enabled=false -E setup.template.enabled=false -E management.enabled=true -E management.restart_on_output_change=true -E logging.level=info -E logging.to_stderr=true -E gc_percent=${FILEBEAT_GOGC:100} -E filebeat.config.modules.enabled=false -E http.enabled=true -E http.host=npipe:///xTEtpJ7117ppc6OYvJCaYHbDW8mLjXGe.sock -E ""path.data=C:\Program Files\Elastic\Agent\data\elastic-agent-8.13.1-379dfc\run\filestream-monitoring""",{2cb7582e-8983-6611-6500-000000000900},C:\Program Files\Elastic\Agent\data\elastic-agent-8.13.1-379dfc\components\filebeat.exe,C:\Program Files\Elastic\Agent\data\elastic-agent-8.13.1-379dfc\components\filebeat.exe,filebeat.exe,filebeat.exe,"4,068",Microsoft Corporation,Console Window Host,10.0.19041.2546 (WinBuild.160101.0800),CONHOST.EXE,Microsoft® Windows® Operating System,"3,936",C:\Windows,C:\Windows,a26a1ffb81a61281ffa55cb7778cc3fb0ff981704de49f75f51f18b283fba7a2,SYSTEM,NT AUTHORITY,S-1-5-18,SYSTEM,SYSTEM,wineventlog,Microsoft-Windows-Sysmon/Operational,terminusk9,Microsoft Corporation,Console Window Host,10.0.19041.2546 (WinBuild.160101.0800),System,{2cb7582e-8973-6611-e703-000000000000},0x3e7,NT AUTHORITY\SYSTEM,Microsoft® Windows® Operating System,0,1,Info,"3,340","3,664",{5770385f-c22a-43e0-bf4c-06f5698ffbd9},Microsoft-Windows-Sysmon,153,Process Create (rule: ProcessCreate),NT AUTHORITY,S-1-5-18,SYSTEM,User,5,-,-,-,-
"Apr 6, 2024 @ 10:42:29.329",34a1b9d0-75a5-4267-9cb1-6ace1b693835,7ffeba03-3080-43c7-a167-2b63dd853127,terminusk9,terminusk9,filebeat,8.13.1,windows.sysmon_operational,default,logs,8.0.0,7ffeba03-3080-43c7-a167-2b63dd853127,FALSE,8.13.1,Process creation,verified,process,1,"Apr 6, 2024 @ 10:42:35.298",windows.sysmon_operational,"Apr 6, 2024 @ 10:42:44.000",event,windows,Microsoft-Windows-Sysmon,start,x86_64,terminusk9,2cb7582e-6ac9-4585-97cc-ae60502e4f16,"fe80::1754:ed5c:491b:5546, 10.0.2.15",08-00-27-BF-A9-3A,terminusk9,19045.2965,windows,10.0.19041.2965 (WinBuild.160101.0800),Windows 10 Home,Windows 10 Home,windows,windows,10,winlog,information,"Process Create:
RuleName: -
UtcTime: 2024-04-06 17:42:29.329
ProcessGuid: {2cb7582e-8985-6611-6f00-000000000900}
ProcessId: 1692
Image: C:\Windows\System32\conhost.exe
FileVersion: 10.0.19041.2546 (WinBuild.160101.0800)
Description: Console Window Host
Product: Microsoft® Windows® Operating System
Company: Microsoft Corporation
OriginalFileName: CONHOST.EXE
CommandLine: \??\C:\Windows\system32\conhost.exe 0xffffffff -ForceV1
CurrentDirectory: C:\Windows
User: NT AUTHORITY\SYSTEM
LogonGuid: {2cb7582e-8973-6611-e703-000000000000}
LogonId: 0x3E7
TerminalSessionId: 0
IntegrityLevel: System
Hashes: SHA256=A26A1FFB81A61281FFA55CB7778CC3FB0FF981704DE49F75F51F18B283FBA7A2
ParentProcessGuid: {2cb7582e-8985-6611-6e00-000000000900}
ParentProcessId: 2796
ParentImage: C:\Windows\System32\wevtutil.exe
ParentCommandLine: C:\Windows\system32\wevtutil.exe install-manifest ""C:\ProgramData\Microsoft\Windows Defender\platform\4.18.24030.9-0\Microsoft-Antimalware-Protection.man"" ""/resourceFilePath:C:\ProgramData\Microsoft\Windows Defender\platform\4.18.24030.9-0\MpClient.dll"" ""/messageFilePath:C:\ProgramData\Microsoft\Windows Defender\platform\4.18.24030.9-0\MpClient.dll"" ""/parameterFilePath:C:\ProgramData\Microsoft\Windows Defender\platform\4.18.24030.9-0\MpClient.dll""
ParentUser: NT AUTHORITY\SYSTEM","\??\C:\Windows\system32\conhost.exe, 0xffffffff, -ForceV1",3,\??\C:\Windows\system32\conhost.exe 0xffffffff -ForceV1,\??\C:\Windows\system32\conhost.exe 0xffffffff -ForceV1,{2cb7582e-8985-6611-6f00-000000000900},C:\Windows\System32\conhost.exe,C:\Windows\System32\conhost.exe,a26a1ffb81a61281ffa55cb7778cc3fb0ff981704de49f75f51f18b283fba7a2,conhost.exe,conhost.exe,"C:\Windows\system32\wevtutil.exe, install-manifest, C:\ProgramData\Microsoft\Windows Defender\platform\4.18.24030.9-0\Microsoft-Antimalware-Protection.man, /resourceFilePath:C:\ProgramData\Microsoft\Windows Defender\platform\4.18.24030.9-0\MpClient.dll, /messageFilePath:C:\ProgramData\Microsoft\Windows Defender\platform\4.18.24030.9-0\MpClient.dll, /parameterFilePath:C:\ProgramData\Microsoft\Windows Defender\platform\4.18.24030.9-0\MpClient.dll",6,"C:\Windows\system32\wevtutil.exe install-manifest ""C:\ProgramData\Microsoft\Windows Defender\platform\4.18.24030.9-0\Microsoft-Antimalware-Protection.man"" ""/resourceFilePath:C:\ProgramData\Microsoft\Windows Defender\platform\4.18.24030.9-0\MpClient.dll"" ""/messageFilePath:C:\ProgramData\Microsoft\Windows Defender\platform\4.18.24030.9-0\MpClient.dll"" ""/parameterFilePath:C:\ProgramData\Microsoft\Windows Defender\platform\4.18.24030.9-0\MpClient.dll""","C:\Windows\system32\wevtutil.exe install-manifest ""C:\ProgramData\Microsoft\Windows Defender\platform\4.18.24030.9-0\Microsoft-Antimalware-Protection.man"" ""/resourceFilePath:C:\ProgramData\Microsoft\Windows Defender\platform\4.18.24030.9-0\MpClient.dll"" ""/messageFilePath:C:\ProgramData\Microsoft\Windows Defender\platform\4.18.24030.9-0\MpClient.dll"" ""/parameterFilePath:C:\ProgramData\Microsoft\Windows Defender\platform\4.18.24030.9-0\MpClient.dll""",{2cb7582e-8985-6611-6e00-000000000900},C:\Windows\System32\wevtutil.exe,C:\Windows\System32\wevtutil.exe,wevtutil.exe,wevtutil.exe,"2,796",Microsoft Corporation,Console Window Host,10.0.19041.2546 (WinBuild.160101.0800),CONHOST.EXE,Microsoft® Windows® Operating System,"1,692",C:\Windows,C:\Windows,a26a1ffb81a61281ffa55cb7778cc3fb0ff981704de49f75f51f18b283fba7a2,SYSTEM,NT AUTHORITY,S-1-5-18,SYSTEM,SYSTEM,wineventlog,Microsoft-Windows-Sysmon/Operational,terminusk9,Microsoft Corporation,Console Window Host,10.0.19041.2546 (WinBuild.160101.0800),System,{2cb7582e-8973-6611-e703-000000000000},0x3e7,NT AUTHORITY\SYSTEM,Microsoft® Windows® Operating System,0,1,Info,"3,340","3,664",{5770385f-c22a-43e0-bf4c-06f5698ffbd9},Microsoft-Windows-Sysmon,151,Process Create (rule: ProcessCreate),NT AUTHORITY,S-1-5-18,SYSTEM,User,5,-,-,-,-
"Apr 6, 2024 @ 10:42:29.314",34a1b9d0-75a5-4267-9cb1-6ace1b693835,7ffeba03-3080-43c7-a167-2b63dd853127,terminusk9,terminusk9,filebeat,8.13.1,windows.sysmon_operational,default,logs,8.0.0,7ffeba03-3080-43c7-a167-2b63dd853127,FALSE,8.13.1,Process creation,verified,process,1,"Apr 6, 2024 @ 10:42:35.298",windows.sysmon_operational,"Apr 6, 2024 @ 10:42:44.000",event,windows,Microsoft-Windows-Sysmon,start,x86_64,terminusk9,2cb7582e-6ac9-4585-97cc-ae60502e4f16,"fe80::1754:ed5c:491b:5546, 10.0.2.15",08-00-27-BF-A9-3A,terminusk9,19045.2965,windows,10.0.19041.2965 (WinBuild.160101.0800),Windows 10 Home,Windows 10 Home,windows,windows,10,winlog,information,"Process Create:
RuleName: -
UtcTime: 2024-04-06 17:42:29.314
ProcessGuid: {2cb7582e-8985-6611-6e00-000000000900}
ProcessId: 2796
Image: C:\Windows\System32\wevtutil.exe
FileVersion: 10.0.19041.2193 (WinBuild.160101.0800)
Description: Eventing Command Line Utility
Product: Microsoft® Windows® Operating System
Company: Microsoft Corporation
OriginalFileName: wevtutil.exe
CommandLine: C:\Windows\system32\wevtutil.exe install-manifest ""C:\ProgramData\Microsoft\Windows Defender\platform\4.18.24030.9-0\Microsoft-Antimalware-Protection.man"" ""/resourceFilePath:C:\ProgramData\Microsoft\Windows Defender\platform\4.18.24030.9-0\MpClient.dll"" ""/messageFilePath:C:\ProgramData\Microsoft\Windows Defender\platform\4.18.24030.9-0\MpClient.dll"" ""/parameterFilePath:C:\ProgramData\Microsoft\Windows Defender\platform\4.18.24030.9-0\MpClient.dll""
CurrentDirectory: C:\Windows\system32\
User: NT AUTHORITY\SYSTEM
LogonGuid: {2cb7582e-8973-6611-e703-000000000000}
LogonId: 0x3E7
TerminalSessionId: 0
IntegrityLevel: System
Hashes: SHA256=20DB4ABF4539D2E054FBADDE48078452A5A4ADBCA9EAEFF66ABA89F2C9164055
ParentProcessGuid: {2cb7582e-8978-6611-4700-000000000900}
ParentProcessId: 3264
ParentImage: C:\ProgramData\Microsoft\Windows Defender\Platform\4.18.24030.9-0\MsMpEng.exe
ParentCommandLine: ""C:\ProgramData\Microsoft\Windows Defender\platform\4.18.24030.9-0\MsMpEng.exe""
ParentUser: NT AUTHORITY\SYSTEM","C:\Windows\system32\wevtutil.exe, install-manifest, C:\ProgramData\Microsoft\Windows Defender\platform\4.18.24030.9-0\Microsoft-Antimalware-Protection.man, /resourceFilePath:C:\ProgramData\Microsoft\Windows Defender\platform\4.18.24030.9-0\MpClient.dll, /messageFilePath:C:\ProgramData\Microsoft\Windows Defender\platform\4.18.24030.9-0\MpClient.dll, /parameterFilePath:C:\ProgramData\Microsoft\Windows Defender\platform\4.18.24030.9-0\MpClient.dll",6,"C:\Windows\system32\wevtutil.exe install-manifest ""C:\ProgramData\Microsoft\Windows Defender\platform\4.18.24030.9-0\Microsoft-Antimalware-Protection.man"" ""/resourceFilePath:C:\ProgramData\Microsoft\Windows Defender\platform\4.18.24030.9-0\MpClient.dll"" ""/messageFilePath:C:\ProgramData\Microsoft\Windows Defender\platform\4.18.24030.9-0\MpClient.dll"" ""/parameterFilePath:C:\ProgramData\Microsoft\Windows Defender\platform\4.18.24030.9-0\MpClient.dll""","C:\Windows\system32\wevtutil.exe install-manifest ""C:\ProgramData\Microsoft\Windows Defender\platform\4.18.24030.9-0\Microsoft-Antimalware-Protection.man"" ""/resourceFilePath:C:\ProgramData\Microsoft\Windows Defender\platform\4.18.24030.9-0\MpClient.dll"" ""/messageFilePath:C:\ProgramData\Microsoft\Windows Defender\platform\4.18.24030.9-0\MpClient.dll"" ""/parameterFilePath:C:\ProgramData\Microsoft\Windows Defender\platform\4.18.24030.9-0\MpClient.dll""",{2cb7582e-8985-6611-6e00-000000000900},C:\Windows\System32\wevtutil.exe,C:\Windows\System32\wevtutil.exe,20db4abf4539d2e054fbadde48078452a5a4adbca9eaeff66aba89f2c9164055,wevtutil.exe,wevtutil.exe,C:\ProgramData\Microsoft\Windows Defender\platform\4.18.24030.9-0\MsMpEng.exe,1,"""C:\ProgramData\Microsoft\Windows Defender\platform\4.18.24030.9-0\MsMpEng.exe""","""C:\ProgramData\Microsoft\Windows Defender\platform\4.18.24030.9-0\MsMpEng.exe""",{2cb7582e-8978-6611-4700-000000000900},C:\ProgramData\Microsoft\Windows Defender\Platform\4.18.24030.9-0\MsMpEng.exe,C:\ProgramData\Microsoft\Windows Defender\Platform\4.18.24030.9-0\MsMpEng.exe,MsMpEng.exe,MsMpEng.exe,"3,264",Microsoft Corporation,Eventing Command Line Utility,10.0.19041.2193 (WinBuild.160101.0800),wevtutil.exe,Microsoft® Windows® Operating System,"2,796",C:\Windows\system32\,C:\Windows\system32\,20db4abf4539d2e054fbadde48078452a5a4adbca9eaeff66aba89f2c9164055,SYSTEM,NT AUTHORITY,S-1-5-18,SYSTEM,SYSTEM,wineventlog,Microsoft-Windows-Sysmon/Operational,terminusk9,Microsoft Corporation,Eventing Command Line Utility,10.0.19041.2193 (WinBuild.160101.0800),System,{2cb7582e-8973-6611-e703-000000000000},0x3e7,NT AUTHORITY\SYSTEM,Microsoft® Windows® Operating System,0,1,Info,"3,340","3,664",{5770385f-c22a-43e0-bf4c-06f5698ffbd9},Microsoft-Windows-Sysmon,149,Process Create (rule: ProcessCreate),NT AUTHORITY,S-1-5-18,SYSTEM,User,5,-,-,-,-
"Apr 6, 2024 @ 10:42:29.309",34a1b9d0-75a5-4267-9cb1-6ace1b693835,7ffeba03-3080-43c7-a167-2b63dd853127,terminusk9,terminusk9,filebeat,8.13.1,windows.sysmon_operational,default,logs,8.0.0,7ffeba03-3080-43c7-a167-2b63dd853127,FALSE,8.13.1,Process terminated,verified,process,5,"Apr 6, 2024 @ 10:42:35.298",windows.sysmon_operational,"Apr 6, 2024 @ 10:42:44.000",event,windows,Microsoft-Windows-Sysmon,end,x86_64,terminusk9,2cb7582e-6ac9-4585-97cc-ae60502e4f16,"fe80::1754:ed5c:491b:5546, 10.0.2.15",08-00-27-BF-A9-3A,terminusk9,19045.2965,windows,10.0.19041.2965 (WinBuild.160101.0800),Windows 10 Home,Windows 10 Home,windows,windows,10,winlog,information,"Process terminated:
RuleName: -
UtcTime: 2024-04-06 17:42:29.309
ProcessGuid: {2cb7582e-8985-6611-6c00-000000000900}
ProcessId: 3840
Image: C:\Windows\System32\wevtutil.exe
User: NT AUTHORITY\SYSTEM",-,-,-,-,{2cb7582e-8985-6611-6c00-000000000900},C:\Windows\System32\wevtutil.exe,C:\Windows\System32\wevtutil.exe,-,wevtutil.exe,wevtutil.exe,-,-,-,-,-,-,-,-,-,-,-,-,-,-,-,"3,840",-,-,-,SYSTEM,NT AUTHORITY,S-1-5-18,SYSTEM,SYSTEM,wineventlog,Microsoft-Windows-Sysmon/Operational,terminusk9,-,-,-,-,-,-,-,-,-,5,Info,"3,340","3,664",{5770385f-c22a-43e0-bf4c-06f5698ffbd9},Microsoft-Windows-Sysmon,148,Process terminated (rule: ProcessTerminate),NT AUTHORITY,S-1-5-18,SYSTEM,User,3,-,-,-,-
"Apr 6, 2024 @ 10:42:29.309",34a1b9d0-75a5-4267-9cb1-6ace1b693835,7ffeba03-3080-43c7-a167-2b63dd853127,terminusk9,terminusk9,filebeat,8.13.1,windows.sysmon_operational,default,logs,8.0.0,7ffeba03-3080-43c7-a167-2b63dd853127,FALSE,8.13.1,Process terminated,verified,process,5,"Apr 6, 2024 @ 10:42:35.298",windows.sysmon_operational,"Apr 6, 2024 @ 10:42:44.000",event,windows,Microsoft-Windows-Sysmon,end,x86_64,terminusk9,2cb7582e-6ac9-4585-97cc-ae60502e4f16,"fe80::1754:ed5c:491b:5546, 10.0.2.15",08-00-27-BF-A9-3A,terminusk9,19045.2965,windows,10.0.19041.2965 (WinBuild.160101.0800),Windows 10 Home,Windows 10 Home,windows,windows,10,winlog,information,"Process terminated:
RuleName: -
UtcTime: 2024-04-06 17:42:29.309
ProcessGuid: {2cb7582e-8985-6611-6d00-000000000900}
ProcessId: 3028
Image: C:\Windows\System32\conhost.exe
User: NT AUTHORITY\SYSTEM",-,-,-,-,{2cb7582e-8985-6611-6d00-000000000900},C:\Windows\System32\conhost.exe,C:\Windows\System32\conhost.exe,-,conhost.exe,conhost.exe,-,-,-,-,-,-,-,-,-,-,-,-,-,-,-,"3,028",-,-,-,SYSTEM,NT AUTHORITY,S-1-5-18,SYSTEM,SYSTEM,wineventlog,Microsoft-Windows-Sysmon/Operational,terminusk9,-,-,-,-,-,-,-,-,-,5,Info,"3,340","3,664",{5770385f-c22a-43e0-bf4c-06f5698ffbd9},Microsoft-Windows-Sysmon,150,Process terminated (rule: ProcessTerminate),NT AUTHORITY,S-1-5-18,SYSTEM,User,3,-,-,-,-
"Apr 6, 2024 @ 10:42:29.025",34a1b9d0-75a5-4267-9cb1-6ace1b693835,7ffeba03-3080-43c7-a167-2b63dd853127,terminusk9,terminusk9,filebeat,8.13.1,windows.sysmon_operational,default,logs,8.0.0,7ffeba03-3080-43c7-a167-2b63dd853127,FALSE,8.13.1,Process creation,verified,process,1,"Apr 6, 2024 @ 10:42:35.298",windows.sysmon_operational,"Apr 6, 2024 @ 10:42:44.000",event,windows,Microsoft-Windows-Sysmon,start,x86_64,terminusk9,2cb7582e-6ac9-4585-97cc-ae60502e4f16,"fe80::1754:ed5c:491b:5546, 10.0.2.15",08-00-27-BF-A9-3A,terminusk9,19045.2965,windows,10.0.19041.2965 (WinBuild.160101.0800),Windows 10 Home,Windows 10 Home,windows,windows,10,winlog,information,"Process Create:
RuleName: -
UtcTime: 2024-04-06 17:42:29.025
ProcessGuid: {2cb7582e-8985-6611-6d00-000000000900}
ProcessId: 3028
Image: C:\Windows\System32\conhost.exe
FileVersion: 10.0.19041.2546 (WinBuild.160101.0800)
Description: Console Window Host
Product: Microsoft® Windows® Operating System
Company: Microsoft Corporation
OriginalFileName: CONHOST.EXE
CommandLine: \??\C:\Windows\system32\conhost.exe 0xffffffff -ForceV1
CurrentDirectory: C:\Windows
User: NT AUTHORITY\SYSTEM
LogonGuid: {2cb7582e-8973-6611-e703-000000000000}
LogonId: 0x3E7
TerminalSessionId: 0
IntegrityLevel: System
Hashes: SHA256=A26A1FFB81A61281FFA55CB7778CC3FB0FF981704DE49F75F51F18B283FBA7A2
ParentProcessGuid: {2cb7582e-8985-6611-6c00-000000000900}
ParentProcessId: 3840
ParentImage: C:\Windows\System32\wevtutil.exe
ParentCommandLine: C:\Windows\system32\wevtutil.exe uninstall-manifest ""C:\ProgramData\Microsoft\Windows Defender\platform\4.18.24030.9-0\Microsoft-Antimalware-Protection.man""
ParentUser: NT AUTHORITY\SYSTEM","\??\C:\Windows\system32\conhost.exe, 0xffffffff, -ForceV1",3,\??\C:\Windows\system32\conhost.exe 0xffffffff -ForceV1,\??\C:\Windows\system32\conhost.exe 0xffffffff -ForceV1,{2cb7582e-8985-6611-6d00-000000000900},C:\Windows\System32\conhost.exe,C:\Windows\System32\conhost.exe,a26a1ffb81a61281ffa55cb7778cc3fb0ff981704de49f75f51f18b283fba7a2,conhost.exe,conhost.exe,"C:\Windows\system32\wevtutil.exe, uninstall-manifest, C:\ProgramData\Microsoft\Windows Defender\platform\4.18.24030.9-0\Microsoft-Antimalware-Protection.man",3,"C:\Windows\system32\wevtutil.exe uninstall-manifest ""C:\ProgramData\Microsoft\Windows Defender\platform\4.18.24030.9-0\Microsoft-Antimalware-Protection.man""","C:\Windows\system32\wevtutil.exe uninstall-manifest ""C:\ProgramData\Microsoft\Windows Defender\platform\4.18.24030.9-0\Microsoft-Antimalware-Protection.man""",{2cb7582e-8985-6611-6c00-000000000900},C:\Windows\System32\wevtutil.exe,C:\Windows\System32\wevtutil.exe,wevtutil.exe,wevtutil.exe,"3,840",Microsoft Corporation,Console Window Host,10.0.19041.2546 (WinBuild.160101.0800),CONHOST.EXE,Microsoft® Windows® Operating System,"3,028",C:\Windows,C:\Windows,a26a1ffb81a61281ffa55cb7778cc3fb0ff981704de49f75f51f18b283fba7a2,SYSTEM,NT AUTHORITY,S-1-5-18,SYSTEM,SYSTEM,wineventlog,Microsoft-Windows-Sysmon/Operational,terminusk9,Microsoft Corporation,Console Window Host,10.0.19041.2546 (WinBuild.160101.0800),System,{2cb7582e-8973-6611-e703-000000000000},0x3e7,NT AUTHORITY\SYSTEM,Microsoft® Windows® Operating System,0,1,Info,"3,340","3,664",{5770385f-c22a-43e0-bf4c-06f5698ffbd9},Microsoft-Windows-Sysmon,147,Process Create (rule: ProcessCreate),NT AUTHORITY,S-1-5-18,SYSTEM,User,5,-,-,-,-
"Apr 6, 2024 @ 10:42:29.014",34a1b9d0-75a5-4267-9cb1-6ace1b693835,7ffeba03-3080-43c7-a167-2b63dd853127,terminusk9,terminusk9,filebeat,8.13.1,windows.sysmon_operational,default,logs,8.0.0,7ffeba03-3080-43c7-a167-2b63dd853127,FALSE,8.13.1,Process creation,verified,process,1,"Apr 6, 2024 @ 10:42:35.293",windows.sysmon_operational,"Apr 6, 2024 @ 10:42:44.000",event,windows,Microsoft-Windows-Sysmon,start,x86_64,terminusk9,2cb7582e-6ac9-4585-97cc-ae60502e4f16,"fe80::1754:ed5c:491b:5546, 10.0.2.15",08-00-27-BF-A9-3A,terminusk9,19045.2965,windows,10.0.19041.2965 (WinBuild.160101.0800),Windows 10 Home,Windows 10 Home,windows,windows,10,winlog,information,"Process Create:
RuleName: -
UtcTime: 2024-04-06 17:42:29.014
ProcessGuid: {2cb7582e-8985-6611-6c00-000000000900}
ProcessId: 3840
Image: C:\Windows\System32\wevtutil.exe
FileVersion: 10.0.19041.2193 (WinBuild.160101.0800)
Description: Eventing Command Line Utility
Product: Microsoft® Windows® Operating System
Company: Microsoft Corporation
OriginalFileName: wevtutil.exe
CommandLine: C:\Windows\system32\wevtutil.exe uninstall-manifest ""C:\ProgramData\Microsoft\Windows Defender\platform\4.18.24030.9-0\Microsoft-Antimalware-Protection.man""
CurrentDirectory: C:\Windows\system32\
User: NT AUTHORITY\SYSTEM
LogonGuid: {2cb7582e-8973-6611-e703-000000000000}
LogonId: 0x3E7
TerminalSessionId: 0
IntegrityLevel: System
Hashes: SHA256=20DB4ABF4539D2E054FBADDE48078452A5A4ADBCA9EAEFF66ABA89F2C9164055
ParentProcessGuid: {2cb7582e-8978-6611-4700-000000000900}
ParentProcessId: 3264
ParentImage: C:\ProgramData\Microsoft\Windows Defender\Platform\4.18.24030.9-0\MsMpEng.exe
ParentCommandLine: ""C:\ProgramData\Microsoft\Windows Defender\platform\4.18.24030.9-0\MsMpEng.exe""
ParentUser: NT AUTHORITY\SYSTEM","C:\Windows\system32\wevtutil.exe, uninstall-manifest, C:\ProgramData\Microsoft\Windows Defender\platform\4.18.24030.9-0\Microsoft-Antimalware-Protection.man",3,"C:\Windows\system32\wevtutil.exe uninstall-manifest ""C:\ProgramData\Microsoft\Windows Defender\platform\4.18.24030.9-0\Microsoft-Antimalware-Protection.man""","C:\Windows\system32\wevtutil.exe uninstall-manifest ""C:\ProgramData\Microsoft\Windows Defender\platform\4.18.24030.9-0\Microsoft-Antimalware-Protection.man""",{2cb7582e-8985-6611-6c00-000000000900},C:\Windows\System32\wevtutil.exe,C:\Windows\System32\wevtutil.exe,20db4abf4539d2e054fbadde48078452a5a4adbca9eaeff66aba89f2c9164055,wevtutil.exe,wevtutil.exe,C:\ProgramData\Microsoft\Windows Defender\platform\4.18.24030.9-0\MsMpEng.exe,1,"""C:\ProgramData\Microsoft\Windows Defender\platform\4.18.24030.9-0\MsMpEng.exe""","""C:\ProgramData\Microsoft\Windows Defender\platform\4.18.24030.9-0\MsMpEng.exe""",{2cb7582e-8978-6611-4700-000000000900},C:\ProgramData\Microsoft\Windows Defender\Platform\4.18.24030.9-0\MsMpEng.exe,C:\ProgramData\Microsoft\Windows Defender\Platform\4.18.24030.9-0\MsMpEng.exe,MsMpEng.exe,MsMpEng.exe,"3,264",Microsoft Corporation,Eventing Command Line Utility,10.0.19041.2193 (WinBuild.160101.0800),wevtutil.exe,Microsoft® Windows® Operating System,"3,840",C:\Windows\system32\,C:\Windows\system32\,20db4abf4539d2e054fbadde48078452a5a4adbca9eaeff66aba89f2c9164055,SYSTEM,NT AUTHORITY,S-1-5-18,SYSTEM,SYSTEM,wineventlog,Microsoft-Windows-Sysmon/Operational,terminusk9,Microsoft Corporation,Eventing Command Line Utility,10.0.19041.2193 (WinBuild.160101.0800),System,{2cb7582e-8973-6611-e703-000000000000},0x3e7,NT AUTHORITY\SYSTEM,Microsoft® Windows® Operating System,0,1,Info,"3,340","3,664",{5770385f-c22a-43e0-bf4c-06f5698ffbd9},Microsoft-Windows-Sysmon,146,Process Create (rule: ProcessCreate),NT AUTHORITY,S-1-5-18,SYSTEM,User,5,-,-,-,-
"Apr 6, 2024 @ 10:42:29.011",34a1b9d0-75a5-4267-9cb1-6ace1b693835,7ffeba03-3080-43c7-a167-2b63dd853127,terminusk9,terminusk9,filebeat,8.13.1,windows.sysmon_operational,default,logs,8.0.0,7ffeba03-3080-43c7-a167-2b63dd853127,FALSE,8.13.1,Process terminated,verified,process,5,"Apr 6, 2024 @ 10:42:35.293",windows.sysmon_operational,"Apr 6, 2024 @ 10:42:44.000",event,windows,Microsoft-Windows-Sysmon,end,x86_64,terminusk9,2cb7582e-6ac9-4585-97cc-ae60502e4f16,"fe80::1754:ed5c:491b:5546, 10.0.2.15",08-00-27-BF-A9-3A,terminusk9,19045.2965,windows,10.0.19041.2965 (WinBuild.160101.0800),Windows 10 Home,Windows 10 Home,windows,windows,10,winlog,information,"Process terminated:
RuleName: -
UtcTime: 2024-04-06 17:42:29.011
ProcessGuid: {2cb7582e-8984-6611-6a00-000000000900}
ProcessId: 3004
Image: C:\Windows\System32\conhost.exe
User: NT AUTHORITY\SYSTEM",-,-,-,-,{2cb7582e-8984-6611-6a00-000000000900},C:\Windows\System32\conhost.exe,C:\Windows\System32\conhost.exe,-,conhost.exe,conhost.exe,-,-,-,-,-,-,-,-,-,-,-,-,-,-,-,"3,004",-,-,-,SYSTEM,NT AUTHORITY,S-1-5-18,SYSTEM,SYSTEM,wineventlog,Microsoft-Windows-Sysmon/Operational,terminusk9,-,-,-,-,-,-,-,-,-,5,Info,"3,340","3,664",{5770385f-c22a-43e0-bf4c-06f5698ffbd9},Microsoft-Windows-Sysmon,145,Process terminated (rule: ProcessTerminate),NT AUTHORITY,S-1-5-18,SYSTEM,User,3,-,-,-,-
"Apr 6, 2024 @ 10:42:28.990",34a1b9d0-75a5-4267-9cb1-6ace1b693835,7ffeba03-3080-43c7-a167-2b63dd853127,terminusk9,terminusk9,filebeat,8.13.1,windows.sysmon_operational,default,logs,8.0.0,7ffeba03-3080-43c7-a167-2b63dd853127,FALSE,8.13.1,Process terminated,verified,process,5,"Apr 6, 2024 @ 10:42:35.293",windows.sysmon_operational,"Apr 6, 2024 @ 10:42:44.000",event,windows,Microsoft-Windows-Sysmon,end,x86_64,terminusk9,2cb7582e-6ac9-4585-97cc-ae60502e4f16,"fe80::1754:ed5c:491b:5546, 10.0.2.15",08-00-27-BF-A9-3A,terminusk9,19045.2965,windows,10.0.19041.2965 (WinBuild.160101.0800),Windows 10 Home,Windows 10 Home,windows,windows,10,winlog,information,"Process terminated:
RuleName: -
UtcTime: 2024-04-06 17:42:28.990
ProcessGuid: {2cb7582e-8984-6611-6900-000000000900}
ProcessId: 3640
Image: C:\Windows\System32\wevtutil.exe
User: NT AUTHORITY\SYSTEM",-,-,-,-,{2cb7582e-8984-6611-6900-000000000900},C:\Windows\System32\wevtutil.exe,C:\Windows\System32\wevtutil.exe,-,wevtutil.exe,wevtutil.exe,-,-,-,-,-,-,-,-,-,-,-,-,-,-,-,"3,640",-,-,-,SYSTEM,NT AUTHORITY,S-1-5-18,SYSTEM,SYSTEM,wineventlog,Microsoft-Windows-Sysmon/Operational,terminusk9,-,-,-,-,-,-,-,-,-,5,Info,"3,340","3,664",{5770385f-c22a-43e0-bf4c-06f5698ffbd9},Microsoft-Windows-Sysmon,144,Process terminated (rule: ProcessTerminate),NT AUTHORITY,S-1-5-18,SYSTEM,User,3,-,-,-,-
"Apr 6, 2024 @ 10:42:28.692",34a1b9d0-75a5-4267-9cb1-6ace1b693835,7ffeba03-3080-43c7-a167-2b63dd853127,terminusk9,terminusk9,filebeat,8.13.1,windows.sysmon_operational,default,logs,8.0.0,7ffeba03-3080-43c7-a167-2b63dd853127,FALSE,8.13.1,Process creation,verified,process,1,"Apr 6, 2024 @ 10:42:35.302",windows.sysmon_operational,"Apr 6, 2024 @ 10:42:44.000",event,windows,Microsoft-Windows-Sysmon,start,x86_64,terminusk9,2cb7582e-6ac9-4585-97cc-ae60502e4f16,"fe80::1754:ed5c:491b:5546, 10.0.2.15",08-00-27-BF-A9-3A,terminusk9,19045.2965,windows,10.0.19041.2965 (WinBuild.160101.0800),Windows 10 Home,Windows 10 Home,windows,windows,10,winlog,information,"Process Create:
RuleName: -
UtcTime: 2024-04-06 17:42:28.692
ProcessGuid: {2cb7582e-8984-6611-6b00-000000000900}
ProcessId: 3820
Image: C:\Program Files\Elastic\Agent\data\elastic-agent-8.13.1-379dfc\components\metricbeat.exe
FileVersion: 8.13.1
Description: Metricbeat is a lightweight shipper for metrics.
Product: Metricbeat
Company: Elastic
OriginalFileName: metricbeat.exe
CommandLine: ""C:\Program Files\Elastic\Agent\data\elastic-agent-8.13.1-379dfc\components\metricbeat.exe"" -E setup.ilm.enabled=false -E setup.template.enabled=false -E management.enabled=true -E management.restart_on_output_change=true -E logging.level=info -E logging.to_stderr=true -E gc_percent=${METRICBEAT_GOGC:100} -E metricbeat.config.modules.enabled=false -E http.enabled=true -E http.host=npipe:///akSPbdqgaHaTY0_J01-dsfYK6JpMz2zn.sock -E ""path.data=C:\Program Files\Elastic\Agent\data\elastic-agent-8.13.1-379dfc\run\http\metrics-monitoring""
CurrentDirectory: C:\Program Files\Elastic\Agent\data\elastic-agent-8.13.1-379dfc\run\http\metrics-monitoring\
User: NT AUTHORITY\SYSTEM
LogonGuid: {2cb7582e-8973-6611-e703-000000000000}
LogonId: 0x3E7
TerminalSessionId: 0
IntegrityLevel: System
Hashes: SHA256=351612409174E415E83547B8D9FC4AB9C986F7020952249420815596917BF33E
ParentProcessGuid: {2cb7582e-8978-6611-4c00-000000000900}
ParentProcessId: 3436
ParentImage: C:\Program Files\Elastic\Agent\data\elastic-agent-8.13.1-379dfc\elastic-agent.exe
ParentCommandLine: ""C:\Program Files\Elastic\Agent\elastic-agent.exe""
ParentUser: NT AUTHORITY\SYSTEM","C:\Program Files\Elastic\Agent\data\elastic-agent-8.13.1-379dfc\components\metricbeat.exe, -E, setup.ilm.enabled=false, -E, setup.template.enabled=false, -E, management.enabled=true, -E, management.restart_on_output_change=true, -E, logging.level=info, -E, logging.to_stderr=true, -E, gc_percent=${METRICBEAT_GOGC:100}, -E, metricbeat.config.modules.enabled=false, -E, http.enabled=true, -E, http.host=npipe:///akSPbdqgaHaTY0_J01-dsfYK6JpMz2zn.sock, -E, path.data=C:\Program Files\Elastic\Agent\data\elastic-agent-8.13.1-379dfc\run\http\metrics-monitoring",23,"""C:\Program Files\Elastic\Agent\data\elastic-agent-8.13.1-379dfc\components\metricbeat.exe"" -E setup.ilm.enabled=false -E setup.template.enabled=false -E management.enabled=true -E management.restart_on_output_change=true -E logging.level=info -E logging.to_stderr=true -E gc_percent=${METRICBEAT_GOGC:100} -E metricbeat.config.modules.enabled=false -E http.enabled=true -E http.host=npipe:///akSPbdqgaHaTY0_J01-dsfYK6JpMz2zn.sock -E ""path.data=C:\Program Files\Elastic\Agent\data\elastic-agent-8.13.1-379dfc\run\http\metrics-monitoring""","""C:\Program Files\Elastic\Agent\data\elastic-agent-8.13.1-379dfc\components\metricbeat.exe"" -E setup.ilm.enabled=false -E setup.template.enabled=false -E management.enabled=true -E management.restart_on_output_change=true -E logging.level=info -E logging.to_stderr=true -E gc_percent=${METRICBEAT_GOGC:100} -E metricbeat.config.modules.enabled=false -E http.enabled=true -E http.host=npipe:///akSPbdqgaHaTY0_J01-dsfYK6JpMz2zn.sock -E ""path.data=C:\Program Files\Elastic\Agent\data\elastic-agent-8.13.1-379dfc\run\http\metrics-monitoring""",{2cb7582e-8984-6611-6b00-000000000900},C:\Program Files\Elastic\Agent\data\elastic-agent-8.13.1-379dfc\components\metricbeat.exe,C:\Program Files\Elastic\Agent\data\elastic-agent-8.13.1-379dfc\components\metricbeat.exe,351612409174e415e83547b8d9fc4ab9c986f7020952249420815596917bf33e,metricbeat.exe,metricbeat.exe,C:\Program Files\Elastic\Agent\elastic-agent.exe,1,"""C:\Program Files\Elastic\Agent\elastic-agent.exe""","""C:\Program Files\Elastic\Agent\elastic-agent.exe""",{2cb7582e-8978-6611-4c00-000000000900},C:\Program Files\Elastic\Agent\data\elastic-agent-8.13.1-379dfc\elastic-agent.exe,C:\Program Files\Elastic\Agent\data\elastic-agent-8.13.1-379dfc\elastic-agent.exe,elastic-agent.exe,elastic-agent.exe,"3,436",Elastic,Metricbeat is a lightweight shipper for metrics.,8.13.1,metricbeat.exe,Metricbeat,"3,820",C:\Program Files\Elastic\Agent\data\elastic-agent-8.13.1-379dfc\run\http\metrics-monitoring\,C:\Program Files\Elastic\Agent\data\elastic-agent-8.13.1-379dfc\run\http\metrics-monitoring\,351612409174e415e83547b8d9fc4ab9c986f7020952249420815596917bf33e,SYSTEM,NT AUTHORITY,S-1-5-18,SYSTEM,SYSTEM,wineventlog,Microsoft-Windows-Sysmon/Operational,terminusk9,Elastic,Metricbeat is a lightweight shipper for metrics.,8.13.1,System,{2cb7582e-8973-6611-e703-000000000000},0x3e7,NT AUTHORITY\SYSTEM,Metricbeat,0,1,Info,"3,340","3,664",{5770385f-c22a-43e0-bf4c-06f5698ffbd9},Microsoft-Windows-Sysmon,167,Process Create (rule: ProcessCreate),NT AUTHORITY,S-1-5-18,SYSTEM,User,5,-,-,-,-
"Apr 6, 2024 @ 10:42:28.487",34a1b9d0-75a5-4267-9cb1-6ace1b693835,7ffeba03-3080-43c7-a167-2b63dd853127,terminusk9,terminusk9,filebeat,8.13.1,windows.sysmon_operational,default,logs,8.0.0,7ffeba03-3080-43c7-a167-2b63dd853127,FALSE,8.13.1,Process creation,verified,process,1,"Apr 6, 2024 @ 10:42:35.293",windows.sysmon_operational,"Apr 6, 2024 @ 10:42:44.000",event,windows,Microsoft-Windows-Sysmon,start,x86_64,terminusk9,2cb7582e-6ac9-4585-97cc-ae60502e4f16,"fe80::1754:ed5c:491b:5546, 10.0.2.15",08-00-27-BF-A9-3A,terminusk9,19045.2965,windows,10.0.19041.2965 (WinBuild.160101.0800),Windows 10 Home,Windows 10 Home,windows,windows,10,winlog,information,"Process Create:
RuleName: -
UtcTime: 2024-04-06 17:42:28.487
ProcessGuid: {2cb7582e-8984-6611-6a00-000000000900}
ProcessId: 3004
Image: C:\Windows\System32\conhost.exe
FileVersion: 10.0.19041.2546 (WinBuild.160101.0800)
Description: Console Window Host
Product: Microsoft® Windows® Operating System
Company: Microsoft Corporation
OriginalFileName: CONHOST.EXE
CommandLine: \??\C:\Windows\system32\conhost.exe 0xffffffff -ForceV1
CurrentDirectory: C:\Windows
User: NT AUTHORITY\SYSTEM
LogonGuid: {2cb7582e-8973-6611-e703-000000000000}
LogonId: 0x3E7
TerminalSessionId: 0
IntegrityLevel: System
Hashes: SHA256=A26A1FFB81A61281FFA55CB7778CC3FB0FF981704DE49F75F51F18B283FBA7A2
ParentProcessGuid: {2cb7582e-8984-6611-6900-000000000900}
ParentProcessId: 3640
ParentImage: C:\Windows\System32\wevtutil.exe
ParentCommandLine: C:\Windows\system32\wevtutil.exe install-manifest ""C:\ProgramData\Microsoft\Windows Defender\platform\4.18.24030.9-0\Microsoft-Antimalware-RTP.man"" ""/resourceFilePath:C:\ProgramData\Microsoft\Windows Defender\platform\4.18.24030.9-0\MpRtp.dll"" ""/messageFilePath:C:\ProgramData\Microsoft\Windows Defender\platform\4.18.24030.9-0\MpRtp.dll"" ""/parameterFilePath:C:\ProgramData\Microsoft\Windows Defender\platform\4.18.24030.9-0\MpRtp.dll""
ParentUser: NT AUTHORITY\SYSTEM","\??\C:\Windows\system32\conhost.exe, 0xffffffff, -ForceV1",3,\??\C:\Windows\system32\conhost.exe 0xffffffff -ForceV1,\??\C:\Windows\system32\conhost.exe 0xffffffff -ForceV1,{2cb7582e-8984-6611-6a00-000000000900},C:\Windows\System32\conhost.exe,C:\Windows\System32\conhost.exe,a26a1ffb81a61281ffa55cb7778cc3fb0ff981704de49f75f51f18b283fba7a2,conhost.exe,conhost.exe,"C:\Windows\system32\wevtutil.exe, install-manifest, C:\ProgramData\Microsoft\Windows Defender\platform\4.18.24030.9-0\Microsoft-Antimalware-RTP.man, /resourceFilePath:C:\ProgramData\Microsoft\Windows Defender\platform\4.18.24030.9-0\MpRtp.dll, /messageFilePath:C:\ProgramData\Microsoft\Windows Defender\platform\4.18.24030.9-0\MpRtp.dll, /parameterFilePath:C:\ProgramData\Microsoft\Windows Defender\platform\4.18.24030.9-0\MpRtp.dll",6,"C:\Windows\system32\wevtutil.exe install-manifest ""C:\ProgramData\Microsoft\Windows Defender\platform\4.18.24030.9-0\Microsoft-Antimalware-RTP.man"" ""/resourceFilePath:C:\ProgramData\Microsoft\Windows Defender\platform\4.18.24030.9-0\MpRtp.dll"" ""/messageFilePath:C:\ProgramData\Microsoft\Windows Defender\platform\4.18.24030.9-0\MpRtp.dll"" ""/parameterFilePath:C:\ProgramData\Microsoft\Windows Defender\platform\4.18.24030.9-0\MpRtp.dll""","C:\Windows\system32\wevtutil.exe install-manifest ""C:\ProgramData\Microsoft\Windows Defender\platform\4.18.24030.9-0\Microsoft-Antimalware-RTP.man"" ""/resourceFilePath:C:\ProgramData\Microsoft\Windows Defender\platform\4.18.24030.9-0\MpRtp.dll"" ""/messageFilePath:C:\ProgramData\Microsoft\Windows Defender\platform\4.18.24030.9-0\MpRtp.dll"" ""/parameterFilePath:C:\ProgramData\Microsoft\Windows Defender\platform\4.18.24030.9-0\MpRtp.dll""",{2cb7582e-8984-6611-6900-000000000900},C:\Windows\System32\wevtutil.exe,C:\Windows\System32\wevtutil.exe,wevtutil.exe,wevtutil.exe,"3,640",Microsoft Corporation,Console Window Host,10.0.19041.2546 (WinBuild.160101.0800),CONHOST.EXE,Microsoft® Windows® Operating System,"3,004",C:\Windows,C:\Windows,a26a1ffb81a61281ffa55cb7778cc3fb0ff981704de49f75f51f18b283fba7a2,SYSTEM,NT AUTHORITY,S-1-5-18,SYSTEM,SYSTEM,wineventlog,Microsoft-Windows-Sysmon/Operational,terminusk9,Microsoft Corporation,Console Window Host,10.0.19041.2546 (WinBuild.160101.0800),System,{2cb7582e-8973-6611-e703-000000000000},0x3e7,NT AUTHORITY\SYSTEM,Microsoft® Windows® Operating System,0,1,Info,"3,340","3,664",{5770385f-c22a-43e0-bf4c-06f5698ffbd9},Microsoft-Windows-Sysmon,143,Process Create (rule: ProcessCreate),NT AUTHORITY,S-1-5-18,SYSTEM,User,5,-,-,-,-
"Apr 6, 2024 @ 10:42:28.435",34a1b9d0-75a5-4267-9cb1-6ace1b693835,7ffeba03-3080-43c7-a167-2b63dd853127,terminusk9,terminusk9,filebeat,8.13.1,windows.sysmon_operational,default,logs,8.0.0,7ffeba03-3080-43c7-a167-2b63dd853127,FALSE,8.13.1,Process terminated,verified,process,5,"Apr 6, 2024 @ 10:42:35.293",windows.sysmon_operational,"Apr 6, 2024 @ 10:42:44.000",event,windows,Microsoft-Windows-Sysmon,end,x86_64,terminusk9,2cb7582e-6ac9-4585-97cc-ae60502e4f16,"fe80::1754:ed5c:491b:5546, 10.0.2.15",08-00-27-BF-A9-3A,terminusk9,19045.2965,windows,10.0.19041.2965 (WinBuild.160101.0800),Windows 10 Home,Windows 10 Home,windows,windows,10,winlog,information,"Process terminated:
RuleName: -
UtcTime: 2024-04-06 17:42:28.435
ProcessGuid: {2cb7582e-8984-6611-6700-000000000900}
ProcessId: 2812
Image: C:\Windows\System32\conhost.exe
User: NT AUTHORITY\SYSTEM",-,-,-,-,{2cb7582e-8984-6611-6700-000000000900},C:\Windows\System32\conhost.exe,C:\Windows\System32\conhost.exe,-,conhost.exe,conhost.exe,-,-,-,-,-,-,-,-,-,-,-,-,-,-,-,"2,812",-,-,-,SYSTEM,NT AUTHORITY,S-1-5-18,SYSTEM,SYSTEM,wineventlog,Microsoft-Windows-Sysmon/Operational,terminusk9,-,-,-,-,-,-,-,-,-,5,Info,"3,340","3,664",{5770385f-c22a-43e0-bf4c-06f5698ffbd9},Microsoft-Windows-Sysmon,142,Process terminated (rule: ProcessTerminate),NT AUTHORITY,S-1-5-18,SYSTEM,User,3,-,-,-,-
"Apr 6, 2024 @ 10:42:28.428",34a1b9d0-75a5-4267-9cb1-6ace1b693835,7ffeba03-3080-43c7-a167-2b63dd853127,terminusk9,terminusk9,filebeat,8.13.1,windows.sysmon_operational,default,logs,8.0.0,7ffeba03-3080-43c7-a167-2b63dd853127,FALSE,8.13.1,Process creation,verified,process,1,"Apr 6, 2024 @ 10:42:35.293",windows.sysmon_operational,"Apr 6, 2024 @ 10:42:44.000",event,windows,Microsoft-Windows-Sysmon,start,x86_64,terminusk9,2cb7582e-6ac9-4585-97cc-ae60502e4f16,"fe80::1754:ed5c:491b:5546, 10.0.2.15",08-00-27-BF-A9-3A,terminusk9,19045.2965,windows,10.0.19041.2965 (WinBuild.160101.0800),Windows 10 Home,Windows 10 Home,windows,windows,10,winlog,information,"Process Create:
RuleName: -
UtcTime: 2024-04-06 17:42:28.428
ProcessGuid: {2cb7582e-8984-6611-6900-000000000900}
ProcessId: 3640
Image: C:\Windows\System32\wevtutil.exe
FileVersion: 10.0.19041.2193 (WinBuild.160101.0800)
Description: Eventing Command Line Utility
Product: Microsoft® Windows® Operating System
Company: Microsoft Corporation
OriginalFileName: wevtutil.exe
CommandLine: C:\Windows\system32\wevtutil.exe install-manifest ""C:\ProgramData\Microsoft\Windows Defender\platform\4.18.24030.9-0\Microsoft-Antimalware-RTP.man"" ""/resourceFilePath:C:\ProgramData\Microsoft\Windows Defender\platform\4.18.24030.9-0\MpRtp.dll"" ""/messageFilePath:C:\ProgramData\Microsoft\Windows Defender\platform\4.18.24030.9-0\MpRtp.dll"" ""/parameterFilePath:C:\ProgramData\Microsoft\Windows Defender\platform\4.18.24030.9-0\MpRtp.dll""
CurrentDirectory: C:\Windows\system32\
User: NT AUTHORITY\SYSTEM
LogonGuid: {2cb7582e-8973-6611-e703-000000000000}
LogonId: 0x3E7
TerminalSessionId: 0
IntegrityLevel: System
Hashes: SHA256=20DB4ABF4539D2E054FBADDE48078452A5A4ADBCA9EAEFF66ABA89F2C9164055
ParentProcessGuid: {2cb7582e-8978-6611-4700-000000000900}
ParentProcessId: 3264
ParentImage: C:\ProgramData\Microsoft\Windows Defender\Platform\4.18.24030.9-0\MsMpEng.exe
ParentCommandLine: ""C:\ProgramData\Microsoft\Windows Defender\platform\4.18.24030.9-0\MsMpEng.exe""
ParentUser: NT AUTHORITY\SYSTEM","C:\Windows\system32\wevtutil.exe, install-manifest, C:\ProgramData\Microsoft\Windows Defender\platform\4.18.24030.9-0\Microsoft-Antimalware-RTP.man, /resourceFilePath:C:\ProgramData\Microsoft\Windows Defender\platform\4.18.24030.9-0\MpRtp.dll, /messageFilePath:C:\ProgramData\Microsoft\Windows Defender\platform\4.18.24030.9-0\MpRtp.dll, /parameterFilePath:C:\ProgramData\Microsoft\Windows Defender\platform\4.18.24030.9-0\MpRtp.dll",6,"C:\Windows\system32\wevtutil.exe install-manifest ""C:\ProgramData\Microsoft\Windows Defender\platform\4.18.24030.9-0\Microsoft-Antimalware-RTP.man"" ""/resourceFilePath:C:\ProgramData\Microsoft\Windows Defender\platform\4.18.24030.9-0\MpRtp.dll"" ""/messageFilePath:C:\ProgramData\Microsoft\Windows Defender\platform\4.18.24030.9-0\MpRtp.dll"" ""/parameterFilePath:C:\ProgramData\Microsoft\Windows Defender\platform\4.18.24030.9-0\MpRtp.dll""","C:\Windows\system32\wevtutil.exe install-manifest ""C:\ProgramData\Microsoft\Windows Defender\platform\4.18.24030.9-0\Microsoft-Antimalware-RTP.man"" ""/resourceFilePath:C:\ProgramData\Microsoft\Windows Defender\platform\4.18.24030.9-0\MpRtp.dll"" ""/messageFilePath:C:\ProgramData\Microsoft\Windows Defender\platform\4.18.24030.9-0\MpRtp.dll"" ""/parameterFilePath:C:\ProgramData\Microsoft\Windows Defender\platform\4.18.24030.9-0\MpRtp.dll""",{2cb7582e-8984-6611-6900-000000000900},C:\Windows\System32\wevtutil.exe,C:\Windows\System32\wevtutil.exe,20db4abf4539d2e054fbadde48078452a5a4adbca9eaeff66aba89f2c9164055,wevtutil.exe,wevtutil.exe,C:\ProgramData\Microsoft\Windows Defender\platform\4.18.24030.9-0\MsMpEng.exe,1,"""C:\ProgramData\Microsoft\Windows Defender\platform\4.18.24030.9-0\MsMpEng.exe""","""C:\ProgramData\Microsoft\Windows Defender\platform\4.18.24030.9-0\MsMpEng.exe""",{2cb7582e-8978-6611-4700-000000000900},C:\ProgramData\Microsoft\Windows Defender\Platform\4.18.24030.9-0\MsMpEng.exe,C:\ProgramData\Microsoft\Windows Defender\Platform\4.18.24030.9-0\MsMpEng.exe,MsMpEng.exe,MsMpEng.exe,"3,264",Microsoft Corporation,Eventing Command Line Utility,10.0.19041.2193 (WinBuild.160101.0800),wevtutil.exe,Microsoft® Windows® Operating System,"3,640",C:\Windows\system32\,C:\Windows\system32\,20db4abf4539d2e054fbadde48078452a5a4adbca9eaeff66aba89f2c9164055,SYSTEM,NT AUTHORITY,S-1-5-18,SYSTEM,SYSTEM,wineventlog,Microsoft-Windows-Sysmon/Operational,terminusk9,Microsoft Corporation,Eventing Command Line Utility,10.0.19041.2193 (WinBuild.160101.0800),System,{2cb7582e-8973-6611-e703-000000000000},0x3e7,NT AUTHORITY\SYSTEM,Microsoft® Windows® Operating System,0,1,Info,"3,340","3,664",{5770385f-c22a-43e0-bf4c-06f5698ffbd9},Microsoft-Windows-Sysmon,141,Process Create (rule: ProcessCreate),NT AUTHORITY,S-1-5-18,SYSTEM,User,5,-,-,-,-
"Apr 6, 2024 @ 10:42:28.418",34a1b9d0-75a5-4267-9cb1-6ace1b693835,7ffeba03-3080-43c7-a167-2b63dd853127,terminusk9,terminusk9,filebeat,8.13.1,windows.sysmon_operational,default,logs,8.0.0,7ffeba03-3080-43c7-a167-2b63dd853127,FALSE,8.13.1,Process terminated,verified,process,5,"Apr 6, 2024 @ 10:42:35.293",windows.sysmon_operational,"Apr 6, 2024 @ 10:42:44.000",event,windows,Microsoft-Windows-Sysmon,end,x86_64,terminusk9,2cb7582e-6ac9-4585-97cc-ae60502e4f16,"fe80::1754:ed5c:491b:5546, 10.0.2.15",08-00-27-BF-A9-3A,terminusk9,19045.2965,windows,10.0.19041.2965 (WinBuild.160101.0800),Windows 10 Home,Windows 10 Home,windows,windows,10,winlog,information,"Process terminated:
RuleName: -
UtcTime: 2024-04-06 17:42:28.418
ProcessGuid: {2cb7582e-8984-6611-6600-000000000900}
ProcessId: 4036
Image: C:\Windows\System32\wevtutil.exe
User: NT AUTHORITY\SYSTEM",-,-,-,-,{2cb7582e-8984-6611-6600-000000000900},C:\Windows\System32\wevtutil.exe,C:\Windows\System32\wevtutil.exe,-,wevtutil.exe,wevtutil.exe,-,-,-,-,-,-,-,-,-,-,-,-,-,-,-,"4,036",-,-,-,SYSTEM,NT AUTHORITY,S-1-5-18,SYSTEM,SYSTEM,wineventlog,Microsoft-Windows-Sysmon/Operational,terminusk9,-,-,-,-,-,-,-,-,-,5,Info,"3,340","3,664",{5770385f-c22a-43e0-bf4c-06f5698ffbd9},Microsoft-Windows-Sysmon,140,Process terminated (rule: ProcessTerminate),NT AUTHORITY,S-1-5-18,SYSTEM,User,3,-,-,-,-
"Apr 6, 2024 @ 10:42:28.186",34a1b9d0-75a5-4267-9cb1-6ace1b693835,7ffeba03-3080-43c7-a167-2b63dd853127,terminusk9,terminusk9,filebeat,8.13.1,windows.sysmon_operational,default,logs,8.0.0,7ffeba03-3080-43c7-a167-2b63dd853127,FALSE,8.13.1,Process creation,verified,process,1,"Apr 6, 2024 @ 10:42:35.300",windows.sysmon_operational,"Apr 6, 2024 @ 10:42:44.000",event,windows,Microsoft-Windows-Sysmon,start,x86_64,terminusk9,2cb7582e-6ac9-4585-97cc-ae60502e4f16,"fe80::1754:ed5c:491b:5546, 10.0.2.15",08-00-27-BF-A9-3A,terminusk9,19045.2965,windows,10.0.19041.2965 (WinBuild.160101.0800),Windows 10 Home,Windows 10 Home,windows,windows,10,winlog,information,"Process Create:
RuleName: -
UtcTime: 2024-04-06 17:42:28.186
ProcessGuid: {2cb7582e-8984-6611-6800-000000000900}
ProcessId: 2744
Image: C:\Program Files\Elastic\Agent\data\elastic-agent-8.13.1-379dfc\components\metricbeat.exe
FileVersion: 8.13.1
Description: Metricbeat is a lightweight shipper for metrics.
Product: Metricbeat
Company: Elastic
OriginalFileName: metricbeat.exe
CommandLine: ""C:\Program Files\Elastic\Agent\data\elastic-agent-8.13.1-379dfc\components\metricbeat.exe"" -E setup.ilm.enabled=false -E setup.template.enabled=false -E management.enabled=true -E management.restart_on_output_change=true -E logging.level=info -E logging.to_stderr=true -E gc_percent=${METRICBEAT_GOGC:100} -E metricbeat.config.modules.enabled=false -E http.enabled=true -E http.host=npipe:///Hk6rvk9TDibMPcDvpl0jkLE-qDsHWVYL.sock -E ""path.data=C:\Program Files\Elastic\Agent\data\elastic-agent-8.13.1-379dfc\run\beat\metrics-monitoring""
CurrentDirectory: C:\Program Files\Elastic\Agent\data\elastic-agent-8.13.1-379dfc\run\beat\metrics-monitoring\
User: NT AUTHORITY\SYSTEM
LogonGuid: {2cb7582e-8973-6611-e703-000000000000}
LogonId: 0x3E7
TerminalSessionId: 0
IntegrityLevel: System
Hashes: SHA256=351612409174E415E83547B8D9FC4AB9C986F7020952249420815596917BF33E
ParentProcessGuid: {2cb7582e-8978-6611-4c00-000000000900}
ParentProcessId: 3436
ParentImage: C:\Program Files\Elastic\Agent\data\elastic-agent-8.13.1-379dfc\elastic-agent.exe
ParentCommandLine: ""C:\Program Files\Elastic\Agent\elastic-agent.exe""
ParentUser: NT AUTHORITY\SYSTEM","C:\Program Files\Elastic\Agent\data\elastic-agent-8.13.1-379dfc\components\metricbeat.exe, -E, setup.ilm.enabled=false, -E, setup.template.enabled=false, -E, management.enabled=true, -E, management.restart_on_output_change=true, -E, logging.level=info, -E, logging.to_stderr=true, -E, gc_percent=${METRICBEAT_GOGC:100}, -E, metricbeat.config.modules.enabled=false, -E, http.enabled=true, -E, http.host=npipe:///Hk6rvk9TDibMPcDvpl0jkLE-qDsHWVYL.sock, -E, path.data=C:\Program Files\Elastic\Agent\data\elastic-agent-8.13.1-379dfc\run\beat\metrics-monitoring",23,"""C:\Program Files\Elastic\Agent\data\elastic-agent-8.13.1-379dfc\components\metricbeat.exe"" -E setup.ilm.enabled=false -E setup.template.enabled=false -E management.enabled=true -E management.restart_on_output_change=true -E logging.level=info -E logging.to_stderr=true -E gc_percent=${METRICBEAT_GOGC:100} -E metricbeat.config.modules.enabled=false -E http.enabled=true -E http.host=npipe:///Hk6rvk9TDibMPcDvpl0jkLE-qDsHWVYL.sock -E ""path.data=C:\Program Files\Elastic\Agent\data\elastic-agent-8.13.1-379dfc\run\beat\metrics-monitoring""","""C:\Program Files\Elastic\Agent\data\elastic-agent-8.13.1-379dfc\components\metricbeat.exe"" -E setup.ilm.enabled=false -E setup.template.enabled=false -E management.enabled=true -E management.restart_on_output_change=true -E logging.level=info -E logging.to_stderr=true -E gc_percent=${METRICBEAT_GOGC:100} -E metricbeat.config.modules.enabled=false -E http.enabled=true -E http.host=npipe:///Hk6rvk9TDibMPcDvpl0jkLE-qDsHWVYL.sock -E ""path.data=C:\Program Files\Elastic\Agent\data\elastic-agent-8.13.1-379dfc\run\beat\metrics-monitoring""",{2cb7582e-8984-6611-6800-000000000900},C:\Program Files\Elastic\Agent\data\elastic-agent-8.13.1-379dfc\components\metricbeat.exe,C:\Program Files\Elastic\Agent\data\elastic-agent-8.13.1-379dfc\components\metricbeat.exe,351612409174e415e83547b8d9fc4ab9c986f7020952249420815596917bf33e,metricbeat.exe,metricbeat.exe,C:\Program Files\Elastic\Agent\elastic-agent.exe,1,"""C:\Program Files\Elastic\Agent\elastic-agent.exe""","""C:\Program Files\Elastic\Agent\elastic-agent.exe""",{2cb7582e-8978-6611-4c00-000000000900},C:\Program Files\Elastic\Agent\data\elastic-agent-8.13.1-379dfc\elastic-agent.exe,C:\Program Files\Elastic\Agent\data\elastic-agent-8.13.1-379dfc\elastic-agent.exe,elastic-agent.exe,elastic-agent.exe,"3,436",Elastic,Metricbeat is a lightweight shipper for metrics.,8.13.1,metricbeat.exe,Metricbeat,"2,744",C:\Program Files\Elastic\Agent\data\elastic-agent-8.13.1-379dfc\run\beat\metrics-monitoring\,C:\Program Files\Elastic\Agent\data\elastic-agent-8.13.1-379dfc\run\beat\metrics-monitoring\,351612409174e415e83547b8d9fc4ab9c986f7020952249420815596917bf33e,SYSTEM,NT AUTHORITY,S-1-5-18,SYSTEM,SYSTEM,wineventlog,Microsoft-Windows-Sysmon/Operational,terminusk9,Elastic,Metricbeat is a lightweight shipper for metrics.,8.13.1,System,{2cb7582e-8973-6611-e703-000000000000},0x3e7,NT AUTHORITY\SYSTEM,Metricbeat,0,1,Info,"3,340","3,664",{5770385f-c22a-43e0-bf4c-06f5698ffbd9},Microsoft-Windows-Sysmon,163,Process Create (rule: ProcessCreate),NT AUTHORITY,S-1-5-18,SYSTEM,User,5,-,-,-,-
