"Apr 6, 2024 @ 10:44:32.527",7649c11b-3a00-4241-b375-20762f70ba8f,7ffeba03-3080-43c7-a167-2b63dd853127,terminusk9,terminusk9,filebeat,8.13.1,windows.sysmon_operational,default,logs,8.0.0,7ffeba03-3080-43c7-a167-2b63dd853127,FALSE,8.13.1,Process creation,verified,process,1,"Apr 6, 2024 @ 10:44:49.495",windows.sysmon_operational,"Apr 6, 2024 @ 10:45:00.000",event,windows,Microsoft-Windows-Sysmon,start,x86_64,terminusk9,2cb7582e-6ac9-4585-97cc-ae60502e4f16,"fe80::1754:ed5c:491b:5546, 10.0.2.15",08-00-27-BF-A9-3A,terminusk9,19045.2965,windows,10.0.19041.2965 (WinBuild.160101.0800),Windows 10 Home,Windows 10 Home,windows,windows,10,winlog,information,"Process Create:
RuleName: -
UtcTime: 2024-04-06 17:44:32.527
ProcessGuid: {2cb7582e-8a00-6611-1000-000000000a00}
ProcessId: 1004
Image: C:\Windows\System32\svchost.exe
FileVersion: 10.0.19041.1806 (WinBuild.160101.0800)
Description: Host Process for Windows Services
Product: Microsoft® Windows® Operating System
Company: Microsoft Corporation
OriginalFileName: svchost.exe
CommandLine: C:\Windows\system32\svchost.exe -k RPCSS -p
CurrentDirectory: C:\Windows\system32\
User: NT AUTHORITY\NETWORK SERVICE
LogonGuid: {2cb7582e-8a00-6611-e403-000000000000}
LogonId: 0x3E4
TerminalSessionId: 0
IntegrityLevel: System
Hashes: SHA256=ADD683A6910ABBBF0E28B557FAD0BA998166394932AE2ACA069D9AA19EA8FE88
ParentProcessGuid: {2cb7582e-89ff-6611-0b00-000000000a00}
ParentProcessId: 736
ParentImage: C:\Windows\System32\services.exe
ParentCommandLine: C:\Windows\system32\services.exe
ParentUser: NT AUTHORITY\SYSTEM","C:\Windows\system32\svchost.exe, -k, RPCSS, -p",4,C:\Windows\system32\svchost.exe -k RPCSS -p,C:\Windows\system32\svchost.exe -k RPCSS -p,{2cb7582e-8a00-6611-1000-000000000a00},C:\Windows\System32\svchost.exe,C:\Windows\System32\svchost.exe,add683a6910abbbf0e28b557fad0ba998166394932ae2aca069d9aa19ea8fe88,svchost.exe,svchost.exe,C:\Windows\system32\services.exe,1,C:\Windows\system32\services.exe,C:\Windows\system32\services.exe,{2cb7582e-89ff-6611-0b00-000000000a00},C:\Windows\System32\services.exe,C:\Windows\System32\services.exe,services.exe,services.exe,736,Microsoft Corporation,Host Process for Windows Services,10.0.19041.1806 (WinBuild.160101.0800),svchost.exe,Microsoft® Windows® Operating System,"1,004",C:\Windows\system32\,C:\Windows\system32\,add683a6910abbbf0e28b557fad0ba998166394932ae2aca069d9aa19ea8fe88,NETWORK SERVICE,NT AUTHORITY,S-1-5-18,NETWORK SERVICE,NETWORK SERVICE,wineventlog,Microsoft-Windows-Sysmon/Operational,terminusk9,Microsoft Corporation,Host Process for Windows Services,10.0.19041.1806 (WinBuild.160101.0800),System,{2cb7582e-8a00-6611-e403-000000000000},0x3e4,NT AUTHORITY\SYSTEM,Microsoft® Windows® Operating System,0,1,Info,"3,228","3,820",{5770385f-c22a-43e0-bf4c-06f5698ffbd9},Microsoft-Windows-Sysmon,228,Process Create (rule: ProcessCreate),NT AUTHORITY,S-1-5-18,SYSTEM,User,5,-,-,-,-
"Apr 6, 2024 @ 10:44:32.394",7649c11b-3a00-4241-b375-20762f70ba8f,7ffeba03-3080-43c7-a167-2b63dd853127,terminusk9,terminusk9,filebeat,8.13.1,windows.sysmon_operational,default,logs,8.0.0,7ffeba03-3080-43c7-a167-2b63dd853127,FALSE,8.13.1,Process creation,verified,process,1,"Apr 6, 2024 @ 10:44:49.495",windows.sysmon_operational,"Apr 6, 2024 @ 10:45:00.000",event,windows,Microsoft-Windows-Sysmon,start,x86_64,terminusk9,2cb7582e-6ac9-4585-97cc-ae60502e4f16,"fe80::1754:ed5c:491b:5546, 10.0.2.15",08-00-27-BF-A9-3A,terminusk9,19045.2965,windows,10.0.19041.2965 (WinBuild.160101.0800),Windows 10 Home,Windows 10 Home,windows,windows,10,winlog,information,"Process Create:
RuleName: -
UtcTime: 2024-04-06 17:44:32.394
ProcessGuid: {2cb7582e-8a00-6611-0f00-000000000a00}
ProcessId: 916
Image: C:\Windows\System32\fontdrvhost.exe
FileVersion: 10.0.19041.2788 (WinBuild.160101.0800)
Description: Usermode Font Driver Host
Product: Microsoft® Windows® Operating System
Company: Microsoft Corporation
OriginalFileName: fontdrvhost.exe
CommandLine: ""fontdrvhost.exe""
CurrentDirectory: C:\Windows\system32\
User: Font Driver Host\UMFD-1
LogonGuid: {2cb7582e-8a00-6611-c975-000000000000}
LogonId: 0x75C9
TerminalSessionId: 1
IntegrityLevel: AppContainer
Hashes: SHA256=244F3219EF624866A824A730A72D29238331FCCFC330D02503A52419856AD0BE
ParentProcessGuid: {2cb7582e-89ff-6611-0a00-000000000a00}
ParentProcessId: 668
ParentImage: C:\Windows\System32\winlogon.exe
ParentCommandLine: winlogon.exe
ParentUser: NT AUTHORITY\SYSTEM",fontdrvhost.exe,1,"""fontdrvhost.exe""","""fontdrvhost.exe""",{2cb7582e-8a00-6611-0f00-000000000a00},C:\Windows\System32\fontdrvhost.exe,C:\Windows\System32\fontdrvhost.exe,244f3219ef624866a824a730a72d29238331fccfc330d02503a52419856ad0be,fontdrvhost.exe,fontdrvhost.exe,winlogon.exe,1,winlogon.exe,winlogon.exe,{2cb7582e-89ff-6611-0a00-000000000a00},C:\Windows\System32\winlogon.exe,C:\Windows\System32\winlogon.exe,winlogon.exe,winlogon.exe,668,Microsoft Corporation,Usermode Font Driver Host,10.0.19041.2788 (WinBuild.160101.0800),fontdrvhost.exe,Microsoft® Windows® Operating System,916,C:\Windows\system32\,C:\Windows\system32\,244f3219ef624866a824a730a72d29238331fccfc330d02503a52419856ad0be,UMFD-1,Font Driver Host,S-1-5-18,UMFD-1,UMFD-1,wineventlog,Microsoft-Windows-Sysmon/Operational,terminusk9,Microsoft Corporation,Usermode Font Driver Host,10.0.19041.2788 (WinBuild.160101.0800),AppContainer,{2cb7582e-8a00-6611-c975-000000000000},0x75c9,NT AUTHORITY\SYSTEM,Microsoft® Windows® Operating System,1,1,Info,"3,228","3,820",{5770385f-c22a-43e0-bf4c-06f5698ffbd9},Microsoft-Windows-Sysmon,227,Process Create (rule: ProcessCreate),NT AUTHORITY,S-1-5-18,SYSTEM,User,5,-,-,-,-
"Apr 6, 2024 @ 10:44:32.393",7649c11b-3a00-4241-b375-20762f70ba8f,7ffeba03-3080-43c7-a167-2b63dd853127,terminusk9,terminusk9,filebeat,8.13.1,windows.sysmon_operational,default,logs,8.0.0,7ffeba03-3080-43c7-a167-2b63dd853127,FALSE,8.13.1,Process creation,verified,process,1,"Apr 6, 2024 @ 10:44:49.494",windows.sysmon_operational,"Apr 6, 2024 @ 10:45:00.000",event,windows,Microsoft-Windows-Sysmon,start,x86_64,terminusk9,2cb7582e-6ac9-4585-97cc-ae60502e4f16,"fe80::1754:ed5c:491b:5546, 10.0.2.15",08-00-27-BF-A9-3A,terminusk9,19045.2965,windows,10.0.19041.2965 (WinBuild.160101.0800),Windows 10 Home,Windows 10 Home,windows,windows,10,winlog,information,"Process Create:
RuleName: -
UtcTime: 2024-04-06 17:44:32.393
ProcessGuid: {2cb7582e-8a00-6611-0e00-000000000a00}
ProcessId: 908
Image: C:\Windows\System32\fontdrvhost.exe
FileVersion: 10.0.19041.2788 (WinBuild.160101.0800)
Description: Usermode Font Driver Host
Product: Microsoft® Windows® Operating System
Company: Microsoft Corporation
OriginalFileName: fontdrvhost.exe
CommandLine: ""fontdrvhost.exe""
CurrentDirectory: C:\Windows\system32\
User: Font Driver Host\UMFD-0
LogonGuid: {2cb7582e-8a00-6611-ab75-000000000000}
LogonId: 0x75AB
TerminalSessionId: 0
IntegrityLevel: AppContainer
Hashes: SHA256=244F3219EF624866A824A730A72D29238331FCCFC330D02503A52419856AD0BE
ParentProcessGuid: {2cb7582e-89ff-6611-0800-000000000a00}
ParentProcessId: 596
ParentImage: C:\Windows\System32\wininit.exe
ParentCommandLine: wininit.exe
ParentUser: NT AUTHORITY\SYSTEM",fontdrvhost.exe,1,"""fontdrvhost.exe""","""fontdrvhost.exe""",{2cb7582e-8a00-6611-0e00-000000000a00},C:\Windows\System32\fontdrvhost.exe,C:\Windows\System32\fontdrvhost.exe,244f3219ef624866a824a730a72d29238331fccfc330d02503a52419856ad0be,fontdrvhost.exe,fontdrvhost.exe,wininit.exe,1,wininit.exe,wininit.exe,{2cb7582e-89ff-6611-0800-000000000a00},C:\Windows\System32\wininit.exe,C:\Windows\System32\wininit.exe,wininit.exe,wininit.exe,596,Microsoft Corporation,Usermode Font Driver Host,10.0.19041.2788 (WinBuild.160101.0800),fontdrvhost.exe,Microsoft® Windows® Operating System,908,C:\Windows\system32\,C:\Windows\system32\,244f3219ef624866a824a730a72d29238331fccfc330d02503a52419856ad0be,UMFD-0,Font Driver Host,S-1-5-18,UMFD-0,UMFD-0,wineventlog,Microsoft-Windows-Sysmon/Operational,terminusk9,Microsoft Corporation,Usermode Font Driver Host,10.0.19041.2788 (WinBuild.160101.0800),AppContainer,{2cb7582e-8a00-6611-ab75-000000000000},0x75ab,NT AUTHORITY\SYSTEM,Microsoft® Windows® Operating System,0,1,Info,"3,228","3,820",{5770385f-c22a-43e0-bf4c-06f5698ffbd9},Microsoft-Windows-Sysmon,226,Process Create (rule: ProcessCreate),NT AUTHORITY,S-1-5-18,SYSTEM,User,5,-,-,-,-
"Apr 6, 2024 @ 10:44:32.318",7649c11b-3a00-4241-b375-20762f70ba8f,7ffeba03-3080-43c7-a167-2b63dd853127,terminusk9,terminusk9,filebeat,8.13.1,windows.sysmon_operational,default,logs,8.0.0,7ffeba03-3080-43c7-a167-2b63dd853127,FALSE,8.13.1,Process creation,verified,process,1,"Apr 6, 2024 @ 10:44:49.493",windows.sysmon_operational,"Apr 6, 2024 @ 10:45:00.000",event,windows,Microsoft-Windows-Sysmon,start,x86_64,terminusk9,2cb7582e-6ac9-4585-97cc-ae60502e4f16,"fe80::1754:ed5c:491b:5546, 10.0.2.15",08-00-27-BF-A9-3A,terminusk9,19045.2965,windows,10.0.19041.2965 (WinBuild.160101.0800),Windows 10 Home,Windows 10 Home,windows,windows,10,winlog,information,"Process Create:
RuleName: -
UtcTime: 2024-04-06 17:44:32.318
ProcessGuid: {2cb7582e-8a00-6611-0d00-000000000a00}
ProcessId: 880
Image: C:\Windows\System32\svchost.exe
FileVersion: 10.0.19041.1806 (WinBuild.160101.0800)
Description: Host Process for Windows Services
Product: Microsoft® Windows® Operating System
Company: Microsoft Corporation
OriginalFileName: svchost.exe
CommandLine: C:\Windows\system32\svchost.exe -k DcomLaunch -p
CurrentDirectory: C:\Windows\system32\
User: NT AUTHORITY\SYSTEM
LogonGuid: {2cb7582e-89ff-6611-e703-000000000000}
LogonId: 0x3E7
TerminalSessionId: 0
IntegrityLevel: System
Hashes: SHA256=ADD683A6910ABBBF0E28B557FAD0BA998166394932AE2ACA069D9AA19EA8FE88
ParentProcessGuid: {2cb7582e-89ff-6611-0b00-000000000a00}
ParentProcessId: 736
ParentImage: C:\Windows\System32\services.exe
ParentCommandLine: C:\Windows\system32\services.exe
ParentUser: NT AUTHORITY\SYSTEM","C:\Windows\system32\svchost.exe, -k, DcomLaunch, -p",4,C:\Windows\system32\svchost.exe -k DcomLaunch -p,C:\Windows\system32\svchost.exe -k DcomLaunch -p,{2cb7582e-8a00-6611-0d00-000000000a00},C:\Windows\System32\svchost.exe,C:\Windows\System32\svchost.exe,add683a6910abbbf0e28b557fad0ba998166394932ae2aca069d9aa19ea8fe88,svchost.exe,svchost.exe,C:\Windows\system32\services.exe,1,C:\Windows\system32\services.exe,C:\Windows\system32\services.exe,{2cb7582e-89ff-6611-0b00-000000000a00},C:\Windows\System32\services.exe,C:\Windows\System32\services.exe,services.exe,services.exe,736,Microsoft Corporation,Host Process for Windows Services,10.0.19041.1806 (WinBuild.160101.0800),svchost.exe,Microsoft® Windows® Operating System,880,C:\Windows\system32\,C:\Windows\system32\,add683a6910abbbf0e28b557fad0ba998166394932ae2aca069d9aa19ea8fe88,SYSTEM,NT AUTHORITY,S-1-5-18,SYSTEM,SYSTEM,wineventlog,Microsoft-Windows-Sysmon/Operational,terminusk9,Microsoft Corporation,Host Process for Windows Services,10.0.19041.1806 (WinBuild.160101.0800),System,{2cb7582e-89ff-6611-e703-000000000000},0x3e7,NT AUTHORITY\SYSTEM,Microsoft® Windows® Operating System,0,1,Info,"3,228","3,820",{5770385f-c22a-43e0-bf4c-06f5698ffbd9},Microsoft-Windows-Sysmon,225,Process Create (rule: ProcessCreate),NT AUTHORITY,S-1-5-18,SYSTEM,User,5,-,-,-,-
"Apr 6, 2024 @ 10:44:31.831",7649c11b-3a00-4241-b375-20762f70ba8f,7ffeba03-3080-43c7-a167-2b63dd853127,terminusk9,terminusk9,filebeat,8.13.1,windows.sysmon_operational,default,logs,8.0.0,7ffeba03-3080-43c7-a167-2b63dd853127,FALSE,8.13.1,Process creation,verified,process,1,"Apr 6, 2024 @ 10:44:49.493",windows.sysmon_operational,"Apr 6, 2024 @ 10:45:00.000",event,windows,Microsoft-Windows-Sysmon,start,x86_64,terminusk9,2cb7582e-6ac9-4585-97cc-ae60502e4f16,"fe80::1754:ed5c:491b:5546, 10.0.2.15",08-00-27-BF-A9-3A,terminusk9,19045.2965,windows,10.0.19041.2965 (WinBuild.160101.0800),Windows 10 Home,Windows 10 Home,windows,windows,10,winlog,information,"Process Create:
RuleName: -
UtcTime: 2024-04-06 17:44:31.831
ProcessGuid: {2cb7582e-89ff-6611-0c00-000000000a00}
ProcessId: 760
Image: C:\Windows\System32\lsass.exe
FileVersion: 10.0.19041.2130 (WinBuild.160101.0800)
Description: Local Security Authority Process
Product: Microsoft® Windows® Operating System
Company: Microsoft Corporation
OriginalFileName: lsass.exe
CommandLine: C:\Windows\system32\lsass.exe
CurrentDirectory: C:\Windows\system32\
User: NT AUTHORITY\SYSTEM
LogonGuid: {2cb7582e-89ff-6611-e703-000000000000}
LogonId: 0x3E7
TerminalSessionId: 0
IntegrityLevel: System
Hashes: SHA256=0777FD312394AE1AFEED0AD48AE2D7B5ED6E577117A4F40305EAEB4129233650
ParentProcessGuid: {2cb7582e-89ff-6611-0800-000000000a00}
ParentProcessId: 596
ParentImage: C:\Windows\System32\wininit.exe
ParentCommandLine: wininit.exe
ParentUser: NT AUTHORITY\SYSTEM",C:\Windows\system32\lsass.exe,1,C:\Windows\system32\lsass.exe,C:\Windows\system32\lsass.exe,{2cb7582e-89ff-6611-0c00-000000000a00},C:\Windows\System32\lsass.exe,C:\Windows\System32\lsass.exe,0777fd312394ae1afeed0ad48ae2d7b5ed6e577117a4f40305eaeb4129233650,lsass.exe,lsass.exe,wininit.exe,1,wininit.exe,wininit.exe,{2cb7582e-89ff-6611-0800-000000000a00},C:\Windows\System32\wininit.exe,C:\Windows\System32\wininit.exe,wininit.exe,wininit.exe,596,Microsoft Corporation,Local Security Authority Process,10.0.19041.2130 (WinBuild.160101.0800),lsass.exe,Microsoft® Windows® Operating System,760,C:\Windows\system32\,C:\Windows\system32\,0777fd312394ae1afeed0ad48ae2d7b5ed6e577117a4f40305eaeb4129233650,SYSTEM,NT AUTHORITY,S-1-5-18,SYSTEM,SYSTEM,wineventlog,Microsoft-Windows-Sysmon/Operational,terminusk9,Microsoft Corporation,Local Security Authority Process,10.0.19041.2130 (WinBuild.160101.0800),System,{2cb7582e-89ff-6611-e703-000000000000},0x3e7,NT AUTHORITY\SYSTEM,Microsoft® Windows® Operating System,0,1,Info,"3,228","3,820",{5770385f-c22a-43e0-bf4c-06f5698ffbd9},Microsoft-Windows-Sysmon,224,Process Create (rule: ProcessCreate),NT AUTHORITY,S-1-5-18,SYSTEM,User,5,-,-,-,-
"Apr 6, 2024 @ 10:44:31.756",7649c11b-3a00-4241-b375-20762f70ba8f,7ffeba03-3080-43c7-a167-2b63dd853127,terminusk9,terminusk9,filebeat,8.13.1,windows.sysmon_operational,default,logs,8.0.0,7ffeba03-3080-43c7-a167-2b63dd853127,FALSE,8.13.1,Process creation,verified,process,1,"Apr 6, 2024 @ 10:44:49.493",windows.sysmon_operational,"Apr 6, 2024 @ 10:45:00.000",event,windows,Microsoft-Windows-Sysmon,start,x86_64,terminusk9,2cb7582e-6ac9-4585-97cc-ae60502e4f16,"fe80::1754:ed5c:491b:5546, 10.0.2.15",08-00-27-BF-A9-3A,terminusk9,19045.2965,windows,10.0.19041.2965 (WinBuild.160101.0800),Windows 10 Home,Windows 10 Home,windows,windows,10,winlog,information,"Process Create:
RuleName: -
UtcTime: 2024-04-06 17:44:31.756
ProcessGuid: {2cb7582e-89ff-6611-0b00-000000000a00}
ProcessId: 736
Image: C:\Windows\System32\services.exe
FileVersion: 10.0.19041.2788 (WinBuild.160101.0800)
Description: Services and Controller app
Product: Microsoft® Windows® Operating System
Company: Microsoft Corporation
OriginalFileName: services.exe
CommandLine: C:\Windows\system32\services.exe
CurrentDirectory: C:\Windows\system32\
User: NT AUTHORITY\SYSTEM
LogonGuid: {2cb7582e-89ff-6611-e703-000000000000}
LogonId: 0x3E7
TerminalSessionId: 0
IntegrityLevel: System
Hashes: SHA256=E6FE9A94E8686E957DBCEC2B89C1C1DDCF8E75D76E9200D0CBEF74D510C71317
ParentProcessGuid: {2cb7582e-89ff-6611-0800-000000000a00}
ParentProcessId: 596
ParentImage: C:\Windows\System32\wininit.exe
ParentCommandLine: wininit.exe
ParentUser: NT AUTHORITY\SYSTEM",C:\Windows\system32\services.exe,1,C:\Windows\system32\services.exe,C:\Windows\system32\services.exe,{2cb7582e-89ff-6611-0b00-000000000a00},C:\Windows\System32\services.exe,C:\Windows\System32\services.exe,e6fe9a94e8686e957dbcec2b89c1c1ddcf8e75d76e9200d0cbef74d510c71317,services.exe,services.exe,wininit.exe,1,wininit.exe,wininit.exe,{2cb7582e-89ff-6611-0800-000000000a00},C:\Windows\System32\wininit.exe,C:\Windows\System32\wininit.exe,wininit.exe,wininit.exe,596,Microsoft Corporation,Services and Controller app,10.0.19041.2788 (WinBuild.160101.0800),services.exe,Microsoft® Windows® Operating System,736,C:\Windows\system32\,C:\Windows\system32\,e6fe9a94e8686e957dbcec2b89c1c1ddcf8e75d76e9200d0cbef74d510c71317,SYSTEM,NT AUTHORITY,S-1-5-18,SYSTEM,SYSTEM,wineventlog,Microsoft-Windows-Sysmon/Operational,terminusk9,Microsoft Corporation,Services and Controller app,10.0.19041.2788 (WinBuild.160101.0800),System,{2cb7582e-89ff-6611-e703-000000000000},0x3e7,NT AUTHORITY\SYSTEM,Microsoft® Windows® Operating System,0,1,Info,"3,228","3,820",{5770385f-c22a-43e0-bf4c-06f5698ffbd9},Microsoft-Windows-Sysmon,223,Process Create (rule: ProcessCreate),NT AUTHORITY,S-1-5-18,SYSTEM,User,5,-,-,-,-
"Apr 6, 2024 @ 10:44:31.672",7649c11b-3a00-4241-b375-20762f70ba8f,7ffeba03-3080-43c7-a167-2b63dd853127,terminusk9,terminusk9,filebeat,8.13.1,windows.sysmon_operational,default,logs,8.0.0,7ffeba03-3080-43c7-a167-2b63dd853127,FALSE,8.13.1,Process terminated,verified,process,5,"Apr 6, 2024 @ 10:44:49.492",windows.sysmon_operational,"Apr 6, 2024 @ 10:45:00.000",event,windows,Microsoft-Windows-Sysmon,end,x86_64,terminusk9,2cb7582e-6ac9-4585-97cc-ae60502e4f16,"fe80::1754:ed5c:491b:5546, 10.0.2.15",08-00-27-BF-A9-3A,terminusk9,19045.2965,windows,10.0.19041.2965 (WinBuild.160101.0800),Windows 10 Home,Windows 10 Home,windows,windows,10,winlog,information,"Process terminated:
RuleName: -
UtcTime: 2024-04-06 17:44:31.672
ProcessGuid: {2cb7582e-89ff-6611-0700-000000000a00}
ProcessId: 588
Image: C:\Windows\System32\smss.exe
User: NT AUTHORITY\SYSTEM",-,-,-,-,{2cb7582e-89ff-6611-0700-000000000a00},C:\Windows\System32\smss.exe,C:\Windows\System32\smss.exe,-,smss.exe,smss.exe,-,-,-,-,-,-,-,-,-,-,-,-,-,-,-,588,-,-,-,SYSTEM,NT AUTHORITY,S-1-5-18,SYSTEM,SYSTEM,wineventlog,Microsoft-Windows-Sysmon/Operational,terminusk9,-,-,-,-,-,-,-,-,-,5,Info,"3,228","3,820",{5770385f-c22a-43e0-bf4c-06f5698ffbd9},Microsoft-Windows-Sysmon,222,Process terminated (rule: ProcessTerminate),NT AUTHORITY,S-1-5-18,SYSTEM,User,3,-,-,-,-
"Apr 6, 2024 @ 10:44:31.655",7649c11b-3a00-4241-b375-20762f70ba8f,7ffeba03-3080-43c7-a167-2b63dd853127,terminusk9,terminusk9,filebeat,8.13.1,windows.sysmon_operational,default,logs,8.0.0,7ffeba03-3080-43c7-a167-2b63dd853127,FALSE,8.13.1,Process creation,verified,process,1,"Apr 6, 2024 @ 10:44:49.492",windows.sysmon_operational,"Apr 6, 2024 @ 10:45:00.000",event,windows,Microsoft-Windows-Sysmon,start,x86_64,terminusk9,2cb7582e-6ac9-4585-97cc-ae60502e4f16,"fe80::1754:ed5c:491b:5546, 10.0.2.15",08-00-27-BF-A9-3A,terminusk9,19045.2965,windows,10.0.19041.2965 (WinBuild.160101.0800),Windows 10 Home,Windows 10 Home,windows,windows,10,winlog,information,"Process Create:
RuleName: -
UtcTime: 2024-04-06 17:44:31.655
ProcessGuid: {2cb7582e-89ff-6611-0a00-000000000a00}
ProcessId: 668
Image: C:\Windows\System32\winlogon.exe
FileVersion: 10.0.19041.2913 (WinBuild.160101.0800)
Description: Windows Logon Application
Product: Microsoft® Windows® Operating System
Company: Microsoft Corporation
OriginalFileName: WINLOGON.EXE
CommandLine: winlogon.exe
CurrentDirectory: C:\Windows\system32\
User: NT AUTHORITY\SYSTEM
LogonGuid: {2cb7582e-89ff-6611-e703-000000000000}
LogonId: 0x3E7
TerminalSessionId: 1
IntegrityLevel: System
Hashes: SHA256=24263FE01C799F690318EC99688DFD2355277D7CD4618E77E7F2A3F20D9FC87C
ParentProcessGuid: {2cb7582e-89ff-6611-0700-000000000a00}
ParentProcessId: 588
ParentImage: C:\Windows\System32\smss.exe
ParentCommandLine: \SystemRoot\System32\smss.exe 000000d8 00000088 
ParentUser: NT AUTHORITY\SYSTEM",winlogon.exe,1,winlogon.exe,winlogon.exe,{2cb7582e-89ff-6611-0a00-000000000a00},C:\Windows\System32\winlogon.exe,C:\Windows\System32\winlogon.exe,24263fe01c799f690318ec99688dfd2355277d7cd4618e77e7f2a3f20d9fc87c,winlogon.exe,winlogon.exe,"\SystemRoot\System32\smss.exe, 000000d8, 00000088",3,\SystemRoot\System32\smss.exe 000000d8 00000088 ,\SystemRoot\System32\smss.exe 000000d8 00000088 ,{2cb7582e-89ff-6611-0700-000000000a00},C:\Windows\System32\smss.exe,C:\Windows\System32\smss.exe,smss.exe,smss.exe,588,Microsoft Corporation,Windows Logon Application,10.0.19041.2913 (WinBuild.160101.0800),WINLOGON.EXE,Microsoft® Windows® Operating System,668,C:\Windows\system32\,C:\Windows\system32\,24263fe01c799f690318ec99688dfd2355277d7cd4618e77e7f2a3f20d9fc87c,SYSTEM,NT AUTHORITY,S-1-5-18,SYSTEM,SYSTEM,wineventlog,Microsoft-Windows-Sysmon/Operational,terminusk9,Microsoft Corporation,Windows Logon Application,10.0.19041.2913 (WinBuild.160101.0800),System,{2cb7582e-89ff-6611-e703-000000000000},0x3e7,NT AUTHORITY\SYSTEM,Microsoft® Windows® Operating System,1,1,Info,"3,228","3,820",{5770385f-c22a-43e0-bf4c-06f5698ffbd9},Microsoft-Windows-Sysmon,221,Process Create (rule: ProcessCreate),NT AUTHORITY,S-1-5-18,SYSTEM,User,5,-,-,-,-
"Apr 6, 2024 @ 10:44:31.580",7649c11b-3a00-4241-b375-20762f70ba8f,7ffeba03-3080-43c7-a167-2b63dd853127,terminusk9,terminusk9,filebeat,8.13.1,windows.sysmon_operational,default,logs,8.0.0,7ffeba03-3080-43c7-a167-2b63dd853127,FALSE,8.13.1,Process terminated,verified,process,5,"Apr 6, 2024 @ 10:44:49.491",windows.sysmon_operational,"Apr 6, 2024 @ 10:45:00.000",event,windows,Microsoft-Windows-Sysmon,end,x86_64,terminusk9,2cb7582e-6ac9-4585-97cc-ae60502e4f16,"fe80::1754:ed5c:491b:5546, 10.0.2.15",08-00-27-BF-A9-3A,terminusk9,19045.2965,windows,10.0.19041.2965 (WinBuild.160101.0800),Windows 10 Home,Windows 10 Home,windows,windows,10,winlog,information,"Process terminated:
RuleName: -
UtcTime: 2024-04-06 17:44:31.580
ProcessGuid: {2cb7582e-89fe-6611-0500-000000000a00}
ProcessId: 508
Image: C:\Windows\System32\smss.exe
User: NT AUTHORITY\SYSTEM",-,-,-,-,{2cb7582e-89fe-6611-0500-000000000a00},C:\Windows\System32\smss.exe,C:\Windows\System32\smss.exe,-,smss.exe,smss.exe,-,-,-,-,-,-,-,-,-,-,-,-,-,-,-,508,-,-,-,SYSTEM,NT AUTHORITY,S-1-5-18,SYSTEM,SYSTEM,wineventlog,Microsoft-Windows-Sysmon/Operational,terminusk9,-,-,-,-,-,-,-,-,-,5,Info,"3,228","3,820",{5770385f-c22a-43e0-bf4c-06f5698ffbd9},Microsoft-Windows-Sysmon,220,Process terminated (rule: ProcessTerminate),NT AUTHORITY,S-1-5-18,SYSTEM,User,3,-,-,-,-
"Apr 6, 2024 @ 10:44:31.573",7649c11b-3a00-4241-b375-20762f70ba8f,7ffeba03-3080-43c7-a167-2b63dd853127,terminusk9,terminusk9,filebeat,8.13.1,windows.sysmon_operational,default,logs,8.0.0,7ffeba03-3080-43c7-a167-2b63dd853127,FALSE,8.13.1,Process creation,verified,process,1,"Apr 6, 2024 @ 10:44:49.491",windows.sysmon_operational,"Apr 6, 2024 @ 10:45:00.000",event,windows,Microsoft-Windows-Sysmon,start,x86_64,terminusk9,2cb7582e-6ac9-4585-97cc-ae60502e4f16,"fe80::1754:ed5c:491b:5546, 10.0.2.15",08-00-27-BF-A9-3A,terminusk9,19045.2965,windows,10.0.19041.2965 (WinBuild.160101.0800),Windows 10 Home,Windows 10 Home,windows,windows,10,winlog,information,"Process Create:
RuleName: -
UtcTime: 2024-04-06 17:44:31.573
ProcessGuid: {2cb7582e-89ff-6611-0900-000000000a00}
ProcessId: 604
Image: C:\Windows\System32\csrss.exe
FileVersion: 10.0.19041.546 (WinBuild.160101.0800)
Description: Client Server Runtime Process
Product: Microsoft® Windows® Operating System
Company: Microsoft Corporation
OriginalFileName: CSRSS.Exe
CommandLine: %%SystemRoot%%\system32\csrss.exe ObjectDirectory=\Windows SharedSection=1024,20480,768 Windows=On SubSystemType=Windows ServerDll=basesrv,1 ServerDll=winsrv:UserServerDllInitialization,3 ServerDll=sxssrv,4 ProfileControl=Off MaxRequestThreads=16
CurrentDirectory: C:\Windows\system32\
User: NT AUTHORITY\SYSTEM
LogonGuid: {2cb7582e-89ff-6611-e703-000000000000}
LogonId: 0x3E7
TerminalSessionId: 1
IntegrityLevel: System
Hashes: SHA256=6F1C9B4C187669BC0371260D121CAF48D65F829A9104C483BEFBD8FC0BED24F5
ParentProcessGuid: {2cb7582e-89ff-6611-0700-000000000a00}
ParentProcessId: 588
ParentImage: C:\Windows\System32\smss.exe
ParentCommandLine: \SystemRoot\System32\smss.exe 000000d8 00000088 
ParentUser: NT AUTHORITY\SYSTEM","%%SystemRoot%%\system32\csrss.exe, ObjectDirectory=\Windows, SharedSection=1024,20480,768, Windows=On, SubSystemType=Windows, ServerDll=basesrv,1, ServerDll=winsrv:UserServerDllInitialization,3, ServerDll=sxssrv,4, ProfileControl=Off, MaxRequestThreads=16",10,"%%SystemRoot%%\system32\csrss.exe ObjectDirectory=\Windows SharedSection=1024,20480,768 Windows=On SubSystemType=Windows ServerDll=basesrv,1 ServerDll=winsrv:UserServerDllInitialization,3 ServerDll=sxssrv,4 ProfileControl=Off MaxRequestThreads=16","%%SystemRoot%%\system32\csrss.exe ObjectDirectory=\Windows SharedSection=1024,20480,768 Windows=On SubSystemType=Windows ServerDll=basesrv,1 ServerDll=winsrv:UserServerDllInitialization,3 ServerDll=sxssrv,4 ProfileControl=Off MaxRequestThreads=16",{2cb7582e-89ff-6611-0900-000000000a00},C:\Windows\System32\csrss.exe,C:\Windows\System32\csrss.exe,6f1c9b4c187669bc0371260d121caf48d65f829a9104c483befbd8fc0bed24f5,csrss.exe,csrss.exe,"\SystemRoot\System32\smss.exe, 000000d8, 00000088",3,\SystemRoot\System32\smss.exe 000000d8 00000088 ,\SystemRoot\System32\smss.exe 000000d8 00000088 ,{2cb7582e-89ff-6611-0700-000000000a00},C:\Windows\System32\smss.exe,C:\Windows\System32\smss.exe,smss.exe,smss.exe,588,Microsoft Corporation,Client Server Runtime Process,10.0.19041.546 (WinBuild.160101.0800),CSRSS.Exe,Microsoft® Windows® Operating System,604,C:\Windows\system32\,C:\Windows\system32\,6f1c9b4c187669bc0371260d121caf48d65f829a9104c483befbd8fc0bed24f5,SYSTEM,NT AUTHORITY,S-1-5-18,SYSTEM,SYSTEM,wineventlog,Microsoft-Windows-Sysmon/Operational,terminusk9,Microsoft Corporation,Client Server Runtime Process,10.0.19041.546 (WinBuild.160101.0800),System,{2cb7582e-89ff-6611-e703-000000000000},0x3e7,NT AUTHORITY\SYSTEM,Microsoft® Windows® Operating System,1,1,Info,"3,228","3,820",{5770385f-c22a-43e0-bf4c-06f5698ffbd9},Microsoft-Windows-Sysmon,218,Process Create (rule: ProcessCreate),NT AUTHORITY,S-1-5-18,SYSTEM,User,5,-,-,-,-
"Apr 6, 2024 @ 10:44:31.564",7649c11b-3a00-4241-b375-20762f70ba8f,7ffeba03-3080-43c7-a167-2b63dd853127,terminusk9,terminusk9,filebeat,8.13.1,windows.sysmon_operational,default,logs,8.0.0,7ffeba03-3080-43c7-a167-2b63dd853127,FALSE,8.13.1,Process creation,verified,process,1,"Apr 6, 2024 @ 10:44:49.491",windows.sysmon_operational,"Apr 6, 2024 @ 10:45:00.000",event,windows,Microsoft-Windows-Sysmon,start,x86_64,terminusk9,2cb7582e-6ac9-4585-97cc-ae60502e4f16,"fe80::1754:ed5c:491b:5546, 10.0.2.15",08-00-27-BF-A9-3A,terminusk9,19045.2965,windows,10.0.19041.2965 (WinBuild.160101.0800),Windows 10 Home,Windows 10 Home,windows,windows,10,winlog,information,"Process Create:
RuleName: -
UtcTime: 2024-04-06 17:44:31.564
ProcessGuid: {2cb7582e-89ff-6611-0800-000000000a00}
ProcessId: 596
Image: C:\Windows\System32\wininit.exe
FileVersion: 10.0.19041.2364 (WinBuild.160101.0800)
Description: Windows Start-Up Application
Product: Microsoft® Windows® Operating System
Company: Microsoft Corporation
OriginalFileName: WinInit.exe
CommandLine: wininit.exe
CurrentDirectory: C:\Windows\system32\
User: NT AUTHORITY\SYSTEM
LogonGuid: {2cb7582e-89ff-6611-e703-000000000000}
LogonId: 0x3E7
TerminalSessionId: 0
IntegrityLevel: System
Hashes: SHA256=9C620D2664464C54C9CDF4052C8F57B98E287FB372B309B1FB049700BD311897
ParentProcessGuid: {2cb7582e-89fe-6611-0500-000000000a00}
ParentProcessId: 508
ParentImage: C:\Windows\System32\smss.exe
ParentCommandLine: \SystemRoot\System32\smss.exe 000000c0 00000088 
ParentUser: NT AUTHORITY\SYSTEM",wininit.exe,1,wininit.exe,wininit.exe,{2cb7582e-89ff-6611-0800-000000000a00},C:\Windows\System32\wininit.exe,C:\Windows\System32\wininit.exe,9c620d2664464c54c9cdf4052c8f57b98e287fb372b309b1fb049700bd311897,wininit.exe,wininit.exe,"\SystemRoot\System32\smss.exe, 000000c0, 00000088",3,\SystemRoot\System32\smss.exe 000000c0 00000088 ,\SystemRoot\System32\smss.exe 000000c0 00000088 ,{2cb7582e-89fe-6611-0500-000000000a00},C:\Windows\System32\smss.exe,C:\Windows\System32\smss.exe,smss.exe,smss.exe,508,Microsoft Corporation,Windows Start-Up Application,10.0.19041.2364 (WinBuild.160101.0800),WinInit.exe,Microsoft® Windows® Operating System,596,C:\Windows\system32\,C:\Windows\system32\,9c620d2664464c54c9cdf4052c8f57b98e287fb372b309b1fb049700bd311897,SYSTEM,NT AUTHORITY,S-1-5-18,SYSTEM,SYSTEM,wineventlog,Microsoft-Windows-Sysmon/Operational,terminusk9,Microsoft Corporation,Windows Start-Up Application,10.0.19041.2364 (WinBuild.160101.0800),System,{2cb7582e-89ff-6611-e703-000000000000},0x3e7,NT AUTHORITY\SYSTEM,Microsoft® Windows® Operating System,0,1,Info,"3,228","3,820",{5770385f-c22a-43e0-bf4c-06f5698ffbd9},Microsoft-Windows-Sysmon,219,Process Create (rule: ProcessCreate),NT AUTHORITY,S-1-5-18,SYSTEM,User,5,-,-,-,-
"Apr 6, 2024 @ 10:44:31.545",7649c11b-3a00-4241-b375-20762f70ba8f,7ffeba03-3080-43c7-a167-2b63dd853127,terminusk9,terminusk9,filebeat,8.13.1,windows.sysmon_operational,default,logs,8.0.0,7ffeba03-3080-43c7-a167-2b63dd853127,FALSE,8.13.1,Process creation,verified,process,1,"Apr 6, 2024 @ 10:44:49.491",windows.sysmon_operational,"Apr 6, 2024 @ 10:45:00.000",event,windows,Microsoft-Windows-Sysmon,start,x86_64,terminusk9,2cb7582e-6ac9-4585-97cc-ae60502e4f16,"fe80::1754:ed5c:491b:5546, 10.0.2.15",08-00-27-BF-A9-3A,terminusk9,19045.2965,windows,10.0.19041.2965 (WinBuild.160101.0800),Windows 10 Home,Windows 10 Home,windows,windows,10,winlog,information,"Process Create:
RuleName: -
UtcTime: 2024-04-06 17:44:31.545
ProcessGuid: {2cb7582e-89ff-6611-0700-000000000a00}
ProcessId: 588
Image: C:\Windows\System32\smss.exe
FileVersion: 10.0.19041.964 (WinBuild.160101.0800)
Description: Windows Session Manager
Product: Microsoft® Windows® Operating System
Company: Microsoft Corporation
OriginalFileName: smss.exe
CommandLine: \SystemRoot\System32\smss.exe 000000d8 00000088 
CurrentDirectory: C:\Windows\
User: NT AUTHORITY\SYSTEM
LogonGuid: {2cb7582e-89ff-6611-e703-000000000000}
LogonId: 0x3E7
TerminalSessionId: 1
IntegrityLevel: System
Hashes: SHA256=56AFE5133FDC5806EC6B19436F7B55F1499CFC94619740C171424FBCF7808FD3
ParentProcessGuid: {2cb7582e-89ed-6611-0300-000000000a00}
ParentProcessId: 412
ParentImage: C:\Windows\System32\smss.exe
ParentCommandLine: \SystemRoot\System32\smss.exe
ParentUser: NT AUTHORITY\SYSTEM","\SystemRoot\System32\smss.exe, 000000d8, 00000088",3,\SystemRoot\System32\smss.exe 000000d8 00000088 ,\SystemRoot\System32\smss.exe 000000d8 00000088 ,{2cb7582e-89ff-6611-0700-000000000a00},C:\Windows\System32\smss.exe,C:\Windows\System32\smss.exe,56afe5133fdc5806ec6b19436f7b55f1499cfc94619740c171424fbcf7808fd3,smss.exe,smss.exe,\SystemRoot\System32\smss.exe,1,\SystemRoot\System32\smss.exe,\SystemRoot\System32\smss.exe,{2cb7582e-89ed-6611-0300-000000000a00},C:\Windows\System32\smss.exe,C:\Windows\System32\smss.exe,smss.exe,smss.exe,412,Microsoft Corporation,Windows Session Manager,10.0.19041.964 (WinBuild.160101.0800),smss.exe,Microsoft® Windows® Operating System,588,C:\Windows\,C:\Windows\,56afe5133fdc5806ec6b19436f7b55f1499cfc94619740c171424fbcf7808fd3,SYSTEM,NT AUTHORITY,S-1-5-18,SYSTEM,SYSTEM,wineventlog,Microsoft-Windows-Sysmon/Operational,terminusk9,Microsoft Corporation,Windows Session Manager,10.0.19041.964 (WinBuild.160101.0800),System,{2cb7582e-89ff-6611-e703-000000000000},0x3e7,NT AUTHORITY\SYSTEM,Microsoft® Windows® Operating System,1,1,Info,"3,228","3,820",{5770385f-c22a-43e0-bf4c-06f5698ffbd9},Microsoft-Windows-Sysmon,217,Process Create (rule: ProcessCreate),NT AUTHORITY,S-1-5-18,SYSTEM,User,5,-,-,-,-
"Apr 6, 2024 @ 10:44:31.114",7649c11b-3a00-4241-b375-20762f70ba8f,7ffeba03-3080-43c7-a167-2b63dd853127,terminusk9,terminusk9,filebeat,8.13.1,windows.sysmon_operational,default,logs,8.0.0,7ffeba03-3080-43c7-a167-2b63dd853127,FALSE,8.13.1,Process creation,verified,process,1,"Apr 6, 2024 @ 10:44:49.490",windows.sysmon_operational,"Apr 6, 2024 @ 10:45:00.000",event,windows,Microsoft-Windows-Sysmon,start,x86_64,terminusk9,2cb7582e-6ac9-4585-97cc-ae60502e4f16,"fe80::1754:ed5c:491b:5546, 10.0.2.15",08-00-27-BF-A9-3A,terminusk9,19045.2965,windows,10.0.19041.2965 (WinBuild.160101.0800),Windows 10 Home,Windows 10 Home,windows,windows,10,winlog,information,"Process Create:
RuleName: -
UtcTime: 2024-04-06 17:44:31.114
ProcessGuid: {2cb7582e-89ff-6611-0600-000000000a00}
ProcessId: 520
Image: C:\Windows\System32\csrss.exe
FileVersion: 10.0.19041.546 (WinBuild.160101.0800)
Description: Client Server Runtime Process
Product: Microsoft® Windows® Operating System
Company: Microsoft Corporation
OriginalFileName: CSRSS.Exe
CommandLine: %%SystemRoot%%\system32\csrss.exe ObjectDirectory=\Windows SharedSection=1024,20480,768 Windows=On SubSystemType=Windows ServerDll=basesrv,1 ServerDll=winsrv:UserServerDllInitialization,3 ServerDll=sxssrv,4 ProfileControl=Off MaxRequestThreads=16
CurrentDirectory: C:\Windows\system32\
User: NT AUTHORITY\SYSTEM
LogonGuid: {2cb7582e-89ff-6611-e703-000000000000}
LogonId: 0x3E7
TerminalSessionId: 0
IntegrityLevel: System
Hashes: SHA256=6F1C9B4C187669BC0371260D121CAF48D65F829A9104C483BEFBD8FC0BED24F5
ParentProcessGuid: {2cb7582e-89fe-6611-0500-000000000a00}
ParentProcessId: 508
ParentImage: C:\Windows\System32\smss.exe
ParentCommandLine: \SystemRoot\System32\smss.exe 000000c0 00000088 
ParentUser: NT AUTHORITY\SYSTEM","%%SystemRoot%%\system32\csrss.exe, ObjectDirectory=\Windows, SharedSection=1024,20480,768, Windows=On, SubSystemType=Windows, ServerDll=basesrv,1, ServerDll=winsrv:UserServerDllInitialization,3, ServerDll=sxssrv,4, ProfileControl=Off, MaxRequestThreads=16",10,"%%SystemRoot%%\system32\csrss.exe ObjectDirectory=\Windows SharedSection=1024,20480,768 Windows=On SubSystemType=Windows ServerDll=basesrv,1 ServerDll=winsrv:UserServerDllInitialization,3 ServerDll=sxssrv,4 ProfileControl=Off MaxRequestThreads=16","%%SystemRoot%%\system32\csrss.exe ObjectDirectory=\Windows SharedSection=1024,20480,768 Windows=On SubSystemType=Windows ServerDll=basesrv,1 ServerDll=winsrv:UserServerDllInitialization,3 ServerDll=sxssrv,4 ProfileControl=Off MaxRequestThreads=16",{2cb7582e-89ff-6611-0600-000000000a00},C:\Windows\System32\csrss.exe,C:\Windows\System32\csrss.exe,6f1c9b4c187669bc0371260d121caf48d65f829a9104c483befbd8fc0bed24f5,csrss.exe,csrss.exe,"\SystemRoot\System32\smss.exe, 000000c0, 00000088",3,\SystemRoot\System32\smss.exe 000000c0 00000088 ,\SystemRoot\System32\smss.exe 000000c0 00000088 ,{2cb7582e-89fe-6611-0500-000000000a00},C:\Windows\System32\smss.exe,C:\Windows\System32\smss.exe,smss.exe,smss.exe,508,Microsoft Corporation,Client Server Runtime Process,10.0.19041.546 (WinBuild.160101.0800),CSRSS.Exe,Microsoft® Windows® Operating System,520,C:\Windows\system32\,C:\Windows\system32\,6f1c9b4c187669bc0371260d121caf48d65f829a9104c483befbd8fc0bed24f5,SYSTEM,NT AUTHORITY,S-1-5-18,SYSTEM,SYSTEM,wineventlog,Microsoft-Windows-Sysmon/Operational,terminusk9,Microsoft Corporation,Client Server Runtime Process,10.0.19041.546 (WinBuild.160101.0800),System,{2cb7582e-89ff-6611-e703-000000000000},0x3e7,NT AUTHORITY\SYSTEM,Microsoft® Windows® Operating System,0,1,Info,"3,228","3,820",{5770385f-c22a-43e0-bf4c-06f5698ffbd9},Microsoft-Windows-Sysmon,216,Process Create (rule: ProcessCreate),NT AUTHORITY,S-1-5-18,SYSTEM,User,5,-,-,-,-
"Apr 6, 2024 @ 10:44:30.783",7649c11b-3a00-4241-b375-20762f70ba8f,7ffeba03-3080-43c7-a167-2b63dd853127,terminusk9,terminusk9,filebeat,8.13.1,windows.sysmon_operational,default,logs,8.0.0,7ffeba03-3080-43c7-a167-2b63dd853127,FALSE,8.13.1,Process creation,verified,process,1,"Apr 6, 2024 @ 10:44:49.489",windows.sysmon_operational,"Apr 6, 2024 @ 10:45:00.000",event,windows,Microsoft-Windows-Sysmon,start,x86_64,terminusk9,2cb7582e-6ac9-4585-97cc-ae60502e4f16,"fe80::1754:ed5c:491b:5546, 10.0.2.15",08-00-27-BF-A9-3A,terminusk9,19045.2965,windows,10.0.19041.2965 (WinBuild.160101.0800),Windows 10 Home,Windows 10 Home,windows,windows,10,winlog,information,"Process Create:
RuleName: -
UtcTime: 2024-04-06 17:44:30.783
ProcessGuid: {2cb7582e-89fe-6611-0500-000000000a00}
ProcessId: 508
Image: C:\Windows\System32\smss.exe
FileVersion: 10.0.19041.964 (WinBuild.160101.0800)
Description: Windows Session Manager
Product: Microsoft® Windows® Operating System
Company: Microsoft Corporation
OriginalFileName: smss.exe
CommandLine: \SystemRoot\System32\smss.exe 000000c0 00000088 
CurrentDirectory: C:\Windows\
User: NT AUTHORITY\SYSTEM
LogonGuid: {2cb7582e-89ff-6611-e703-000000000000}
LogonId: 0x3E7
TerminalSessionId: 0
IntegrityLevel: System
Hashes: SHA256=56AFE5133FDC5806EC6B19436F7B55F1499CFC94619740C171424FBCF7808FD3
ParentProcessGuid: {2cb7582e-89ed-6611-0300-000000000a00}
ParentProcessId: 412
ParentImage: C:\Windows\System32\smss.exe
ParentCommandLine: \SystemRoot\System32\smss.exe
ParentUser: NT AUTHORITY\SYSTEM","\SystemRoot\System32\smss.exe, 000000c0, 00000088",3,\SystemRoot\System32\smss.exe 000000c0 00000088 ,\SystemRoot\System32\smss.exe 000000c0 00000088 ,{2cb7582e-89fe-6611-0500-000000000a00},C:\Windows\System32\smss.exe,C:\Windows\System32\smss.exe,56afe5133fdc5806ec6b19436f7b55f1499cfc94619740c171424fbcf7808fd3,smss.exe,smss.exe,\SystemRoot\System32\smss.exe,1,\SystemRoot\System32\smss.exe,\SystemRoot\System32\smss.exe,{2cb7582e-89ed-6611-0300-000000000a00},C:\Windows\System32\smss.exe,C:\Windows\System32\smss.exe,smss.exe,smss.exe,412,Microsoft Corporation,Windows Session Manager,10.0.19041.964 (WinBuild.160101.0800),smss.exe,Microsoft® Windows® Operating System,508,C:\Windows\,C:\Windows\,56afe5133fdc5806ec6b19436f7b55f1499cfc94619740c171424fbcf7808fd3,SYSTEM,NT AUTHORITY,S-1-5-18,SYSTEM,SYSTEM,wineventlog,Microsoft-Windows-Sysmon/Operational,terminusk9,Microsoft Corporation,Windows Session Manager,10.0.19041.964 (WinBuild.160101.0800),System,{2cb7582e-89ff-6611-e703-000000000000},0x3e7,NT AUTHORITY\SYSTEM,Microsoft® Windows® Operating System,0,1,Info,"3,228","3,820",{5770385f-c22a-43e0-bf4c-06f5698ffbd9},Microsoft-Windows-Sysmon,215,Process Create (rule: ProcessCreate),NT AUTHORITY,S-1-5-18,SYSTEM,User,5,-,-,-,-
"Apr 6, 2024 @ 10:44:29.512",7649c11b-3a00-4241-b375-20762f70ba8f,7ffeba03-3080-43c7-a167-2b63dd853127,terminusk9,terminusk9,filebeat,8.13.1,windows.sysmon_operational,default,logs,8.0.0,7ffeba03-3080-43c7-a167-2b63dd853127,FALSE,8.13.1,Process terminated,verified,process,5,"Apr 6, 2024 @ 10:44:49.489",windows.sysmon_operational,"Apr 6, 2024 @ 10:45:00.000",event,windows,Microsoft-Windows-Sysmon,end,x86_64,terminusk9,2cb7582e-6ac9-4585-97cc-ae60502e4f16,"fe80::1754:ed5c:491b:5546, 10.0.2.15",08-00-27-BF-A9-3A,terminusk9,19045.2965,windows,10.0.19041.2965 (WinBuild.160101.0800),Windows 10 Home,Windows 10 Home,windows,windows,10,winlog,information,"Process terminated:
RuleName: -
UtcTime: 2024-04-06 17:44:29.512
ProcessGuid: {2cb7582e-89fd-6611-0400-000000000a00}
ProcessId: 444
Image: C:\Windows\System32\autochk.exe
User: NT AUTHORITY\SYSTEM",-,-,-,-,{2cb7582e-89fd-6611-0400-000000000a00},C:\Windows\System32\autochk.exe,C:\Windows\System32\autochk.exe,-,autochk.exe,autochk.exe,-,-,-,-,-,-,-,-,-,-,-,-,-,-,-,444,-,-,-,SYSTEM,NT AUTHORITY,S-1-5-18,SYSTEM,SYSTEM,wineventlog,Microsoft-Windows-Sysmon/Operational,terminusk9,-,-,-,-,-,-,-,-,-,5,Info,"3,228","3,820",{5770385f-c22a-43e0-bf4c-06f5698ffbd9},Microsoft-Windows-Sysmon,214,Process terminated (rule: ProcessTerminate),NT AUTHORITY,S-1-5-18,SYSTEM,User,3,-,-,-,-
"Apr 6, 2024 @ 10:44:29.305",7649c11b-3a00-4241-b375-20762f70ba8f,7ffeba03-3080-43c7-a167-2b63dd853127,terminusk9,terminusk9,filebeat,8.13.1,windows.sysmon_operational,default,logs,8.0.0,7ffeba03-3080-43c7-a167-2b63dd853127,FALSE,8.13.1,Process creation,verified,process,1,"Apr 6, 2024 @ 10:44:49.489",windows.sysmon_operational,"Apr 6, 2024 @ 10:45:00.000",event,windows,Microsoft-Windows-Sysmon,start,x86_64,terminusk9,2cb7582e-6ac9-4585-97cc-ae60502e4f16,"fe80::1754:ed5c:491b:5546, 10.0.2.15",08-00-27-BF-A9-3A,terminusk9,19045.2965,windows,10.0.19041.2965 (WinBuild.160101.0800),Windows 10 Home,Windows 10 Home,windows,windows,10,winlog,information,"Process Create:
RuleName: -
UtcTime: 2024-04-06 17:44:29.305
ProcessGuid: {2cb7582e-89fd-6611-0400-000000000a00}
ProcessId: 444
Image: C:\Windows\System32\autochk.exe
FileVersion: 10.0.19041.1266 (WinBuild.160101.0800)
Description: Auto Check Utility
Product: Microsoft® Windows® Operating System
Company: Microsoft Corporation
OriginalFileName: AutoChk.Exe
CommandLine: \??\C:\Windows\system32\autochk.exe *
CurrentDirectory: C:\Windows\system32\
User: NT AUTHORITY\SYSTEM
LogonGuid: {2cb7582e-89ff-6611-e703-000000000000}
LogonId: 0x3E7
TerminalSessionId: 0
IntegrityLevel: System
Hashes: SHA256=04FC7D9C0C6586AD5D08A3224B2AFDE2DAB8203257A1499948870F5D4B06B6F2
ParentProcessGuid: {2cb7582e-89ed-6611-0300-000000000a00}
ParentProcessId: 412
ParentImage: C:\Windows\System32\smss.exe
ParentCommandLine: \SystemRoot\System32\smss.exe
ParentUser: NT AUTHORITY\SYSTEM","\??\C:\Windows\system32\autochk.exe, *",2,\??\C:\Windows\system32\autochk.exe *,\??\C:\Windows\system32\autochk.exe *,{2cb7582e-89fd-6611-0400-000000000a00},C:\Windows\System32\autochk.exe,C:\Windows\System32\autochk.exe,04fc7d9c0c6586ad5d08a3224b2afde2dab8203257a1499948870f5d4b06b6f2,autochk.exe,autochk.exe,\SystemRoot\System32\smss.exe,1,\SystemRoot\System32\smss.exe,\SystemRoot\System32\smss.exe,{2cb7582e-89ed-6611-0300-000000000a00},C:\Windows\System32\smss.exe,C:\Windows\System32\smss.exe,smss.exe,smss.exe,412,Microsoft Corporation,Auto Check Utility,10.0.19041.1266 (WinBuild.160101.0800),AutoChk.Exe,Microsoft® Windows® Operating System,444,C:\Windows\system32\,C:\Windows\system32\,04fc7d9c0c6586ad5d08a3224b2afde2dab8203257a1499948870f5d4b06b6f2,SYSTEM,NT AUTHORITY,S-1-5-18,SYSTEM,SYSTEM,wineventlog,Microsoft-Windows-Sysmon/Operational,terminusk9,Microsoft Corporation,Auto Check Utility,10.0.19041.1266 (WinBuild.160101.0800),System,{2cb7582e-89ff-6611-e703-000000000000},0x3e7,NT AUTHORITY\SYSTEM,Microsoft® Windows® Operating System,0,1,Info,"3,228","3,820",{5770385f-c22a-43e0-bf4c-06f5698ffbd9},Microsoft-Windows-Sysmon,213,Process Create (rule: ProcessCreate),NT AUTHORITY,S-1-5-18,SYSTEM,User,5,-,-,-,-
"Apr 6, 2024 @ 10:44:13.912",7649c11b-3a00-4241-b375-20762f70ba8f,7ffeba03-3080-43c7-a167-2b63dd853127,terminusk9,terminusk9,filebeat,8.13.1,windows.sysmon_operational,default,logs,8.0.0,7ffeba03-3080-43c7-a167-2b63dd853127,FALSE,8.13.1,Process creation,verified,process,1,"Apr 6, 2024 @ 10:44:49.489",windows.sysmon_operational,"Apr 6, 2024 @ 10:45:00.000",event,windows,Microsoft-Windows-Sysmon,start,x86_64,terminusk9,2cb7582e-6ac9-4585-97cc-ae60502e4f16,"fe80::1754:ed5c:491b:5546, 10.0.2.15",08-00-27-BF-A9-3A,terminusk9,19045.2965,windows,10.0.19041.2965 (WinBuild.160101.0800),Windows 10 Home,Windows 10 Home,windows,windows,10,winlog,information,"Process Create:
RuleName: -
UtcTime: 2024-04-06 17:44:13.912
ProcessGuid: {2cb7582e-89ed-6611-0300-000000000a00}
ProcessId: 412
Image: C:\Windows\System32\smss.exe
FileVersion: 10.0.19041.964 (WinBuild.160101.0800)
Description: Windows Session Manager
Product: Microsoft® Windows® Operating System
Company: Microsoft Corporation
OriginalFileName: smss.exe
CommandLine: \SystemRoot\System32\smss.exe
CurrentDirectory: C:\Windows
User: NT AUTHORITY\SYSTEM
LogonGuid: {2cb7582e-89ff-6611-e703-000000000000}
LogonId: 0x3E7
TerminalSessionId: 0
IntegrityLevel: System
Hashes: SHA256=56AFE5133FDC5806EC6B19436F7B55F1499CFC94619740C171424FBCF7808FD3
ParentProcessGuid: {2cb7582e-89ed-6611-eb03-000000000000}
ParentProcessId: 4
ParentImage: System
ParentCommandLine: -
ParentUser: NT AUTHORITY\SYSTEM",\SystemRoot\System32\smss.exe,1,\SystemRoot\System32\smss.exe,\SystemRoot\System32\smss.exe,{2cb7582e-89ed-6611-0300-000000000a00},C:\Windows\System32\smss.exe,C:\Windows\System32\smss.exe,56afe5133fdc5806ec6b19436f7b55f1499cfc94619740c171424fbcf7808fd3,smss.exe,smss.exe,-,-,-,-,{2cb7582e-89ed-6611-eb03-000000000000},System,System,-,-,4,Microsoft Corporation,Windows Session Manager,10.0.19041.964 (WinBuild.160101.0800),smss.exe,Microsoft® Windows® Operating System,412,C:\Windows,C:\Windows,56afe5133fdc5806ec6b19436f7b55f1499cfc94619740c171424fbcf7808fd3,SYSTEM,NT AUTHORITY,S-1-5-18,SYSTEM,SYSTEM,wineventlog,Microsoft-Windows-Sysmon/Operational,terminusk9,Microsoft Corporation,Windows Session Manager,10.0.19041.964 (WinBuild.160101.0800),System,{2cb7582e-89ff-6611-e703-000000000000},0x3e7,NT AUTHORITY\SYSTEM,Microsoft® Windows® Operating System,0,1,Info,"3,228","3,820",{5770385f-c22a-43e0-bf4c-06f5698ffbd9},Microsoft-Windows-Sysmon,212,Process Create (rule: ProcessCreate),NT AUTHORITY,S-1-5-18,SYSTEM,User,5,-,-,-,-
"Apr 6, 2024 @ 10:43:46.791",7649c11b-3a00-4241-b375-20762f70ba8f,7ffeba03-3080-43c7-a167-2b63dd853127,terminusk9,terminusk9,filebeat,8.13.1,windows.sysmon_operational,default,logs,8.0.0,7ffeba03-3080-43c7-a167-2b63dd853127,FALSE,8.13.1,Process terminated,verified,process,5,"Apr 6, 2024 @ 10:44:49.488",windows.sysmon_operational,"Apr 6, 2024 @ 10:45:00.000",event,windows,Microsoft-Windows-Sysmon,end,x86_64,terminusk9,2cb7582e-6ac9-4585-97cc-ae60502e4f16,"fe80::1754:ed5c:491b:5546, 10.0.2.15",08-00-27-BF-A9-3A,terminusk9,19045.2965,windows,10.0.19041.2965 (WinBuild.160101.0800),Windows 10 Home,Windows 10 Home,windows,windows,10,winlog,information,"Process terminated:
RuleName: -
UtcTime: 2024-04-06 17:43:46.791
ProcessGuid: {2cb7582e-8975-6611-2500-000000000900}
ProcessId: 1672
Image: C:\Windows\System32\svchost.exe
User: NT AUTHORITY\SYSTEM",-,-,-,-,{2cb7582e-8975-6611-2500-000000000900},C:\Windows\System32\svchost.exe,C:\Windows\System32\svchost.exe,-,svchost.exe,svchost.exe,-,-,-,-,-,-,-,-,-,-,-,-,-,-,-,"1,672",-,-,-,SYSTEM,NT AUTHORITY,S-1-5-18,SYSTEM,SYSTEM,wineventlog,Microsoft-Windows-Sysmon/Operational,terminusk9,-,-,-,-,-,-,-,-,-,5,Info,"3,340","3,664",{5770385f-c22a-43e0-bf4c-06f5698ffbd9},Microsoft-Windows-Sysmon,210,Process terminated (rule: ProcessTerminate),NT AUTHORITY,S-1-5-18,SYSTEM,User,3,-,-,-,-
"Apr 6, 2024 @ 10:43:46.710",7649c11b-3a00-4241-b375-20762f70ba8f,7ffeba03-3080-43c7-a167-2b63dd853127,terminusk9,terminusk9,filebeat,8.13.1,windows.sysmon_operational,default,logs,8.0.0,7ffeba03-3080-43c7-a167-2b63dd853127,FALSE,8.13.1,Process terminated,verified,process,5,"Apr 6, 2024 @ 10:44:49.488",windows.sysmon_operational,"Apr 6, 2024 @ 10:45:00.000",event,windows,Microsoft-Windows-Sysmon,end,x86_64,terminusk9,2cb7582e-6ac9-4585-97cc-ae60502e4f16,"fe80::1754:ed5c:491b:5546, 10.0.2.15",08-00-27-BF-A9-3A,terminusk9,19045.2965,windows,10.0.19041.2965 (WinBuild.160101.0800),Windows 10 Home,Windows 10 Home,windows,windows,10,winlog,information,"Process terminated:
RuleName: -
UtcTime: 2024-04-06 17:43:46.710
ProcessGuid: {2cb7582e-8977-6611-4200-000000000900}
ProcessId: 2964
Image: C:\Windows\System32\svchost.exe
User: NT AUTHORITY\LOCAL SERVICE",-,-,-,-,{2cb7582e-8977-6611-4200-000000000900},C:\Windows\System32\svchost.exe,C:\Windows\System32\svchost.exe,-,svchost.exe,svchost.exe,-,-,-,-,-,-,-,-,-,-,-,-,-,-,-,"2,964",-,-,-,LOCAL SERVICE,NT AUTHORITY,S-1-5-18,LOCAL SERVICE,LOCAL SERVICE,wineventlog,Microsoft-Windows-Sysmon/Operational,terminusk9,-,-,-,-,-,-,-,-,-,5,Info,"3,340","3,664",{5770385f-c22a-43e0-bf4c-06f5698ffbd9},Microsoft-Windows-Sysmon,209,Process terminated (rule: ProcessTerminate),NT AUTHORITY,S-1-5-18,SYSTEM,User,3,-,-,-,-
"Apr 6, 2024 @ 10:43:46.372",7649c11b-3a00-4241-b375-20762f70ba8f,7ffeba03-3080-43c7-a167-2b63dd853127,terminusk9,terminusk9,filebeat,8.13.1,windows.sysmon_operational,default,logs,8.0.0,7ffeba03-3080-43c7-a167-2b63dd853127,FALSE,8.13.1,Process terminated,verified,process,5,"Apr 6, 2024 @ 10:44:49.488",windows.sysmon_operational,"Apr 6, 2024 @ 10:45:00.000",event,windows,Microsoft-Windows-Sysmon,end,x86_64,terminusk9,2cb7582e-6ac9-4585-97cc-ae60502e4f16,"fe80::1754:ed5c:491b:5546, 10.0.2.15",08-00-27-BF-A9-3A,terminusk9,19045.2965,windows,10.0.19041.2965 (WinBuild.160101.0800),Windows 10 Home,Windows 10 Home,windows,windows,10,winlog,information,"Process terminated:
RuleName: -
UtcTime: 2024-04-06 17:43:46.372
ProcessGuid: {2cb7582e-8978-6611-4700-000000000900}
ProcessId: 3264
Image: C:\ProgramData\Microsoft\Windows Defender\Platform\4.18.24030.9-0\MsMpEng.exe
User: NT AUTHORITY\SYSTEM",-,-,-,-,{2cb7582e-8978-6611-4700-000000000900},C:\ProgramData\Microsoft\Windows Defender\Platform\4.18.24030.9-0\MsMpEng.exe,C:\ProgramData\Microsoft\Windows Defender\Platform\4.18.24030.9-0\MsMpEng.exe,-,MsMpEng.exe,MsMpEng.exe,-,-,-,-,-,-,-,-,-,-,-,-,-,-,-,"3,264",-,-,-,SYSTEM,NT AUTHORITY,S-1-5-18,SYSTEM,SYSTEM,wineventlog,Microsoft-Windows-Sysmon/Operational,terminusk9,-,-,-,-,-,-,-,-,-,5,Info,"3,340","3,664",{5770385f-c22a-43e0-bf4c-06f5698ffbd9},Microsoft-Windows-Sysmon,208,Process terminated (rule: ProcessTerminate),NT AUTHORITY,S-1-5-18,SYSTEM,User,3,-,-,-,-
"Apr 6, 2024 @ 10:43:46.178",7649c11b-3a00-4241-b375-20762f70ba8f,7ffeba03-3080-43c7-a167-2b63dd853127,terminusk9,terminusk9,filebeat,8.13.1,windows.sysmon_operational,default,logs,8.0.0,7ffeba03-3080-43c7-a167-2b63dd853127,FALSE,8.13.1,Process terminated,verified,process,5,"Apr 6, 2024 @ 10:44:49.487",windows.sysmon_operational,"Apr 6, 2024 @ 10:45:00.000",event,windows,Microsoft-Windows-Sysmon,end,x86_64,terminusk9,2cb7582e-6ac9-4585-97cc-ae60502e4f16,"fe80::1754:ed5c:491b:5546, 10.0.2.15",08-00-27-BF-A9-3A,terminusk9,19045.2965,windows,10.0.19041.2965 (WinBuild.160101.0800),Windows 10 Home,Windows 10 Home,windows,windows,10,winlog,information,"Process terminated:
RuleName: -
UtcTime: 2024-04-06 17:43:46.178
ProcessGuid: {2cb7582e-8977-6611-4000-000000000900}
ProcessId: 2600
Image: C:\Windows\System32\svchost.exe
User: NT AUTHORITY\NETWORK SERVICE",-,-,-,-,{2cb7582e-8977-6611-4000-000000000900},C:\Windows\System32\svchost.exe,C:\Windows\System32\svchost.exe,-,svchost.exe,svchost.exe,-,-,-,-,-,-,-,-,-,-,-,-,-,-,-,"2,600",-,-,-,NETWORK SERVICE,NT AUTHORITY,S-1-5-18,NETWORK SERVICE,NETWORK SERVICE,wineventlog,Microsoft-Windows-Sysmon/Operational,terminusk9,-,-,-,-,-,-,-,-,-,5,Info,"3,340","3,664",{5770385f-c22a-43e0-bf4c-06f5698ffbd9},Microsoft-Windows-Sysmon,207,Process terminated (rule: ProcessTerminate),NT AUTHORITY,S-1-5-18,SYSTEM,User,3,-,-,-,-
